
Recovery Manager: Release 11.2.0.2.0 - Production on Tue Dec 9 21:00:01 2014

Copyright (c) 1982, 2009, Oracle and/or its affiliates.  All rights reserved.

connected to target database: CCBS (DBID=271141816)

RMAN> #CONFIGURE RETENTION POLICY TO REDUNDANCY 1;	#updated 20/3/2014 
2> #CONFIGURE BACKUP OPTIMIZATION ON;
3> #CONFIGURE DEFAULT DEVICE TYPE TO DISK; # default
4> #CONFIGURE CONTROLFILE AUTOBACKUP OFF;
5> #CONFIGURE CONTROLFILE AUTOBACKUP FORMAT FOR DEVICE TYPE DISK TO '+RECO/RMAN/%F';
6> #CONFIGURE DEVICE TYPE DISK PARALLELISM 2 BACKUP TYPE TO COMPRESSED BACKUPSET;
7> #CONFIGURE DATAFILE BACKUP COPIES FOR DEVICE TYPE DISK TO 1; # default
8> #CONFIGURE ARCHIVELOG BACKUP COPIES FOR DEVICE TYPE DISK TO 1; # default
9> #CONFIGURE CHANNEL DEVICE TYPE DISK MAXPIECESIZE 4 G; #updated 24/3/2014
10> #CONFIGURE MAXSETSIZE TO UNLIMITED;
11> #CONFIGURE ENCRYPTION FOR DATABASE OFF; # default
12> #CONFIGURE ENCRYPTION ALGORITHM 'AES128'; # default
13> #CONFIGURE COMPRESSION ALGORITHM 'BASIC' AS OF RELEASE 'DEFAULT' OPTIMIZE FOR LOAD TRUE ; # default
14> #Chi khi nao cac archive da duoc apply tren cac standby thi moi cho delete.
15> #CONFIGURE ARCHIVELOG DELETION POLICY TO APPLIED ON ALL STANDBY;
16> #CONFIGURE SNAPSHOT CONTROLFILE NAME TO '/u01/app/oracle/product/11.2.0.2/dbhome_1/dbs/snapcf_ccbs1.f'; # default
17> 
18> 
19> #updated 20/8/2014
20> # Ngay 1:
21> #	Xoa cac backup obsolete: Giu lai backupset hien tai, xoa cac ban backupset truoc do.
22> #	Backup level0 vao +RECO	tag MONTHLY_LEVEL_0_day1
23> # 	copy ban level0 thu 2 vao o dia /mnt/nfs52100/RMAN	copy_MONTHLY_LEVEL_0_day1
24> # Ngay 2-15:
25> #	Backup copies 2 level1 vao +RECO,/mnt/nfs52100/RMAN
26> #	Backup copies 2 archived vao +RECO,/mnt/nfs52100/RMAN
27> #	Delete archived all
28> 
29> # Ngay 16:
30> #	Xoa cac backup obsolete: Giu lai backupset hien tai, xoa cac ban backupset truoc do.
31> #	Backup level0 vao +RECO	tag MONTHLY_LEVEL_0_day16
32> # 	copy ban level0 thu 2 vao o dia /mnt/nfs52100/RMAN	tag copy_MONTHLY_LEVEL_0_day16
33> # Ngay 17-31:
34> #	Backup copies 2 level1 vao +RECO,/mnt/nfs52100/RMAN	
35> #	Backup copies 2 archived vao +RECO,/mnt/nfs52100/RMAN
36> #	Delete archived all
37> 
38> run
39> {
40>    backup incremental level 1 copies 2 format '+DATA/RMAN/level1_%D_%T_%U','/mnt/nfs52100/RMAN/level1_%D_%T_%U' tag MONTHLY_LEVEL_1 
41> #   backup incremental level 1 copies 2 format '+RECO/RMAN/level1_%D_%T_%U' tag MONTHLY_LEVEL_1 
42> 
43>   database include current controlfile;
44> 	sql 'ALTER SYSTEM ARCHIVE LOG CURRENT';
45> 	backup as compressed backupset copies 2 archivelog all format '+DATA/RMAN/archi_%D_%T_%U','/u03/rman_ccbs_ftp5/RMAN/archi_%D_%T_%U'
46>   tag monthly_arch delete input;
47> }
48> 
Starting backup at 09/12/2014 21:00:03
using target database control file instead of recovery catalog
allocated channel: ORA_DISK_1
channel ORA_DISK_1: SID=567 instance=ccbs1 device type=DISK
allocated channel: ORA_DISK_2
channel ORA_DISK_2: SID=712 instance=ccbs1 device type=DISK
channel ORA_DISK_1: starting compressed incremental level 1 datafile backup set
channel ORA_DISK_1: specifying datafile(s) in backup set
input datafile file number=00002 name=+DATA/ccbs/datafile/sysaux.258.772710837
input datafile file number=00107 name=+DATA/ccbs/datafile/sysaux.390.822699669
input datafile file number=00130 name=+DATA/ccbs/datafile/undotbs1_02.426.857385663
input datafile file number=00133 name=+DATA/ccbs/datafile/undotbs2_02.516.857386025
input datafile file number=00001 name=+DATA/ccbs/datafile/system.271.772710825
input datafile file number=00061 name=+DATA/ccbs/datafile/gg_data.338.779148549
input datafile file number=00007 name=+DATA/ccbs/datafile/users.282.774527471
input datafile file number=00010 name=+DATA/ccbs/datafile/indx.287.774530539
input datafile file number=00013 name=+DATA/ccbs/datafile/indx.290.774541697
input datafile file number=00016 name=+DATA/ccbs/datafile/indx.293.774541877
input datafile file number=00019 name=+DATA/ccbs/datafile/indx.296.774541987
input datafile file number=00022 name=+DATA/ccbs/datafile/users.299.774543191
input datafile file number=00025 name=+DATA/ccbs/datafile/users.302.774543327
input datafile file number=00028 name=+DATA/ccbs/datafile/users.305.774543443
input datafile file number=00031 name=+DATA/ccbs/datafile/users.308.774543671
input datafile file number=00034 name=+DATA/ccbs/datafile/users.311.775873655
input datafile file number=00037 name=+DATA/ccbs/datafile/users.314.775996677
input datafile file number=00040 name=+DATA/ccbs/datafile/users.317.775996743
input datafile file number=00043 name=+DATA/ccbs/datafile/users.320.775997701
input datafile file number=00046 name=+DATA/ccbs/datafile/users.323.775997787
input datafile file number=00049 name=+DATA/ccbs/datafile/users.326.775997875
input datafile file number=00052 name=+DATA/ccbs/datafile/users.329.775998289
input datafile file number=00055 name=+DATA/ccbs/datafile/users.332.776000393
input datafile file number=00058 name=+DATA/ccbs/datafile/users.335.776001375
input datafile file number=00062 name=+DATA/ccbs/datafile/users.339.780491723
input datafile file number=00065 name=+DATA/ccbs/datafile/users.342.780492259
input datafile file number=00068 name=+DATA/ccbs/datafile/users.345.780493063
input datafile file number=00071 name=+DATA/ccbs/datafile/users.348.780493937
input datafile file number=00074 name=+DATA/ccbs/datafile/indx.351.780853091
input datafile file number=00077 name=+DATA/ccbs/datafile/indx.354.780853419
input datafile file number=00080 name=+DATA/ccbs/datafile/users.357.780853601
input datafile file number=00083 name=+DATA/ccbs/datafile/users.360.780853693
input datafile file number=00086 name=+DATA/ccbs/datafile/users.363.780853829
input datafile file number=00089 name=+DATA/ccbs/datafile/users.366.780853939
input datafile file number=00092 name=+DATA/ccbs/datafile/users.369.780853997
input datafile file number=00095 name=+DATA/ccbs/datafile/users.372.780854143
input datafile file number=00098 name=+DATA/ccbs/datafile/users.375.780854347
input datafile file number=00101 name=+DATA/ccbs/datafile/tbs_others.267.792772437
input datafile file number=00104 name=+DATA/ccbs/datafile/indx.387.819597647
input datafile file number=00124 name=+DATA/ccbs/datafile/indx.417.843228737
input datafile file number=00109 name=+DATA/ccbs/datafile/indx.402.843228399
input datafile file number=00112 name=+DATA/ccbs/datafile/indx.405.843228469
input datafile file number=00115 name=+DATA/ccbs/datafile/indx.408.843228491
input datafile file number=00118 name=+DATA/ccbs/datafile/indx.411.843228541
input datafile file number=00121 name=+DATA/ccbs/datafile/indx.414.843228559
channel ORA_DISK_1: starting piece 1 at 09/12/2014 21:00:09
channel ORA_DISK_2: starting compressed incremental level 1 datafile backup set
channel ORA_DISK_2: specifying datafile(s) in backup set
input datafile file number=00105 name=+DATA/ccbs/datafile/sysaux.388.822699379
input datafile file number=00108 name=+DATA/ccbs/datafile/sysaux.391.822699673
input datafile file number=00129 name=+DATA/ccbs/datafile/undotbs1_02.468.857385623
input datafile file number=00132 name=+DATA/ccbs/datafile/undotbs2_02.538.857385993
input datafile file number=00135 name=+DATA/ccbs/datafile/undotbs2_02.633.857386105
input datafile file number=00006 name=+DATA/ccbs/datafile/indx.285.774530247
input datafile file number=00009 name=+DATA/ccbs/datafile/indx.286.774530435
input datafile file number=00012 name=+DATA/ccbs/datafile/tbs_others.289.774531237
input datafile file number=00015 name=+DATA/ccbs/datafile/indx.292.774541795
input datafile file number=00018 name=+DATA/ccbs/datafile/indx.295.774541965
input datafile file number=00021 name=+DATA/ccbs/datafile/users.298.774543045
input datafile file number=00024 name=+DATA/ccbs/datafile/users.301.774543271
input datafile file number=00027 name=+DATA/ccbs/datafile/users.304.774543419
input datafile file number=00030 name=+DATA/ccbs/datafile/users.307.774543485
input datafile file number=00033 name=+DATA/ccbs/datafile/users.310.775873623
input datafile file number=00036 name=+DATA/ccbs/datafile/users.313.775873743
input datafile file number=00039 name=+DATA/ccbs/datafile/users.316.775996723
input datafile file number=00042 name=+DATA/ccbs/datafile/users.319.775997681
input datafile file number=00045 name=+DATA/ccbs/datafile/users.322.775997741
input datafile file number=00048 name=+DATA/ccbs/datafile/users.325.775997857
input datafile file number=00051 name=+DATA/ccbs/datafile/users.328.775997951
input datafile file number=00054 name=+DATA/ccbs/datafile/users.331.775998423
input datafile file number=00057 name=+DATA/ccbs/datafile/users.334.776000867
input datafile file number=00060 name=+DATA/ccbs/datafile/tbs_others.337.776001527
input datafile file number=00064 name=+DATA/ccbs/datafile/users.341.780492153
input datafile file number=00067 name=+DATA/ccbs/datafile/users.344.780492429
input datafile file number=00070 name=+DATA/ccbs/datafile/users.347.780493719
input datafile file number=00073 name=+DATA/ccbs/datafile/indx.350.780852893
input datafile file number=00076 name=+DATA/ccbs/datafile/indx.353.780853327
input datafile file number=00079 name=+DATA/ccbs/datafile/users.356.780853583
input datafile file number=00082 name=+DATA/ccbs/datafile/users.359.780853645
input datafile file number=00085 name=+DATA/ccbs/datafile/users.362.780853743
input datafile file number=00088 name=+DATA/ccbs/datafile/users.365.780853919
input datafile file number=00091 name=+DATA/ccbs/datafile/users.368.780853979
input datafile file number=00094 name=+DATA/ccbs/datafile/users.371.780854093
input datafile file number=00097 name=+DATA/ccbs/datafile/users.374.780854327
input datafile file number=00100 name=+DATA/ccbs/datafile/users.377.780854429
input datafile file number=00103 name=+DATA/ccbs/datafile/indx.386.819597557
input datafile file number=00123 name=+DATA/ccbs/datafile/indx.416.843228721
input datafile file number=00126 name=+DATA/ccbs/datafile/indx.419.843228767
input datafile file number=00111 name=+DATA/ccbs/datafile/indx.404.843228463
input datafile file number=00114 name=+DATA/ccbs/datafile/indx.407.843228483
input datafile file number=00117 name=+DATA/ccbs/datafile/indx.410.843228505
input datafile file number=00120 name=+DATA/ccbs/datafile/indx.413.843228553
channel ORA_DISK_2: starting piece 1 at 09/12/2014 21:00:10
channel ORA_DISK_1: finished piece 1 at 09/12/2014 21:23:56 with 2 copies and tag MONTHLY_LEVEL_1
piece handle=+DATA/rman/level1_09_20141209_koppormp_1_1 comment=NONE
piece handle=/mnt/nfs52100/RMAN/level1_09_20141209_koppormp_1_2 comment=NONE
channel ORA_DISK_1: backup set complete, elapsed time: 00:23:47
channel ORA_DISK_1: starting compressed incremental level 1 datafile backup set
channel ORA_DISK_1: specifying datafile(s) in backup set
input datafile file number=00106 name=+DATA/ccbs/datafile/sysaux.389.822699397
input datafile file number=00127 name=+DATA/ccbs/datafile/undotbs1_02.455.857385555
input datafile file number=00128 name=+DATA/ccbs/datafile/undotbs1_02.425.857385591
input datafile file number=00131 name=+DATA/ccbs/datafile/undotbs2_02.423.857385961
input datafile file number=00134 name=+DATA/ccbs/datafile/undotbs2_02.485.857386063
input datafile file number=00005 name=+DATA/ccbs/datafile/users.269.772710879
input datafile file number=00008 name=+DATA/ccbs/datafile/users.283.774527719
input datafile file number=00011 name=+DATA/ccbs/datafile/tbs_others.288.774531157
input datafile file number=00014 name=+DATA/ccbs/datafile/indx.291.774541763
input datafile file number=00017 name=+DATA/ccbs/datafile/indx.294.774541943
input datafile file number=00020 name=+DATA/ccbs/datafile/users.297.774542019
input datafile file number=00023 name=+DATA/ccbs/datafile/users.300.774543249
input datafile file number=00026 name=+DATA/ccbs/datafile/users.303.774543375
input datafile file number=00029 name=+DATA/ccbs/datafile/users.306.774543465
input datafile file number=00032 name=+DATA/ccbs/datafile/users.309.774543697
input datafile file number=00035 name=+DATA/ccbs/datafile/users.312.775873715
input datafile file number=00038 name=+DATA/ccbs/datafile/users.315.775996699
input datafile file number=00041 name=+DATA/ccbs/datafile/users.318.775997657
input datafile file number=00044 name=+DATA/ccbs/datafile/users.321.775997721
input datafile file number=00047 name=+DATA/ccbs/datafile/users.324.775997821
input datafile file number=00050 name=+DATA/ccbs/datafile/users.327.775997915
input datafile file number=00053 name=+DATA/ccbs/datafile/users.330.775998311
input datafile file number=00056 name=+DATA/ccbs/datafile/users.333.776000415
input datafile file number=00059 name=+DATA/ccbs/datafile/tbs_others.336.776001499
input datafile file number=00063 name=+DATA/ccbs/datafile/users.340.780491785
input datafile file number=00066 name=+DATA/ccbs/datafile/users.343.780492321
input datafile file number=00069 name=+DATA/ccbs/datafile/users.346.780493683
input datafile file number=00072 name=+DATA/ccbs/datafile/indx.349.780852847
input datafile file number=00075 name=+DATA/ccbs/datafile/indx.352.780853165
input datafile file number=00078 name=+DATA/ccbs/datafile/users.355.780853553
input datafile file number=00081 name=+DATA/ccbs/datafile/users.358.780853623
input datafile file number=00084 name=+DATA/ccbs/datafile/users.361.780853717
input datafile file number=00087 name=+DATA/ccbs/datafile/users.364.780853901
input datafile file number=00090 name=+DATA/ccbs/datafile/users.367.780853961
input datafile file number=00093 name=+DATA/ccbs/datafile/users.370.780854023
input datafile file number=00096 name=+DATA/ccbs/datafile/users.373.780854307
input datafile file number=00099 name=+DATA/ccbs/datafile/users.376.780854365
input datafile file number=00102 name=+DATA/ccbs/datafile/indx.284.819597493
input datafile file number=00122 name=+DATA/ccbs/datafile/indx.415.843228705
input datafile file number=00125 name=+DATA/ccbs/datafile/indx.418.843228751
input datafile file number=00110 name=+DATA/ccbs/datafile/indx.403.843228457
input datafile file number=00113 name=+DATA/ccbs/datafile/indx.406.843228475
input datafile file number=00116 name=+DATA/ccbs/datafile/indx.409.843228497
input datafile file number=00119 name=+DATA/ccbs/datafile/indx.412.843228547
channel ORA_DISK_1: starting piece 1 at 09/12/2014 21:23:58
channel ORA_DISK_2: finished piece 1 at 09/12/2014 21:24:53 with 2 copies and tag MONTHLY_LEVEL_1
piece handle=+DATA/rman/level1_09_20141209_kpppormp_1_1 comment=NONE
piece handle=/mnt/nfs52100/RMAN/level1_09_20141209_kpppormp_1_2 comment=NONE
channel ORA_DISK_2: backup set complete, elapsed time: 00:24:43
channel ORA_DISK_2: starting compressed incremental level 1 datafile backup set
channel ORA_DISK_2: specifying datafile(s) in backup set
including current control file in backup set
channel ORA_DISK_2: starting piece 1 at 09/12/2014 21:24:56
channel ORA_DISK_2: finished piece 1 at 09/12/2014 21:25:21 with 2 copies and tag MONTHLY_LEVEL_1
piece handle=+DATA/rman/level1_09_20141209_krppot55_1_1 comment=NONE
piece handle=/mnt/nfs52100/RMAN/level1_09_20141209_krppot55_1_2 comment=NONE
channel ORA_DISK_2: backup set complete, elapsed time: 00:00:25
channel ORA_DISK_1: finished piece 1 at 09/12/2014 21:47:01 with 2 copies and tag MONTHLY_LEVEL_1
piece handle=+DATA/rman/level1_09_20141209_kqppot3c_1_1 comment=NONE
piece handle=/mnt/nfs52100/RMAN/level1_09_20141209_kqppot3c_1_2 comment=NONE
channel ORA_DISK_1: backup set complete, elapsed time: 00:23:03
Finished backup at 09/12/2014 21:47:01

Starting Control File and SPFILE Autobackup at 09/12/2014 21:47:01
piece handle=+RECO/rman/c-271141816-20141209-00 comment=NONE
Finished Control File and SPFILE Autobackup at 09/12/2014 21:47:05

sql statement: ALTER SYSTEM ARCHIVE LOG CURRENT

Starting backup at 09/12/2014 21:47:12
current log archived
using channel ORA_DISK_1
using channel ORA_DISK_2
skipping archived log file +RECO/ccbs/archivelog/2014_12_08/thread_1_seq_19272.2282.865806007; already backed up 2 time(s)
skipping archived log file +RECO/ccbs/archivelog/2014_12_08/thread_1_seq_19273.3029.865806017; already backed up 2 time(s)
skipping archived log file +RECO/ccbs/archivelog/2014_12_08/thread_2_seq_15803.3917.865806025; already backed up 2 time(s)
skipping archived log file +RECO/ccbs/archivelog/2014_12_08/thread_2_seq_15804.3032.865806037; already backed up 2 time(s)
channel ORA_DISK_1: starting compressed archived log backup set
channel ORA_DISK_1: specifying archived log(s) in backup set
input archived log thread=1 sequence=19274 RECID=53973 STAMP=865810646
input archived log thread=2 sequence=15805 RECID=53977 STAMP=865813648
input archived log thread=1 sequence=19275 RECID=53974 STAMP=865812448
input archived log thread=1 sequence=19276 RECID=53978 STAMP=865813634
input archived log thread=1 sequence=19277 RECID=53980 STAMP=865813849
input archived log thread=2 sequence=15806 RECID=53984 STAMP=865814533
input archived log thread=1 sequence=19278 RECID=53983 STAMP=865814293
input archived log thread=1 sequence=19279 RECID=53986 STAMP=865814525
input archived log thread=1 sequence=19280 RECID=53988 STAMP=865814649
input archived log thread=2 sequence=15807 RECID=53991 STAMP=865814788
input archived log thread=1 sequence=19281 RECID=53989 STAMP=865814721
input archived log thread=1 sequence=19282 RECID=53993 STAMP=865814781
input archived log thread=1 sequence=19283 RECID=53994 STAMP=865814874
input archived log thread=2 sequence=15808 RECID=54001 STAMP=865847168
input archived log thread=1 sequence=19284 RECID=53999 STAMP=865842652
input archived log thread=1 sequence=19285 RECID=54002 STAMP=865847155
input archived log thread=1 sequence=19286 RECID=54004 STAMP=865847215
channel ORA_DISK_1: starting piece 1 at 09/12/2014 21:47:16
channel ORA_DISK_2: starting compressed archived log backup set
channel ORA_DISK_2: specifying archived log(s) in backup set
input archived log thread=2 sequence=15809 RECID=54009 STAMP=865853223
input archived log thread=1 sequence=19287 RECID=54005 STAMP=865847318
input archived log thread=1 sequence=19288 RECID=54014 STAMP=865861887
input archived log thread=2 sequence=15810 RECID=54011 STAMP=865857577
input archived log thread=2 sequence=15811 RECID=54015 STAMP=865861911
input archived log thread=2 sequence=15812 RECID=54019 STAMP=865867211
input archived log thread=1 sequence=19289 RECID=54016 STAMP=865864451
input archived log thread=1 sequence=19290 RECID=54020 STAMP=865867193
input archived log thread=1 sequence=19291 RECID=54022 STAMP=865867483
input archived log thread=2 sequence=15813 RECID=54027 STAMP=865867905
input archived log thread=1 sequence=19292 RECID=54024 STAMP=865867606
input archived log thread=1 sequence=19293 RECID=54028 STAMP=865867900
input archived log thread=1 sequence=19294 RECID=54030 STAMP=865867970
input archived log thread=2 sequence=15814 RECID=54037 STAMP=865892851
input archived log thread=1 sequence=19295 RECID=54033 STAMP=865890554
input archived log thread=1 sequence=19296 RECID=54036 STAMP=865892827
input archived log thread=1 sequence=19297 RECID=54040 STAMP=865892835
input archived log thread=2 sequence=15815 RECID=54038 STAMP=865892853
channel ORA_DISK_2: starting piece 1 at 09/12/2014 21:47:17
channel ORA_DISK_1: finished piece 1 at 09/12/2014 22:06:42 with 2 copies and tag MONTHLY_ARCH
piece handle=+DATA/rman/archi_09_20141209_ktppouf4_1_1 comment=NONE
piece handle=/u03/rman_ccbs_ftp5/RMAN/archi_09_20141209_ktppouf4_1_2 comment=NONE
channel ORA_DISK_1: starting piece 2 at 09/12/2014 22:06:42
channel ORA_DISK_2: finished piece 1 at 09/12/2014 22:06:42 with 2 copies and tag MONTHLY_ARCH
piece handle=+DATA/rman/archi_09_20141209_kuppouf4_1_1 comment=NONE
piece handle=/u03/rman_ccbs_ftp5/RMAN/archi_09_20141209_kuppouf4_1_2 comment=NONE
channel ORA_DISK_2: starting piece 2 at 09/12/2014 22:06:42
channel ORA_DISK_1: finished piece 2 at 09/12/2014 22:19:37 with 2 copies and tag MONTHLY_ARCH
piece handle=+DATA/rman/archi_09_20141209_ktppouf4_2_1 comment=NONE
piece handle=/u03/rman_ccbs_ftp5/RMAN/archi_09_20141209_ktppouf4_2_2 comment=NONE
channel ORA_DISK_1: backup set complete, elapsed time: 00:32:21
channel ORA_DISK_1: deleting archived log(s)
archived log file name=+RECO/ccbs/archivelog/2014_12_08/thread_1_seq_19274.3875.865810635 RECID=53973 STAMP=865810646
archived log file name=+RECO/ccbs/archivelog/2014_12_08/thread_2_seq_15805.788.865813641 RECID=53977 STAMP=865813648
archived log file name=+RECO/ccbs/archivelog/2014_12_08/thread_1_seq_19275.3658.865812437 RECID=53974 STAMP=865812448
archived log file name=+RECO/ccbs/archivelog/2014_12_08/thread_1_seq_19276.440.865813621 RECID=53978 STAMP=865813634
archived log file name=+RECO/ccbs/archivelog/2014_12_08/thread_1_seq_19277.3647.865813839 RECID=53980 STAMP=865813849
archived log file name=+RECO/ccbs/archivelog/2014_12_09/thread_2_seq_15806.1135.865814533 RECID=53984 STAMP=865814533
archived log file name=+RECO/ccbs/archivelog/2014_12_08/thread_1_seq_19278.3648.865814283 RECID=53983 STAMP=865814293
archived log file name=+RECO/ccbs/archivelog/2014_12_09/thread_1_seq_19279.3652.865814513 RECID=53986 STAMP=865814525
archived log file name=+RECO/ccbs/archivelog/2014_12_09/thread_1_seq_19280.4020.865814637 RECID=53988 STAMP=865814649
archived log file name=+RECO/ccbs/archivelog/2014_12_09/thread_2_seq_15807.483.865814789 RECID=53991 STAMP=865814788
archived log file name=+RECO/ccbs/archivelog/2014_12_09/thread_1_seq_19281.1945.865814709 RECID=53989 STAMP=865814721
archived log file name=+RECO/ccbs/archivelog/2014_12_09/thread_1_seq_19282.3397.865814769 RECID=53993 STAMP=865814781
archived log file name=+RECO/ccbs/archivelog/2014_12_09/thread_1_seq_19283.3907.865814861 RECID=53994 STAMP=865814874
archived log file name=+RECO/ccbs/archivelog/2014_12_09/thread_2_seq_15808.3883.865847161 RECID=54001 STAMP=865847168
archived log file name=+RECO/ccbs/archivelog/2014_12_09/thread_1_seq_19284.3134.865842641 RECID=53999 STAMP=865842652
archived log file name=+RECO/ccbs/archivelog/2014_12_09/thread_1_seq_19285.787.865847141 RECID=54002 STAMP=865847155
archived log file name=+RECO/ccbs/archivelog/2014_12_09/thread_1_seq_19286.889.865847205 RECID=54004 STAMP=865847215
channel ORA_DISK_1: deleting archived log(s)
archived log file name=+RECO/ccbs/archivelog/2014_12_08/thread_1_seq_19272.2282.865806007 RECID=53966 STAMP=865806012
archived log file name=+RECO/ccbs/archivelog/2014_12_08/thread_1_seq_19273.3029.865806017 RECID=53968 STAMP=865806017
archived log file name=+RECO/ccbs/archivelog/2014_12_08/thread_2_seq_15803.3917.865806025 RECID=53967 STAMP=865806035
archived log file name=+RECO/ccbs/archivelog/2014_12_08/thread_2_seq_15804.3032.865806037 RECID=53969 STAMP=865806036
channel ORA_DISK_2: finished piece 2 at 09/12/2014 22:20:09 with 2 copies and tag MONTHLY_ARCH
piece handle=+DATA/rman/archi_09_20141209_kuppouf4_2_1 comment=NONE
piece handle=/u03/rman_ccbs_ftp5/RMAN/archi_09_20141209_kuppouf4_2_2 comment=NONE
channel ORA_DISK_2: backup set complete, elapsed time: 00:32:52
channel ORA_DISK_2: deleting archived log(s)
archived log file name=+RECO/ccbs/archivelog/2014_12_09/thread_2_seq_15809.2609.865853211 RECID=54009 STAMP=865853223
archived log file name=+RECO/ccbs/archivelog/2014_12_09/thread_1_seq_19287.540.865847299 RECID=54005 STAMP=865847318
archived log file name=+RECO/ccbs/archivelog/2014_12_09/thread_1_seq_19288.3982.865861883 RECID=54014 STAMP=865861887
archived log file name=+RECO/ccbs/archivelog/2014_12_09/thread_2_seq_15810.2111.865857567 RECID=54011 STAMP=865857577
archived log file name=+RECO/ccbs/archivelog/2014_12_09/thread_2_seq_15811.4105.865861899 RECID=54015 STAMP=865861911
archived log file name=+RECO/ccbs/archivelog/2014_12_09/thread_2_seq_15812.3918.865867199 RECID=54019 STAMP=865867211
archived log file name=+RECO/ccbs/archivelog/2014_12_09/thread_1_seq_19289.1973.865864439 RECID=54016 STAMP=865864451
archived log file name=+RECO/ccbs/archivelog/2014_12_09/thread_1_seq_19290.1184.865867181 RECID=54020 STAMP=865867193
archived log file name=+RECO/ccbs/archivelog/2014_12_09/thread_1_seq_19291.3069.865867471 RECID=54022 STAMP=865867483
archived log file name=+RECO/ccbs/archivelog/2014_12_09/thread_2_seq_15813.675.865867903 RECID=54027 STAMP=865867905
archived log file name=+RECO/ccbs/archivelog/2014_12_09/thread_1_seq_19292.1210.865867595 RECID=54024 STAMP=865867606
archived log file name=+RECO/ccbs/archivelog/2014_12_09/thread_1_seq_19293.3131.865867883 RECID=54028 STAMP=865867900
archived log file name=+RECO/ccbs/archivelog/2014_12_09/thread_1_seq_19294.3570.865867959 RECID=54030 STAMP=865867970
archived log file name=+RECO/ccbs/archivelog/2014_12_09/thread_2_seq_15814.266.865892845 RECID=54037 STAMP=865892851
archived log file name=+RECO/ccbs/archivelog/2014_12_09/thread_1_seq_19295.3507.865890543 RECID=54033 STAMP=865890554
archived log file name=+RECO/ccbs/archivelog/2014_12_09/thread_1_seq_19296.395.865892827 RECID=54036 STAMP=865892827
RMAN-08120: WARNING: archived log not deleted, not yet applied by standby
archived log file name=+RECO/ccbs/archivelog/2014_12_09/thread_1_seq_19297.680.865892835 thread=1 sequence=19297
archived log file name=+RECO/ccbs/archivelog/2014_12_09/thread_2_seq_15815.793.865892853 RECID=54038 STAMP=865892853
Finished backup at 09/12/2014 22:20:11

Starting Control File and SPFILE Autobackup at 09/12/2014 22:20:11
piece handle=+RECO/rman/c-271141816-20141209-01 comment=NONE
Finished Control File and SPFILE Autobackup at 09/12/2014 22:20:14

Recovery Manager complete.
