
Recovery Manager: Release 11.2.0.2.0 - Production on Fri Dec 5 21:00:01 2014

Copyright (c) 1982, 2009, Oracle and/or its affiliates.  All rights reserved.

connected to target database: CCBS (DBID=271141816)

RMAN> #CONFIGURE RETENTION POLICY TO REDUNDANCY 1;	#updated 20/3/2014 
2> #CONFIGURE BACKUP OPTIMIZATION ON;
3> #CONFIGURE DEFAULT DEVICE TYPE TO DISK; # default
4> #CONFIGURE CONTROLFILE AUTOBACKUP OFF;
5> #CONFIGURE CONTROLFILE AUTOBACKUP FORMAT FOR DEVICE TYPE DISK TO '+RECO/RMAN/%F';
6> #CONFIGURE DEVICE TYPE DISK PARALLELISM 2 BACKUP TYPE TO COMPRESSED BACKUPSET;
7> #CONFIGURE DATAFILE BACKUP COPIES FOR DEVICE TYPE DISK TO 1; # default
8> #CONFIGURE ARCHIVELOG BACKUP COPIES FOR DEVICE TYPE DISK TO 1; # default
9> #CONFIGURE CHANNEL DEVICE TYPE DISK MAXPIECESIZE 4 G; #updated 24/3/2014
10> #CONFIGURE MAXSETSIZE TO UNLIMITED;
11> #CONFIGURE ENCRYPTION FOR DATABASE OFF; # default
12> #CONFIGURE ENCRYPTION ALGORITHM 'AES128'; # default
13> #CONFIGURE COMPRESSION ALGORITHM 'BASIC' AS OF RELEASE 'DEFAULT' OPTIMIZE FOR LOAD TRUE ; # default
14> #Chi khi nao cac archive da duoc apply tren cac standby thi moi cho delete.
15> #CONFIGURE ARCHIVELOG DELETION POLICY TO APPLIED ON ALL STANDBY;
16> #CONFIGURE SNAPSHOT CONTROLFILE NAME TO '/u01/app/oracle/product/11.2.0.2/dbhome_1/dbs/snapcf_ccbs1.f'; # default
17> 
18> 
19> #updated 20/8/2014
20> # Ngay 1:
21> #	Xoa cac backup obsolete: Giu lai backupset hien tai, xoa cac ban backupset truoc do.
22> #	Backup level0 vao +RECO	tag MONTHLY_LEVEL_0_day1
23> # 	copy ban level0 thu 2 vao o dia /mnt/nfs52100/RMAN	copy_MONTHLY_LEVEL_0_day1
24> # Ngay 2-15:
25> #	Backup copies 2 level1 vao +RECO,/mnt/nfs52100/RMAN
26> #	Backup copies 2 archived vao +RECO,/mnt/nfs52100/RMAN
27> #	Delete archived all
28> 
29> # Ngay 16:
30> #	Xoa cac backup obsolete: Giu lai backupset hien tai, xoa cac ban backupset truoc do.
31> #	Backup level0 vao +RECO	tag MONTHLY_LEVEL_0_day16
32> # 	copy ban level0 thu 2 vao o dia /mnt/nfs52100/RMAN	tag copy_MONTHLY_LEVEL_0_day16
33> # Ngay 17-31:
34> #	Backup copies 2 level1 vao +RECO,/mnt/nfs52100/RMAN	
35> #	Backup copies 2 archived vao +RECO,/mnt/nfs52100/RMAN
36> #	Delete archived all
37> 
38> run
39> {
40>    backup incremental level 1 copies 2 format '+DATA/RMAN/level1_%D_%T_%U','/mnt/nfs52100/RMAN/level1_%D_%T_%U' tag MONTHLY_LEVEL_1 
41> #   backup incremental level 1 copies 2 format '+RECO/RMAN/level1_%D_%T_%U' tag MONTHLY_LEVEL_1 
42> 
43>   database include current controlfile;
44> 	sql 'ALTER SYSTEM ARCHIVE LOG CURRENT';
45> 	backup as compressed backupset copies 2 archivelog all format '+DATA/RMAN/archi_%D_%T_%U','/u03/rman_ccbs_ftp5/RMAN/archi_%D_%T_%U'
46>   tag monthly_arch delete input;
47> }
48> 
Starting backup at 05/12/2014 21:00:02
using target database control file instead of recovery catalog
allocated channel: ORA_DISK_1
channel ORA_DISK_1: SID=856 instance=ccbs1 device type=DISK
allocated channel: ORA_DISK_2
channel ORA_DISK_2: SID=1008 instance=ccbs1 device type=DISK
channel ORA_DISK_1: starting compressed incremental level 1 datafile backup set
channel ORA_DISK_1: specifying datafile(s) in backup set
input datafile file number=00002 name=+DATA/ccbs/datafile/sysaux.258.772710837
input datafile file number=00107 name=+DATA/ccbs/datafile/sysaux.390.822699669
input datafile file number=00130 name=+DATA/ccbs/datafile/undotbs1_02.426.857385663
input datafile file number=00133 name=+DATA/ccbs/datafile/undotbs2_02.516.857386025
input datafile file number=00001 name=+DATA/ccbs/datafile/system.271.772710825
input datafile file number=00061 name=+DATA/ccbs/datafile/gg_data.338.779148549
input datafile file number=00007 name=+DATA/ccbs/datafile/users.282.774527471
input datafile file number=00010 name=+DATA/ccbs/datafile/indx.287.774530539
input datafile file number=00013 name=+DATA/ccbs/datafile/indx.290.774541697
input datafile file number=00016 name=+DATA/ccbs/datafile/indx.293.774541877
input datafile file number=00019 name=+DATA/ccbs/datafile/indx.296.774541987
input datafile file number=00022 name=+DATA/ccbs/datafile/users.299.774543191
input datafile file number=00025 name=+DATA/ccbs/datafile/users.302.774543327
input datafile file number=00028 name=+DATA/ccbs/datafile/users.305.774543443
input datafile file number=00031 name=+DATA/ccbs/datafile/users.308.774543671
input datafile file number=00034 name=+DATA/ccbs/datafile/users.311.775873655
input datafile file number=00037 name=+DATA/ccbs/datafile/users.314.775996677
input datafile file number=00040 name=+DATA/ccbs/datafile/users.317.775996743
input datafile file number=00043 name=+DATA/ccbs/datafile/users.320.775997701
input datafile file number=00046 name=+DATA/ccbs/datafile/users.323.775997787
input datafile file number=00049 name=+DATA/ccbs/datafile/users.326.775997875
input datafile file number=00052 name=+DATA/ccbs/datafile/users.329.775998289
input datafile file number=00055 name=+DATA/ccbs/datafile/users.332.776000393
input datafile file number=00058 name=+DATA/ccbs/datafile/users.335.776001375
input datafile file number=00062 name=+DATA/ccbs/datafile/users.339.780491723
input datafile file number=00065 name=+DATA/ccbs/datafile/users.342.780492259
input datafile file number=00068 name=+DATA/ccbs/datafile/users.345.780493063
input datafile file number=00071 name=+DATA/ccbs/datafile/users.348.780493937
input datafile file number=00074 name=+DATA/ccbs/datafile/indx.351.780853091
input datafile file number=00077 name=+DATA/ccbs/datafile/indx.354.780853419
input datafile file number=00080 name=+DATA/ccbs/datafile/users.357.780853601
input datafile file number=00083 name=+DATA/ccbs/datafile/users.360.780853693
input datafile file number=00086 name=+DATA/ccbs/datafile/users.363.780853829
input datafile file number=00089 name=+DATA/ccbs/datafile/users.366.780853939
input datafile file number=00092 name=+DATA/ccbs/datafile/users.369.780853997
input datafile file number=00095 name=+DATA/ccbs/datafile/users.372.780854143
input datafile file number=00098 name=+DATA/ccbs/datafile/users.375.780854347
input datafile file number=00101 name=+DATA/ccbs/datafile/tbs_others.267.792772437
input datafile file number=00104 name=+DATA/ccbs/datafile/indx.387.819597647
input datafile file number=00124 name=+DATA/ccbs/datafile/indx.417.843228737
input datafile file number=00109 name=+DATA/ccbs/datafile/indx.402.843228399
input datafile file number=00112 name=+DATA/ccbs/datafile/indx.405.843228469
input datafile file number=00115 name=+DATA/ccbs/datafile/indx.408.843228491
input datafile file number=00118 name=+DATA/ccbs/datafile/indx.411.843228541
input datafile file number=00121 name=+DATA/ccbs/datafile/indx.414.843228559
channel ORA_DISK_1: starting piece 1 at 05/12/2014 21:00:08
channel ORA_DISK_2: starting compressed incremental level 1 datafile backup set
channel ORA_DISK_2: specifying datafile(s) in backup set
input datafile file number=00105 name=+DATA/ccbs/datafile/sysaux.388.822699379
input datafile file number=00108 name=+DATA/ccbs/datafile/sysaux.391.822699673
input datafile file number=00129 name=+DATA/ccbs/datafile/undotbs1_02.468.857385623
input datafile file number=00132 name=+DATA/ccbs/datafile/undotbs2_02.538.857385993
input datafile file number=00135 name=+DATA/ccbs/datafile/undotbs2_02.633.857386105
input datafile file number=00006 name=+DATA/ccbs/datafile/indx.285.774530247
input datafile file number=00009 name=+DATA/ccbs/datafile/indx.286.774530435
input datafile file number=00012 name=+DATA/ccbs/datafile/tbs_others.289.774531237
input datafile file number=00015 name=+DATA/ccbs/datafile/indx.292.774541795
input datafile file number=00018 name=+DATA/ccbs/datafile/indx.295.774541965
input datafile file number=00021 name=+DATA/ccbs/datafile/users.298.774543045
input datafile file number=00024 name=+DATA/ccbs/datafile/users.301.774543271
input datafile file number=00027 name=+DATA/ccbs/datafile/users.304.774543419
input datafile file number=00030 name=+DATA/ccbs/datafile/users.307.774543485
input datafile file number=00033 name=+DATA/ccbs/datafile/users.310.775873623
input datafile file number=00036 name=+DATA/ccbs/datafile/users.313.775873743
input datafile file number=00039 name=+DATA/ccbs/datafile/users.316.775996723
input datafile file number=00042 name=+DATA/ccbs/datafile/users.319.775997681
input datafile file number=00045 name=+DATA/ccbs/datafile/users.322.775997741
input datafile file number=00048 name=+DATA/ccbs/datafile/users.325.775997857
input datafile file number=00051 name=+DATA/ccbs/datafile/users.328.775997951
input datafile file number=00054 name=+DATA/ccbs/datafile/users.331.775998423
input datafile file number=00057 name=+DATA/ccbs/datafile/users.334.776000867
input datafile file number=00060 name=+DATA/ccbs/datafile/tbs_others.337.776001527
input datafile file number=00064 name=+DATA/ccbs/datafile/users.341.780492153
input datafile file number=00067 name=+DATA/ccbs/datafile/users.344.780492429
input datafile file number=00070 name=+DATA/ccbs/datafile/users.347.780493719
input datafile file number=00073 name=+DATA/ccbs/datafile/indx.350.780852893
input datafile file number=00076 name=+DATA/ccbs/datafile/indx.353.780853327
input datafile file number=00079 name=+DATA/ccbs/datafile/users.356.780853583
input datafile file number=00082 name=+DATA/ccbs/datafile/users.359.780853645
input datafile file number=00085 name=+DATA/ccbs/datafile/users.362.780853743
input datafile file number=00088 name=+DATA/ccbs/datafile/users.365.780853919
input datafile file number=00091 name=+DATA/ccbs/datafile/users.368.780853979
input datafile file number=00094 name=+DATA/ccbs/datafile/users.371.780854093
input datafile file number=00097 name=+DATA/ccbs/datafile/users.374.780854327
input datafile file number=00100 name=+DATA/ccbs/datafile/users.377.780854429
input datafile file number=00103 name=+DATA/ccbs/datafile/indx.386.819597557
input datafile file number=00123 name=+DATA/ccbs/datafile/indx.416.843228721
input datafile file number=00126 name=+DATA/ccbs/datafile/indx.419.843228767
input datafile file number=00111 name=+DATA/ccbs/datafile/indx.404.843228463
input datafile file number=00114 name=+DATA/ccbs/datafile/indx.407.843228483
input datafile file number=00117 name=+DATA/ccbs/datafile/indx.410.843228505
input datafile file number=00120 name=+DATA/ccbs/datafile/indx.413.843228553
channel ORA_DISK_2: starting piece 1 at 05/12/2014 21:00:08
channel ORA_DISK_1: finished piece 1 at 05/12/2014 21:25:34 with 2 copies and tag MONTHLY_LEVEL_1
piece handle=+DATA/rman/level1_05_20141205_jmppea6n_1_1 comment=NONE
piece handle=/mnt/nfs52100/RMAN/level1_05_20141205_jmppea6n_1_2 comment=NONE
channel ORA_DISK_1: backup set complete, elapsed time: 00:25:26
channel ORA_DISK_1: starting compressed incremental level 1 datafile backup set
channel ORA_DISK_1: specifying datafile(s) in backup set
input datafile file number=00106 name=+DATA/ccbs/datafile/sysaux.389.822699397
input datafile file number=00127 name=+DATA/ccbs/datafile/undotbs1_02.455.857385555
input datafile file number=00128 name=+DATA/ccbs/datafile/undotbs1_02.425.857385591
input datafile file number=00131 name=+DATA/ccbs/datafile/undotbs2_02.423.857385961
input datafile file number=00134 name=+DATA/ccbs/datafile/undotbs2_02.485.857386063
input datafile file number=00005 name=+DATA/ccbs/datafile/users.269.772710879
input datafile file number=00008 name=+DATA/ccbs/datafile/users.283.774527719
input datafile file number=00011 name=+DATA/ccbs/datafile/tbs_others.288.774531157
input datafile file number=00014 name=+DATA/ccbs/datafile/indx.291.774541763
input datafile file number=00017 name=+DATA/ccbs/datafile/indx.294.774541943
input datafile file number=00020 name=+DATA/ccbs/datafile/users.297.774542019
input datafile file number=00023 name=+DATA/ccbs/datafile/users.300.774543249
input datafile file number=00026 name=+DATA/ccbs/datafile/users.303.774543375
input datafile file number=00029 name=+DATA/ccbs/datafile/users.306.774543465
input datafile file number=00032 name=+DATA/ccbs/datafile/users.309.774543697
input datafile file number=00035 name=+DATA/ccbs/datafile/users.312.775873715
input datafile file number=00038 name=+DATA/ccbs/datafile/users.315.775996699
input datafile file number=00041 name=+DATA/ccbs/datafile/users.318.775997657
input datafile file number=00044 name=+DATA/ccbs/datafile/users.321.775997721
input datafile file number=00047 name=+DATA/ccbs/datafile/users.324.775997821
input datafile file number=00050 name=+DATA/ccbs/datafile/users.327.775997915
input datafile file number=00053 name=+DATA/ccbs/datafile/users.330.775998311
input datafile file number=00056 name=+DATA/ccbs/datafile/users.333.776000415
input datafile file number=00059 name=+DATA/ccbs/datafile/tbs_others.336.776001499
input datafile file number=00063 name=+DATA/ccbs/datafile/users.340.780491785
input datafile file number=00066 name=+DATA/ccbs/datafile/users.343.780492321
input datafile file number=00069 name=+DATA/ccbs/datafile/users.346.780493683
input datafile file number=00072 name=+DATA/ccbs/datafile/indx.349.780852847
input datafile file number=00075 name=+DATA/ccbs/datafile/indx.352.780853165
input datafile file number=00078 name=+DATA/ccbs/datafile/users.355.780853553
input datafile file number=00081 name=+DATA/ccbs/datafile/users.358.780853623
input datafile file number=00084 name=+DATA/ccbs/datafile/users.361.780853717
input datafile file number=00087 name=+DATA/ccbs/datafile/users.364.780853901
input datafile file number=00090 name=+DATA/ccbs/datafile/users.367.780853961
input datafile file number=00093 name=+DATA/ccbs/datafile/users.370.780854023
input datafile file number=00096 name=+DATA/ccbs/datafile/users.373.780854307
input datafile file number=00099 name=+DATA/ccbs/datafile/users.376.780854365
input datafile file number=00102 name=+DATA/ccbs/datafile/indx.284.819597493
input datafile file number=00122 name=+DATA/ccbs/datafile/indx.415.843228705
input datafile file number=00125 name=+DATA/ccbs/datafile/indx.418.843228751
input datafile file number=00110 name=+DATA/ccbs/datafile/indx.403.843228457
input datafile file number=00113 name=+DATA/ccbs/datafile/indx.406.843228475
input datafile file number=00116 name=+DATA/ccbs/datafile/indx.409.843228497
input datafile file number=00119 name=+DATA/ccbs/datafile/indx.412.843228547
channel ORA_DISK_1: starting piece 1 at 05/12/2014 21:25:35
channel ORA_DISK_2: finished piece 1 at 05/12/2014 21:29:00 with 2 copies and tag MONTHLY_LEVEL_1
piece handle=+DATA/rman/level1_05_20141205_jnppea6o_1_1 comment=NONE
piece handle=/mnt/nfs52100/RMAN/level1_05_20141205_jnppea6o_1_2 comment=NONE
channel ORA_DISK_2: backup set complete, elapsed time: 00:28:52
channel ORA_DISK_2: starting compressed incremental level 1 datafile backup set
channel ORA_DISK_2: specifying datafile(s) in backup set
including current control file in backup set
channel ORA_DISK_2: starting piece 1 at 05/12/2014 21:29:03
channel ORA_DISK_2: finished piece 1 at 05/12/2014 21:29:06 with 2 copies and tag MONTHLY_LEVEL_1
piece handle=+DATA/rman/level1_05_20141205_jpppebss_1_1 comment=NONE
piece handle=/mnt/nfs52100/RMAN/level1_05_20141205_jpppebss_1_2 comment=NONE
channel ORA_DISK_2: backup set complete, elapsed time: 00:00:03
channel ORA_DISK_1: finished piece 1 at 05/12/2014 21:50:38 with 2 copies and tag MONTHLY_LEVEL_1
piece handle=+DATA/rman/level1_05_20141205_joppebme_1_1 comment=NONE
piece handle=/mnt/nfs52100/RMAN/level1_05_20141205_joppebme_1_2 comment=NONE
channel ORA_DISK_1: backup set complete, elapsed time: 00:25:03
Finished backup at 05/12/2014 21:50:38

Starting Control File and SPFILE Autobackup at 05/12/2014 21:50:39
piece handle=+RECO/rman/c-271141816-20141205-00 comment=NONE
Finished Control File and SPFILE Autobackup at 05/12/2014 21:50:42

sql statement: ALTER SYSTEM ARCHIVE LOG CURRENT

Starting backup at 05/12/2014 21:50:56
current log archived
using channel ORA_DISK_1
using channel ORA_DISK_2
skipping archived log file +RECO/ccbs/archivelog/2014_12_04/thread_1_seq_19225.3032.865464417; already backed up 2 time(s)
channel ORA_DISK_1: starting compressed archived log backup set
channel ORA_DISK_1: specifying archived log(s) in backup set
input archived log thread=2 sequence=15747 RECID=53764 STAMP=865471441
input archived log thread=1 sequence=19226 RECID=53760 STAMP=865470098
input archived log thread=1 sequence=19227 RECID=53765 STAMP=865471430
input archived log thread=1 sequence=19228 RECID=53766 STAMP=865496690
input archived log thread=2 sequence=15748 RECID=53771 STAMP=865498022
input archived log thread=1 sequence=19229 RECID=53768 STAMP=865497921
input archived log thread=1 sequence=19230 RECID=53772 STAMP=865498007
input archived log thread=1 sequence=19231 RECID=53774 STAMP=865499629
input archived log thread=2 sequence=15749 RECID=53776 STAMP=865500003
input archived log thread=1 sequence=19232 RECID=53782 STAMP=865500447
input archived log thread=2 sequence=15750 RECID=53778 STAMP=865500201
input archived log thread=2 sequence=15751 RECID=53783 STAMP=865500469
input archived log thread=2 sequence=15752 RECID=53784 STAMP=865500626
input archived log thread=1 sequence=19233 RECID=53789 STAMP=865510535
input archived log thread=2 sequence=15753 RECID=53786 STAMP=865500704
channel ORA_DISK_1: starting piece 1 at 05/12/2014 21:50:57
channel ORA_DISK_2: starting compressed archived log backup set
channel ORA_DISK_2: specifying archived log(s) in backup set
input archived log thread=2 sequence=15754 RECID=53791 STAMP=865510563
input archived log thread=2 sequence=15755 RECID=53792 STAMP=865510611
input archived log thread=1 sequence=19234 RECID=53795 STAMP=865510744
input archived log thread=2 sequence=15756 RECID=53793 STAMP=865510724
input archived log thread=2 sequence=15757 RECID=53797 STAMP=865510773
input archived log thread=2 sequence=15758 RECID=53802 STAMP=865511487
input archived log thread=1 sequence=19235 RECID=53800 STAMP=865511254
input archived log thread=1 sequence=19236 RECID=53806 STAMP=865522627
input archived log thread=2 sequence=15759 RECID=53805 STAMP=865518964
input archived log thread=2 sequence=15760 RECID=53809 STAMP=865541065
input archived log thread=1 sequence=19237 RECID=53813 STAMP=865547455
input archived log thread=2 sequence=15761 RECID=53812 STAMP=865547472
input archived log thread=2 sequence=15762 RECID=53815 STAMP=865547474
input archived log thread=1 sequence=19238 RECID=53814 STAMP=865547456
channel ORA_DISK_2: starting piece 1 at 05/12/2014 21:50:58
channel ORA_DISK_2: finished piece 1 at 05/12/2014 22:10:33 with 2 copies and tag MONTHLY_ARCH
piece handle=+DATA/rman/archi_05_20141205_jspped61_1_1 comment=NONE
piece handle=/u03/rman_ccbs_ftp5/RMAN/archi_05_20141205_jspped61_1_2 comment=NONE
channel ORA_DISK_2: starting piece 2 at 05/12/2014 22:10:33
channel ORA_DISK_1: finished piece 1 at 05/12/2014 22:10:36 with 2 copies and tag MONTHLY_ARCH
piece handle=+DATA/rman/archi_05_20141205_jrpped61_1_1 comment=NONE
piece handle=/u03/rman_ccbs_ftp5/RMAN/archi_05_20141205_jrpped61_1_2 comment=NONE
channel ORA_DISK_1: starting piece 2 at 05/12/2014 22:10:36
channel ORA_DISK_2: finished piece 2 at 05/12/2014 22:21:11 with 2 copies and tag MONTHLY_ARCH
piece handle=+DATA/rman/archi_05_20141205_jspped61_2_1 comment=NONE
piece handle=/u03/rman_ccbs_ftp5/RMAN/archi_05_20141205_jspped61_2_2 comment=NONE
channel ORA_DISK_2: backup set complete, elapsed time: 00:30:13
channel ORA_DISK_2: deleting archived log(s)
archived log file name=+RECO/ccbs/archivelog/2014_12_05/thread_2_seq_15754.3982.865510551 RECID=53791 STAMP=865510563
archived log file name=+RECO/ccbs/archivelog/2014_12_05/thread_2_seq_15755.440.865510599 RECID=53792 STAMP=865510611
archived log file name=+RECO/ccbs/archivelog/2014_12_05/thread_1_seq_19234.2323.865510745 RECID=53795 STAMP=865510744
archived log file name=+RECO/ccbs/archivelog/2014_12_05/thread_2_seq_15756.1973.865510713 RECID=53793 STAMP=865510724
archived log file name=+RECO/ccbs/archivelog/2014_12_05/thread_2_seq_15757.2609.865510761 RECID=53797 STAMP=865510773
archived log file name=+RECO/ccbs/archivelog/2014_12_05/thread_2_seq_15758.2111.865511477 RECID=53802 STAMP=865511487
archived log file name=+RECO/ccbs/archivelog/2014_12_05/thread_1_seq_19235.4105.865511243 RECID=53800 STAMP=865511254
archived log file name=+RECO/ccbs/archivelog/2014_12_05/thread_1_seq_19236.540.865522615 RECID=53806 STAMP=865522627
archived log file name=+RECO/ccbs/archivelog/2014_12_05/thread_2_seq_15759.2282.865518953 RECID=53805 STAMP=865518964
archived log file name=+RECO/ccbs/archivelog/2014_12_05/thread_2_seq_15760.3997.865541055 RECID=53809 STAMP=865541065
archived log file name=+RECO/ccbs/archivelog/2014_12_05/thread_1_seq_19237.3917.865547447 RECID=53813 STAMP=865547455
archived log file name=+RECO/ccbs/archivelog/2014_12_05/thread_2_seq_15761.3029.865547463 RECID=53812 STAMP=865547472
RMAN-08120: WARNING: archived log not deleted, not yet applied by standby
archived log file name=+RECO/ccbs/archivelog/2014_12_05/thread_2_seq_15762.889.865547475 thread=2 sequence=15762
archived log file name=+RECO/ccbs/archivelog/2014_12_05/thread_1_seq_19238.3918.865547457 RECID=53814 STAMP=865547456
channel ORA_DISK_2: deleting archived log(s)
archived log file name=+RECO/ccbs/archivelog/2014_12_04/thread_1_seq_19225.3032.865464417 RECID=53757 STAMP=865464416
channel ORA_DISK_1: finished piece 2 at 05/12/2014 22:23:52 with 2 copies and tag MONTHLY_ARCH
piece handle=+DATA/rman/archi_05_20141205_jrpped61_2_1 comment=NONE
piece handle=/u03/rman_ccbs_ftp5/RMAN/archi_05_20141205_jrpped61_2_2 comment=NONE
channel ORA_DISK_1: backup set complete, elapsed time: 00:32:55
channel ORA_DISK_1: deleting archived log(s)
archived log file name=+RECO/ccbs/archivelog/2014_12_05/thread_2_seq_15747.1184.865471439 RECID=53764 STAMP=865471441
archived log file name=+RECO/ccbs/archivelog/2014_12_05/thread_1_seq_19226.3131.865470087 RECID=53760 STAMP=865470098
archived log file name=+RECO/ccbs/archivelog/2014_12_05/thread_1_seq_19227.3069.865471419 RECID=53765 STAMP=865471430
archived log file name=+RECO/ccbs/archivelog/2014_12_05/thread_1_seq_19228.1210.865496679 RECID=53766 STAMP=865496690
archived log file name=+RECO/ccbs/archivelog/2014_12_05/thread_2_seq_15748.3570.865498013 RECID=53771 STAMP=865498022
archived log file name=+RECO/ccbs/archivelog/2014_12_05/thread_1_seq_19229.675.865497909 RECID=53768 STAMP=865497921
archived log file name=+RECO/ccbs/archivelog/2014_12_05/thread_1_seq_19230.4254.865497993 RECID=53772 STAMP=865498007
archived log file name=+RECO/ccbs/archivelog/2014_12_05/thread_1_seq_19231.3507.865499617 RECID=53774 STAMP=865499629
archived log file name=+RECO/ccbs/archivelog/2014_12_05/thread_2_seq_15749.395.865499991 RECID=53776 STAMP=865500003
archived log file name=+RECO/ccbs/archivelog/2014_12_05/thread_1_seq_19232.680.865500441 RECID=53782 STAMP=865500447
archived log file name=+RECO/ccbs/archivelog/2014_12_05/thread_2_seq_15750.266.865500189 RECID=53778 STAMP=865500201
archived log file name=+RECO/ccbs/archivelog/2014_12_05/thread_2_seq_15751.793.865500457 RECID=53783 STAMP=865500469
archived log file name=+RECO/ccbs/archivelog/2014_12_05/thread_2_seq_15752.715.865500613 RECID=53784 STAMP=865500626
archived log file name=+RECO/ccbs/archivelog/2014_12_05/thread_1_seq_19233.3188.865510535 RECID=53789 STAMP=865510535
archived log file name=+RECO/ccbs/archivelog/2014_12_05/thread_2_seq_15753.826.865500691 RECID=53786 STAMP=865500704
Finished backup at 05/12/2014 22:23:54

Starting Control File and SPFILE Autobackup at 05/12/2014 22:23:54
piece handle=+RECO/rman/c-271141816-20141205-01 comment=NONE
Finished Control File and SPFILE Autobackup at 05/12/2014 22:23:57

Recovery Manager complete.
