
Recovery Manager: Release 11.2.0.2.0 - Production on Fri Mar 20 21:00:01 2015

Copyright (c) 1982, 2009, Oracle and/or its affiliates.  All rights reserved.

connected to target database: CCBS (DBID=271141816)

RMAN> #CONFIGURE RETENTION POLICY TO REDUNDANCY 1;	#updated 20/3/2014 
2> #CONFIGURE BACKUP OPTIMIZATION ON;
3> #CONFIGURE DEFAULT DEVICE TYPE TO DISK; # default
4> #CONFIGURE CONTROLFILE AUTOBACKUP OFF;
5> #CONFIGURE CONTROLFILE AUTOBACKUP FORMAT FOR DEVICE TYPE DISK TO '+RECO/RMAN/%F';
6> #CONFIGURE DEVICE TYPE DISK PARALLELISM 2 BACKUP TYPE TO COMPRESSED BACKUPSET;
7> #CONFIGURE DATAFILE BACKUP COPIES FOR DEVICE TYPE DISK TO 1; # default
8> #CONFIGURE ARCHIVELOG BACKUP COPIES FOR DEVICE TYPE DISK TO 1; # default
9> #CONFIGURE CHANNEL DEVICE TYPE DISK MAXPIECESIZE 4 G;	#updated 24/3/2014
10> #CONFIGURE MAXSETSIZE TO UNLIMITED;
11> #CONFIGURE ENCRYPTION FOR DATABASE OFF; # default
12> #CONFIGURE ENCRYPTION ALGORITHM 'AES128'; # default
13> #CONFIGURE COMPRESSION ALGORITHM 'BASIC' AS OF RELEASE 'DEFAULT' OPTIMIZE FOR LOAD TRUE ; # default
14> #Chi khi nao cac archive da duoc apply tren cac standby thi moi cho delete.
15> #CONFIGURE ARCHIVELOG DELETION POLICY TO APPLIED ON ALL STANDBY;
16> #CONFIGURE SNAPSHOT CONTROLFILE NAME TO '/u01/app/oracle/product/11.2.0.2/dbhome_1/dbs/snapcf_ccbs1.f'; # default
17> 
18> 
19> #updated 20/8/2014
20> # Ngay 1:
21> #	Xoa cac backup obsolete: Giu lai backupset hien tai, xoa cac ban backupset truoc do.
22> #	Backup level0 vao +RECO	tag MONTHLY_LEVEL_0_day1
23> # 	copy ban level0 thu 2 vao o dia /mnt/nfs52100/RMAN	copy_MONTHLY_LEVEL_0_day1
24> # Ngay 2-15:
25> #	Backup copies 2 level1 vao +RECO,/mnt/nfs52100/RMAN
26> #	Backup copies 2 archived vao +RECO,/mnt/nfs52100/RMAN
27> #	Delete archived all
28> 
29> # Ngay 16:
30> #	Xoa cac backup obsolete: Giu lai backupset hien tai, xoa cac ban backupset truoc do.
31> #	Backup level0 vao +RECO	tag MONTHLY_LEVEL_0_day16
32> # 	copy ban level0 thu 2 vao o dia /mnt/nfs52100/RMAN	tag copy_MONTHLY_LEVEL_0_day16
33> # Ngay 17-31:
34> #	Backup copies 2 level1 vao +RECO,/mnt/nfs52100/RMAN	
35> #	Backup copies 2 archived vao +RECO,/mnt/nfs52100/RMAN
36> #	Delete archived all
37> 
38> run
39> {
40> #	backup incremental level 1 copies 2 format '+DATA/RMAN/level1_%D_%T_%U','/mnt/nfs52100/RMAN/level1_%D_%T_%U' tag MON_LV1_17_31 
41> #  database include current controlfile;
42> backup incremental level 1 format '+DATA/RMAN/level1_%D_%T_%U' tag MON_LV1_17_31 database include current controlfile;
43> 	sql 'ALTER SYSTEM ARCHIVE LOG CURRENT';
44> #	backup as compressed backupset copies 2 archivelog all format '+DATA/RMAN/archi_%D_%T_%U','/u03/rman_ccbs_ftp5/RMAN/archi_%D_%T_%U'
45> #  tag monthly_arch_17_31 delete input;
46> 	backup as compressed backupset archivelog all format '+DATA/RMAN/archi_%D_%T_%U'  tag monthly_arch_17_31 delete input;
47> }
48> 
Starting backup at 20/03/2015 21:00:02
using target database control file instead of recovery catalog
allocated channel: ORA_DISK_1
channel ORA_DISK_1: SID=1230 instance=ccbs1 device type=DISK
allocated channel: ORA_DISK_2
channel ORA_DISK_2: SID=1309 instance=ccbs1 device type=DISK
channel ORA_DISK_1: starting compressed incremental level 1 datafile backup set
channel ORA_DISK_1: specifying datafile(s) in backup set
input datafile file number=00002 name=+DATA/ccbs/datafile/sysaux.258.772710837
input datafile file number=00107 name=+DATA/ccbs/datafile/sysaux.390.822699669
input datafile file number=00130 name=+DATA/ccbs/datafile/undotbs1_02.426.857385663
input datafile file number=00133 name=+DATA/ccbs/datafile/undotbs2_02.516.857386025
input datafile file number=00001 name=+DATA/ccbs/datafile/system.271.772710825
input datafile file number=00061 name=+DATA/ccbs/datafile/gg_data.338.779148549
input datafile file number=00007 name=+DATA/ccbs/datafile/users.282.774527471
input datafile file number=00010 name=+DATA/ccbs/datafile/indx.287.774530539
input datafile file number=00013 name=+DATA/ccbs/datafile/indx.290.774541697
input datafile file number=00016 name=+DATA/ccbs/datafile/indx.293.774541877
input datafile file number=00019 name=+DATA/ccbs/datafile/indx.296.774541987
input datafile file number=00022 name=+DATA/ccbs/datafile/users.299.774543191
input datafile file number=00025 name=+DATA/ccbs/datafile/users.302.774543327
input datafile file number=00028 name=+DATA/ccbs/datafile/users.305.774543443
input datafile file number=00031 name=+DATA/ccbs/datafile/users.308.774543671
input datafile file number=00034 name=+DATA/ccbs/datafile/users.311.775873655
input datafile file number=00037 name=+DATA/ccbs/datafile/users.314.775996677
input datafile file number=00040 name=+DATA/ccbs/datafile/users.317.775996743
input datafile file number=00043 name=+DATA/ccbs/datafile/users.320.775997701
input datafile file number=00046 name=+DATA/ccbs/datafile/users.323.775997787
input datafile file number=00049 name=+DATA/ccbs/datafile/users.326.775997875
input datafile file number=00052 name=+DATA/ccbs/datafile/users.329.775998289
input datafile file number=00055 name=+DATA/ccbs/datafile/users.332.776000393
input datafile file number=00058 name=+DATA/ccbs/datafile/users.335.776001375
input datafile file number=00062 name=+DATA/ccbs/datafile/users.339.780491723
input datafile file number=00065 name=+DATA/ccbs/datafile/users.342.780492259
input datafile file number=00068 name=+DATA/ccbs/datafile/users.345.780493063
input datafile file number=00071 name=+DATA/ccbs/datafile/users.348.780493937
input datafile file number=00074 name=+DATA/ccbs/datafile/indx.351.780853091
input datafile file number=00077 name=+DATA/ccbs/datafile/indx.354.780853419
input datafile file number=00080 name=+DATA/ccbs/datafile/users.357.780853601
input datafile file number=00083 name=+DATA/ccbs/datafile/users.360.780853693
input datafile file number=00086 name=+DATA/ccbs/datafile/users.363.780853829
input datafile file number=00089 name=+DATA/ccbs/datafile/users.366.780853939
input datafile file number=00092 name=+DATA/ccbs/datafile/users.369.780853997
input datafile file number=00095 name=+DATA/ccbs/datafile/users.372.780854143
input datafile file number=00098 name=+DATA/ccbs/datafile/users.375.780854347
input datafile file number=00101 name=+DATA/ccbs/datafile/tbs_others.267.792772437
input datafile file number=00104 name=+DATA/ccbs/datafile/indx.387.819597647
input datafile file number=00124 name=+DATA/ccbs/datafile/indx.417.843228737
input datafile file number=00003 name=+DATA/ccbs/datafile/system.709.870969027
input datafile file number=00137 name=+DATA/ccbs/datafile/users.713.870969093
input datafile file number=00140 name=+DATA/ccbs/datafile/indx.708.870969149
input datafile file number=00143 name=+DATA/ccbs/datafile/users.763.870969217
input datafile file number=00146 name=+DATA/ccbs/datafile/undotbs1_02.930.870969365
input datafile file number=00149 name=+DATA/ccbs/datafile/undotbs2_02.933.870969415
input datafile file number=00113 name=+DATA/ccbs/datafile/indx.406.843228475
input datafile file number=00116 name=+DATA/ccbs/datafile/indx.409.843228497
input datafile file number=00119 name=+DATA/ccbs/datafile/indx.412.843228547
input datafile file number=00121 name=+DATA/ccbs/datafile/indx.414.843228559
channel ORA_DISK_1: starting piece 1 at 20/03/2015 21:00:12
channel ORA_DISK_2: starting compressed incremental level 1 datafile backup set
channel ORA_DISK_2: specifying datafile(s) in backup set
input datafile file number=00106 name=+DATA/ccbs/datafile/sysaux.389.822699397
input datafile file number=00127 name=+DATA/ccbs/datafile/undotbs1_02.455.857385555
input datafile file number=00128 name=+DATA/ccbs/datafile/undotbs1_02.425.857385591
input datafile file number=00131 name=+DATA/ccbs/datafile/undotbs2_02.423.857385961
input datafile file number=00134 name=+DATA/ccbs/datafile/undotbs2_02.485.857386063
input datafile file number=00005 name=+DATA/ccbs/datafile/users.269.772710879
input datafile file number=00008 name=+DATA/ccbs/datafile/users.283.774527719
input datafile file number=00011 name=+DATA/ccbs/datafile/tbs_others.288.774531157
input datafile file number=00014 name=+DATA/ccbs/datafile/indx.291.774541763
input datafile file number=00017 name=+DATA/ccbs/datafile/indx.294.774541943
input datafile file number=00020 name=+DATA/ccbs/datafile/users.297.774542019
input datafile file number=00023 name=+DATA/ccbs/datafile/users.300.774543249
input datafile file number=00026 name=+DATA/ccbs/datafile/users.303.774543375
input datafile file number=00029 name=+DATA/ccbs/datafile/users.306.774543465
input datafile file number=00032 name=+DATA/ccbs/datafile/users.309.774543697
input datafile file number=00035 name=+DATA/ccbs/datafile/users.312.775873715
input datafile file number=00038 name=+DATA/ccbs/datafile/users.315.775996699
input datafile file number=00041 name=+DATA/ccbs/datafile/users.318.775997657
input datafile file number=00044 name=+DATA/ccbs/datafile/users.321.775997721
input datafile file number=00047 name=+DATA/ccbs/datafile/users.324.775997821
input datafile file number=00050 name=+DATA/ccbs/datafile/users.327.775997915
input datafile file number=00053 name=+DATA/ccbs/datafile/users.330.775998311
input datafile file number=00056 name=+DATA/ccbs/datafile/users.333.776000415
input datafile file number=00059 name=+DATA/ccbs/datafile/tbs_others.336.776001499
input datafile file number=00063 name=+DATA/ccbs/datafile/users.340.780491785
input datafile file number=00066 name=+DATA/ccbs/datafile/users.343.780492321
input datafile file number=00069 name=+DATA/ccbs/datafile/users.346.780493683
input datafile file number=00072 name=+DATA/ccbs/datafile/indx.349.780852847
input datafile file number=00075 name=+DATA/ccbs/datafile/indx.352.780853165
input datafile file number=00078 name=+DATA/ccbs/datafile/users.355.780853553
input datafile file number=00081 name=+DATA/ccbs/datafile/users.358.780853623
input datafile file number=00084 name=+DATA/ccbs/datafile/users.361.780853717
input datafile file number=00087 name=+DATA/ccbs/datafile/users.364.780853901
input datafile file number=00090 name=+DATA/ccbs/datafile/users.367.780853961
input datafile file number=00093 name=+DATA/ccbs/datafile/users.370.780854023
input datafile file number=00096 name=+DATA/ccbs/datafile/users.373.780854307
input datafile file number=00099 name=+DATA/ccbs/datafile/users.376.780854365
input datafile file number=00102 name=+DATA/ccbs/datafile/indx.284.819597493
input datafile file number=00122 name=+DATA/ccbs/datafile/indx.415.843228705
input datafile file number=00125 name=+DATA/ccbs/datafile/indx.418.843228751
input datafile file number=00004 name=+DATA/ccbs/datafile/system.714.870969047
input datafile file number=00138 name=+DATA/ccbs/datafile/users.715.870969105
input datafile file number=00141 name=+DATA/ccbs/datafile/indx.707.870969167
input datafile file number=00144 name=+DATA/ccbs/datafile/tbs_others.645.870969247
input datafile file number=00147 name=+DATA/ccbs/datafile/undotbs1_02.931.870969377
input datafile file number=00109 name=+DATA/ccbs/datafile/indx.402.843228399
input datafile file number=00111 name=+DATA/ccbs/datafile/indx.404.843228463
input datafile file number=00114 name=+DATA/ccbs/datafile/indx.407.843228483
input datafile file number=00117 name=+DATA/ccbs/datafile/indx.410.843228505
input datafile file number=00120 name=+DATA/ccbs/datafile/indx.413.843228553
channel ORA_DISK_2: starting piece 1 at 20/03/2015 21:00:14
channel ORA_DISK_1: finished piece 1 at 20/03/2015 21:16:49
piece handle=+DATA/rman/level1_20_20150320_fhq2b2mr_1_1 tag=MON_LV1_17_31 comment=NONE
channel ORA_DISK_1: backup set complete, elapsed time: 00:16:37
channel ORA_DISK_1: starting compressed incremental level 1 datafile backup set
channel ORA_DISK_1: specifying datafile(s) in backup set
input datafile file number=00105 name=+DATA/ccbs/datafile/sysaux.388.822699379
input datafile file number=00108 name=+DATA/ccbs/datafile/sysaux.391.822699673
input datafile file number=00129 name=+DATA/ccbs/datafile/undotbs1_02.468.857385623
input datafile file number=00132 name=+DATA/ccbs/datafile/undotbs2_02.538.857385993
input datafile file number=00135 name=+DATA/ccbs/datafile/undotbs2_02.633.857386105
input datafile file number=00006 name=+DATA/ccbs/datafile/indx.285.774530247
input datafile file number=00009 name=+DATA/ccbs/datafile/indx.286.774530435
input datafile file number=00012 name=+DATA/ccbs/datafile/tbs_others.289.774531237
input datafile file number=00015 name=+DATA/ccbs/datafile/indx.292.774541795
input datafile file number=00018 name=+DATA/ccbs/datafile/indx.295.774541965
input datafile file number=00021 name=+DATA/ccbs/datafile/users.298.774543045
input datafile file number=00024 name=+DATA/ccbs/datafile/users.301.774543271
input datafile file number=00027 name=+DATA/ccbs/datafile/users.304.774543419
input datafile file number=00030 name=+DATA/ccbs/datafile/users.307.774543485
input datafile file number=00033 name=+DATA/ccbs/datafile/users.310.775873623
input datafile file number=00036 name=+DATA/ccbs/datafile/users.313.775873743
input datafile file number=00039 name=+DATA/ccbs/datafile/users.316.775996723
input datafile file number=00042 name=+DATA/ccbs/datafile/users.319.775997681
input datafile file number=00045 name=+DATA/ccbs/datafile/users.322.775997741
input datafile file number=00048 name=+DATA/ccbs/datafile/users.325.775997857
input datafile file number=00051 name=+DATA/ccbs/datafile/users.328.775997951
input datafile file number=00054 name=+DATA/ccbs/datafile/users.331.775998423
input datafile file number=00057 name=+DATA/ccbs/datafile/users.334.776000867
input datafile file number=00060 name=+DATA/ccbs/datafile/tbs_others.337.776001527
input datafile file number=00064 name=+DATA/ccbs/datafile/users.341.780492153
input datafile file number=00067 name=+DATA/ccbs/datafile/users.344.780492429
input datafile file number=00070 name=+DATA/ccbs/datafile/users.347.780493719
input datafile file number=00073 name=+DATA/ccbs/datafile/indx.350.780852893
input datafile file number=00076 name=+DATA/ccbs/datafile/indx.353.780853327
input datafile file number=00079 name=+DATA/ccbs/datafile/users.356.780853583
input datafile file number=00082 name=+DATA/ccbs/datafile/users.359.780853645
input datafile file number=00085 name=+DATA/ccbs/datafile/users.362.780853743
input datafile file number=00088 name=+DATA/ccbs/datafile/users.365.780853919
input datafile file number=00091 name=+DATA/ccbs/datafile/users.368.780853979
input datafile file number=00094 name=+DATA/ccbs/datafile/users.371.780854093
input datafile file number=00097 name=+DATA/ccbs/datafile/users.374.780854327
input datafile file number=00100 name=+DATA/ccbs/datafile/users.377.780854429
input datafile file number=00103 name=+DATA/ccbs/datafile/indx.386.819597557
input datafile file number=00123 name=+DATA/ccbs/datafile/indx.416.843228721
input datafile file number=00126 name=+DATA/ccbs/datafile/indx.419.843228767
input datafile file number=00136 name=+DATA/ccbs/datafile/users.711.870969071
input datafile file number=00139 name=+DATA/ccbs/datafile/indx.704.870969125
input datafile file number=00142 name=+DATA/ccbs/datafile/indx.700.870969205
input datafile file number=00145 name=+DATA/ccbs/datafile/gg_data.762.870969269
input datafile file number=00148 name=+DATA/ccbs/datafile/undotbs2_02.932.870969393
input datafile file number=00110 name=+DATA/ccbs/datafile/indx.403.843228457
input datafile file number=00112 name=+DATA/ccbs/datafile/indx.405.843228469
input datafile file number=00115 name=+DATA/ccbs/datafile/indx.408.843228491
input datafile file number=00118 name=+DATA/ccbs/datafile/indx.411.843228541
input datafile file number=00150 name=+DATA/ccbs/datafile/tbs_others.1094.873913903
channel ORA_DISK_1: starting piece 1 at 20/03/2015 21:16:51
channel ORA_DISK_2: finished piece 1 at 20/03/2015 21:17:46
piece handle=+DATA/rman/level1_20_20150320_fiq2b2ms_1_1 tag=MON_LV1_17_31 comment=NONE
channel ORA_DISK_2: backup set complete, elapsed time: 00:17:32
channel ORA_DISK_2: starting compressed incremental level 1 datafile backup set
channel ORA_DISK_2: specifying datafile(s) in backup set
including current control file in backup set
channel ORA_DISK_2: starting piece 1 at 20/03/2015 21:18:01
channel ORA_DISK_2: finished piece 1 at 20/03/2015 21:18:04
piece handle=+DATA/rman/level1_20_20150320_fkq2b3nq_1_1 tag=MON_LV1_17_31 comment=NONE
channel ORA_DISK_2: backup set complete, elapsed time: 00:00:03
channel ORA_DISK_1: finished piece 1 at 20/03/2015 21:29:26
piece handle=+DATA/rman/level1_20_20150320_fjq2b3m2_1_1 tag=MON_LV1_17_31 comment=NONE
channel ORA_DISK_1: backup set complete, elapsed time: 00:12:35
Finished backup at 20/03/2015 21:29:26

Starting Control File and SPFILE Autobackup at 20/03/2015 21:29:26
piece handle=+RECO/rman/c-271141816-20150320-00 comment=NONE
Finished Control File and SPFILE Autobackup at 20/03/2015 21:29:30

sql statement: ALTER SYSTEM ARCHIVE LOG CURRENT

Starting backup at 20/03/2015 21:29:43
current log archived
using channel ORA_DISK_1
using channel ORA_DISK_2
skipping archived log file +RECO/ccbs/archivelog/2015_03_19/thread_1_seq_21458.3513.874790997; already backed up 1 time(s)
channel ORA_DISK_1: starting compressed archived log backup set
channel ORA_DISK_1: specifying archived log(s) in backup set
input archived log thread=2 sequence=17800 RECID=58478 STAMP=874794047
input archived log thread=1 sequence=21459 RECID=58475 STAMP=874793965
input archived log thread=1 sequence=21460 RECID=58479 STAMP=874794011
input archived log thread=1 sequence=21461 RECID=58481 STAMP=874794233
input archived log thread=2 sequence=17801 RECID=58486 STAMP=874794693
input archived log thread=1 sequence=21462 RECID=58483 STAMP=874794287
input archived log thread=1 sequence=21463 RECID=58487 STAMP=874794662
input archived log thread=1 sequence=21464 RECID=58489 STAMP=874794725
input archived log thread=2 sequence=17802 RECID=58494 STAMP=874794997
input archived log thread=1 sequence=21465 RECID=58491 STAMP=874794902
input archived log thread=1 sequence=21466 RECID=58495 STAMP=874794967
channel ORA_DISK_1: starting piece 1 at 20/03/2015 21:29:46
channel ORA_DISK_2: starting compressed archived log backup set
channel ORA_DISK_2: specifying archived log(s) in backup set
input archived log thread=1 sequence=21467 RECID=58497 STAMP=874796570
input archived log thread=2 sequence=17803 RECID=58502 STAMP=874825799
input archived log thread=1 sequence=21468 RECID=58499 STAMP=874798259
input archived log thread=1 sequence=21469 RECID=58503 STAMP=874825767
input archived log thread=1 sequence=21470 RECID=58505 STAMP=874827855
input archived log thread=2 sequence=17804 RECID=58507 STAMP=874836833
input archived log thread=1 sequence=21471 RECID=58511 STAMP=874856379
input archived log thread=2 sequence=17805 RECID=58509 STAMP=874852869
input archived log thread=2 sequence=17806 RECID=58513 STAMP=874877423
input archived log thread=1 sequence=21472 RECID=58512 STAMP=874877373
input archived log thread=1 sequence=21473 RECID=58514 STAMP=874877383
input archived log thread=2 sequence=17807 RECID=58515 STAMP=874877424
channel ORA_DISK_2: starting piece 1 at 20/03/2015 21:29:46
channel ORA_DISK_2: finished piece 1 at 20/03/2015 21:36:41
piece handle=+DATA/rman/archi_20_20150320_fnq2b4ea_1_1 tag=MONTHLY_ARCH_17_31 comment=NONE
channel ORA_DISK_2: starting piece 2 at 20/03/2015 21:36:41
channel ORA_DISK_1: finished piece 1 at 20/03/2015 21:36:48
piece handle=+DATA/rman/archi_20_20150320_fmq2b4ea_1_1 tag=MONTHLY_ARCH_17_31 comment=NONE
channel ORA_DISK_1: backup set complete, elapsed time: 00:07:02
channel ORA_DISK_1: deleting archived log(s)
archived log file name=+RECO/ccbs/archivelog/2015_03_19/thread_2_seq_17800.1808.874794041 RECID=58478 STAMP=874794047
archived log file name=+RECO/ccbs/archivelog/2015_03_19/thread_1_seq_21459.338.874793955 RECID=58475 STAMP=874793965
archived log file name=+RECO/ccbs/archivelog/2015_03_19/thread_1_seq_21460.1211.874793999 RECID=58479 STAMP=874794011
archived log file name=+RECO/ccbs/archivelog/2015_03_19/thread_1_seq_21461.2403.874794221 RECID=58481 STAMP=874794233
archived log file name=+RECO/ccbs/archivelog/2015_03_19/thread_2_seq_17801.3915.874794693 RECID=58486 STAMP=874794693
archived log file name=+RECO/ccbs/archivelog/2015_03_19/thread_1_seq_21462.3281.874794275 RECID=58483 STAMP=874794287
archived log file name=+RECO/ccbs/archivelog/2015_03_19/thread_1_seq_21463.1911.874794651 RECID=58487 STAMP=874794662
archived log file name=+RECO/ccbs/archivelog/2015_03_19/thread_1_seq_21464.3146.874794715 RECID=58489 STAMP=874794725
archived log file name=+RECO/ccbs/archivelog/2015_03_19/thread_2_seq_17802.1444.874794997 RECID=58494 STAMP=874794997
archived log file name=+RECO/ccbs/archivelog/2015_03_19/thread_1_seq_21465.2360.874794891 RECID=58491 STAMP=874794902
archived log file name=+RECO/ccbs/archivelog/2015_03_19/thread_1_seq_21466.856.874794955 RECID=58495 STAMP=874794967
channel ORA_DISK_1: deleting archived log(s)
archived log file name=+RECO/ccbs/archivelog/2015_03_19/thread_1_seq_21458.3513.874790997 RECID=58473 STAMP=874790997
channel ORA_DISK_2: finished piece 2 at 20/03/2015 21:37:18
piece handle=+DATA/rman/archi_20_20150320_fnq2b4ea_2_1 tag=MONTHLY_ARCH_17_31 comment=NONE
channel ORA_DISK_2: backup set complete, elapsed time: 00:07:32
channel ORA_DISK_2: deleting archived log(s)
archived log file name=+RECO/ccbs/archivelog/2015_03_19/thread_1_seq_21467.3485.874796559 RECID=58497 STAMP=874796570
archived log file name=+RECO/ccbs/archivelog/2015_03_20/thread_2_seq_17803.1333.874825797 RECID=58502 STAMP=874825799
archived log file name=+RECO/ccbs/archivelog/2015_03_19/thread_1_seq_21468.1899.874798247 RECID=58499 STAMP=874798259
archived log file name=+RECO/ccbs/archivelog/2015_03_20/thread_1_seq_21469.3144.874825757 RECID=58503 STAMP=874825767
archived log file name=+RECO/ccbs/archivelog/2015_03_20/thread_1_seq_21470.3479.874827839 RECID=58505 STAMP=874827855
archived log file name=+RECO/ccbs/archivelog/2015_03_20/thread_2_seq_17804.4200.874836821 RECID=58507 STAMP=874836833
RMAN-08120: WARNING: archived log not deleted, not yet applied by standby
archived log file name=+RECO/ccbs/archivelog/2015_03_20/thread_1_seq_21471.548.874856369 thread=1 sequence=21471
archived log file name=+RECO/ccbs/archivelog/2015_03_20/thread_2_seq_17805.1422.874852857 RECID=58509 STAMP=874852869
RMAN-08120: WARNING: archived log not deleted, not yet applied by standby
archived log file name=+RECO/ccbs/archivelog/2015_03_20/thread_2_seq_17806.627.874877413 thread=2 sequence=17806
RMAN-08120: WARNING: archived log not deleted, not yet applied by standby
archived log file name=+RECO/ccbs/archivelog/2015_03_20/thread_1_seq_21472.4029.874877371 thread=1 sequence=21472
RMAN-08120: WARNING: archived log not deleted, not yet applied by standby
archived log file name=+RECO/ccbs/archivelog/2015_03_20/thread_1_seq_21473.1883.874877383 thread=1 sequence=21473
RMAN-08120: WARNING: archived log not deleted, not yet applied by standby
archived log file name=+RECO/ccbs/archivelog/2015_03_20/thread_2_seq_17807.3455.874877425 thread=2 sequence=17807
Finished backup at 20/03/2015 21:37:19

Starting Control File and SPFILE Autobackup at 20/03/2015 21:37:19
piece handle=+RECO/rman/c-271141816-20150320-01 comment=NONE
Finished Control File and SPFILE Autobackup at 20/03/2015 21:37:22

Recovery Manager complete.
