
Recovery Manager: Release 11.2.0.2.0 - Production on Sat Feb 7 21:00:01 2015

Copyright (c) 1982, 2009, Oracle and/or its affiliates.  All rights reserved.

connected to target database: CCBS (DBID=271141816)

RMAN> #CONFIGURE RETENTION POLICY TO REDUNDANCY 1;	#updated 20/3/2014 
2> #CONFIGURE BACKUP OPTIMIZATION ON;
3> #CONFIGURE DEFAULT DEVICE TYPE TO DISK; # default
4> #CONFIGURE CONTROLFILE AUTOBACKUP OFF;
5> #CONFIGURE CONTROLFILE AUTOBACKUP FORMAT FOR DEVICE TYPE DISK TO '+RECO/RMAN/%F';
6> #CONFIGURE DEVICE TYPE DISK PARALLELISM 2 BACKUP TYPE TO COMPRESSED BACKUPSET;
7> #CONFIGURE DATAFILE BACKUP COPIES FOR DEVICE TYPE DISK TO 1; # default
8> #CONFIGURE ARCHIVELOG BACKUP COPIES FOR DEVICE TYPE DISK TO 1; # default
9> #CONFIGURE CHANNEL DEVICE TYPE DISK MAXPIECESIZE 4 G; #updated 24/3/2014
10> #CONFIGURE MAXSETSIZE TO UNLIMITED;
11> #CONFIGURE ENCRYPTION FOR DATABASE OFF; # default
12> #CONFIGURE ENCRYPTION ALGORITHM 'AES128'; # default
13> #CONFIGURE COMPRESSION ALGORITHM 'BASIC' AS OF RELEASE 'DEFAULT' OPTIMIZE FOR LOAD TRUE ; # default
14> #Chi khi nao cac archive da duoc apply tren cac standby thi moi cho delete.
15> #CONFIGURE ARCHIVELOG DELETION POLICY TO APPLIED ON ALL STANDBY;
16> #CONFIGURE SNAPSHOT CONTROLFILE NAME TO '/u01/app/oracle/product/11.2.0.2/dbhome_1/dbs/snapcf_ccbs1.f'; # default
17> 
18> 
19> #updated 20/8/2014
20> # Ngay 1:
21> #	Xoa cac backup obsolete: Giu lai backupset hien tai, xoa cac ban backupset truoc do.
22> #	Backup level0 vao +RECO	tag MONTHLY_LEVEL_0_day1
23> # 	copy ban level0 thu 2 vao o dia /mnt/nfs52100/RMAN	copy_MONTHLY_LEVEL_0_day1
24> # Ngay 2-15:
25> #	Backup copies 2 level1 vao +RECO,/mnt/nfs52100/RMAN
26> #	Backup copies 2 archived vao +RECO,/mnt/nfs52100/RMAN
27> #	Delete archived all
28> 
29> # Ngay 16:
30> #	Xoa cac backup obsolete: Giu lai backupset hien tai, xoa cac ban backupset truoc do.
31> #	Backup level0 vao +RECO	tag MONTHLY_LEVEL_0_day16
32> # 	copy ban level0 thu 2 vao o dia /mnt/nfs52100/RMAN	tag copy_MONTHLY_LEVEL_0_day16
33> # Ngay 17-31:
34> #	Backup copies 2 level1 vao +RECO,/mnt/nfs52100/RMAN	
35> #	Backup copies 2 archived vao +RECO,/mnt/nfs52100/RMAN
36> #	Delete archived all
37> 
38> run
39> {
40>  #  backup incremental level 1 copies 2 format '+DATA/RMAN/level1_%D_%T_%U','/mnt/nfs52100/RMAN/level1_%D_%T_%U' tag MON_LV1_2_15 database include current controlfile;
41>   backup incremental level 1 format '+DATA/RMAN/level1_%D_%T_%U' tag MON_LV1_2_15 database include current controlfile;
42> 
43> 	sql 'ALTER SYSTEM ARCHIVE LOG CURRENT';
44> #	backup as compressed backupset copies 2 archivelog all format '+DATA/RMAN/archi_%D_%T_%U','/u03/rman_ccbs_ftp5/RMAN/archi_%D_%T_%U'
45> #  tag monthly_arch_2_15 delete input;
46> 	backup as compressed backupset archivelog all format '+DATA/RMAN/archi_%D_%T_%U' tag monthly_arch_2_15 delete input;
47> }
48> 
Starting backup at 07/02/2015 21:00:03
using target database control file instead of recovery catalog
allocated channel: ORA_DISK_1
channel ORA_DISK_1: SID=18 instance=ccbs1 device type=DISK
allocated channel: ORA_DISK_2
channel ORA_DISK_2: SID=95 instance=ccbs1 device type=DISK
channel ORA_DISK_1: starting compressed incremental level 1 datafile backup set
channel ORA_DISK_1: specifying datafile(s) in backup set
input datafile file number=00105 name=+DATA/ccbs/datafile/sysaux.388.822699379
input datafile file number=00108 name=+DATA/ccbs/datafile/sysaux.391.822699673
input datafile file number=00129 name=+DATA/ccbs/datafile/undotbs1_02.468.857385623
input datafile file number=00132 name=+DATA/ccbs/datafile/undotbs2_02.538.857385993
input datafile file number=00135 name=+DATA/ccbs/datafile/undotbs2_02.633.857386105
input datafile file number=00006 name=+DATA/ccbs/datafile/indx.285.774530247
input datafile file number=00009 name=+DATA/ccbs/datafile/indx.286.774530435
input datafile file number=00012 name=+DATA/ccbs/datafile/tbs_others.289.774531237
input datafile file number=00015 name=+DATA/ccbs/datafile/indx.292.774541795
input datafile file number=00018 name=+DATA/ccbs/datafile/indx.295.774541965
input datafile file number=00021 name=+DATA/ccbs/datafile/users.298.774543045
input datafile file number=00024 name=+DATA/ccbs/datafile/users.301.774543271
input datafile file number=00027 name=+DATA/ccbs/datafile/users.304.774543419
input datafile file number=00030 name=+DATA/ccbs/datafile/users.307.774543485
input datafile file number=00033 name=+DATA/ccbs/datafile/users.310.775873623
input datafile file number=00036 name=+DATA/ccbs/datafile/users.313.775873743
input datafile file number=00039 name=+DATA/ccbs/datafile/users.316.775996723
input datafile file number=00042 name=+DATA/ccbs/datafile/users.319.775997681
input datafile file number=00045 name=+DATA/ccbs/datafile/users.322.775997741
input datafile file number=00048 name=+DATA/ccbs/datafile/users.325.775997857
input datafile file number=00051 name=+DATA/ccbs/datafile/users.328.775997951
input datafile file number=00054 name=+DATA/ccbs/datafile/users.331.775998423
input datafile file number=00057 name=+DATA/ccbs/datafile/users.334.776000867
input datafile file number=00060 name=+DATA/ccbs/datafile/tbs_others.337.776001527
input datafile file number=00064 name=+DATA/ccbs/datafile/users.341.780492153
input datafile file number=00067 name=+DATA/ccbs/datafile/users.344.780492429
input datafile file number=00070 name=+DATA/ccbs/datafile/users.347.780493719
input datafile file number=00073 name=+DATA/ccbs/datafile/indx.350.780852893
input datafile file number=00076 name=+DATA/ccbs/datafile/indx.353.780853327
input datafile file number=00079 name=+DATA/ccbs/datafile/users.356.780853583
input datafile file number=00082 name=+DATA/ccbs/datafile/users.359.780853645
input datafile file number=00085 name=+DATA/ccbs/datafile/users.362.780853743
input datafile file number=00088 name=+DATA/ccbs/datafile/users.365.780853919
input datafile file number=00091 name=+DATA/ccbs/datafile/users.368.780853979
input datafile file number=00094 name=+DATA/ccbs/datafile/users.371.780854093
input datafile file number=00097 name=+DATA/ccbs/datafile/users.374.780854327
input datafile file number=00100 name=+DATA/ccbs/datafile/users.377.780854429
input datafile file number=00103 name=+DATA/ccbs/datafile/indx.386.819597557
input datafile file number=00123 name=+DATA/ccbs/datafile/indx.416.843228721
input datafile file number=00126 name=+DATA/ccbs/datafile/indx.419.843228767
input datafile file number=00136 name=+DATA/ccbs/datafile/users.711.870969071
input datafile file number=00139 name=+DATA/ccbs/datafile/indx.704.870969125
input datafile file number=00142 name=+DATA/ccbs/datafile/indx.700.870969205
input datafile file number=00145 name=+DATA/ccbs/datafile/gg_data.762.870969269
input datafile file number=00148 name=+DATA/ccbs/datafile/undotbs2_02.932.870969393
input datafile file number=00110 name=+DATA/ccbs/datafile/indx.403.843228457
input datafile file number=00112 name=+DATA/ccbs/datafile/indx.405.843228469
input datafile file number=00115 name=+DATA/ccbs/datafile/indx.408.843228491
input datafile file number=00118 name=+DATA/ccbs/datafile/indx.411.843228541
input datafile file number=00121 name=+DATA/ccbs/datafile/indx.414.843228559
channel ORA_DISK_1: starting piece 1 at 07/02/2015 21:00:14
channel ORA_DISK_2: starting compressed incremental level 1 datafile backup set
channel ORA_DISK_2: specifying datafile(s) in backup set
input datafile file number=00106 name=+DATA/ccbs/datafile/sysaux.389.822699397
input datafile file number=00127 name=+DATA/ccbs/datafile/undotbs1_02.455.857385555
input datafile file number=00128 name=+DATA/ccbs/datafile/undotbs1_02.425.857385591
input datafile file number=00131 name=+DATA/ccbs/datafile/undotbs2_02.423.857385961
input datafile file number=00134 name=+DATA/ccbs/datafile/undotbs2_02.485.857386063
input datafile file number=00005 name=+DATA/ccbs/datafile/users.269.772710879
input datafile file number=00008 name=+DATA/ccbs/datafile/users.283.774527719
input datafile file number=00011 name=+DATA/ccbs/datafile/tbs_others.288.774531157
input datafile file number=00014 name=+DATA/ccbs/datafile/indx.291.774541763
input datafile file number=00017 name=+DATA/ccbs/datafile/indx.294.774541943
input datafile file number=00020 name=+DATA/ccbs/datafile/users.297.774542019
input datafile file number=00023 name=+DATA/ccbs/datafile/users.300.774543249
input datafile file number=00026 name=+DATA/ccbs/datafile/users.303.774543375
input datafile file number=00029 name=+DATA/ccbs/datafile/users.306.774543465
input datafile file number=00032 name=+DATA/ccbs/datafile/users.309.774543697
input datafile file number=00035 name=+DATA/ccbs/datafile/users.312.775873715
input datafile file number=00038 name=+DATA/ccbs/datafile/users.315.775996699
input datafile file number=00041 name=+DATA/ccbs/datafile/users.318.775997657
input datafile file number=00044 name=+DATA/ccbs/datafile/users.321.775997721
input datafile file number=00047 name=+DATA/ccbs/datafile/users.324.775997821
input datafile file number=00050 name=+DATA/ccbs/datafile/users.327.775997915
input datafile file number=00053 name=+DATA/ccbs/datafile/users.330.775998311
input datafile file number=00056 name=+DATA/ccbs/datafile/users.333.776000415
input datafile file number=00059 name=+DATA/ccbs/datafile/tbs_others.336.776001499
input datafile file number=00063 name=+DATA/ccbs/datafile/users.340.780491785
input datafile file number=00066 name=+DATA/ccbs/datafile/users.343.780492321
input datafile file number=00069 name=+DATA/ccbs/datafile/users.346.780493683
input datafile file number=00072 name=+DATA/ccbs/datafile/indx.349.780852847
input datafile file number=00075 name=+DATA/ccbs/datafile/indx.352.780853165
input datafile file number=00078 name=+DATA/ccbs/datafile/users.355.780853553
input datafile file number=00081 name=+DATA/ccbs/datafile/users.358.780853623
input datafile file number=00084 name=+DATA/ccbs/datafile/users.361.780853717
input datafile file number=00087 name=+DATA/ccbs/datafile/users.364.780853901
input datafile file number=00090 name=+DATA/ccbs/datafile/users.367.780853961
input datafile file number=00093 name=+DATA/ccbs/datafile/users.370.780854023
input datafile file number=00096 name=+DATA/ccbs/datafile/users.373.780854307
input datafile file number=00099 name=+DATA/ccbs/datafile/users.376.780854365
input datafile file number=00102 name=+DATA/ccbs/datafile/indx.284.819597493
input datafile file number=00122 name=+DATA/ccbs/datafile/indx.415.843228705
input datafile file number=00125 name=+DATA/ccbs/datafile/indx.418.843228751
input datafile file number=00004 name=+DATA/ccbs/datafile/system.714.870969047
input datafile file number=00138 name=+DATA/ccbs/datafile/users.715.870969105
input datafile file number=00141 name=+DATA/ccbs/datafile/indx.707.870969167
input datafile file number=00144 name=+DATA/ccbs/datafile/tbs_others.645.870969247
input datafile file number=00147 name=+DATA/ccbs/datafile/undotbs1_02.931.870969377
input datafile file number=00109 name=+DATA/ccbs/datafile/indx.402.843228399
input datafile file number=00111 name=+DATA/ccbs/datafile/indx.404.843228463
input datafile file number=00114 name=+DATA/ccbs/datafile/indx.407.843228483
input datafile file number=00117 name=+DATA/ccbs/datafile/indx.410.843228505
input datafile file number=00120 name=+DATA/ccbs/datafile/indx.413.843228553
channel ORA_DISK_2: starting piece 1 at 07/02/2015 21:00:15
channel ORA_DISK_1: finished piece 1 at 07/02/2015 21:08:30
piece handle=+DATA/rman/level1_07_20150207_23pun26t_1_1 tag=MON_LV1_2_15 comment=NONE
channel ORA_DISK_1: starting piece 2 at 07/02/2015 21:08:30
channel ORA_DISK_1: finished piece 2 at 07/02/2015 21:16:35
piece handle=+DATA/rman/level1_07_20150207_23pun26t_2_1 tag=MON_LV1_2_15 comment=NONE
channel ORA_DISK_1: starting piece 3 at 07/02/2015 21:16:35
channel ORA_DISK_2: finished piece 1 at 07/02/2015 21:18:30
piece handle=+DATA/rman/level1_07_20150207_24pun26u_1_1 tag=MON_LV1_2_15 comment=NONE
channel ORA_DISK_2: starting piece 2 at 07/02/2015 21:18:30
channel ORA_DISK_1: finished piece 3 at 07/02/2015 21:24:25
piece handle=+DATA/rman/level1_07_20150207_23pun26t_3_1 tag=MON_LV1_2_15 comment=NONE
channel ORA_DISK_1: starting piece 4 at 07/02/2015 21:24:25
channel ORA_DISK_2: finished piece 2 at 07/02/2015 21:27:30
piece handle=+DATA/rman/level1_07_20150207_24pun26u_2_1 tag=MON_LV1_2_15 comment=NONE
channel ORA_DISK_2: starting piece 3 at 07/02/2015 21:27:30
channel ORA_DISK_2: finished piece 3 at 07/02/2015 21:28:55
piece handle=+DATA/rman/level1_07_20150207_24pun26u_3_1 tag=MON_LV1_2_15 comment=NONE
channel ORA_DISK_2: backup set complete, elapsed time: 00:28:40
channel ORA_DISK_2: starting compressed incremental level 1 datafile backup set
channel ORA_DISK_2: specifying datafile(s) in backup set
input datafile file number=00002 name=+DATA/ccbs/datafile/sysaux.258.772710837
input datafile file number=00107 name=+DATA/ccbs/datafile/sysaux.390.822699669
input datafile file number=00130 name=+DATA/ccbs/datafile/undotbs1_02.426.857385663
input datafile file number=00133 name=+DATA/ccbs/datafile/undotbs2_02.516.857386025
input datafile file number=00001 name=+DATA/ccbs/datafile/system.271.772710825
input datafile file number=00061 name=+DATA/ccbs/datafile/gg_data.338.779148549
input datafile file number=00007 name=+DATA/ccbs/datafile/users.282.774527471
input datafile file number=00010 name=+DATA/ccbs/datafile/indx.287.774530539
input datafile file number=00013 name=+DATA/ccbs/datafile/indx.290.774541697
input datafile file number=00016 name=+DATA/ccbs/datafile/indx.293.774541877
input datafile file number=00019 name=+DATA/ccbs/datafile/indx.296.774541987
input datafile file number=00022 name=+DATA/ccbs/datafile/users.299.774543191
input datafile file number=00025 name=+DATA/ccbs/datafile/users.302.774543327
input datafile file number=00028 name=+DATA/ccbs/datafile/users.305.774543443
input datafile file number=00031 name=+DATA/ccbs/datafile/users.308.774543671
input datafile file number=00034 name=+DATA/ccbs/datafile/users.311.775873655
input datafile file number=00037 name=+DATA/ccbs/datafile/users.314.775996677
input datafile file number=00040 name=+DATA/ccbs/datafile/users.317.775996743
input datafile file number=00043 name=+DATA/ccbs/datafile/users.320.775997701
input datafile file number=00046 name=+DATA/ccbs/datafile/users.323.775997787
input datafile file number=00049 name=+DATA/ccbs/datafile/users.326.775997875
input datafile file number=00052 name=+DATA/ccbs/datafile/users.329.775998289
input datafile file number=00055 name=+DATA/ccbs/datafile/users.332.776000393
input datafile file number=00058 name=+DATA/ccbs/datafile/users.335.776001375
input datafile file number=00062 name=+DATA/ccbs/datafile/users.339.780491723
input datafile file number=00065 name=+DATA/ccbs/datafile/users.342.780492259
input datafile file number=00068 name=+DATA/ccbs/datafile/users.345.780493063
input datafile file number=00071 name=+DATA/ccbs/datafile/users.348.780493937
input datafile file number=00074 name=+DATA/ccbs/datafile/indx.351.780853091
input datafile file number=00077 name=+DATA/ccbs/datafile/indx.354.780853419
input datafile file number=00080 name=+DATA/ccbs/datafile/users.357.780853601
input datafile file number=00083 name=+DATA/ccbs/datafile/users.360.780853693
input datafile file number=00086 name=+DATA/ccbs/datafile/users.363.780853829
input datafile file number=00089 name=+DATA/ccbs/datafile/users.366.780853939
input datafile file number=00092 name=+DATA/ccbs/datafile/users.369.780853997
input datafile file number=00095 name=+DATA/ccbs/datafile/users.372.780854143
input datafile file number=00098 name=+DATA/ccbs/datafile/users.375.780854347
input datafile file number=00101 name=+DATA/ccbs/datafile/tbs_others.267.792772437
input datafile file number=00104 name=+DATA/ccbs/datafile/indx.387.819597647
input datafile file number=00124 name=+DATA/ccbs/datafile/indx.417.843228737
input datafile file number=00003 name=+DATA/ccbs/datafile/system.709.870969027
input datafile file number=00137 name=+DATA/ccbs/datafile/users.713.870969093
input datafile file number=00140 name=+DATA/ccbs/datafile/indx.708.870969149
input datafile file number=00143 name=+DATA/ccbs/datafile/users.763.870969217
input datafile file number=00146 name=+DATA/ccbs/datafile/undotbs1_02.930.870969365
input datafile file number=00149 name=+DATA/ccbs/datafile/undotbs2_02.933.870969415
input datafile file number=00113 name=+DATA/ccbs/datafile/indx.406.843228475
input datafile file number=00116 name=+DATA/ccbs/datafile/indx.409.843228497
input datafile file number=00119 name=+DATA/ccbs/datafile/indx.412.843228547
channel ORA_DISK_2: starting piece 1 at 07/02/2015 21:28:56
channel ORA_DISK_1: finished piece 4 at 07/02/2015 21:32:11
piece handle=+DATA/rman/level1_07_20150207_23pun26t_4_1 tag=MON_LV1_2_15 comment=NONE
channel ORA_DISK_1: starting piece 5 at 07/02/2015 21:32:11
channel ORA_DISK_2: finished piece 1 at 07/02/2015 21:37:06
piece handle=+DATA/rman/level1_07_20150207_25pun3so_1_1 tag=MON_LV1_2_15 comment=NONE
channel ORA_DISK_2: starting piece 2 at 07/02/2015 21:37:06
channel ORA_DISK_1: finished piece 5 at 07/02/2015 21:40:11
piece handle=+DATA/rman/level1_07_20150207_23pun26t_5_1 tag=MON_LV1_2_15 comment=NONE
channel ORA_DISK_1: starting piece 6 at 07/02/2015 21:40:11
channel ORA_DISK_2: finished piece 2 at 07/02/2015 21:45:27
piece handle=+DATA/rman/level1_07_20150207_25pun3so_2_1 tag=MON_LV1_2_15 comment=NONE
channel ORA_DISK_2: starting piece 3 at 07/02/2015 21:45:27
channel ORA_DISK_1: finished piece 6 at 07/02/2015 21:48:12
piece handle=+DATA/rman/level1_07_20150207_23pun26t_6_1 tag=MON_LV1_2_15 comment=NONE
channel ORA_DISK_1: starting piece 7 at 07/02/2015 21:48:12
channel ORA_DISK_2: finished piece 3 at 07/02/2015 21:53:37
piece handle=+DATA/rman/level1_07_20150207_25pun3so_3_1 tag=MON_LV1_2_15 comment=NONE
channel ORA_DISK_2: starting piece 4 at 07/02/2015 21:53:37
channel ORA_DISK_1: finished piece 7 at 07/02/2015 21:56:12
piece handle=+DATA/rman/level1_07_20150207_23pun26t_7_1 tag=MON_LV1_2_15 comment=NONE
channel ORA_DISK_1: starting piece 8 at 07/02/2015 21:56:12
channel ORA_DISK_2: finished piece 4 at 07/02/2015 22:01:47
piece handle=+DATA/rman/level1_07_20150207_25pun3so_4_1 tag=MON_LV1_2_15 comment=NONE
channel ORA_DISK_2: starting piece 5 at 07/02/2015 22:01:47
channel ORA_DISK_1: finished piece 8 at 07/02/2015 22:04:12
piece handle=+DATA/rman/level1_07_20150207_23pun26t_8_1 tag=MON_LV1_2_15 comment=NONE
channel ORA_DISK_1: starting piece 9 at 07/02/2015 22:04:12
channel ORA_DISK_2: finished piece 5 at 07/02/2015 22:09:47
piece handle=+DATA/rman/level1_07_20150207_25pun3so_5_1 tag=MON_LV1_2_15 comment=NONE
channel ORA_DISK_2: starting piece 6 at 07/02/2015 22:09:47
channel ORA_DISK_1: finished piece 9 at 07/02/2015 22:12:12
piece handle=+DATA/rman/level1_07_20150207_23pun26t_9_1 tag=MON_LV1_2_15 comment=NONE
channel ORA_DISK_1: starting piece 10 at 07/02/2015 22:12:12
channel ORA_DISK_2: finished piece 6 at 07/02/2015 22:17:57
piece handle=+DATA/rman/level1_07_20150207_25pun3so_6_1 tag=MON_LV1_2_15 comment=NONE
channel ORA_DISK_2: starting piece 7 at 07/02/2015 22:17:57
channel ORA_DISK_1: finished piece 10 at 07/02/2015 22:20:02
piece handle=+DATA/rman/level1_07_20150207_23pun26t_10_1 tag=MON_LV1_2_15 comment=NONE
channel ORA_DISK_1: starting piece 11 at 07/02/2015 22:20:02
channel ORA_DISK_2: finished piece 7 at 07/02/2015 22:25:57
piece handle=+DATA/rman/level1_07_20150207_25pun3so_7_1 tag=MON_LV1_2_15 comment=NONE
channel ORA_DISK_2: starting piece 8 at 07/02/2015 22:25:57
channel ORA_DISK_1: finished piece 11 at 07/02/2015 22:27:52
piece handle=+DATA/rman/level1_07_20150207_23pun26t_11_1 tag=MON_LV1_2_15 comment=NONE
channel ORA_DISK_1: starting piece 12 at 07/02/2015 22:27:52
channel ORA_DISK_2: finished piece 8 at 07/02/2015 22:34:07
piece handle=+DATA/rman/level1_07_20150207_25pun3so_8_1 tag=MON_LV1_2_15 comment=NONE
channel ORA_DISK_2: starting piece 9 at 07/02/2015 22:34:07
channel ORA_DISK_1: finished piece 12 at 07/02/2015 22:35:42
piece handle=+DATA/rman/level1_07_20150207_23pun26t_12_1 tag=MON_LV1_2_15 comment=NONE
channel ORA_DISK_1: starting piece 13 at 07/02/2015 22:35:42
channel ORA_DISK_2: finished piece 9 at 07/02/2015 22:42:27
piece handle=+DATA/rman/level1_07_20150207_25pun3so_9_1 tag=MON_LV1_2_15 comment=NONE
channel ORA_DISK_2: starting piece 10 at 07/02/2015 22:42:27
channel ORA_DISK_1: finished piece 13 at 07/02/2015 22:43:42
piece handle=+DATA/rman/level1_07_20150207_23pun26t_13_1 tag=MON_LV1_2_15 comment=NONE
channel ORA_DISK_1: starting piece 14 at 07/02/2015 22:43:42
channel ORA_DISK_2: finished piece 10 at 07/02/2015 22:50:37
piece handle=+DATA/rman/level1_07_20150207_25pun3so_10_1 tag=MON_LV1_2_15 comment=NONE
channel ORA_DISK_2: starting piece 11 at 07/02/2015 22:50:37
channel ORA_DISK_1: finished piece 14 at 07/02/2015 22:51:52
piece handle=+DATA/rman/level1_07_20150207_23pun26t_14_1 tag=MON_LV1_2_15 comment=NONE
channel ORA_DISK_1: starting piece 15 at 07/02/2015 22:51:52
channel ORA_DISK_2: finished piece 11 at 07/02/2015 22:58:57
piece handle=+DATA/rman/level1_07_20150207_25pun3so_11_1 tag=MON_LV1_2_15 comment=NONE
channel ORA_DISK_2: starting piece 12 at 07/02/2015 22:58:57
channel ORA_DISK_1: finished piece 15 at 07/02/2015 22:59:22
piece handle=+DATA/rman/level1_07_20150207_23pun26t_15_1 tag=MON_LV1_2_15 comment=NONE
channel ORA_DISK_1: starting piece 16 at 07/02/2015 22:59:22
channel ORA_DISK_1: finished piece 16 at 07/02/2015 23:06:58
piece handle=+DATA/rman/level1_07_20150207_23pun26t_16_1 tag=MON_LV1_2_15 comment=NONE
channel ORA_DISK_1: starting piece 17 at 07/02/2015 23:06:58
channel ORA_DISK_2: finished piece 12 at 07/02/2015 23:07:13
piece handle=+DATA/rman/level1_07_20150207_25pun3so_12_1 tag=MON_LV1_2_15 comment=NONE
channel ORA_DISK_2: starting piece 13 at 07/02/2015 23:07:13
channel ORA_DISK_1: finished piece 17 at 07/02/2015 23:14:28
piece handle=+DATA/rman/level1_07_20150207_23pun26t_17_1 tag=MON_LV1_2_15 comment=NONE
channel ORA_DISK_1: starting piece 18 at 07/02/2015 23:14:28
channel ORA_DISK_2: finished piece 13 at 07/02/2015 23:15:33
piece handle=+DATA/rman/level1_07_20150207_25pun3so_13_1 tag=MON_LV1_2_15 comment=NONE
channel ORA_DISK_2: starting piece 14 at 07/02/2015 23:15:33
channel ORA_DISK_1: finished piece 18 at 07/02/2015 23:22:08
piece handle=+DATA/rman/level1_07_20150207_23pun26t_18_1 tag=MON_LV1_2_15 comment=NONE
channel ORA_DISK_1: starting piece 19 at 07/02/2015 23:22:08
channel ORA_DISK_2: finished piece 14 at 07/02/2015 23:23:33
piece handle=+DATA/rman/level1_07_20150207_25pun3so_14_1 tag=MON_LV1_2_15 comment=NONE
channel ORA_DISK_2: starting piece 15 at 07/02/2015 23:23:33
channel ORA_DISK_1: finished piece 19 at 07/02/2015 23:29:58
piece handle=+DATA/rman/level1_07_20150207_23pun26t_19_1 tag=MON_LV1_2_15 comment=NONE
channel ORA_DISK_1: starting piece 20 at 07/02/2015 23:29:58
channel ORA_DISK_2: finished piece 15 at 07/02/2015 23:31:33
piece handle=+DATA/rman/level1_07_20150207_25pun3so_15_1 tag=MON_LV1_2_15 comment=NONE
channel ORA_DISK_2: starting piece 16 at 07/02/2015 23:31:33
channel ORA_DISK_1: finished piece 20 at 07/02/2015 23:37:08
piece handle=+DATA/rman/level1_07_20150207_23pun26t_20_1 tag=MON_LV1_2_15 comment=NONE
channel ORA_DISK_1: starting piece 21 at 07/02/2015 23:37:08
channel ORA_DISK_2: finished piece 16 at 07/02/2015 23:39:33
piece handle=+DATA/rman/level1_07_20150207_25pun3so_16_1 tag=MON_LV1_2_15 comment=NONE
channel ORA_DISK_2: starting piece 17 at 07/02/2015 23:39:33
channel ORA_DISK_1: finished piece 21 at 07/02/2015 23:44:18
piece handle=+DATA/rman/level1_07_20150207_23pun26t_21_1 tag=MON_LV1_2_15 comment=NONE
channel ORA_DISK_1: starting piece 22 at 07/02/2015 23:44:18
channel ORA_DISK_2: finished piece 17 at 07/02/2015 23:47:43
piece handle=+DATA/rman/level1_07_20150207_25pun3so_17_1 tag=MON_LV1_2_15 comment=NONE
channel ORA_DISK_2: starting piece 18 at 07/02/2015 23:47:43
channel ORA_DISK_1: finished piece 22 at 07/02/2015 23:51:28
piece handle=+DATA/rman/level1_07_20150207_23pun26t_22_1 tag=MON_LV1_2_15 comment=NONE
channel ORA_DISK_1: starting piece 23 at 07/02/2015 23:51:28
channel ORA_DISK_2: finished piece 18 at 07/02/2015 23:55:23
piece handle=+DATA/rman/level1_07_20150207_25pun3so_18_1 tag=MON_LV1_2_15 comment=NONE
channel ORA_DISK_2: starting piece 19 at 07/02/2015 23:55:23
channel ORA_DISK_1: finished piece 23 at 07/02/2015 23:59:08
piece handle=+DATA/rman/level1_07_20150207_23pun26t_23_1 tag=MON_LV1_2_15 comment=NONE
channel ORA_DISK_1: starting piece 24 at 07/02/2015 23:59:08
channel ORA_DISK_1: finished piece 24 at 08/02/2015 00:06:43
piece handle=+DATA/rman/level1_07_20150207_23pun26t_24_1 tag=MON_LV1_2_15 comment=NONE
channel ORA_DISK_1: starting piece 25 at 08/02/2015 00:06:43
channel ORA_DISK_2: finished piece 19 at 08/02/2015 00:07:38
piece handle=+DATA/rman/level1_07_20150207_25pun3so_19_1 tag=MON_LV1_2_15 comment=NONE
channel ORA_DISK_2: starting piece 20 at 08/02/2015 00:07:38
channel ORA_DISK_2: finished piece 20 at 08/02/2015 00:13:53
piece handle=+DATA/rman/level1_08_20150208_25pun3so_20_1 tag=MON_LV1_2_15 comment=NONE
channel ORA_DISK_2: backup set complete, elapsed time: 02:44:57
channel ORA_DISK_2: starting compressed incremental level 1 datafile backup set
channel ORA_DISK_2: specifying datafile(s) in backup set
including current control file in backup set
channel ORA_DISK_2: starting piece 1 at 08/02/2015 00:13:57
channel ORA_DISK_2: finished piece 1 at 08/02/2015 00:14:00
piece handle=+DATA/rman/level1_08_20150208_26pundi2_1_1 tag=MON_LV1_2_15 comment=NONE
channel ORA_DISK_2: backup set complete, elapsed time: 00:00:03
channel ORA_DISK_1: finished piece 25 at 08/02/2015 00:14:12
piece handle=+DATA/rman/level1_08_20150208_23pun26t_25_1 tag=MON_LV1_2_15 comment=NONE
channel ORA_DISK_1: starting piece 26 at 08/02/2015 00:14:12
channel ORA_DISK_1: finished piece 26 at 08/02/2015 00:21:07
piece handle=+DATA/rman/level1_08_20150208_23pun26t_26_1 tag=MON_LV1_2_15 comment=NONE
channel ORA_DISK_1: starting piece 27 at 08/02/2015 00:21:07
channel ORA_DISK_1: finished piece 27 at 08/02/2015 00:28:12
piece handle=+DATA/rman/level1_08_20150208_23pun26t_27_1 tag=MON_LV1_2_15 comment=NONE
channel ORA_DISK_1: starting piece 28 at 08/02/2015 00:28:12
channel ORA_DISK_1: finished piece 28 at 08/02/2015 00:35:17
piece handle=+DATA/rman/level1_08_20150208_23pun26t_28_1 tag=MON_LV1_2_15 comment=NONE
channel ORA_DISK_1: starting piece 29 at 08/02/2015 00:35:17
channel ORA_DISK_1: finished piece 29 at 08/02/2015 00:42:52
piece handle=+DATA/rman/level1_08_20150208_23pun26t_29_1 tag=MON_LV1_2_15 comment=NONE
channel ORA_DISK_1: starting piece 30 at 08/02/2015 00:42:52
channel ORA_DISK_1: finished piece 30 at 08/02/2015 00:50:17
piece handle=+DATA/rman/level1_08_20150208_23pun26t_30_1 tag=MON_LV1_2_15 comment=NONE
channel ORA_DISK_1: starting piece 31 at 08/02/2015 00:50:17
channel ORA_DISK_1: finished piece 31 at 08/02/2015 00:57:42
piece handle=+DATA/rman/level1_08_20150208_23pun26t_31_1 tag=MON_LV1_2_15 comment=NONE
channel ORA_DISK_1: starting piece 32 at 08/02/2015 00:57:42
channel ORA_DISK_1: finished piece 32 at 08/02/2015 01:04:47
piece handle=+DATA/rman/level1_08_20150208_23pun26t_32_1 tag=MON_LV1_2_15 comment=NONE
channel ORA_DISK_1: starting piece 33 at 08/02/2015 01:04:47
channel ORA_DISK_1: finished piece 33 at 08/02/2015 01:11:52
piece handle=+DATA/rman/level1_08_20150208_23pun26t_33_1 tag=MON_LV1_2_15 comment=NONE
channel ORA_DISK_1: starting piece 34 at 08/02/2015 01:11:52
channel ORA_DISK_1: finished piece 34 at 08/02/2015 01:18:57
piece handle=+DATA/rman/level1_08_20150208_23pun26t_34_1 tag=MON_LV1_2_15 comment=NONE
channel ORA_DISK_1: starting piece 35 at 08/02/2015 01:18:57
channel ORA_DISK_1: finished piece 35 at 08/02/2015 01:26:12
piece handle=+DATA/rman/level1_08_20150208_23pun26t_35_1 tag=MON_LV1_2_15 comment=NONE
channel ORA_DISK_1: starting piece 36 at 08/02/2015 01:26:12
channel ORA_DISK_1: finished piece 36 at 08/02/2015 01:33:37
piece handle=+DATA/rman/level1_08_20150208_23pun26t_36_1 tag=MON_LV1_2_15 comment=NONE
channel ORA_DISK_1: starting piece 37 at 08/02/2015 01:33:37
channel ORA_DISK_1: finished piece 37 at 08/02/2015 01:41:02
piece handle=+DATA/rman/level1_08_20150208_23pun26t_37_1 tag=MON_LV1_2_15 comment=NONE
channel ORA_DISK_1: starting piece 38 at 08/02/2015 01:41:02
channel ORA_DISK_1: finished piece 38 at 08/02/2015 01:48:18
piece handle=+DATA/rman/level1_08_20150208_23pun26t_38_1 tag=MON_LV1_2_15 comment=NONE
channel ORA_DISK_1: starting piece 39 at 08/02/2015 01:48:18
channel ORA_DISK_1: finished piece 39 at 08/02/2015 01:55:43
piece handle=+DATA/rman/level1_08_20150208_23pun26t_39_1 tag=MON_LV1_2_15 comment=NONE
channel ORA_DISK_1: starting piece 40 at 08/02/2015 01:55:43
channel ORA_DISK_1: finished piece 40 at 08/02/2015 02:03:28
piece handle=+DATA/rman/level1_08_20150208_23pun26t_40_1 tag=MON_LV1_2_15 comment=NONE
channel ORA_DISK_1: starting piece 41 at 08/02/2015 02:03:28
channel ORA_DISK_1: finished piece 41 at 08/02/2015 02:10:53
piece handle=+DATA/rman/level1_08_20150208_23pun26t_41_1 tag=MON_LV1_2_15 comment=NONE
channel ORA_DISK_1: starting piece 42 at 08/02/2015 02:10:53
channel ORA_DISK_1: finished piece 42 at 08/02/2015 02:18:18
piece handle=+DATA/rman/level1_08_20150208_23pun26t_42_1 tag=MON_LV1_2_15 comment=NONE
channel ORA_DISK_1: starting piece 43 at 08/02/2015 02:18:18
channel ORA_DISK_1: finished piece 43 at 08/02/2015 02:25:43
piece handle=+DATA/rman/level1_08_20150208_23pun26t_43_1 tag=MON_LV1_2_15 comment=NONE
channel ORA_DISK_1: starting piece 44 at 08/02/2015 02:25:43
channel ORA_DISK_1: finished piece 44 at 08/02/2015 02:33:08
piece handle=+DATA/rman/level1_08_20150208_23pun26t_44_1 tag=MON_LV1_2_15 comment=NONE
channel ORA_DISK_1: starting piece 45 at 08/02/2015 02:33:08
channel ORA_DISK_1: finished piece 45 at 08/02/2015 02:41:03
piece handle=+DATA/rman/level1_08_20150208_23pun26t_45_1 tag=MON_LV1_2_15 comment=NONE
channel ORA_DISK_1: starting piece 46 at 08/02/2015 02:41:03
channel ORA_DISK_1: finished piece 46 at 08/02/2015 02:48:38
piece handle=+DATA/rman/level1_08_20150208_23pun26t_46_1 tag=MON_LV1_2_15 comment=NONE
channel ORA_DISK_1: starting piece 47 at 08/02/2015 02:48:38
channel ORA_DISK_1: finished piece 47 at 08/02/2015 02:55:43
piece handle=+DATA/rman/level1_08_20150208_23pun26t_47_1 tag=MON_LV1_2_15 comment=NONE
channel ORA_DISK_1: starting piece 48 at 08/02/2015 02:55:43
channel ORA_DISK_1: finished piece 48 at 08/02/2015 03:03:08
piece handle=+DATA/rman/level1_08_20150208_23pun26t_48_1 tag=MON_LV1_2_15 comment=NONE
channel ORA_DISK_1: starting piece 49 at 08/02/2015 03:03:08
channel ORA_DISK_1: finished piece 49 at 08/02/2015 03:10:43
piece handle=+DATA/rman/level1_08_20150208_23pun26t_49_1 tag=MON_LV1_2_15 comment=NONE
channel ORA_DISK_1: starting piece 50 at 08/02/2015 03:10:43
channel ORA_DISK_1: finished piece 50 at 08/02/2015 03:18:28
piece handle=+DATA/rman/level1_08_20150208_23pun26t_50_1 tag=MON_LV1_2_15 comment=NONE
channel ORA_DISK_1: starting piece 51 at 08/02/2015 03:18:28
channel ORA_DISK_1: finished piece 51 at 08/02/2015 03:26:34
piece handle=+DATA/rman/level1_08_20150208_23pun26t_51_1 tag=MON_LV1_2_15 comment=NONE
channel ORA_DISK_1: starting piece 52 at 08/02/2015 03:26:34
channel ORA_DISK_1: finished piece 52 at 08/02/2015 03:34:39
piece handle=+DATA/rman/level1_08_20150208_23pun26t_52_1 tag=MON_LV1_2_15 comment=NONE
channel ORA_DISK_1: starting piece 53 at 08/02/2015 03:34:39
channel ORA_DISK_1: finished piece 53 at 08/02/2015 03:42:44
piece handle=+DATA/rman/level1_08_20150208_23pun26t_53_1 tag=MON_LV1_2_15 comment=NONE
channel ORA_DISK_1: starting piece 54 at 08/02/2015 03:42:44
channel ORA_DISK_1: finished piece 54 at 08/02/2015 03:50:09
piece handle=+DATA/rman/level1_08_20150208_23pun26t_54_1 tag=MON_LV1_2_15 comment=NONE
channel ORA_DISK_1: backup set complete, elapsed time: 06:49:55
Finished backup at 08/02/2015 03:50:09

Starting Control File and SPFILE Autobackup at 08/02/2015 03:50:09
piece handle=+RECO/rman/c-271141816-20150208-00 comment=NONE
Finished Control File and SPFILE Autobackup at 08/02/2015 03:50:12

sql statement: ALTER SYSTEM ARCHIVE LOG CURRENT

Starting backup at 08/02/2015 03:50:20
current log archived
using channel ORA_DISK_1
using channel ORA_DISK_2
channel ORA_DISK_1: starting compressed archived log backup set
channel ORA_DISK_1: specifying archived log(s) in backup set
input archived log thread=2 sequence=17405 RECID=57651 STAMP=870989938
input archived log thread=1 sequence=21103 RECID=57653 STAMP=870990116
input archived log thread=2 sequence=17406 RECID=57652 STAMP=870990061
input archived log thread=2 sequence=17407 RECID=57654 STAMP=870990161
input archived log thread=2 sequence=17408 RECID=57655 STAMP=870990263
input archived log thread=1 sequence=21104 RECID=57657 STAMP=870990401
input archived log thread=2 sequence=17409 RECID=57656 STAMP=870990310
input archived log thread=2 sequence=17410 RECID=57658 STAMP=870990447
input archived log thread=2 sequence=17411 RECID=57659 STAMP=870990690
input archived log thread=1 sequence=21105 RECID=57661 STAMP=870993328
input archived log thread=2 sequence=17412 RECID=57660 STAMP=870990936
input archived log thread=2 sequence=17413 RECID=57662 STAMP=870993373
input archived log thread=2 sequence=17414 RECID=57663 STAMP=870996893
input archived log thread=1 sequence=21106 RECID=57664 STAMP=870998696
input archived log thread=2 sequence=17415 RECID=57666 STAMP=870999146
input archived log thread=1 sequence=21107 RECID=57665 STAMP=870998802
input archived log thread=1 sequence=21108 RECID=57668 STAMP=871003547
input archived log thread=2 sequence=17416 RECID=57667 STAMP=870999901
input archived log thread=2 sequence=17417 RECID=57669 STAMP=871003589
input archived log thread=2 sequence=17418 RECID=57670 STAMP=871007478
input archived log thread=1 sequence=21109 RECID=57672 STAMP=871023739
channel ORA_DISK_1: starting piece 1 at 08/02/2015 03:50:24
channel ORA_DISK_2: starting compressed archived log backup set
channel ORA_DISK_2: specifying archived log(s) in backup set
input archived log thread=2 sequence=17419 RECID=57671 STAMP=871018748
input archived log thread=2 sequence=17420 RECID=57673 STAMP=871024190
input archived log thread=1 sequence=21110 RECID=57675 STAMP=871030130
input archived log thread=2 sequence=17421 RECID=57674 STAMP=871024716
input archived log thread=2 sequence=17422 RECID=57676 STAMP=871030283
input archived log thread=1 sequence=21111 RECID=57678 STAMP=871030346
input archived log thread=2 sequence=17423 RECID=57677 STAMP=871030348
input archived log thread=2 sequence=17424 RECID=57679 STAMP=871030386
input archived log thread=2 sequence=17425 RECID=57680 STAMP=871032526
input archived log thread=1 sequence=21112 RECID=57682 STAMP=871035849
input archived log thread=2 sequence=17426 RECID=57681 STAMP=871034578
input archived log thread=2 sequence=17427 RECID=57683 STAMP=871035893
input archived log thread=2 sequence=17428 RECID=57684 STAMP=871040040
input archived log thread=1 sequence=21113 RECID=57686 STAMP=871084937
input archived log thread=2 sequence=17429 RECID=57685 STAMP=871056452
input archived log thread=2 sequence=17430 RECID=57688 STAMP=871085380
input archived log thread=1 sequence=21114 RECID=57687 STAMP=871085234
input archived log thread=1 sequence=21115 RECID=57689 STAMP=871085344
input archived log thread=1 sequence=21116 RECID=57691 STAMP=871098620
input archived log thread=2 sequence=17431 RECID=57690 STAMP=871098653
input archived log thread=2 sequence=17432 RECID=57693 STAMP=871098657
input archived log thread=1 sequence=21117 RECID=57692 STAMP=871098621
channel ORA_DISK_2: starting piece 1 at 08/02/2015 03:50:25
channel ORA_DISK_2: finished piece 1 at 08/02/2015 03:57:30
piece handle=+DATA/rman/archi_08_20150208_29punq80_1_1 tag=MONTHLY_ARCH_2_15 comment=NONE
channel ORA_DISK_2: starting piece 2 at 08/02/2015 03:57:30
channel ORA_DISK_1: finished piece 1 at 08/02/2015 03:57:45
piece handle=+DATA/rman/archi_08_20150208_28punq80_1_1 tag=MONTHLY_ARCH_2_15 comment=NONE
channel ORA_DISK_1: starting piece 2 at 08/02/2015 03:57:45
channel ORA_DISK_2: finished piece 2 at 08/02/2015 04:04:30
piece handle=+DATA/rman/archi_08_20150208_29punq80_2_1 tag=MONTHLY_ARCH_2_15 comment=NONE
channel ORA_DISK_2: starting piece 3 at 08/02/2015 04:04:30
channel ORA_DISK_1: finished piece 2 at 08/02/2015 04:04:55
piece handle=+DATA/rman/archi_08_20150208_28punq80_2_1 tag=MONTHLY_ARCH_2_15 comment=NONE
channel ORA_DISK_1: starting piece 3 at 08/02/2015 04:04:55
channel ORA_DISK_2: finished piece 3 at 08/02/2015 04:05:40
piece handle=+DATA/rman/archi_08_20150208_29punq80_3_1 tag=MONTHLY_ARCH_2_15 comment=NONE
channel ORA_DISK_2: backup set complete, elapsed time: 00:15:15
channel ORA_DISK_2: deleting archived log(s)
archived log file name=+RECO/ccbs/archivelog/2015_02_07/thread_2_seq_17419.4152.871018737 RECID=57671 STAMP=871018748
archived log file name=+RECO/ccbs/archivelog/2015_02_07/thread_2_seq_17420.2460.871024177 RECID=57673 STAMP=871024190
archived log file name=+RECO/ccbs/archivelog/2015_02_07/thread_1_seq_21110.2800.871030119 RECID=57675 STAMP=871030130
archived log file name=+RECO/ccbs/archivelog/2015_02_07/thread_2_seq_17421.3081.871024703 RECID=57674 STAMP=871024716
archived log file name=+RECO/ccbs/archivelog/2015_02_07/thread_2_seq_17422.2140.871030271 RECID=57676 STAMP=871030283
archived log file name=+RECO/ccbs/archivelog/2015_02_07/thread_1_seq_21111.2551.871030341 RECID=57678 STAMP=871030346
archived log file name=+RECO/ccbs/archivelog/2015_02_07/thread_2_seq_17423.2525.871030337 RECID=57677 STAMP=871030348
archived log file name=+RECO/ccbs/archivelog/2015_02_07/thread_2_seq_17424.976.871030373 RECID=57679 STAMP=871030386
archived log file name=+RECO/ccbs/archivelog/2015_02_07/thread_2_seq_17425.1076.871032509 RECID=57680 STAMP=871032526
archived log file name=+RECO/ccbs/archivelog/2015_02_07/thread_1_seq_21112.3511.871035849 RECID=57682 STAMP=871035849
archived log file name=+RECO/ccbs/archivelog/2015_02_07/thread_2_seq_17426.3939.871034567 RECID=57681 STAMP=871034578
archived log file name=+RECO/ccbs/archivelog/2015_02_07/thread_2_seq_17427.3530.871035881 RECID=57683 STAMP=871035893
archived log file name=+RECO/ccbs/archivelog/2015_02_07/thread_2_seq_17428.3096.871040029 RECID=57684 STAMP=871040040
archived log file name=+RECO/ccbs/archivelog/2015_02_08/thread_1_seq_21113.1901.871084925 RECID=57686 STAMP=871084937
archived log file name=+RECO/ccbs/archivelog/2015_02_07/thread_2_seq_17429.678.871056441 RECID=57685 STAMP=871056452
archived log file name=+RECO/ccbs/archivelog/2015_02_08/thread_2_seq_17430.2395.871085351 RECID=57688 STAMP=871085380
archived log file name=+RECO/ccbs/archivelog/2015_02_08/thread_1_seq_21114.3865.871085209 RECID=57687 STAMP=871085234
archived log file name=+RECO/ccbs/archivelog/2015_02_08/thread_1_seq_21115.2768.871085311 RECID=57689 STAMP=871085344
archived log file name=+RECO/ccbs/archivelog/2015_02_08/thread_1_seq_21116.3960.871098617 RECID=57691 STAMP=871098620
archived log file name=+RECO/ccbs/archivelog/2015_02_08/thread_2_seq_17431.2424.871098651 RECID=57690 STAMP=871098653
archived log file name=+RECO/ccbs/archivelog/2015_02_08/thread_2_seq_17432.4185.871098657 RECID=57693 STAMP=871098657
archived log file name=+RECO/ccbs/archivelog/2015_02_08/thread_1_seq_21117.4037.871098621 RECID=57692 STAMP=871098621
channel ORA_DISK_1: finished piece 3 at 08/02/2015 04:06:03
piece handle=+DATA/rman/archi_08_20150208_28punq80_3_1 tag=MONTHLY_ARCH_2_15 comment=NONE
channel ORA_DISK_1: backup set complete, elapsed time: 00:15:39
channel ORA_DISK_1: deleting archived log(s)
archived log file name=+RECO/ccbs/archivelog/2015_02_06/thread_2_seq_17405.1967.870989927 RECID=57651 STAMP=870989938
archived log file name=+RECO/ccbs/archivelog/2015_02_06/thread_1_seq_21103.4101.870990115 RECID=57653 STAMP=870990116
archived log file name=+RECO/ccbs/archivelog/2015_02_06/thread_2_seq_17406.4033.870990049 RECID=57652 STAMP=870990061
archived log file name=+RECO/ccbs/archivelog/2015_02_06/thread_2_seq_17407.3579.870990149 RECID=57654 STAMP=870990161
archived log file name=+RECO/ccbs/archivelog/2015_02_06/thread_2_seq_17408.2403.870990249 RECID=57655 STAMP=870990263
archived log file name=+RECO/ccbs/archivelog/2015_02_06/thread_1_seq_21104.2818.870990401 RECID=57657 STAMP=870990401
archived log file name=+RECO/ccbs/archivelog/2015_02_06/thread_2_seq_17409.2738.870990295 RECID=57656 STAMP=870990310
archived log file name=+RECO/ccbs/archivelog/2015_02_06/thread_2_seq_17410.2473.870990435 RECID=57658 STAMP=870990447
archived log file name=+RECO/ccbs/archivelog/2015_02_06/thread_2_seq_17411.3585.870990679 RECID=57659 STAMP=870990690
archived log file name=+RECO/ccbs/archivelog/2015_02_06/thread_1_seq_21105.1931.870993327 RECID=57661 STAMP=870993328
archived log file name=+RECO/ccbs/archivelog/2015_02_06/thread_2_seq_17412.2918.870990925 RECID=57660 STAMP=870990936
archived log file name=+RECO/ccbs/archivelog/2015_02_06/thread_2_seq_17413.1987.870993363 RECID=57662 STAMP=870993373
archived log file name=+RECO/ccbs/archivelog/2015_02_06/thread_2_seq_17414.2511.870996883 RECID=57663 STAMP=870996893
archived log file name=+RECO/ccbs/archivelog/2015_02_07/thread_1_seq_21106.3019.870998685 RECID=57664 STAMP=870998696
archived log file name=+RECO/ccbs/archivelog/2015_02_07/thread_2_seq_17415.2651.870999135 RECID=57666 STAMP=870999146
archived log file name=+RECO/ccbs/archivelog/2015_02_07/thread_1_seq_21107.3958.870998791 RECID=57665 STAMP=870998802
archived log file name=+RECO/ccbs/archivelog/2015_02_07/thread_1_seq_21108.4064.871003545 RECID=57668 STAMP=871003547
archived log file name=+RECO/ccbs/archivelog/2015_02_07/thread_2_seq_17416.4000.870999889 RECID=57667 STAMP=870999901
archived log file name=+RECO/ccbs/archivelog/2015_02_07/thread_2_seq_17417.2170.871003577 RECID=57669 STAMP=871003589
archived log file name=+RECO/ccbs/archivelog/2015_02_07/thread_2_seq_17418.4032.871007467 RECID=57670 STAMP=871007478
archived log file name=+RECO/ccbs/archivelog/2015_02_07/thread_1_seq_21109.4243.871023729 RECID=57672 STAMP=871023739
Finished backup at 08/02/2015 04:06:05

Starting Control File and SPFILE Autobackup at 08/02/2015 04:06:05
piece handle=+RECO/rman/c-271141816-20150208-01 comment=NONE
Finished Control File and SPFILE Autobackup at 08/02/2015 04:06:08

Recovery Manager complete.
