
Recovery Manager: Release 11.2.0.2.0 - Production on Wed Jan 7 21:00:01 2015

Copyright (c) 1982, 2009, Oracle and/or its affiliates.  All rights reserved.

connected to target database: CCBS (DBID=271141816)

RMAN> #CONFIGURE RETENTION POLICY TO REDUNDANCY 1;	#updated 20/3/2014 
2> #CONFIGURE BACKUP OPTIMIZATION ON;
3> #CONFIGURE DEFAULT DEVICE TYPE TO DISK; # default
4> #CONFIGURE CONTROLFILE AUTOBACKUP OFF;
5> #CONFIGURE CONTROLFILE AUTOBACKUP FORMAT FOR DEVICE TYPE DISK TO '+RECO/RMAN/%F';
6> #CONFIGURE DEVICE TYPE DISK PARALLELISM 2 BACKUP TYPE TO COMPRESSED BACKUPSET;
7> #CONFIGURE DATAFILE BACKUP COPIES FOR DEVICE TYPE DISK TO 1; # default
8> #CONFIGURE ARCHIVELOG BACKUP COPIES FOR DEVICE TYPE DISK TO 1; # default
9> #CONFIGURE CHANNEL DEVICE TYPE DISK MAXPIECESIZE 4 G; #updated 24/3/2014
10> #CONFIGURE MAXSETSIZE TO UNLIMITED;
11> #CONFIGURE ENCRYPTION FOR DATABASE OFF; # default
12> #CONFIGURE ENCRYPTION ALGORITHM 'AES128'; # default
13> #CONFIGURE COMPRESSION ALGORITHM 'BASIC' AS OF RELEASE 'DEFAULT' OPTIMIZE FOR LOAD TRUE ; # default
14> #Chi khi nao cac archive da duoc apply tren cac standby thi moi cho delete.
15> #CONFIGURE ARCHIVELOG DELETION POLICY TO APPLIED ON ALL STANDBY;
16> #CONFIGURE SNAPSHOT CONTROLFILE NAME TO '/u01/app/oracle/product/11.2.0.2/dbhome_1/dbs/snapcf_ccbs1.f'; # default
17> 
18> 
19> #updated 20/8/2014
20> # Ngay 1:
21> #	Xoa cac backup obsolete: Giu lai backupset hien tai, xoa cac ban backupset truoc do.
22> #	Backup level0 vao +RECO	tag MONTHLY_LEVEL_0_day1
23> # 	copy ban level0 thu 2 vao o dia /mnt/nfs52100/RMAN	copy_MONTHLY_LEVEL_0_day1
24> # Ngay 2-15:
25> #	Backup copies 2 level1 vao +RECO,/mnt/nfs52100/RMAN
26> #	Backup copies 2 archived vao +RECO,/mnt/nfs52100/RMAN
27> #	Delete archived all
28> 
29> # Ngay 16:
30> #	Xoa cac backup obsolete: Giu lai backupset hien tai, xoa cac ban backupset truoc do.
31> #	Backup level0 vao +RECO	tag MONTHLY_LEVEL_0_day16
32> # 	copy ban level0 thu 2 vao o dia /mnt/nfs52100/RMAN	tag copy_MONTHLY_LEVEL_0_day16
33> # Ngay 17-31:
34> #	Backup copies 2 level1 vao +RECO,/mnt/nfs52100/RMAN	
35> #	Backup copies 2 archived vao +RECO,/mnt/nfs52100/RMAN
36> #	Delete archived all
37> 
38> run
39> {
40>    backup incremental level 1 copies 2 format '+DATA/RMAN/level1_%D_%T_%U','/mnt/nfs52100/RMAN/level1_%D_%T_%U' tag MONTHLY_LEVEL_1 
41> #   backup incremental level 1 copies 2 format '+RECO/RMAN/level1_%D_%T_%U' tag MONTHLY_LEVEL_1 
42> 
43>   database include current controlfile;
44> 	sql 'ALTER SYSTEM ARCHIVE LOG CURRENT';
45> 	backup as compressed backupset copies 2 archivelog all format '+DATA/RMAN/archi_%D_%T_%U','/u03/rman_ccbs_ftp5/RMAN/archi_%D_%T_%U'
46>   tag monthly_arch delete input;
47> }
48> 
Starting backup at 07/01/2015 21:00:03
using target database control file instead of recovery catalog
allocated channel: ORA_DISK_1
channel ORA_DISK_1: SID=919 instance=ccbs1 device type=DISK
allocated channel: ORA_DISK_2
channel ORA_DISK_2: SID=614 instance=ccbs1 device type=DISK
channel ORA_DISK_1: starting compressed incremental level 1 datafile backup set
channel ORA_DISK_1: specifying datafile(s) in backup set
input datafile file number=00002 name=+DATA/ccbs/datafile/sysaux.258.772710837
input datafile file number=00107 name=+DATA/ccbs/datafile/sysaux.390.822699669
input datafile file number=00130 name=+DATA/ccbs/datafile/undotbs1_02.426.857385663
input datafile file number=00133 name=+DATA/ccbs/datafile/undotbs2_02.516.857386025
input datafile file number=00001 name=+DATA/ccbs/datafile/system.271.772710825
input datafile file number=00061 name=+DATA/ccbs/datafile/gg_data.338.779148549
input datafile file number=00007 name=+DATA/ccbs/datafile/users.282.774527471
input datafile file number=00010 name=+DATA/ccbs/datafile/indx.287.774530539
input datafile file number=00013 name=+DATA/ccbs/datafile/indx.290.774541697
input datafile file number=00016 name=+DATA/ccbs/datafile/indx.293.774541877
input datafile file number=00019 name=+DATA/ccbs/datafile/indx.296.774541987
input datafile file number=00022 name=+DATA/ccbs/datafile/users.299.774543191
input datafile file number=00025 name=+DATA/ccbs/datafile/users.302.774543327
input datafile file number=00028 name=+DATA/ccbs/datafile/users.305.774543443
input datafile file number=00031 name=+DATA/ccbs/datafile/users.308.774543671
input datafile file number=00034 name=+DATA/ccbs/datafile/users.311.775873655
input datafile file number=00037 name=+DATA/ccbs/datafile/users.314.775996677
input datafile file number=00040 name=+DATA/ccbs/datafile/users.317.775996743
input datafile file number=00043 name=+DATA/ccbs/datafile/users.320.775997701
input datafile file number=00046 name=+DATA/ccbs/datafile/users.323.775997787
input datafile file number=00049 name=+DATA/ccbs/datafile/users.326.775997875
input datafile file number=00052 name=+DATA/ccbs/datafile/users.329.775998289
input datafile file number=00055 name=+DATA/ccbs/datafile/users.332.776000393
input datafile file number=00058 name=+DATA/ccbs/datafile/users.335.776001375
input datafile file number=00062 name=+DATA/ccbs/datafile/users.339.780491723
input datafile file number=00065 name=+DATA/ccbs/datafile/users.342.780492259
input datafile file number=00068 name=+DATA/ccbs/datafile/users.345.780493063
input datafile file number=00071 name=+DATA/ccbs/datafile/users.348.780493937
input datafile file number=00074 name=+DATA/ccbs/datafile/indx.351.780853091
input datafile file number=00077 name=+DATA/ccbs/datafile/indx.354.780853419
input datafile file number=00080 name=+DATA/ccbs/datafile/users.357.780853601
input datafile file number=00083 name=+DATA/ccbs/datafile/users.360.780853693
input datafile file number=00086 name=+DATA/ccbs/datafile/users.363.780853829
input datafile file number=00089 name=+DATA/ccbs/datafile/users.366.780853939
input datafile file number=00092 name=+DATA/ccbs/datafile/users.369.780853997
input datafile file number=00095 name=+DATA/ccbs/datafile/users.372.780854143
input datafile file number=00098 name=+DATA/ccbs/datafile/users.375.780854347
input datafile file number=00101 name=+DATA/ccbs/datafile/tbs_others.267.792772437
input datafile file number=00104 name=+DATA/ccbs/datafile/indx.387.819597647
input datafile file number=00124 name=+DATA/ccbs/datafile/indx.417.843228737
input datafile file number=00109 name=+DATA/ccbs/datafile/indx.402.843228399
input datafile file number=00112 name=+DATA/ccbs/datafile/indx.405.843228469
input datafile file number=00115 name=+DATA/ccbs/datafile/indx.408.843228491
input datafile file number=00118 name=+DATA/ccbs/datafile/indx.411.843228541
input datafile file number=00121 name=+DATA/ccbs/datafile/indx.414.843228559
channel ORA_DISK_1: starting piece 1 at 07/01/2015 21:00:14
channel ORA_DISK_2: starting compressed incremental level 1 datafile backup set
channel ORA_DISK_2: specifying datafile(s) in backup set
input datafile file number=00105 name=+DATA/ccbs/datafile/sysaux.388.822699379
input datafile file number=00108 name=+DATA/ccbs/datafile/sysaux.391.822699673
input datafile file number=00129 name=+DATA/ccbs/datafile/undotbs1_02.468.857385623
input datafile file number=00132 name=+DATA/ccbs/datafile/undotbs2_02.538.857385993
input datafile file number=00135 name=+DATA/ccbs/datafile/undotbs2_02.633.857386105
input datafile file number=00006 name=+DATA/ccbs/datafile/indx.285.774530247
input datafile file number=00009 name=+DATA/ccbs/datafile/indx.286.774530435
input datafile file number=00012 name=+DATA/ccbs/datafile/tbs_others.289.774531237
input datafile file number=00015 name=+DATA/ccbs/datafile/indx.292.774541795
input datafile file number=00018 name=+DATA/ccbs/datafile/indx.295.774541965
input datafile file number=00021 name=+DATA/ccbs/datafile/users.298.774543045
input datafile file number=00024 name=+DATA/ccbs/datafile/users.301.774543271
input datafile file number=00027 name=+DATA/ccbs/datafile/users.304.774543419
input datafile file number=00030 name=+DATA/ccbs/datafile/users.307.774543485
input datafile file number=00033 name=+DATA/ccbs/datafile/users.310.775873623
input datafile file number=00036 name=+DATA/ccbs/datafile/users.313.775873743
input datafile file number=00039 name=+DATA/ccbs/datafile/users.316.775996723
input datafile file number=00042 name=+DATA/ccbs/datafile/users.319.775997681
input datafile file number=00045 name=+DATA/ccbs/datafile/users.322.775997741
input datafile file number=00048 name=+DATA/ccbs/datafile/users.325.775997857
input datafile file number=00051 name=+DATA/ccbs/datafile/users.328.775997951
input datafile file number=00054 name=+DATA/ccbs/datafile/users.331.775998423
input datafile file number=00057 name=+DATA/ccbs/datafile/users.334.776000867
input datafile file number=00060 name=+DATA/ccbs/datafile/tbs_others.337.776001527
input datafile file number=00064 name=+DATA/ccbs/datafile/users.341.780492153
input datafile file number=00067 name=+DATA/ccbs/datafile/users.344.780492429
input datafile file number=00070 name=+DATA/ccbs/datafile/users.347.780493719
input datafile file number=00073 name=+DATA/ccbs/datafile/indx.350.780852893
input datafile file number=00076 name=+DATA/ccbs/datafile/indx.353.780853327
input datafile file number=00079 name=+DATA/ccbs/datafile/users.356.780853583
input datafile file number=00082 name=+DATA/ccbs/datafile/users.359.780853645
input datafile file number=00085 name=+DATA/ccbs/datafile/users.362.780853743
input datafile file number=00088 name=+DATA/ccbs/datafile/users.365.780853919
input datafile file number=00091 name=+DATA/ccbs/datafile/users.368.780853979
input datafile file number=00094 name=+DATA/ccbs/datafile/users.371.780854093
input datafile file number=00097 name=+DATA/ccbs/datafile/users.374.780854327
input datafile file number=00100 name=+DATA/ccbs/datafile/users.377.780854429
input datafile file number=00103 name=+DATA/ccbs/datafile/indx.386.819597557
input datafile file number=00123 name=+DATA/ccbs/datafile/indx.416.843228721
input datafile file number=00126 name=+DATA/ccbs/datafile/indx.419.843228767
input datafile file number=00111 name=+DATA/ccbs/datafile/indx.404.843228463
input datafile file number=00114 name=+DATA/ccbs/datafile/indx.407.843228483
input datafile file number=00117 name=+DATA/ccbs/datafile/indx.410.843228505
input datafile file number=00120 name=+DATA/ccbs/datafile/indx.413.843228553
channel ORA_DISK_2: starting piece 1 at 07/01/2015 21:00:15
RMAN-03009: failure of backup command on ORA_DISK_1 channel at 01/07/2015 21:00:15
ORA-19504: failed to create file "/mnt/nfs52100/RMAN/level1_07_20150107_t0ps5ait_1_2"
ORA-27040: file create error, unable to create file
Linux-x86_64 Error: 2: No such file or directory
channel ORA_DISK_1 disabled, job failed on it will be run on another channel
RMAN-00571: ===========================================================
RMAN-00569: =============== ERROR MESSAGE STACK FOLLOWS ===============
RMAN-00571: ===========================================================
RMAN-03009: failure of backup command on ORA_DISK_2 channel at 01/07/2015 21:00:16
ORA-19504: failed to create file "/mnt/nfs52100/RMAN/level1_07_20150107_t1ps5aiu_1_2"
ORA-27040: file create error, unable to create file
Linux-x86_64 Error: 2: No such file or directory

Recovery Manager complete.
