
Recovery Manager: Release 11.2.0.2.0 - Production on Mon Mar 2 21:00:02 2015

Copyright (c) 1982, 2009, Oracle and/or its affiliates.  All rights reserved.

connected to target database: CCBS (DBID=271141816)

RMAN> #CONFIGURE RETENTION POLICY TO REDUNDANCY 1;	#updated 20/3/2014 
2> #CONFIGURE BACKUP OPTIMIZATION ON;
3> #CONFIGURE DEFAULT DEVICE TYPE TO DISK; # default
4> #CONFIGURE CONTROLFILE AUTOBACKUP OFF;
5> #CONFIGURE CONTROLFILE AUTOBACKUP FORMAT FOR DEVICE TYPE DISK TO '+RECO/RMAN/%F';
6> #CONFIGURE DEVICE TYPE DISK PARALLELISM 2 BACKUP TYPE TO COMPRESSED BACKUPSET;
7> #CONFIGURE DATAFILE BACKUP COPIES FOR DEVICE TYPE DISK TO 1; # default
8> #CONFIGURE ARCHIVELOG BACKUP COPIES FOR DEVICE TYPE DISK TO 1; # default
9> #CONFIGURE CHANNEL DEVICE TYPE DISK MAXPIECESIZE 4 G; #updated 24/3/2014
10> #CONFIGURE MAXSETSIZE TO UNLIMITED;
11> #CONFIGURE ENCRYPTION FOR DATABASE OFF; # default
12> #CONFIGURE ENCRYPTION ALGORITHM 'AES128'; # default
13> #CONFIGURE COMPRESSION ALGORITHM 'BASIC' AS OF RELEASE 'DEFAULT' OPTIMIZE FOR LOAD TRUE ; # default
14> #Chi khi nao cac archive da duoc apply tren cac standby thi moi cho delete.
15> #CONFIGURE ARCHIVELOG DELETION POLICY TO APPLIED ON ALL STANDBY;
16> #CONFIGURE SNAPSHOT CONTROLFILE NAME TO '/u01/app/oracle/product/11.2.0.2/dbhome_1/dbs/snapcf_ccbs1.f'; # default
17> 
18> 
19> #updated 20/8/2014
20> # Ngay 1:
21> #	Xoa cac backup obsolete: Giu lai backupset hien tai, xoa cac ban backupset truoc do.
22> #	Backup level0 vao +RECO	tag MONTHLY_LEVEL_0_day1
23> # 	copy ban level0 thu 2 vao o dia /mnt/nfs52100/RMAN	copy_MONTHLY_LEVEL_0_day1
24> # Ngay 2-15:
25> #	Backup copies 2 level1 vao +RECO,/mnt/nfs52100/RMAN
26> #	Backup copies 2 archived vao +RECO,/mnt/nfs52100/RMAN
27> #	Delete archived all
28> 
29> # Ngay 16:
30> #	Xoa cac backup obsolete: Giu lai backupset hien tai, xoa cac ban backupset truoc do.
31> #	Backup level0 vao +RECO	tag MONTHLY_LEVEL_0_day16
32> # 	copy ban level0 thu 2 vao o dia /mnt/nfs52100/RMAN	tag copy_MONTHLY_LEVEL_0_day16
33> # Ngay 17-31:
34> #	Backup copies 2 level1 vao +RECO,/mnt/nfs52100/RMAN	
35> #	Backup copies 2 archived vao +RECO,/mnt/nfs52100/RMAN
36> #	Delete archived all
37> 
38> run
39> {
40>  #  backup incremental level 1 copies 2 format '+DATA/RMAN/level1_%D_%T_%U','/mnt/nfs52100/RMAN/level1_%D_%T_%U' tag MON_LV1_2_15 database include current controlfile;
41>   backup incremental level 1 format '+DATA/RMAN/level1_%D_%T_%U' tag MON_LV1_2_15 database include current controlfile;
42> 
43> 	sql 'ALTER SYSTEM ARCHIVE LOG CURRENT';
44> #	backup as compressed backupset copies 2 archivelog all format '+DATA/RMAN/archi_%D_%T_%U','/u03/rman_ccbs_ftp5/RMAN/archi_%D_%T_%U'
45> #  tag monthly_arch_2_15 delete input;
46> 	backup as compressed backupset archivelog all format '+DATA/RMAN/archi_%D_%T_%U' tag monthly_arch_2_15 delete input;
47> }
48> 
Starting backup at 02/03/2015 21:00:03
using target database control file instead of recovery catalog
allocated channel: ORA_DISK_1
channel ORA_DISK_1: SID=542 instance=ccbs1 device type=DISK
allocated channel: ORA_DISK_2
channel ORA_DISK_2: SID=627 instance=ccbs1 device type=DISK
channel ORA_DISK_1: starting compressed incremental level 1 datafile backup set
channel ORA_DISK_1: specifying datafile(s) in backup set
input datafile file number=00105 name=+DATA/ccbs/datafile/sysaux.388.822699379
input datafile file number=00108 name=+DATA/ccbs/datafile/sysaux.391.822699673
input datafile file number=00129 name=+DATA/ccbs/datafile/undotbs1_02.468.857385623
input datafile file number=00132 name=+DATA/ccbs/datafile/undotbs2_02.538.857385993
input datafile file number=00135 name=+DATA/ccbs/datafile/undotbs2_02.633.857386105
input datafile file number=00006 name=+DATA/ccbs/datafile/indx.285.774530247
input datafile file number=00009 name=+DATA/ccbs/datafile/indx.286.774530435
input datafile file number=00012 name=+DATA/ccbs/datafile/tbs_others.289.774531237
input datafile file number=00015 name=+DATA/ccbs/datafile/indx.292.774541795
input datafile file number=00018 name=+DATA/ccbs/datafile/indx.295.774541965
input datafile file number=00021 name=+DATA/ccbs/datafile/users.298.774543045
input datafile file number=00024 name=+DATA/ccbs/datafile/users.301.774543271
input datafile file number=00027 name=+DATA/ccbs/datafile/users.304.774543419
input datafile file number=00030 name=+DATA/ccbs/datafile/users.307.774543485
input datafile file number=00033 name=+DATA/ccbs/datafile/users.310.775873623
input datafile file number=00036 name=+DATA/ccbs/datafile/users.313.775873743
input datafile file number=00039 name=+DATA/ccbs/datafile/users.316.775996723
input datafile file number=00042 name=+DATA/ccbs/datafile/users.319.775997681
input datafile file number=00045 name=+DATA/ccbs/datafile/users.322.775997741
input datafile file number=00048 name=+DATA/ccbs/datafile/users.325.775997857
input datafile file number=00051 name=+DATA/ccbs/datafile/users.328.775997951
input datafile file number=00054 name=+DATA/ccbs/datafile/users.331.775998423
input datafile file number=00057 name=+DATA/ccbs/datafile/users.334.776000867
input datafile file number=00060 name=+DATA/ccbs/datafile/tbs_others.337.776001527
input datafile file number=00064 name=+DATA/ccbs/datafile/users.341.780492153
input datafile file number=00067 name=+DATA/ccbs/datafile/users.344.780492429
input datafile file number=00070 name=+DATA/ccbs/datafile/users.347.780493719
input datafile file number=00073 name=+DATA/ccbs/datafile/indx.350.780852893
input datafile file number=00076 name=+DATA/ccbs/datafile/indx.353.780853327
input datafile file number=00079 name=+DATA/ccbs/datafile/users.356.780853583
input datafile file number=00082 name=+DATA/ccbs/datafile/users.359.780853645
input datafile file number=00085 name=+DATA/ccbs/datafile/users.362.780853743
input datafile file number=00088 name=+DATA/ccbs/datafile/users.365.780853919
input datafile file number=00091 name=+DATA/ccbs/datafile/users.368.780853979
input datafile file number=00094 name=+DATA/ccbs/datafile/users.371.780854093
input datafile file number=00097 name=+DATA/ccbs/datafile/users.374.780854327
input datafile file number=00100 name=+DATA/ccbs/datafile/users.377.780854429
input datafile file number=00103 name=+DATA/ccbs/datafile/indx.386.819597557
input datafile file number=00123 name=+DATA/ccbs/datafile/indx.416.843228721
input datafile file number=00126 name=+DATA/ccbs/datafile/indx.419.843228767
input datafile file number=00136 name=+DATA/ccbs/datafile/users.711.870969071
input datafile file number=00139 name=+DATA/ccbs/datafile/indx.704.870969125
input datafile file number=00142 name=+DATA/ccbs/datafile/indx.700.870969205
input datafile file number=00145 name=+DATA/ccbs/datafile/gg_data.762.870969269
input datafile file number=00148 name=+DATA/ccbs/datafile/undotbs2_02.932.870969393
input datafile file number=00110 name=+DATA/ccbs/datafile/indx.403.843228457
input datafile file number=00112 name=+DATA/ccbs/datafile/indx.405.843228469
input datafile file number=00115 name=+DATA/ccbs/datafile/indx.408.843228491
input datafile file number=00118 name=+DATA/ccbs/datafile/indx.411.843228541
input datafile file number=00121 name=+DATA/ccbs/datafile/indx.414.843228559
channel ORA_DISK_1: starting piece 1 at 02/03/2015 21:00:10
channel ORA_DISK_2: starting compressed incremental level 1 datafile backup set
channel ORA_DISK_2: specifying datafile(s) in backup set
input datafile file number=00106 name=+DATA/ccbs/datafile/sysaux.389.822699397
input datafile file number=00127 name=+DATA/ccbs/datafile/undotbs1_02.455.857385555
input datafile file number=00128 name=+DATA/ccbs/datafile/undotbs1_02.425.857385591
input datafile file number=00131 name=+DATA/ccbs/datafile/undotbs2_02.423.857385961
input datafile file number=00134 name=+DATA/ccbs/datafile/undotbs2_02.485.857386063
input datafile file number=00005 name=+DATA/ccbs/datafile/users.269.772710879
input datafile file number=00008 name=+DATA/ccbs/datafile/users.283.774527719
input datafile file number=00011 name=+DATA/ccbs/datafile/tbs_others.288.774531157
input datafile file number=00014 name=+DATA/ccbs/datafile/indx.291.774541763
input datafile file number=00017 name=+DATA/ccbs/datafile/indx.294.774541943
input datafile file number=00020 name=+DATA/ccbs/datafile/users.297.774542019
input datafile file number=00023 name=+DATA/ccbs/datafile/users.300.774543249
input datafile file number=00026 name=+DATA/ccbs/datafile/users.303.774543375
input datafile file number=00029 name=+DATA/ccbs/datafile/users.306.774543465
input datafile file number=00032 name=+DATA/ccbs/datafile/users.309.774543697
input datafile file number=00035 name=+DATA/ccbs/datafile/users.312.775873715
input datafile file number=00038 name=+DATA/ccbs/datafile/users.315.775996699
input datafile file number=00041 name=+DATA/ccbs/datafile/users.318.775997657
input datafile file number=00044 name=+DATA/ccbs/datafile/users.321.775997721
input datafile file number=00047 name=+DATA/ccbs/datafile/users.324.775997821
input datafile file number=00050 name=+DATA/ccbs/datafile/users.327.775997915
input datafile file number=00053 name=+DATA/ccbs/datafile/users.330.775998311
input datafile file number=00056 name=+DATA/ccbs/datafile/users.333.776000415
input datafile file number=00059 name=+DATA/ccbs/datafile/tbs_others.336.776001499
input datafile file number=00063 name=+DATA/ccbs/datafile/users.340.780491785
input datafile file number=00066 name=+DATA/ccbs/datafile/users.343.780492321
input datafile file number=00069 name=+DATA/ccbs/datafile/users.346.780493683
input datafile file number=00072 name=+DATA/ccbs/datafile/indx.349.780852847
input datafile file number=00075 name=+DATA/ccbs/datafile/indx.352.780853165
input datafile file number=00078 name=+DATA/ccbs/datafile/users.355.780853553
input datafile file number=00081 name=+DATA/ccbs/datafile/users.358.780853623
input datafile file number=00084 name=+DATA/ccbs/datafile/users.361.780853717
input datafile file number=00087 name=+DATA/ccbs/datafile/users.364.780853901
input datafile file number=00090 name=+DATA/ccbs/datafile/users.367.780853961
input datafile file number=00093 name=+DATA/ccbs/datafile/users.370.780854023
input datafile file number=00096 name=+DATA/ccbs/datafile/users.373.780854307
input datafile file number=00099 name=+DATA/ccbs/datafile/users.376.780854365
input datafile file number=00102 name=+DATA/ccbs/datafile/indx.284.819597493
input datafile file number=00122 name=+DATA/ccbs/datafile/indx.415.843228705
input datafile file number=00125 name=+DATA/ccbs/datafile/indx.418.843228751
input datafile file number=00004 name=+DATA/ccbs/datafile/system.714.870969047
input datafile file number=00138 name=+DATA/ccbs/datafile/users.715.870969105
input datafile file number=00141 name=+DATA/ccbs/datafile/indx.707.870969167
input datafile file number=00144 name=+DATA/ccbs/datafile/tbs_others.645.870969247
input datafile file number=00147 name=+DATA/ccbs/datafile/undotbs1_02.931.870969377
input datafile file number=00109 name=+DATA/ccbs/datafile/indx.402.843228399
input datafile file number=00111 name=+DATA/ccbs/datafile/indx.404.843228463
input datafile file number=00114 name=+DATA/ccbs/datafile/indx.407.843228483
input datafile file number=00117 name=+DATA/ccbs/datafile/indx.410.843228505
input datafile file number=00120 name=+DATA/ccbs/datafile/indx.413.843228553
channel ORA_DISK_2: starting piece 1 at 02/03/2015 21:00:14
channel ORA_DISK_1: finished piece 1 at 02/03/2015 21:18:09
piece handle=+DATA/rman/level1_02_20150302_64q0rjup_1_1 tag=MON_LV1_2_15 comment=NONE
channel ORA_DISK_1: backup set complete, elapsed time: 00:17:59
channel ORA_DISK_1: starting compressed incremental level 1 datafile backup set
channel ORA_DISK_1: specifying datafile(s) in backup set
input datafile file number=00002 name=+DATA/ccbs/datafile/sysaux.258.772710837
input datafile file number=00107 name=+DATA/ccbs/datafile/sysaux.390.822699669
input datafile file number=00130 name=+DATA/ccbs/datafile/undotbs1_02.426.857385663
input datafile file number=00133 name=+DATA/ccbs/datafile/undotbs2_02.516.857386025
input datafile file number=00001 name=+DATA/ccbs/datafile/system.271.772710825
input datafile file number=00061 name=+DATA/ccbs/datafile/gg_data.338.779148549
input datafile file number=00007 name=+DATA/ccbs/datafile/users.282.774527471
input datafile file number=00010 name=+DATA/ccbs/datafile/indx.287.774530539
input datafile file number=00013 name=+DATA/ccbs/datafile/indx.290.774541697
input datafile file number=00016 name=+DATA/ccbs/datafile/indx.293.774541877
input datafile file number=00019 name=+DATA/ccbs/datafile/indx.296.774541987
input datafile file number=00022 name=+DATA/ccbs/datafile/users.299.774543191
input datafile file number=00025 name=+DATA/ccbs/datafile/users.302.774543327
input datafile file number=00028 name=+DATA/ccbs/datafile/users.305.774543443
input datafile file number=00031 name=+DATA/ccbs/datafile/users.308.774543671
input datafile file number=00034 name=+DATA/ccbs/datafile/users.311.775873655
input datafile file number=00037 name=+DATA/ccbs/datafile/users.314.775996677
input datafile file number=00040 name=+DATA/ccbs/datafile/users.317.775996743
input datafile file number=00043 name=+DATA/ccbs/datafile/users.320.775997701
input datafile file number=00046 name=+DATA/ccbs/datafile/users.323.775997787
input datafile file number=00049 name=+DATA/ccbs/datafile/users.326.775997875
input datafile file number=00052 name=+DATA/ccbs/datafile/users.329.775998289
input datafile file number=00055 name=+DATA/ccbs/datafile/users.332.776000393
input datafile file number=00058 name=+DATA/ccbs/datafile/users.335.776001375
input datafile file number=00062 name=+DATA/ccbs/datafile/users.339.780491723
input datafile file number=00065 name=+DATA/ccbs/datafile/users.342.780492259
input datafile file number=00068 name=+DATA/ccbs/datafile/users.345.780493063
input datafile file number=00071 name=+DATA/ccbs/datafile/users.348.780493937
input datafile file number=00074 name=+DATA/ccbs/datafile/indx.351.780853091
input datafile file number=00077 name=+DATA/ccbs/datafile/indx.354.780853419
input datafile file number=00080 name=+DATA/ccbs/datafile/users.357.780853601
input datafile file number=00083 name=+DATA/ccbs/datafile/users.360.780853693
input datafile file number=00086 name=+DATA/ccbs/datafile/users.363.780853829
input datafile file number=00089 name=+DATA/ccbs/datafile/users.366.780853939
input datafile file number=00092 name=+DATA/ccbs/datafile/users.369.780853997
input datafile file number=00095 name=+DATA/ccbs/datafile/users.372.780854143
input datafile file number=00098 name=+DATA/ccbs/datafile/users.375.780854347
input datafile file number=00101 name=+DATA/ccbs/datafile/tbs_others.267.792772437
input datafile file number=00104 name=+DATA/ccbs/datafile/indx.387.819597647
input datafile file number=00124 name=+DATA/ccbs/datafile/indx.417.843228737
input datafile file number=00003 name=+DATA/ccbs/datafile/system.709.870969027
input datafile file number=00137 name=+DATA/ccbs/datafile/users.713.870969093
input datafile file number=00140 name=+DATA/ccbs/datafile/indx.708.870969149
input datafile file number=00143 name=+DATA/ccbs/datafile/users.763.870969217
input datafile file number=00146 name=+DATA/ccbs/datafile/undotbs1_02.930.870969365
input datafile file number=00149 name=+DATA/ccbs/datafile/undotbs2_02.933.870969415
input datafile file number=00113 name=+DATA/ccbs/datafile/indx.406.843228475
input datafile file number=00116 name=+DATA/ccbs/datafile/indx.409.843228497
input datafile file number=00119 name=+DATA/ccbs/datafile/indx.412.843228547
channel ORA_DISK_1: starting piece 1 at 02/03/2015 21:18:10
channel ORA_DISK_2: finished piece 1 at 02/03/2015 21:21:15
piece handle=+DATA/rman/level1_02_20150302_65q0rjuq_1_1 tag=MON_LV1_2_15 comment=NONE
channel ORA_DISK_2: starting piece 2 at 02/03/2015 21:21:15
channel ORA_DISK_2: finished piece 2 at 02/03/2015 21:24:20
piece handle=+DATA/rman/level1_02_20150302_65q0rjuq_2_1 tag=MON_LV1_2_15 comment=NONE
channel ORA_DISK_2: backup set complete, elapsed time: 00:24:06
channel ORA_DISK_2: starting compressed incremental level 1 datafile backup set
channel ORA_DISK_2: specifying datafile(s) in backup set
including current control file in backup set
channel ORA_DISK_2: starting piece 1 at 02/03/2015 21:24:35
channel ORA_DISK_2: finished piece 1 at 02/03/2015 21:24:38
piece handle=+DATA/rman/level1_02_20150302_67q0rlc4_1_1 tag=MON_LV1_2_15 comment=NONE
channel ORA_DISK_2: backup set complete, elapsed time: 00:00:03
channel ORA_DISK_1: finished piece 1 at 02/03/2015 21:33:31
piece handle=+DATA/rman/level1_02_20150302_66q0rl0h_1_1 tag=MON_LV1_2_15 comment=NONE
channel ORA_DISK_1: backup set complete, elapsed time: 00:15:21
Finished backup at 02/03/2015 21:33:31

Starting Control File and SPFILE Autobackup at 02/03/2015 21:33:31
piece handle=+RECO/rman/c-271141816-20150302-00 comment=NONE
Finished Control File and SPFILE Autobackup at 02/03/2015 21:33:34

sql statement: ALTER SYSTEM ARCHIVE LOG CURRENT

Starting backup at 02/03/2015 21:33:39
current log archived
using channel ORA_DISK_1
using channel ORA_DISK_2
skipping archived log file +RECO/ccbs/archivelog/2015_02_28/thread_1_seq_21202.3505.872897863; already backed up 1 time(s)
skipping archived log file +RECO/ccbs/archivelog/2015_02_28/thread_1_seq_21203.3320.872898009; already backed up 1 time(s)
skipping archived log file +RECO/ccbs/archivelog/2015_03_01/thread_1_seq_21204.3955.873181581; already backed up 1 time(s)
skipping archived log file +RECO/ccbs/archivelog/2015_03_01/thread_1_seq_21205.1883.873226871; already backed up 1 time(s)
skipping archived log file +RECO/ccbs/archivelog/2015_03_01/thread_1_seq_21206.2360.873226875; already backed up 1 time(s)
skipping archived log file +RECO/ccbs/archivelog/2015_03_02/thread_1_seq_21207.258.873274171; already backed up 1 time(s)
skipping archived log file +RECO/ccbs/archivelog/2015_02_28/thread_2_seq_17543.3485.872897851; already backed up 1 time(s)
skipping archived log file +RECO/ccbs/archivelog/2015_02_28/thread_2_seq_17544.1899.872897901; already backed up 1 time(s)
skipping archived log file +RECO/ccbs/archivelog/2015_02_28/thread_2_seq_17545.3312.872897949; already backed up 1 time(s)
skipping archived log file +RECO/ccbs/archivelog/2015_02_28/thread_2_seq_17546.3479.872897997; already backed up 1 time(s)
skipping archived log file +RECO/ccbs/archivelog/2015_02_28/thread_2_seq_17547.3281.872898045; already backed up 1 time(s)
skipping archived log file +RECO/ccbs/archivelog/2015_02_28/thread_2_seq_17548.3915.872898097; already backed up 1 time(s)
skipping archived log file +RECO/ccbs/archivelog/2015_03_01/thread_2_seq_17549.4242.873158629; already backed up 1 time(s)
skipping archived log file +RECO/ccbs/archivelog/2015_03_01/thread_2_seq_17550.538.873181617; already backed up 1 time(s)
skipping archived log file +RECO/ccbs/archivelog/2015_03_01/thread_2_seq_17551.3902.873226873; already backed up 1 time(s)
skipping archived log file +RECO/ccbs/archivelog/2015_03_01/thread_2_seq_17552.2403.873226913; already backed up 1 time(s)
skipping archived log file +RECO/ccbs/archivelog/2015_03_02/thread_2_seq_17553.856.873274207; already backed up 1 time(s)
channel ORA_DISK_1: starting compressed archived log backup set
channel ORA_DISK_1: specifying archived log(s) in backup set
input archived log thread=2 sequence=17554 RECID=57905 STAMP=873288181
input archived log thread=1 sequence=21208 RECID=57907 STAMP=873291757
input archived log thread=2 sequence=17555 RECID=57906 STAMP=873291321
input archived log thread=2 sequence=17556 RECID=57908 STAMP=873291801
input archived log thread=2 sequence=17557 RECID=57909 STAMP=873292281
input archived log thread=1 sequence=21209 RECID=57911 STAMP=873292459
input archived log thread=2 sequence=17558 RECID=57910 STAMP=873292462
input archived log thread=2 sequence=17559 RECID=57912 STAMP=873292506
input archived log thread=2 sequence=17560 RECID=57913 STAMP=873292667
input archived log thread=1 sequence=21210 RECID=57915 STAMP=873293561
input archived log thread=2 sequence=17561 RECID=57914 STAMP=873292844
input archived log thread=2 sequence=17562 RECID=57916 STAMP=873293608
input archived log thread=2 sequence=17563 RECID=57917 STAMP=873294005
input archived log thread=1 sequence=21211 RECID=57919 STAMP=873294610
input archived log thread=2 sequence=17564 RECID=57918 STAMP=873294461
input archived log thread=2 sequence=17565 RECID=57920 STAMP=873294658
input archived log thread=2 sequence=17566 RECID=57922 STAMP=873294695
input archived log thread=1 sequence=21212 RECID=57921 STAMP=873294644
input archived log thread=1 sequence=21213 RECID=57923 STAMP=873294667
input archived log thread=1 sequence=21214 RECID=57925 STAMP=873296977
input archived log thread=2 sequence=17567 RECID=57924 STAMP=873296827
channel ORA_DISK_1: starting piece 1 at 02/03/2015 21:33:46
channel ORA_DISK_2: starting compressed archived log backup set
channel ORA_DISK_2: specifying archived log(s) in backup set
input archived log thread=2 sequence=17568 RECID=57926 STAMP=873297137
input archived log thread=1 sequence=21215 RECID=57928 STAMP=873297825
input archived log thread=2 sequence=17569 RECID=57927 STAMP=873297280
input archived log thread=2 sequence=17570 RECID=57929 STAMP=873297872
input archived log thread=2 sequence=17571 RECID=57931 STAMP=873299200
input archived log thread=1 sequence=21216 RECID=57930 STAMP=873299144
input archived log thread=1 sequence=21217 RECID=57932 STAMP=873299165
input archived log thread=1 sequence=21218 RECID=57933 STAMP=873299182
input archived log thread=2 sequence=17572 RECID=57935 STAMP=873299393
input archived log thread=1 sequence=21219 RECID=57934 STAMP=873299344
input archived log thread=1 sequence=21220 RECID=57936 STAMP=873299365
input archived log thread=1 sequence=21221 RECID=57937 STAMP=873299381
input archived log thread=2 sequence=17573 RECID=57939 STAMP=873301594
input archived log thread=1 sequence=21222 RECID=57938 STAMP=873299802
input archived log thread=1 sequence=21223 RECID=57941 STAMP=873305034
input archived log thread=2 sequence=17574 RECID=57940 STAMP=873301729
input archived log thread=2 sequence=17575 RECID=57942 STAMP=873305077
input archived log thread=2 sequence=17576 RECID=57944 STAMP=873322457
input archived log thread=1 sequence=21224 RECID=57943 STAMP=873322416
input archived log thread=1 sequence=21225 RECID=57945 STAMP=873322421
input archived log thread=2 sequence=17577 RECID=57946 STAMP=873322460
channel ORA_DISK_2: starting piece 1 at 02/03/2015 21:33:46
channel ORA_DISK_1: finished piece 1 at 02/03/2015 21:41:21
piece handle=+DATA/rman/archi_02_20150302_69q0rltq_1_1 tag=MONTHLY_ARCH_2_15 comment=NONE
channel ORA_DISK_1: starting piece 2 at 02/03/2015 21:41:21
channel ORA_DISK_2: finished piece 1 at 02/03/2015 21:41:56
piece handle=+DATA/rman/archi_02_20150302_6aq0rltq_1_1 tag=MONTHLY_ARCH_2_15 comment=NONE
channel ORA_DISK_2: starting piece 2 at 02/03/2015 21:41:56
channel ORA_DISK_2: finished piece 2 at 02/03/2015 21:45:51
piece handle=+DATA/rman/archi_02_20150302_6aq0rltq_2_1 tag=MONTHLY_ARCH_2_15 comment=NONE
channel ORA_DISK_2: backup set complete, elapsed time: 00:12:05
channel ORA_DISK_2: deleting archived log(s)
archived log file name=+RECO/ccbs/archivelog/2015_03_02/thread_2_seq_17568.3045.873297125 RECID=57926 STAMP=873297137
archived log file name=+RECO/ccbs/archivelog/2015_03_02/thread_1_seq_21215.1977.873297823 RECID=57928 STAMP=873297825
archived log file name=+RECO/ccbs/archivelog/2015_03_02/thread_2_seq_17569.2567.873297269 RECID=57927 STAMP=873297280
archived log file name=+RECO/ccbs/archivelog/2015_03_02/thread_2_seq_17570.2689.873297861 RECID=57929 STAMP=873297872
archived log file name=+RECO/ccbs/archivelog/2015_03_02/thread_2_seq_17571.2589.873299191 RECID=57931 STAMP=873299200
archived log file name=+RECO/ccbs/archivelog/2015_03_02/thread_1_seq_21216.2582.873299133 RECID=57930 STAMP=873299144
archived log file name=+RECO/ccbs/archivelog/2015_03_02/thread_1_seq_21217.1935.873299151 RECID=57932 STAMP=873299165
archived log file name=+RECO/ccbs/archivelog/2015_03_02/thread_1_seq_21218.2601.873299169 RECID=57933 STAMP=873299182
archived log file name=+RECO/ccbs/archivelog/2015_03_02/thread_2_seq_17572.1808.873299391 RECID=57935 STAMP=873299393
archived log file name=+RECO/ccbs/archivelog/2015_03_02/thread_1_seq_21219.1911.873299331 RECID=57934 STAMP=873299344
archived log file name=+RECO/ccbs/archivelog/2015_03_02/thread_1_seq_21220.2619.873299351 RECID=57936 STAMP=873299365
archived log file name=+RECO/ccbs/archivelog/2015_03_02/thread_1_seq_21221.1790.873299369 RECID=57937 STAMP=873299381
archived log file name=+RECO/ccbs/archivelog/2015_03_02/thread_2_seq_17573.1742.873301583 RECID=57939 STAMP=873301594
archived log file name=+RECO/ccbs/archivelog/2015_03_02/thread_1_seq_21222.1830.873299791 RECID=57938 STAMP=873299802
archived log file name=+RECO/ccbs/archivelog/2015_03_02/thread_1_seq_21223.2910.873305027 RECID=57941 STAMP=873305034
archived log file name=+RECO/ccbs/archivelog/2015_03_02/thread_2_seq_17574.3896.873301717 RECID=57940 STAMP=873301729
archived log file name=+RECO/ccbs/archivelog/2015_03_02/thread_2_seq_17575.4029.873305065 RECID=57942 STAMP=873305077
archived log file name=+RECO/ccbs/archivelog/2015_03_02/thread_2_seq_17576.3440.873322455 RECID=57944 STAMP=873322457
archived log file name=+RECO/ccbs/archivelog/2015_03_02/thread_1_seq_21224.3455.873322415 RECID=57943 STAMP=873322416
archived log file name=+RECO/ccbs/archivelog/2015_03_02/thread_1_seq_21225.3513.873322421 RECID=57945 STAMP=873322421
archived log file name=+RECO/ccbs/archivelog/2015_03_02/thread_2_seq_17577.627.873322461 RECID=57946 STAMP=873322460
channel ORA_DISK_2: deleting archived log(s)
archived log file name=+RECO/ccbs/archivelog/2015_02_28/thread_1_seq_21202.3505.872897863 RECID=57889 STAMP=872897862
archived log file name=+RECO/ccbs/archivelog/2015_02_28/thread_1_seq_21203.3320.872898009 RECID=57893 STAMP=872898009
archived log file name=+RECO/ccbs/archivelog/2015_03_01/thread_1_seq_21204.3955.873181581 RECID=57897 STAMP=873181586
archived log file name=+RECO/ccbs/archivelog/2015_03_01/thread_1_seq_21205.1883.873226871 RECID=57899 STAMP=873226872
archived log file name=+RECO/ccbs/archivelog/2015_03_01/thread_1_seq_21206.2360.873226875 RECID=57901 STAMP=873226874
archived log file name=+RECO/ccbs/archivelog/2015_03_02/thread_1_seq_21207.258.873274171 RECID=57904 STAMP=873274181
archived log file name=+RECO/ccbs/archivelog/2015_02_28/thread_2_seq_17543.3485.872897851 RECID=57888 STAMP=872897864
archived log file name=+RECO/ccbs/archivelog/2015_02_28/thread_2_seq_17544.1899.872897901 RECID=57890 STAMP=872897913
archived log file name=+RECO/ccbs/archivelog/2015_02_28/thread_2_seq_17545.3312.872897949 RECID=57891 STAMP=872897961
archived log file name=+RECO/ccbs/archivelog/2015_02_28/thread_2_seq_17546.3479.872897997 RECID=57892 STAMP=872898009
archived log file name=+RECO/ccbs/archivelog/2015_02_28/thread_2_seq_17547.3281.872898045 RECID=57894 STAMP=872898057
archived log file name=+RECO/ccbs/archivelog/2015_02_28/thread_2_seq_17548.3915.872898097 RECID=57895 STAMP=872898109
archived log file name=+RECO/ccbs/archivelog/2015_03_01/thread_2_seq_17549.4242.873158629 RECID=57896 STAMP=873158640
archived log file name=+RECO/ccbs/archivelog/2015_03_01/thread_2_seq_17550.538.873181617 RECID=57898 STAMP=873181628
archived log file name=+RECO/ccbs/archivelog/2015_03_01/thread_2_seq_17551.3902.873226873 RECID=57900 STAMP=873226874
archived log file name=+RECO/ccbs/archivelog/2015_03_01/thread_2_seq_17552.2403.873226913 RECID=57902 STAMP=873226913
archived log file name=+RECO/ccbs/archivelog/2015_03_02/thread_2_seq_17553.856.873274207 RECID=57903 STAMP=873274213
channel ORA_DISK_1: finished piece 2 at 02/03/2015 21:47:14
piece handle=+DATA/rman/archi_02_20150302_69q0rltq_2_1 tag=MONTHLY_ARCH_2_15 comment=NONE
channel ORA_DISK_1: backup set complete, elapsed time: 00:13:28
channel ORA_DISK_1: deleting archived log(s)
archived log file name=+RECO/ccbs/archivelog/2015_03_02/thread_2_seq_17554.3809.873288169 RECID=57905 STAMP=873288181
archived log file name=+RECO/ccbs/archivelog/2015_03_02/thread_1_seq_21208.548.873291753 RECID=57907 STAMP=873291757
archived log file name=+RECO/ccbs/archivelog/2015_03_02/thread_2_seq_17555.338.873291307 RECID=57906 STAMP=873291321
archived log file name=+RECO/ccbs/archivelog/2015_03_02/thread_2_seq_17556.4200.873291789 RECID=57908 STAMP=873291801
archived log file name=+RECO/ccbs/archivelog/2015_03_02/thread_2_seq_17557.1464.873292269 RECID=57909 STAMP=873292281
archived log file name=+RECO/ccbs/archivelog/2015_03_02/thread_1_seq_21209.1403.873292459 RECID=57911 STAMP=873292459
archived log file name=+RECO/ccbs/archivelog/2015_03_02/thread_2_seq_17558.2969.873292449 RECID=57910 STAMP=873292462
archived log file name=+RECO/ccbs/archivelog/2015_03_02/thread_2_seq_17559.1211.873292495 RECID=57912 STAMP=873292506
archived log file name=+RECO/ccbs/archivelog/2015_03_02/thread_2_seq_17560.1205.873292655 RECID=57913 STAMP=873292667
archived log file name=+RECO/ccbs/archivelog/2015_03_02/thread_1_seq_21210.365.873293561 RECID=57915 STAMP=873293561
archived log file name=+RECO/ccbs/archivelog/2015_03_02/thread_2_seq_17561.461.873292831 RECID=57914 STAMP=873292844
archived log file name=+RECO/ccbs/archivelog/2015_03_02/thread_2_seq_17562.1333.873293597 RECID=57916 STAMP=873293608
archived log file name=+RECO/ccbs/archivelog/2015_03_02/thread_2_seq_17563.1444.873293993 RECID=57917 STAMP=873294005
archived log file name=+RECO/ccbs/archivelog/2015_03_02/thread_1_seq_21211.3146.873294609 RECID=57919 STAMP=873294610
archived log file name=+RECO/ccbs/archivelog/2015_03_02/thread_2_seq_17564.1422.873294449 RECID=57918 STAMP=873294461
archived log file name=+RECO/ccbs/archivelog/2015_03_02/thread_2_seq_17565.1369.873294645 RECID=57920 STAMP=873294658
archived log file name=+RECO/ccbs/archivelog/2015_03_02/thread_2_seq_17566.3144.873294693 RECID=57922 STAMP=873294695
archived log file name=+RECO/ccbs/archivelog/2015_03_02/thread_1_seq_21212.1315.873294627 RECID=57921 STAMP=873294644
archived log file name=+RECO/ccbs/archivelog/2015_03_02/thread_1_seq_21213.3037.873294651 RECID=57923 STAMP=873294667
archived log file name=+RECO/ccbs/archivelog/2015_03_02/thread_1_seq_21214.4226.873296963 RECID=57925 STAMP=873296977
archived log file name=+RECO/ccbs/archivelog/2015_03_02/thread_2_seq_17567.3533.873296815 RECID=57924 STAMP=873296827
Finished backup at 02/03/2015 21:47:15

Starting Control File and SPFILE Autobackup at 02/03/2015 21:47:15
piece handle=+RECO/rman/c-271141816-20150302-01 comment=NONE
Finished Control File and SPFILE Autobackup at 02/03/2015 21:47:19

Recovery Manager complete.
