
Recovery Manager: Release 11.2.0.2.0 - Production on Wed Dec 3 21:00:01 2014

Copyright (c) 1982, 2009, Oracle and/or its affiliates.  All rights reserved.

connected to target database: CCBS (DBID=271141816)

RMAN> #CONFIGURE RETENTION POLICY TO REDUNDANCY 1;	#updated 20/3/2014 
2> #CONFIGURE BACKUP OPTIMIZATION ON;
3> #CONFIGURE DEFAULT DEVICE TYPE TO DISK; # default
4> #CONFIGURE CONTROLFILE AUTOBACKUP OFF;
5> #CONFIGURE CONTROLFILE AUTOBACKUP FORMAT FOR DEVICE TYPE DISK TO '+RECO/RMAN/%F';
6> #CONFIGURE DEVICE TYPE DISK PARALLELISM 2 BACKUP TYPE TO COMPRESSED BACKUPSET;
7> #CONFIGURE DATAFILE BACKUP COPIES FOR DEVICE TYPE DISK TO 1; # default
8> #CONFIGURE ARCHIVELOG BACKUP COPIES FOR DEVICE TYPE DISK TO 1; # default
9> #CONFIGURE CHANNEL DEVICE TYPE DISK MAXPIECESIZE 4 G; #updated 24/3/2014
10> #CONFIGURE MAXSETSIZE TO UNLIMITED;
11> #CONFIGURE ENCRYPTION FOR DATABASE OFF; # default
12> #CONFIGURE ENCRYPTION ALGORITHM 'AES128'; # default
13> #CONFIGURE COMPRESSION ALGORITHM 'BASIC' AS OF RELEASE 'DEFAULT' OPTIMIZE FOR LOAD TRUE ; # default
14> #Chi khi nao cac archive da duoc apply tren cac standby thi moi cho delete.
15> #CONFIGURE ARCHIVELOG DELETION POLICY TO APPLIED ON ALL STANDBY;
16> #CONFIGURE SNAPSHOT CONTROLFILE NAME TO '/u01/app/oracle/product/11.2.0.2/dbhome_1/dbs/snapcf_ccbs1.f'; # default
17> 
18> 
19> #updated 20/8/2014
20> # Ngay 1:
21> #	Xoa cac backup obsolete: Giu lai backupset hien tai, xoa cac ban backupset truoc do.
22> #	Backup level0 vao +RECO	tag MONTHLY_LEVEL_0_day1
23> # 	copy ban level0 thu 2 vao o dia /mnt/nfs52100/RMAN	copy_MONTHLY_LEVEL_0_day1
24> # Ngay 2-15:
25> #	Backup copies 2 level1 vao +RECO,/mnt/nfs52100/RMAN
26> #	Backup copies 2 archived vao +RECO,/mnt/nfs52100/RMAN
27> #	Delete archived all
28> 
29> # Ngay 16:
30> #	Xoa cac backup obsolete: Giu lai backupset hien tai, xoa cac ban backupset truoc do.
31> #	Backup level0 vao +RECO	tag MONTHLY_LEVEL_0_day16
32> # 	copy ban level0 thu 2 vao o dia /mnt/nfs52100/RMAN	tag copy_MONTHLY_LEVEL_0_day16
33> # Ngay 17-31:
34> #	Backup copies 2 level1 vao +RECO,/mnt/nfs52100/RMAN	
35> #	Backup copies 2 archived vao +RECO,/mnt/nfs52100/RMAN
36> #	Delete archived all
37> 
38> run
39> {
40>    backup incremental level 1 copies 2 format '+DATA/RMAN/level1_%D_%T_%U','/mnt/nfs52100/RMAN/level1_%D_%T_%U' tag MONTHLY_LEVEL_1 
41> #   backup incremental level 1 copies 2 format '+RECO/RMAN/level1_%D_%T_%U' tag MONTHLY_LEVEL_1 
42> 
43>   database include current controlfile;
44> 	sql 'ALTER SYSTEM ARCHIVE LOG CURRENT';
45> 	backup as compressed backupset copies 2 archivelog all format '+DATA/RMAN/archi_%D_%T_%U','/u03/rman_ccbs_ftp5/RMAN/archi_%D_%T_%U'
46>   tag monthly_arch delete input;
47> }
48> 
Starting backup at 03/12/2014 21:00:03
using target database control file instead of recovery catalog
allocated channel: ORA_DISK_1
channel ORA_DISK_1: SID=397 instance=ccbs1 device type=DISK
allocated channel: ORA_DISK_2
channel ORA_DISK_2: SID=484 instance=ccbs1 device type=DISK
channel ORA_DISK_1: starting compressed incremental level 1 datafile backup set
channel ORA_DISK_1: specifying datafile(s) in backup set
input datafile file number=00002 name=+DATA/ccbs/datafile/sysaux.258.772710837
input datafile file number=00107 name=+DATA/ccbs/datafile/sysaux.390.822699669
input datafile file number=00130 name=+DATA/ccbs/datafile/undotbs1_02.426.857385663
input datafile file number=00133 name=+DATA/ccbs/datafile/undotbs2_02.516.857386025
input datafile file number=00001 name=+DATA/ccbs/datafile/system.271.772710825
input datafile file number=00061 name=+DATA/ccbs/datafile/gg_data.338.779148549
input datafile file number=00007 name=+DATA/ccbs/datafile/users.282.774527471
input datafile file number=00010 name=+DATA/ccbs/datafile/indx.287.774530539
input datafile file number=00013 name=+DATA/ccbs/datafile/indx.290.774541697
input datafile file number=00016 name=+DATA/ccbs/datafile/indx.293.774541877
input datafile file number=00019 name=+DATA/ccbs/datafile/indx.296.774541987
input datafile file number=00022 name=+DATA/ccbs/datafile/users.299.774543191
input datafile file number=00025 name=+DATA/ccbs/datafile/users.302.774543327
input datafile file number=00028 name=+DATA/ccbs/datafile/users.305.774543443
input datafile file number=00031 name=+DATA/ccbs/datafile/users.308.774543671
input datafile file number=00034 name=+DATA/ccbs/datafile/users.311.775873655
input datafile file number=00037 name=+DATA/ccbs/datafile/users.314.775996677
input datafile file number=00040 name=+DATA/ccbs/datafile/users.317.775996743
input datafile file number=00043 name=+DATA/ccbs/datafile/users.320.775997701
input datafile file number=00046 name=+DATA/ccbs/datafile/users.323.775997787
input datafile file number=00049 name=+DATA/ccbs/datafile/users.326.775997875
input datafile file number=00052 name=+DATA/ccbs/datafile/users.329.775998289
input datafile file number=00055 name=+DATA/ccbs/datafile/users.332.776000393
input datafile file number=00058 name=+DATA/ccbs/datafile/users.335.776001375
input datafile file number=00062 name=+DATA/ccbs/datafile/users.339.780491723
input datafile file number=00065 name=+DATA/ccbs/datafile/users.342.780492259
input datafile file number=00068 name=+DATA/ccbs/datafile/users.345.780493063
input datafile file number=00071 name=+DATA/ccbs/datafile/users.348.780493937
input datafile file number=00074 name=+DATA/ccbs/datafile/indx.351.780853091
input datafile file number=00077 name=+DATA/ccbs/datafile/indx.354.780853419
input datafile file number=00080 name=+DATA/ccbs/datafile/users.357.780853601
input datafile file number=00083 name=+DATA/ccbs/datafile/users.360.780853693
input datafile file number=00086 name=+DATA/ccbs/datafile/users.363.780853829
input datafile file number=00089 name=+DATA/ccbs/datafile/users.366.780853939
input datafile file number=00092 name=+DATA/ccbs/datafile/users.369.780853997
input datafile file number=00095 name=+DATA/ccbs/datafile/users.372.780854143
input datafile file number=00098 name=+DATA/ccbs/datafile/users.375.780854347
input datafile file number=00101 name=+DATA/ccbs/datafile/tbs_others.267.792772437
input datafile file number=00104 name=+DATA/ccbs/datafile/indx.387.819597647
input datafile file number=00124 name=+DATA/ccbs/datafile/indx.417.843228737
input datafile file number=00109 name=+DATA/ccbs/datafile/indx.402.843228399
input datafile file number=00112 name=+DATA/ccbs/datafile/indx.405.843228469
input datafile file number=00115 name=+DATA/ccbs/datafile/indx.408.843228491
input datafile file number=00118 name=+DATA/ccbs/datafile/indx.411.843228541
input datafile file number=00121 name=+DATA/ccbs/datafile/indx.414.843228559
channel ORA_DISK_1: starting piece 1 at 03/12/2014 21:00:08
channel ORA_DISK_2: starting compressed incremental level 1 datafile backup set
channel ORA_DISK_2: specifying datafile(s) in backup set
input datafile file number=00105 name=+DATA/ccbs/datafile/sysaux.388.822699379
input datafile file number=00108 name=+DATA/ccbs/datafile/sysaux.391.822699673
input datafile file number=00129 name=+DATA/ccbs/datafile/undotbs1_02.468.857385623
input datafile file number=00132 name=+DATA/ccbs/datafile/undotbs2_02.538.857385993
input datafile file number=00135 name=+DATA/ccbs/datafile/undotbs2_02.633.857386105
input datafile file number=00006 name=+DATA/ccbs/datafile/indx.285.774530247
input datafile file number=00009 name=+DATA/ccbs/datafile/indx.286.774530435
input datafile file number=00012 name=+DATA/ccbs/datafile/tbs_others.289.774531237
input datafile file number=00015 name=+DATA/ccbs/datafile/indx.292.774541795
input datafile file number=00018 name=+DATA/ccbs/datafile/indx.295.774541965
input datafile file number=00021 name=+DATA/ccbs/datafile/users.298.774543045
input datafile file number=00024 name=+DATA/ccbs/datafile/users.301.774543271
input datafile file number=00027 name=+DATA/ccbs/datafile/users.304.774543419
input datafile file number=00030 name=+DATA/ccbs/datafile/users.307.774543485
input datafile file number=00033 name=+DATA/ccbs/datafile/users.310.775873623
input datafile file number=00036 name=+DATA/ccbs/datafile/users.313.775873743
input datafile file number=00039 name=+DATA/ccbs/datafile/users.316.775996723
input datafile file number=00042 name=+DATA/ccbs/datafile/users.319.775997681
input datafile file number=00045 name=+DATA/ccbs/datafile/users.322.775997741
input datafile file number=00048 name=+DATA/ccbs/datafile/users.325.775997857
input datafile file number=00051 name=+DATA/ccbs/datafile/users.328.775997951
input datafile file number=00054 name=+DATA/ccbs/datafile/users.331.775998423
input datafile file number=00057 name=+DATA/ccbs/datafile/users.334.776000867
input datafile file number=00060 name=+DATA/ccbs/datafile/tbs_others.337.776001527
input datafile file number=00064 name=+DATA/ccbs/datafile/users.341.780492153
input datafile file number=00067 name=+DATA/ccbs/datafile/users.344.780492429
input datafile file number=00070 name=+DATA/ccbs/datafile/users.347.780493719
input datafile file number=00073 name=+DATA/ccbs/datafile/indx.350.780852893
input datafile file number=00076 name=+DATA/ccbs/datafile/indx.353.780853327
input datafile file number=00079 name=+DATA/ccbs/datafile/users.356.780853583
input datafile file number=00082 name=+DATA/ccbs/datafile/users.359.780853645
input datafile file number=00085 name=+DATA/ccbs/datafile/users.362.780853743
input datafile file number=00088 name=+DATA/ccbs/datafile/users.365.780853919
input datafile file number=00091 name=+DATA/ccbs/datafile/users.368.780853979
input datafile file number=00094 name=+DATA/ccbs/datafile/users.371.780854093
input datafile file number=00097 name=+DATA/ccbs/datafile/users.374.780854327
input datafile file number=00100 name=+DATA/ccbs/datafile/users.377.780854429
input datafile file number=00103 name=+DATA/ccbs/datafile/indx.386.819597557
input datafile file number=00123 name=+DATA/ccbs/datafile/indx.416.843228721
input datafile file number=00126 name=+DATA/ccbs/datafile/indx.419.843228767
input datafile file number=00111 name=+DATA/ccbs/datafile/indx.404.843228463
input datafile file number=00114 name=+DATA/ccbs/datafile/indx.407.843228483
input datafile file number=00117 name=+DATA/ccbs/datafile/indx.410.843228505
input datafile file number=00120 name=+DATA/ccbs/datafile/indx.413.843228553
channel ORA_DISK_2: starting piece 1 at 03/12/2014 21:00:10
RMAN-03009: failure of backup command on ORA_DISK_2 channel at 12/03/2014 21:01:15
ORA-19502: write error on file "/mnt/nfs52100/RMAN/level1_03_20141203_j7pp91eo_1_2", block number 1 (block size=8192)
ORA-27072: File I/O error
Linux-x86_64 Error: 5: Input/output error
Additional information: 4
Additional information: 1
Additional information: -1
ORA-19502: write error on file "/mnt/nfs52100/RMAN/level1_03_20141203_j7pp91eo_1_2", block number 1 (block size=8192)
channel ORA_DISK_2 disabled, job failed on it will be run on another channel
channel ORA_DISK_1: finished piece 1 at 03/12/2014 21:20:21 with 2 copies and tag MONTHLY_LEVEL_1
piece handle=+DATA/rman/level1_03_20141203_j6pp91eo_1_1 comment=NONE
piece handle=/mnt/nfs52100/RMAN/level1_03_20141203_j6pp91eo_1_2 comment=NONE
channel ORA_DISK_1: starting piece 2 at 03/12/2014 21:20:21
channel ORA_DISK_1: finished piece 2 at 03/12/2014 21:38:36 with 2 copies and tag MONTHLY_LEVEL_1
piece handle=+DATA/rman/level1_03_20141203_j6pp91eo_2_1 comment=NONE
piece handle=/mnt/nfs52100/RMAN/level1_03_20141203_j6pp91eo_2_2 comment=NONE
channel ORA_DISK_1: backup set complete, elapsed time: 00:38:28
channel ORA_DISK_1: starting compressed incremental level 1 datafile backup set
channel ORA_DISK_1: specifying datafile(s) in backup set
input datafile file number=00105 name=+DATA/ccbs/datafile/sysaux.388.822699379
input datafile file number=00108 name=+DATA/ccbs/datafile/sysaux.391.822699673
input datafile file number=00129 name=+DATA/ccbs/datafile/undotbs1_02.468.857385623
input datafile file number=00132 name=+DATA/ccbs/datafile/undotbs2_02.538.857385993
input datafile file number=00135 name=+DATA/ccbs/datafile/undotbs2_02.633.857386105
input datafile file number=00006 name=+DATA/ccbs/datafile/indx.285.774530247
input datafile file number=00009 name=+DATA/ccbs/datafile/indx.286.774530435
input datafile file number=00012 name=+DATA/ccbs/datafile/tbs_others.289.774531237
input datafile file number=00015 name=+DATA/ccbs/datafile/indx.292.774541795
input datafile file number=00018 name=+DATA/ccbs/datafile/indx.295.774541965
input datafile file number=00021 name=+DATA/ccbs/datafile/users.298.774543045
input datafile file number=00024 name=+DATA/ccbs/datafile/users.301.774543271
input datafile file number=00027 name=+DATA/ccbs/datafile/users.304.774543419
input datafile file number=00030 name=+DATA/ccbs/datafile/users.307.774543485
input datafile file number=00033 name=+DATA/ccbs/datafile/users.310.775873623
input datafile file number=00036 name=+DATA/ccbs/datafile/users.313.775873743
input datafile file number=00039 name=+DATA/ccbs/datafile/users.316.775996723
input datafile file number=00042 name=+DATA/ccbs/datafile/users.319.775997681
input datafile file number=00045 name=+DATA/ccbs/datafile/users.322.775997741
input datafile file number=00048 name=+DATA/ccbs/datafile/users.325.775997857
input datafile file number=00051 name=+DATA/ccbs/datafile/users.328.775997951
input datafile file number=00054 name=+DATA/ccbs/datafile/users.331.775998423
input datafile file number=00057 name=+DATA/ccbs/datafile/users.334.776000867
input datafile file number=00060 name=+DATA/ccbs/datafile/tbs_others.337.776001527
input datafile file number=00064 name=+DATA/ccbs/datafile/users.341.780492153
input datafile file number=00067 name=+DATA/ccbs/datafile/users.344.780492429
input datafile file number=00070 name=+DATA/ccbs/datafile/users.347.780493719
input datafile file number=00073 name=+DATA/ccbs/datafile/indx.350.780852893
input datafile file number=00076 name=+DATA/ccbs/datafile/indx.353.780853327
input datafile file number=00079 name=+DATA/ccbs/datafile/users.356.780853583
input datafile file number=00082 name=+DATA/ccbs/datafile/users.359.780853645
input datafile file number=00085 name=+DATA/ccbs/datafile/users.362.780853743
input datafile file number=00088 name=+DATA/ccbs/datafile/users.365.780853919
input datafile file number=00091 name=+DATA/ccbs/datafile/users.368.780853979
input datafile file number=00094 name=+DATA/ccbs/datafile/users.371.780854093
input datafile file number=00097 name=+DATA/ccbs/datafile/users.374.780854327
input datafile file number=00100 name=+DATA/ccbs/datafile/users.377.780854429
input datafile file number=00103 name=+DATA/ccbs/datafile/indx.386.819597557
input datafile file number=00123 name=+DATA/ccbs/datafile/indx.416.843228721
input datafile file number=00126 name=+DATA/ccbs/datafile/indx.419.843228767
input datafile file number=00111 name=+DATA/ccbs/datafile/indx.404.843228463
input datafile file number=00114 name=+DATA/ccbs/datafile/indx.407.843228483
input datafile file number=00117 name=+DATA/ccbs/datafile/indx.410.843228505
input datafile file number=00120 name=+DATA/ccbs/datafile/indx.413.843228553
channel ORA_DISK_1: starting piece 1 at 03/12/2014 21:38:37
channel ORA_DISK_1: finished piece 1 at 03/12/2014 21:57:12 with 2 copies and tag MONTHLY_LEVEL_1
piece handle=+DATA/rman/level1_03_20141203_j8pp93ms_1_1 comment=NONE
piece handle=/mnt/nfs52100/RMAN/level1_03_20141203_j8pp93ms_1_2 comment=NONE
channel ORA_DISK_1: starting piece 2 at 03/12/2014 21:57:12
channel ORA_DISK_1: finished piece 2 at 03/12/2014 22:18:27 with 2 copies and tag MONTHLY_LEVEL_1
piece handle=+DATA/rman/level1_03_20141203_j8pp93ms_2_1 comment=NONE
piece handle=/mnt/nfs52100/RMAN/level1_03_20141203_j8pp93ms_2_2 comment=NONE
channel ORA_DISK_1: starting piece 3 at 03/12/2014 22:18:27
channel ORA_DISK_1: finished piece 3 at 03/12/2014 22:21:02 with 2 copies and tag MONTHLY_LEVEL_1
piece handle=+DATA/rman/level1_03_20141203_j8pp93ms_3_1 comment=NONE
piece handle=/mnt/nfs52100/RMAN/level1_03_20141203_j8pp93ms_3_2 comment=NONE
channel ORA_DISK_1: backup set complete, elapsed time: 00:42:25
channel ORA_DISK_1: starting compressed incremental level 1 datafile backup set
channel ORA_DISK_1: specifying datafile(s) in backup set
input datafile file number=00106 name=+DATA/ccbs/datafile/sysaux.389.822699397
input datafile file number=00127 name=+DATA/ccbs/datafile/undotbs1_02.455.857385555
input datafile file number=00128 name=+DATA/ccbs/datafile/undotbs1_02.425.857385591
input datafile file number=00131 name=+DATA/ccbs/datafile/undotbs2_02.423.857385961
input datafile file number=00134 name=+DATA/ccbs/datafile/undotbs2_02.485.857386063
input datafile file number=00005 name=+DATA/ccbs/datafile/users.269.772710879
input datafile file number=00008 name=+DATA/ccbs/datafile/users.283.774527719
input datafile file number=00011 name=+DATA/ccbs/datafile/tbs_others.288.774531157
input datafile file number=00014 name=+DATA/ccbs/datafile/indx.291.774541763
input datafile file number=00017 name=+DATA/ccbs/datafile/indx.294.774541943
input datafile file number=00020 name=+DATA/ccbs/datafile/users.297.774542019
input datafile file number=00023 name=+DATA/ccbs/datafile/users.300.774543249
input datafile file number=00026 name=+DATA/ccbs/datafile/users.303.774543375
input datafile file number=00029 name=+DATA/ccbs/datafile/users.306.774543465
input datafile file number=00032 name=+DATA/ccbs/datafile/users.309.774543697
input datafile file number=00035 name=+DATA/ccbs/datafile/users.312.775873715
input datafile file number=00038 name=+DATA/ccbs/datafile/users.315.775996699
input datafile file number=00041 name=+DATA/ccbs/datafile/users.318.775997657
input datafile file number=00044 name=+DATA/ccbs/datafile/users.321.775997721
input datafile file number=00047 name=+DATA/ccbs/datafile/users.324.775997821
input datafile file number=00050 name=+DATA/ccbs/datafile/users.327.775997915
input datafile file number=00053 name=+DATA/ccbs/datafile/users.330.775998311
input datafile file number=00056 name=+DATA/ccbs/datafile/users.333.776000415
input datafile file number=00059 name=+DATA/ccbs/datafile/tbs_others.336.776001499
input datafile file number=00063 name=+DATA/ccbs/datafile/users.340.780491785
input datafile file number=00066 name=+DATA/ccbs/datafile/users.343.780492321
input datafile file number=00069 name=+DATA/ccbs/datafile/users.346.780493683
input datafile file number=00072 name=+DATA/ccbs/datafile/indx.349.780852847
input datafile file number=00075 name=+DATA/ccbs/datafile/indx.352.780853165
input datafile file number=00078 name=+DATA/ccbs/datafile/users.355.780853553
input datafile file number=00081 name=+DATA/ccbs/datafile/users.358.780853623
input datafile file number=00084 name=+DATA/ccbs/datafile/users.361.780853717
input datafile file number=00087 name=+DATA/ccbs/datafile/users.364.780853901
input datafile file number=00090 name=+DATA/ccbs/datafile/users.367.780853961
input datafile file number=00093 name=+DATA/ccbs/datafile/users.370.780854023
input datafile file number=00096 name=+DATA/ccbs/datafile/users.373.780854307
input datafile file number=00099 name=+DATA/ccbs/datafile/users.376.780854365
input datafile file number=00102 name=+DATA/ccbs/datafile/indx.284.819597493
input datafile file number=00122 name=+DATA/ccbs/datafile/indx.415.843228705
input datafile file number=00125 name=+DATA/ccbs/datafile/indx.418.843228751
input datafile file number=00110 name=+DATA/ccbs/datafile/indx.403.843228457
input datafile file number=00113 name=+DATA/ccbs/datafile/indx.406.843228475
input datafile file number=00116 name=+DATA/ccbs/datafile/indx.409.843228497
input datafile file number=00119 name=+DATA/ccbs/datafile/indx.412.843228547
channel ORA_DISK_1: starting piece 1 at 03/12/2014 22:21:03
channel ORA_DISK_1: finished piece 1 at 03/12/2014 22:38:49 with 2 copies and tag MONTHLY_LEVEL_1
piece handle=+DATA/rman/level1_03_20141203_j9pp966f_1_1 comment=NONE
piece handle=/mnt/nfs52100/RMAN/level1_03_20141203_j9pp966f_1_2 comment=NONE
channel ORA_DISK_1: starting piece 2 at 03/12/2014 22:38:49
channel ORA_DISK_1: finished piece 2 at 03/12/2014 23:00:34 with 2 copies and tag MONTHLY_LEVEL_1
piece handle=+DATA/rman/level1_03_20141203_j9pp966f_2_1 comment=NONE
piece handle=/mnt/nfs52100/RMAN/level1_03_20141203_j9pp966f_2_2 comment=NONE
channel ORA_DISK_1: starting piece 3 at 03/12/2014 23:00:34
channel ORA_DISK_1: finished piece 3 at 03/12/2014 23:03:59 with 2 copies and tag MONTHLY_LEVEL_1
piece handle=+DATA/rman/level1_03_20141203_j9pp966f_3_1 comment=NONE
piece handle=/mnt/nfs52100/RMAN/level1_03_20141203_j9pp966f_3_2 comment=NONE
channel ORA_DISK_1: backup set complete, elapsed time: 00:42:56
channel ORA_DISK_1: starting compressed incremental level 1 datafile backup set
channel ORA_DISK_1: specifying datafile(s) in backup set
including current control file in backup set
channel ORA_DISK_1: starting piece 1 at 03/12/2014 23:04:02
channel ORA_DISK_1: finished piece 1 at 03/12/2014 23:04:05 with 2 copies and tag MONTHLY_LEVEL_1
piece handle=+DATA/rman/level1_03_20141203_japp98mv_1_1 comment=NONE
piece handle=/mnt/nfs52100/RMAN/level1_03_20141203_japp98mv_1_2 comment=NONE
channel ORA_DISK_1: backup set complete, elapsed time: 00:00:03
Finished backup at 03/12/2014 23:04:05

Starting Control File and SPFILE Autobackup at 03/12/2014 23:04:05
piece handle=+RECO/rman/c-271141816-20141203-00 comment=NONE
Finished Control File and SPFILE Autobackup at 03/12/2014 23:04:08

sql statement: ALTER SYSTEM ARCHIVE LOG CURRENT

Starting backup at 03/12/2014 23:04:14
current log archived
using channel ORA_DISK_1
channel ORA_DISK_1: starting compressed archived log backup set
channel ORA_DISK_1: specifying archived log(s) in backup set
input archived log thread=1 sequence=19156 RECID=53558 STAMP=865331919
input archived log thread=1 sequence=19157 RECID=53559 STAMP=865331920
input archived log thread=2 sequence=15713 RECID=53561 STAMP=865332121
input archived log thread=2 sequence=15714 RECID=53564 STAMP=865332126
input archived log thread=2 sequence=15715 RECID=53563 STAMP=865332126
input archived log thread=1 sequence=19158 RECID=53560 STAMP=865331924
input archived log thread=2 sequence=15716 RECID=53565 STAMP=865332142
input archived log thread=1 sequence=19159 RECID=53567 STAMP=865335015
input archived log thread=2 sequence=15717 RECID=53569 STAMP=865336510
input archived log thread=1 sequence=19160 RECID=53570 STAMP=865345816
input archived log thread=2 sequence=15718 RECID=53576 STAMP=865347300
input archived log thread=1 sequence=19161 RECID=53573 STAMP=865346657
input archived log thread=1 sequence=19162 RECID=53577 STAMP=865347287
input archived log thread=1 sequence=19163 RECID=53579 STAMP=865347800
input archived log thread=2 sequence=15719 RECID=53584 STAMP=865348751
input archived log thread=1 sequence=19164 RECID=53581 STAMP=865348271
input archived log thread=1 sequence=19165 RECID=53585 STAMP=865348742
input archived log thread=1 sequence=19166 RECID=53586 STAMP=865349021
input archived log thread=2 sequence=15720 RECID=53588 STAMP=865349124
input archived log thread=1 sequence=19167 RECID=53587 STAMP=865349070
input archived log thread=1 sequence=19168 RECID=53590 STAMP=865349115
input archived log thread=1 sequence=19169 RECID=53592 STAMP=865349361
input archived log thread=2 sequence=15721 RECID=53594 STAMP=865349535
input archived log thread=1 sequence=19170 RECID=53593 STAMP=865349409
input archived log thread=1 sequence=19171 RECID=53596 STAMP=865349526
input archived log thread=1 sequence=19172 RECID=53598 STAMP=865349639
input archived log thread=2 sequence=15722 RECID=53602 STAMP=865349976
input archived log thread=1 sequence=19173 RECID=53601 STAMP=865349738
input archived log thread=1 sequence=19174 RECID=53604 STAMP=865349969
input archived log thread=1 sequence=19175 RECID=53605 STAMP=865350066
input archived log thread=2 sequence=15723 RECID=53611 STAMP=865350676
input archived log thread=1 sequence=19176 RECID=53607 STAMP=865350234
input archived log thread=1 sequence=19177 RECID=53613 STAMP=865350669
input archived log thread=1 sequence=19178 RECID=53621 STAMP=865359619
input archived log thread=2 sequence=15724 RECID=53619 STAMP=865352689
input archived log thread=2 sequence=15725 RECID=53626 STAMP=865367400
input archived log thread=1 sequence=19179 RECID=53623 STAMP=865366745
input archived log thread=1 sequence=19180 RECID=53627 STAMP=865367385
input archived log thread=1 sequence=19181 RECID=53629 STAMP=865368020
input archived log thread=2 sequence=15726 RECID=53633 STAMP=865369053
input archived log thread=1 sequence=19182 RECID=53631 STAMP=865368653
input archived log thread=1 sequence=19183 RECID=53634 STAMP=865369046
input archived log thread=1 sequence=19184 RECID=53636 STAMP=865369113
input archived log thread=2 sequence=15727 RECID=53639 STAMP=865369459
input archived log thread=1 sequence=19185 RECID=53637 STAMP=865369165
input archived log thread=1 sequence=19186 RECID=53641 STAMP=865369449
input archived log thread=1 sequence=19187 RECID=53643 STAMP=865369617
input archived log thread=2 sequence=15728 RECID=53644 STAMP=865369710
input archived log thread=1 sequence=19188 RECID=53646 STAMP=865369801
input archived log thread=2 sequence=15729 RECID=53653 STAMP=865373158
input archived log thread=1 sequence=19189 RECID=53647 STAMP=865369844
input archived log thread=1 sequence=19190 RECID=53655 STAMP=865374896
input archived log thread=2 sequence=15730 RECID=53657 STAMP=865377519
input archived log thread=1 sequence=19191 RECID=53660 STAMP=865379053
input archived log thread=2 sequence=15731 RECID=53661 STAMP=865379071
input archived log thread=2 sequence=15732 RECID=53663 STAMP=865379072
input archived log thread=1 sequence=19192 RECID=53662 STAMP=865379054
channel ORA_DISK_1: starting piece 1 at 03/12/2014 23:04:16
channel ORA_DISK_1: finished piece 1 at 03/12/2014 23:18:11 with 2 copies and tag MONTHLY_ARCH
piece handle=+DATA/rman/archi_03_20141203_jcpp98ng_1_1 comment=NONE
piece handle=/u03/rman_ccbs_ftp5/RMAN/archi_03_20141203_jcpp98ng_1_2 comment=NONE
channel ORA_DISK_1: starting piece 2 at 03/12/2014 23:18:11
channel ORA_DISK_1: finished piece 2 at 03/12/2014 23:31:56 with 2 copies and tag MONTHLY_ARCH
piece handle=+DATA/rman/archi_03_20141203_jcpp98ng_2_1 comment=NONE
piece handle=/u03/rman_ccbs_ftp5/RMAN/archi_03_20141203_jcpp98ng_2_2 comment=NONE
channel ORA_DISK_1: starting piece 3 at 03/12/2014 23:31:56
channel ORA_DISK_1: finished piece 3 at 03/12/2014 23:45:22 with 2 copies and tag MONTHLY_ARCH
piece handle=+DATA/rman/archi_03_20141203_jcpp98ng_3_1 comment=NONE
piece handle=/u03/rman_ccbs_ftp5/RMAN/archi_03_20141203_jcpp98ng_3_2 comment=NONE
channel ORA_DISK_1: starting piece 4 at 03/12/2014 23:45:22
channel ORA_DISK_1: finished piece 4 at 03/12/2014 23:58:47 with 2 copies and tag MONTHLY_ARCH
piece handle=+DATA/rman/archi_03_20141203_jcpp98ng_4_1 comment=NONE
piece handle=/u03/rman_ccbs_ftp5/RMAN/archi_03_20141203_jcpp98ng_4_2 comment=NONE
channel ORA_DISK_1: starting piece 5 at 03/12/2014 23:58:47
channel ORA_DISK_1: finished piece 5 at 04/12/2014 00:13:02 with 2 copies and tag MONTHLY_ARCH
piece handle=+DATA/rman/archi_03_20141203_jcpp98ng_5_1 comment=NONE
piece handle=/u03/rman_ccbs_ftp5/RMAN/archi_03_20141203_jcpp98ng_5_2 comment=NONE
channel ORA_DISK_1: backup set complete, elapsed time: 01:08:46
channel ORA_DISK_1: deleting archived log(s)
archived log file name=+RECO/ccbs/archivelog/2014_12_03/thread_1_seq_19156.1122.865331915 RECID=53558 STAMP=865331919
archived log file name=+RECO/ccbs/archivelog/2014_12_03/thread_1_seq_19157.406.865331919 RECID=53559 STAMP=865331920
archived log file name=+RECO/ccbs/archivelog/2014_12_03/thread_2_seq_15713.3314.865332119 RECID=53561 STAMP=865332121
archived log file name=+RECO/ccbs/archivelog/2014_12_03/thread_2_seq_15714.3397.865332121 RECID=53564 STAMP=865332126
archived log file name=+RECO/ccbs/archivelog/2014_12_03/thread_2_seq_15715.4021.865332123 RECID=53563 STAMP=865332126
archived log file name=+RECO/ccbs/archivelog/2014_12_03/thread_1_seq_19158.4020.865331921 RECID=53560 STAMP=865331924
archived log file name=+RECO/ccbs/archivelog/2014_12_03/thread_2_seq_15716.3289.865332123 RECID=53565 STAMP=865332142
archived log file name=+RECO/ccbs/archivelog/2014_12_03/thread_1_seq_19159.3032.865334695 RECID=53567 STAMP=865335015
archived log file name=+RECO/ccbs/archivelog/2014_12_03/thread_2_seq_15717.3131.865336499 RECID=53569 STAMP=865336510
archived log file name=+RECO/ccbs/archivelog/2014_12_03/thread_1_seq_19160.1184.865345805 RECID=53570 STAMP=865345816
archived log file name=+RECO/ccbs/archivelog/2014_12_03/thread_2_seq_15718.3069.865347295 RECID=53576 STAMP=865347300
archived log file name=+RECO/ccbs/archivelog/2014_12_03/thread_1_seq_19161.1119.865346645 RECID=53573 STAMP=865346657
archived log file name=+RECO/ccbs/archivelog/2014_12_03/thread_1_seq_19162.1210.865347275 RECID=53577 STAMP=865347287
archived log file name=+RECO/ccbs/archivelog/2014_12_03/thread_1_seq_19163.3570.865347789 RECID=53579 STAMP=865347800
archived log file name=+RECO/ccbs/archivelog/2014_12_03/thread_2_seq_15719.675.865348751 RECID=53584 STAMP=865348751
archived log file name=+RECO/ccbs/archivelog/2014_12_03/thread_1_seq_19164.4254.865348259 RECID=53581 STAMP=865348271
archived log file name=+RECO/ccbs/archivelog/2014_12_03/thread_1_seq_19165.3507.865348731 RECID=53585 STAMP=865348742
archived log file name=+RECO/ccbs/archivelog/2014_12_03/thread_1_seq_19166.793.865349011 RECID=53586 STAMP=865349021
archived log file name=+RECO/ccbs/archivelog/2014_12_03/thread_2_seq_15720.395.865349123 RECID=53588 STAMP=865349124
archived log file name=+RECO/ccbs/archivelog/2014_12_03/thread_1_seq_19167.266.865349059 RECID=53587 STAMP=865349070
archived log file name=+RECO/ccbs/archivelog/2014_12_03/thread_1_seq_19168.680.865349103 RECID=53590 STAMP=865349115
archived log file name=+RECO/ccbs/archivelog/2014_12_03/thread_1_seq_19169.3982.865349349 RECID=53592 STAMP=865349361
archived log file name=+RECO/ccbs/archivelog/2014_12_03/thread_2_seq_15721.715.865349535 RECID=53594 STAMP=865349535
archived log file name=+RECO/ccbs/archivelog/2014_12_03/thread_1_seq_19170.826.865349399 RECID=53593 STAMP=865349409
archived log file name=+RECO/ccbs/archivelog/2014_12_03/thread_1_seq_19171.3188.865349515 RECID=53596 STAMP=865349526
archived log file name=+RECO/ccbs/archivelog/2014_12_03/thread_1_seq_19172.440.865349627 RECID=53598 STAMP=865349639
archived log file name=+RECO/ccbs/archivelog/2014_12_03/thread_2_seq_15722.1973.865349977 RECID=53602 STAMP=865349976
archived log file name=+RECO/ccbs/archivelog/2014_12_03/thread_1_seq_19173.4105.865349727 RECID=53601 STAMP=865349738
archived log file name=+RECO/ccbs/archivelog/2014_12_03/thread_1_seq_19174.2609.865349957 RECID=53604 STAMP=865349969
archived log file name=+RECO/ccbs/archivelog/2014_12_03/thread_1_seq_19175.2323.865350055 RECID=53605 STAMP=865350066
archived log file name=+RECO/ccbs/archivelog/2014_12_03/thread_2_seq_15723.2111.865350677 RECID=53611 STAMP=865350676
archived log file name=+RECO/ccbs/archivelog/2014_12_03/thread_1_seq_19176.3997.865350223 RECID=53607 STAMP=865350234
archived log file name=+RECO/ccbs/archivelog/2014_12_03/thread_1_seq_19177.2282.865350657 RECID=53613 STAMP=865350669
archived log file name=+RECO/ccbs/archivelog/2014_12_03/thread_1_seq_19178.540.865359609 RECID=53621 STAMP=865359619
archived log file name=+RECO/ccbs/archivelog/2014_12_03/thread_2_seq_15724.4059.865352679 RECID=53619 STAMP=865352689
archived log file name=+RECO/ccbs/archivelog/2014_12_03/thread_2_seq_15725.3918.865367391 RECID=53626 STAMP=865367400
archived log file name=+RECO/ccbs/archivelog/2014_12_03/thread_1_seq_19179.3029.865366733 RECID=53623 STAMP=865366745
archived log file name=+RECO/ccbs/archivelog/2014_12_03/thread_1_seq_19180.3917.865367373 RECID=53627 STAMP=865367385
archived log file name=+RECO/ccbs/archivelog/2014_12_03/thread_1_seq_19181.889.865368009 RECID=53629 STAMP=865368020
archived log file name=+RECO/ccbs/archivelog/2014_12_03/thread_2_seq_15726.788.865369051 RECID=53633 STAMP=865369053
archived log file name=+RECO/ccbs/archivelog/2014_12_03/thread_1_seq_19182.3872.865368643 RECID=53631 STAMP=865368653
archived log file name=+RECO/ccbs/archivelog/2014_12_03/thread_1_seq_19183.3875.865369033 RECID=53634 STAMP=865369046
archived log file name=+RECO/ccbs/archivelog/2014_12_03/thread_1_seq_19184.3658.865369103 RECID=53636 STAMP=865369113
archived log file name=+RECO/ccbs/archivelog/2014_12_03/thread_2_seq_15727.3647.865369459 RECID=53639 STAMP=865369459
archived log file name=+RECO/ccbs/archivelog/2014_12_03/thread_1_seq_19185.3652.865369153 RECID=53637 STAMP=865369165
archived log file name=+RECO/ccbs/archivelog/2014_12_03/thread_1_seq_19186.3648.865369439 RECID=53641 STAMP=865369449
archived log file name=+RECO/ccbs/archivelog/2014_12_03/thread_1_seq_19187.1945.865369607 RECID=53643 STAMP=865369617
archived log file name=+RECO/ccbs/archivelog/2014_12_03/thread_2_seq_15728.483.865369699 RECID=53644 STAMP=865369710
archived log file name=+RECO/ccbs/archivelog/2014_12_03/thread_1_seq_19188.1135.865369789 RECID=53646 STAMP=865369801
archived log file name=+RECO/ccbs/archivelog/2014_12_03/thread_2_seq_15729.3907.865373139 RECID=53653 STAMP=865373158
archived log file name=+RECO/ccbs/archivelog/2014_12_03/thread_1_seq_19189.787.865369833 RECID=53647 STAMP=865369844
archived log file name=+RECO/ccbs/archivelog/2014_12_03/thread_1_seq_19190.3883.865374883 RECID=53655 STAMP=865374896
archived log file name=+RECO/ccbs/archivelog/2014_12_03/thread_2_seq_15730.2258.865377505 RECID=53657 STAMP=865377519
archived log file name=+RECO/ccbs/archivelog/2014_12_03/thread_1_seq_19191.3134.865379053 RECID=53660 STAMP=865379053
archived log file name=+RECO/ccbs/archivelog/2014_12_03/thread_2_seq_15731.3016.865379069 RECID=53661 STAMP=865379071
RMAN-08120: WARNING: archived log not deleted, not yet applied by standby
archived log file name=+RECO/ccbs/archivelog/2014_12_03/thread_2_seq_15732.3295.865379073 thread=2 sequence=15732
archived log file name=+RECO/ccbs/archivelog/2014_12_03/thread_1_seq_19192.611.865379055 RECID=53662 STAMP=865379054
Finished backup at 04/12/2014 00:13:10

Starting Control File and SPFILE Autobackup at 04/12/2014 00:13:10
piece handle=+RECO/rman/c-271141816-20141204-00 comment=NONE
Finished Control File and SPFILE Autobackup at 04/12/2014 00:13:13

Recovery Manager complete.
