
Recovery Manager: Release 11.2.0.2.0 - Production on Fri Mar 6 21:00:01 2015

Copyright (c) 1982, 2009, Oracle and/or its affiliates.  All rights reserved.

connected to target database: CCBS (DBID=271141816)

RMAN> #CONFIGURE RETENTION POLICY TO REDUNDANCY 1;	#updated 20/3/2014 
2> #CONFIGURE BACKUP OPTIMIZATION ON;
3> #CONFIGURE DEFAULT DEVICE TYPE TO DISK; # default
4> #CONFIGURE CONTROLFILE AUTOBACKUP OFF;
5> #CONFIGURE CONTROLFILE AUTOBACKUP FORMAT FOR DEVICE TYPE DISK TO '+RECO/RMAN/%F';
6> #CONFIGURE DEVICE TYPE DISK PARALLELISM 2 BACKUP TYPE TO COMPRESSED BACKUPSET;
7> #CONFIGURE DATAFILE BACKUP COPIES FOR DEVICE TYPE DISK TO 1; # default
8> #CONFIGURE ARCHIVELOG BACKUP COPIES FOR DEVICE TYPE DISK TO 1; # default
9> #CONFIGURE CHANNEL DEVICE TYPE DISK MAXPIECESIZE 4 G; #updated 24/3/2014
10> #CONFIGURE MAXSETSIZE TO UNLIMITED;
11> #CONFIGURE ENCRYPTION FOR DATABASE OFF; # default
12> #CONFIGURE ENCRYPTION ALGORITHM 'AES128'; # default
13> #CONFIGURE COMPRESSION ALGORITHM 'BASIC' AS OF RELEASE 'DEFAULT' OPTIMIZE FOR LOAD TRUE ; # default
14> #Chi khi nao cac archive da duoc apply tren cac standby thi moi cho delete.
15> #CONFIGURE ARCHIVELOG DELETION POLICY TO APPLIED ON ALL STANDBY;
16> #CONFIGURE SNAPSHOT CONTROLFILE NAME TO '/u01/app/oracle/product/11.2.0.2/dbhome_1/dbs/snapcf_ccbs1.f'; # default
17> 
18> 
19> #updated 20/8/2014
20> # Ngay 1:
21> #	Xoa cac backup obsolete: Giu lai backupset hien tai, xoa cac ban backupset truoc do.
22> #	Backup level0 vao +RECO	tag MONTHLY_LEVEL_0_day1
23> # 	copy ban level0 thu 2 vao o dia /mnt/nfs52100/RMAN	copy_MONTHLY_LEVEL_0_day1
24> # Ngay 2-15:
25> #	Backup copies 2 level1 vao +RECO,/mnt/nfs52100/RMAN
26> #	Backup copies 2 archived vao +RECO,/mnt/nfs52100/RMAN
27> #	Delete archived all
28> 
29> # Ngay 16:
30> #	Xoa cac backup obsolete: Giu lai backupset hien tai, xoa cac ban backupset truoc do.
31> #	Backup level0 vao +RECO	tag MONTHLY_LEVEL_0_day16
32> # 	copy ban level0 thu 2 vao o dia /mnt/nfs52100/RMAN	tag copy_MONTHLY_LEVEL_0_day16
33> # Ngay 17-31:
34> #	Backup copies 2 level1 vao +RECO,/mnt/nfs52100/RMAN	
35> #	Backup copies 2 archived vao +RECO,/mnt/nfs52100/RMAN
36> #	Delete archived all
37> 
38> run
39> {
40>  #  backup incremental level 1 copies 2 format '+DATA/RMAN/level1_%D_%T_%U','/mnt/nfs52100/RMAN/level1_%D_%T_%U' tag MON_LV1_2_15 database include current controlfile;
41>   backup incremental level 1 format '+DATA/RMAN/level1_%D_%T_%U' tag MON_LV1_2_15 database include current controlfile;
42> 
43> 	sql 'ALTER SYSTEM ARCHIVE LOG CURRENT';
44> #	backup as compressed backupset copies 2 archivelog all format '+DATA/RMAN/archi_%D_%T_%U','/u03/rman_ccbs_ftp5/RMAN/archi_%D_%T_%U'
45> #  tag monthly_arch_2_15 delete input;
46> 	backup as compressed backupset archivelog all format '+DATA/RMAN/archi_%D_%T_%U' tag monthly_arch_2_15 delete input;
47> }
48> 
Starting backup at 06/03/2015 21:00:03
using target database control file instead of recovery catalog
allocated channel: ORA_DISK_1
channel ORA_DISK_1: SID=765 instance=ccbs1 device type=DISK
allocated channel: ORA_DISK_2
channel ORA_DISK_2: SID=841 instance=ccbs1 device type=DISK
channel ORA_DISK_1: starting compressed incremental level 1 datafile backup set
channel ORA_DISK_1: specifying datafile(s) in backup set
input datafile file number=00105 name=+DATA/ccbs/datafile/sysaux.388.822699379
input datafile file number=00108 name=+DATA/ccbs/datafile/sysaux.391.822699673
input datafile file number=00129 name=+DATA/ccbs/datafile/undotbs1_02.468.857385623
input datafile file number=00132 name=+DATA/ccbs/datafile/undotbs2_02.538.857385993
input datafile file number=00135 name=+DATA/ccbs/datafile/undotbs2_02.633.857386105
input datafile file number=00006 name=+DATA/ccbs/datafile/indx.285.774530247
input datafile file number=00009 name=+DATA/ccbs/datafile/indx.286.774530435
input datafile file number=00012 name=+DATA/ccbs/datafile/tbs_others.289.774531237
input datafile file number=00015 name=+DATA/ccbs/datafile/indx.292.774541795
input datafile file number=00018 name=+DATA/ccbs/datafile/indx.295.774541965
input datafile file number=00021 name=+DATA/ccbs/datafile/users.298.774543045
input datafile file number=00024 name=+DATA/ccbs/datafile/users.301.774543271
input datafile file number=00027 name=+DATA/ccbs/datafile/users.304.774543419
input datafile file number=00030 name=+DATA/ccbs/datafile/users.307.774543485
input datafile file number=00033 name=+DATA/ccbs/datafile/users.310.775873623
input datafile file number=00036 name=+DATA/ccbs/datafile/users.313.775873743
input datafile file number=00039 name=+DATA/ccbs/datafile/users.316.775996723
input datafile file number=00042 name=+DATA/ccbs/datafile/users.319.775997681
input datafile file number=00045 name=+DATA/ccbs/datafile/users.322.775997741
input datafile file number=00048 name=+DATA/ccbs/datafile/users.325.775997857
input datafile file number=00051 name=+DATA/ccbs/datafile/users.328.775997951
input datafile file number=00054 name=+DATA/ccbs/datafile/users.331.775998423
input datafile file number=00057 name=+DATA/ccbs/datafile/users.334.776000867
input datafile file number=00060 name=+DATA/ccbs/datafile/tbs_others.337.776001527
input datafile file number=00064 name=+DATA/ccbs/datafile/users.341.780492153
input datafile file number=00067 name=+DATA/ccbs/datafile/users.344.780492429
input datafile file number=00070 name=+DATA/ccbs/datafile/users.347.780493719
input datafile file number=00073 name=+DATA/ccbs/datafile/indx.350.780852893
input datafile file number=00076 name=+DATA/ccbs/datafile/indx.353.780853327
input datafile file number=00079 name=+DATA/ccbs/datafile/users.356.780853583
input datafile file number=00082 name=+DATA/ccbs/datafile/users.359.780853645
input datafile file number=00085 name=+DATA/ccbs/datafile/users.362.780853743
input datafile file number=00088 name=+DATA/ccbs/datafile/users.365.780853919
input datafile file number=00091 name=+DATA/ccbs/datafile/users.368.780853979
input datafile file number=00094 name=+DATA/ccbs/datafile/users.371.780854093
input datafile file number=00097 name=+DATA/ccbs/datafile/users.374.780854327
input datafile file number=00100 name=+DATA/ccbs/datafile/users.377.780854429
input datafile file number=00103 name=+DATA/ccbs/datafile/indx.386.819597557
input datafile file number=00123 name=+DATA/ccbs/datafile/indx.416.843228721
input datafile file number=00126 name=+DATA/ccbs/datafile/indx.419.843228767
input datafile file number=00136 name=+DATA/ccbs/datafile/users.711.870969071
input datafile file number=00139 name=+DATA/ccbs/datafile/indx.704.870969125
input datafile file number=00142 name=+DATA/ccbs/datafile/indx.700.870969205
input datafile file number=00145 name=+DATA/ccbs/datafile/gg_data.762.870969269
input datafile file number=00148 name=+DATA/ccbs/datafile/undotbs2_02.932.870969393
input datafile file number=00110 name=+DATA/ccbs/datafile/indx.403.843228457
input datafile file number=00112 name=+DATA/ccbs/datafile/indx.405.843228469
input datafile file number=00115 name=+DATA/ccbs/datafile/indx.408.843228491
input datafile file number=00118 name=+DATA/ccbs/datafile/indx.411.843228541
input datafile file number=00121 name=+DATA/ccbs/datafile/indx.414.843228559
channel ORA_DISK_1: starting piece 1 at 06/03/2015 21:00:11
channel ORA_DISK_2: starting compressed incremental level 1 datafile backup set
channel ORA_DISK_2: specifying datafile(s) in backup set
input datafile file number=00106 name=+DATA/ccbs/datafile/sysaux.389.822699397
input datafile file number=00127 name=+DATA/ccbs/datafile/undotbs1_02.455.857385555
input datafile file number=00128 name=+DATA/ccbs/datafile/undotbs1_02.425.857385591
input datafile file number=00131 name=+DATA/ccbs/datafile/undotbs2_02.423.857385961
input datafile file number=00134 name=+DATA/ccbs/datafile/undotbs2_02.485.857386063
input datafile file number=00005 name=+DATA/ccbs/datafile/users.269.772710879
input datafile file number=00008 name=+DATA/ccbs/datafile/users.283.774527719
input datafile file number=00011 name=+DATA/ccbs/datafile/tbs_others.288.774531157
input datafile file number=00014 name=+DATA/ccbs/datafile/indx.291.774541763
input datafile file number=00017 name=+DATA/ccbs/datafile/indx.294.774541943
input datafile file number=00020 name=+DATA/ccbs/datafile/users.297.774542019
input datafile file number=00023 name=+DATA/ccbs/datafile/users.300.774543249
input datafile file number=00026 name=+DATA/ccbs/datafile/users.303.774543375
input datafile file number=00029 name=+DATA/ccbs/datafile/users.306.774543465
input datafile file number=00032 name=+DATA/ccbs/datafile/users.309.774543697
input datafile file number=00035 name=+DATA/ccbs/datafile/users.312.775873715
input datafile file number=00038 name=+DATA/ccbs/datafile/users.315.775996699
input datafile file number=00041 name=+DATA/ccbs/datafile/users.318.775997657
input datafile file number=00044 name=+DATA/ccbs/datafile/users.321.775997721
input datafile file number=00047 name=+DATA/ccbs/datafile/users.324.775997821
input datafile file number=00050 name=+DATA/ccbs/datafile/users.327.775997915
input datafile file number=00053 name=+DATA/ccbs/datafile/users.330.775998311
input datafile file number=00056 name=+DATA/ccbs/datafile/users.333.776000415
input datafile file number=00059 name=+DATA/ccbs/datafile/tbs_others.336.776001499
input datafile file number=00063 name=+DATA/ccbs/datafile/users.340.780491785
input datafile file number=00066 name=+DATA/ccbs/datafile/users.343.780492321
input datafile file number=00069 name=+DATA/ccbs/datafile/users.346.780493683
input datafile file number=00072 name=+DATA/ccbs/datafile/indx.349.780852847
input datafile file number=00075 name=+DATA/ccbs/datafile/indx.352.780853165
input datafile file number=00078 name=+DATA/ccbs/datafile/users.355.780853553
input datafile file number=00081 name=+DATA/ccbs/datafile/users.358.780853623
input datafile file number=00084 name=+DATA/ccbs/datafile/users.361.780853717
input datafile file number=00087 name=+DATA/ccbs/datafile/users.364.780853901
input datafile file number=00090 name=+DATA/ccbs/datafile/users.367.780853961
input datafile file number=00093 name=+DATA/ccbs/datafile/users.370.780854023
input datafile file number=00096 name=+DATA/ccbs/datafile/users.373.780854307
input datafile file number=00099 name=+DATA/ccbs/datafile/users.376.780854365
input datafile file number=00102 name=+DATA/ccbs/datafile/indx.284.819597493
input datafile file number=00122 name=+DATA/ccbs/datafile/indx.415.843228705
input datafile file number=00125 name=+DATA/ccbs/datafile/indx.418.843228751
input datafile file number=00004 name=+DATA/ccbs/datafile/system.714.870969047
input datafile file number=00138 name=+DATA/ccbs/datafile/users.715.870969105
input datafile file number=00141 name=+DATA/ccbs/datafile/indx.707.870969167
input datafile file number=00144 name=+DATA/ccbs/datafile/tbs_others.645.870969247
input datafile file number=00147 name=+DATA/ccbs/datafile/undotbs1_02.931.870969377
input datafile file number=00109 name=+DATA/ccbs/datafile/indx.402.843228399
input datafile file number=00111 name=+DATA/ccbs/datafile/indx.404.843228463
input datafile file number=00114 name=+DATA/ccbs/datafile/indx.407.843228483
input datafile file number=00117 name=+DATA/ccbs/datafile/indx.410.843228505
input datafile file number=00120 name=+DATA/ccbs/datafile/indx.413.843228553
channel ORA_DISK_2: starting piece 1 at 06/03/2015 21:00:13
channel ORA_DISK_1: finished piece 1 at 06/03/2015 21:20:08
piece handle=+DATA/rman/level1_06_20150306_75q165eq_1_1 tag=MON_LV1_2_15 comment=NONE
channel ORA_DISK_1: starting piece 2 at 06/03/2015 21:20:08
channel ORA_DISK_2: finished piece 1 at 06/03/2015 21:21:03
piece handle=+DATA/rman/level1_06_20150306_76q165er_1_1 tag=MON_LV1_2_15 comment=NONE
channel ORA_DISK_2: backup set complete, elapsed time: 00:20:50
channel ORA_DISK_2: starting compressed incremental level 1 datafile backup set
channel ORA_DISK_2: specifying datafile(s) in backup set
input datafile file number=00002 name=+DATA/ccbs/datafile/sysaux.258.772710837
input datafile file number=00107 name=+DATA/ccbs/datafile/sysaux.390.822699669
input datafile file number=00130 name=+DATA/ccbs/datafile/undotbs1_02.426.857385663
input datafile file number=00133 name=+DATA/ccbs/datafile/undotbs2_02.516.857386025
input datafile file number=00001 name=+DATA/ccbs/datafile/system.271.772710825
input datafile file number=00061 name=+DATA/ccbs/datafile/gg_data.338.779148549
input datafile file number=00007 name=+DATA/ccbs/datafile/users.282.774527471
input datafile file number=00010 name=+DATA/ccbs/datafile/indx.287.774530539
input datafile file number=00013 name=+DATA/ccbs/datafile/indx.290.774541697
input datafile file number=00016 name=+DATA/ccbs/datafile/indx.293.774541877
input datafile file number=00019 name=+DATA/ccbs/datafile/indx.296.774541987
input datafile file number=00022 name=+DATA/ccbs/datafile/users.299.774543191
input datafile file number=00025 name=+DATA/ccbs/datafile/users.302.774543327
input datafile file number=00028 name=+DATA/ccbs/datafile/users.305.774543443
input datafile file number=00031 name=+DATA/ccbs/datafile/users.308.774543671
input datafile file number=00034 name=+DATA/ccbs/datafile/users.311.775873655
input datafile file number=00037 name=+DATA/ccbs/datafile/users.314.775996677
input datafile file number=00040 name=+DATA/ccbs/datafile/users.317.775996743
input datafile file number=00043 name=+DATA/ccbs/datafile/users.320.775997701
input datafile file number=00046 name=+DATA/ccbs/datafile/users.323.775997787
input datafile file number=00049 name=+DATA/ccbs/datafile/users.326.775997875
input datafile file number=00052 name=+DATA/ccbs/datafile/users.329.775998289
input datafile file number=00055 name=+DATA/ccbs/datafile/users.332.776000393
input datafile file number=00058 name=+DATA/ccbs/datafile/users.335.776001375
input datafile file number=00062 name=+DATA/ccbs/datafile/users.339.780491723
input datafile file number=00065 name=+DATA/ccbs/datafile/users.342.780492259
input datafile file number=00068 name=+DATA/ccbs/datafile/users.345.780493063
input datafile file number=00071 name=+DATA/ccbs/datafile/users.348.780493937
input datafile file number=00074 name=+DATA/ccbs/datafile/indx.351.780853091
input datafile file number=00077 name=+DATA/ccbs/datafile/indx.354.780853419
input datafile file number=00080 name=+DATA/ccbs/datafile/users.357.780853601
input datafile file number=00083 name=+DATA/ccbs/datafile/users.360.780853693
input datafile file number=00086 name=+DATA/ccbs/datafile/users.363.780853829
input datafile file number=00089 name=+DATA/ccbs/datafile/users.366.780853939
input datafile file number=00092 name=+DATA/ccbs/datafile/users.369.780853997
input datafile file number=00095 name=+DATA/ccbs/datafile/users.372.780854143
input datafile file number=00098 name=+DATA/ccbs/datafile/users.375.780854347
input datafile file number=00101 name=+DATA/ccbs/datafile/tbs_others.267.792772437
input datafile file number=00104 name=+DATA/ccbs/datafile/indx.387.819597647
input datafile file number=00124 name=+DATA/ccbs/datafile/indx.417.843228737
input datafile file number=00003 name=+DATA/ccbs/datafile/system.709.870969027
input datafile file number=00137 name=+DATA/ccbs/datafile/users.713.870969093
input datafile file number=00140 name=+DATA/ccbs/datafile/indx.708.870969149
input datafile file number=00143 name=+DATA/ccbs/datafile/users.763.870969217
input datafile file number=00146 name=+DATA/ccbs/datafile/undotbs1_02.930.870969365
input datafile file number=00149 name=+DATA/ccbs/datafile/undotbs2_02.933.870969415
input datafile file number=00113 name=+DATA/ccbs/datafile/indx.406.843228475
input datafile file number=00116 name=+DATA/ccbs/datafile/indx.409.843228497
input datafile file number=00119 name=+DATA/ccbs/datafile/indx.412.843228547
channel ORA_DISK_2: starting piece 1 at 06/03/2015 21:21:05
channel ORA_DISK_1: finished piece 2 at 06/03/2015 21:23:00
piece handle=+DATA/rman/level1_06_20150306_75q165eq_2_1 tag=MON_LV1_2_15 comment=NONE
channel ORA_DISK_1: backup set complete, elapsed time: 00:22:49
channel ORA_DISK_1: starting compressed incremental level 1 datafile backup set
channel ORA_DISK_1: specifying datafile(s) in backup set
including current control file in backup set
channel ORA_DISK_1: starting piece 1 at 06/03/2015 21:23:07
channel ORA_DISK_1: finished piece 1 at 06/03/2015 21:23:10
piece handle=+DATA/rman/level1_06_20150306_78q166pk_1_1 tag=MON_LV1_2_15 comment=NONE
channel ORA_DISK_1: backup set complete, elapsed time: 00:00:03
channel ORA_DISK_2: finished piece 1 at 06/03/2015 21:38:32
piece handle=+DATA/rman/level1_06_20150306_77q166m0_1_1 tag=MON_LV1_2_15 comment=NONE
channel ORA_DISK_2: starting piece 2 at 06/03/2015 21:38:32
channel ORA_DISK_2: finished piece 2 at 06/03/2015 21:41:07
piece handle=+DATA/rman/level1_06_20150306_77q166m0_2_1 tag=MON_LV1_2_15 comment=NONE
channel ORA_DISK_2: backup set complete, elapsed time: 00:20:02
Finished backup at 06/03/2015 21:41:07

Starting Control File and SPFILE Autobackup at 06/03/2015 21:41:07
piece handle=+RECO/rman/c-271141816-20150306-00 comment=NONE
Finished Control File and SPFILE Autobackup at 06/03/2015 21:41:10

sql statement: ALTER SYSTEM ARCHIVE LOG CURRENT

Starting backup at 06/03/2015 21:41:16
current log archived
using channel ORA_DISK_1
using channel ORA_DISK_2
channel ORA_DISK_1: starting compressed archived log backup set
channel ORA_DISK_1: specifying archived log(s) in backup set
input archived log thread=1 sequence=21312 RECID=58102 STAMP=873584740
input archived log thread=2 sequence=17647 RECID=58104 STAMP=873586528
input archived log thread=1 sequence=21313 RECID=58103 STAMP=873584761
input archived log thread=1 sequence=21314 RECID=58105 STAMP=873586497
input archived log thread=1 sequence=21315 RECID=58106 STAMP=873587287
input archived log thread=2 sequence=17648 RECID=58108 STAMP=873597806
input archived log thread=1 sequence=21316 RECID=58107 STAMP=873587308
input archived log thread=1 sequence=21317 RECID=58109 STAMP=873597768
input archived log thread=1 sequence=21318 RECID=58111 STAMP=873599518
input archived log thread=2 sequence=17649 RECID=58110 STAMP=873599356
input archived log thread=2 sequence=17650 RECID=58112 STAMP=873599565
input archived log thread=2 sequence=17651 RECID=58114 STAMP=873606687
input archived log thread=1 sequence=21319 RECID=58113 STAMP=873599800
input archived log thread=1 sequence=21320 RECID=58115 STAMP=873606654
input archived log thread=1 sequence=21321 RECID=58118 STAMP=873607262
input archived log thread=2 sequence=17652 RECID=58116 STAMP=873607080
input archived log thread=2 sequence=17653 RECID=58117 STAMP=873607300
input archived log thread=2 sequence=17654 RECID=58119 STAMP=873607424
input archived log thread=1 sequence=21322 RECID=58121 STAMP=873607532
input archived log thread=2 sequence=17655 RECID=58120 STAMP=873607524
input archived log thread=2 sequence=17656 RECID=58122 STAMP=873607583
input archived log thread=2 sequence=17657 RECID=58123 STAMP=873607630
input archived log thread=1 sequence=21323 RECID=58125 STAMP=873608031
input archived log thread=2 sequence=17658 RECID=58124 STAMP=873607840
input archived log thread=2 sequence=17659 RECID=58126 STAMP=873608080
input archived log thread=2 sequence=17660 RECID=58127 STAMP=873617550
input archived log thread=1 sequence=21324 RECID=58129 STAMP=873618327
channel ORA_DISK_1: starting piece 1 at 06/03/2015 21:41:23
channel ORA_DISK_2: starting compressed archived log backup set
channel ORA_DISK_2: specifying archived log(s) in backup set
input archived log thread=2 sequence=17661 RECID=58128 STAMP=873618044
input archived log thread=2 sequence=17662 RECID=58130 STAMP=873618366
input archived log thread=2 sequence=17663 RECID=58131 STAMP=873619770
input archived log thread=1 sequence=21325 RECID=58132 STAMP=873619896
input archived log thread=2 sequence=17664 RECID=58134 STAMP=873630137
input archived log thread=1 sequence=21326 RECID=58133 STAMP=873625416
input archived log thread=1 sequence=21327 RECID=58135 STAMP=873630761
input archived log thread=2 sequence=17665 RECID=58136 STAMP=873637101
input archived log thread=1 sequence=21328 RECID=58138 STAMP=873639633
input archived log thread=2 sequence=17666 RECID=58137 STAMP=873639611
input archived log thread=2 sequence=17667 RECID=58139 STAMP=873639673
input archived log thread=2 sequence=17668 RECID=58142 STAMP=873641235
input archived log thread=1 sequence=21329 RECID=58140 STAMP=873641225
input archived log thread=1 sequence=21330 RECID=58141 STAMP=873641226
input archived log thread=2 sequence=17669 RECID=58144 STAMP=873650438
input archived log thread=1 sequence=21331 RECID=58143 STAMP=873649705
input archived log thread=1 sequence=21332 RECID=58146 STAMP=873651830
input archived log thread=2 sequence=17670 RECID=58145 STAMP=873650506
input archived log thread=2 sequence=17671 RECID=58147 STAMP=873651879
input archived log thread=2 sequence=17672 RECID=58148 STAMP=873656006
input archived log thread=1 sequence=21333 RECID=58149 STAMP=873664622
input archived log thread=2 sequence=17673 RECID=58151 STAMP=873664624
input archived log thread=1 sequence=21334 RECID=58150 STAMP=873664623
input archived log thread=2 sequence=17674 RECID=58152 STAMP=873666993
input archived log thread=1 sequence=21335 RECID=58154 STAMP=873667050
input archived log thread=2 sequence=17675 RECID=58153 STAMP=873667038
input archived log thread=2 sequence=17676 RECID=58155 STAMP=873667126
input archived log thread=2 sequence=17677 RECID=58156 STAMP=873667190
input archived log thread=1 sequence=21336 RECID=58157 STAMP=873668472
input archived log thread=2 sequence=17678 RECID=58158 STAMP=873668512
channel ORA_DISK_2: starting piece 1 at 06/03/2015 21:41:23
channel ORA_DISK_2: finished piece 1 at 06/03/2015 21:48:08
piece handle=+DATA/rman/archi_06_20150306_7bq167s3_1_1 tag=MONTHLY_ARCH_2_15 comment=NONE
channel ORA_DISK_2: starting piece 2 at 06/03/2015 21:48:08
channel ORA_DISK_1: finished piece 1 at 06/03/2015 21:48:33
piece handle=+DATA/rman/archi_06_20150306_7aq167s3_1_1 tag=MONTHLY_ARCH_2_15 comment=NONE
channel ORA_DISK_1: starting piece 2 at 06/03/2015 21:48:33
channel ORA_DISK_2: finished piece 2 at 06/03/2015 21:54:58
piece handle=+DATA/rman/archi_06_20150306_7bq167s3_2_1 tag=MONTHLY_ARCH_2_15 comment=NONE
channel ORA_DISK_2: starting piece 3 at 06/03/2015 21:54:58
channel ORA_DISK_1: finished piece 2 at 06/03/2015 21:55:43
piece handle=+DATA/rman/archi_06_20150306_7aq167s3_2_1 tag=MONTHLY_ARCH_2_15 comment=NONE
channel ORA_DISK_1: starting piece 3 at 06/03/2015 21:55:43
channel ORA_DISK_1: finished piece 3 at 06/03/2015 22:00:39
piece handle=+DATA/rman/archi_06_20150306_7aq167s3_3_1 tag=MONTHLY_ARCH_2_15 comment=NONE
channel ORA_DISK_1: backup set complete, elapsed time: 00:19:16
channel ORA_DISK_1: deleting archived log(s)
archived log file name=+RECO/ccbs/archivelog/2015_03_05/thread_1_seq_21312.1333.873584729 RECID=58102 STAMP=873584740
archived log file name=+RECO/ccbs/archivelog/2015_03_05/thread_2_seq_17647.1205.873586525 RECID=58104 STAMP=873586528
archived log file name=+RECO/ccbs/archivelog/2015_03_05/thread_1_seq_21313.461.873584749 RECID=58103 STAMP=873584761
archived log file name=+RECO/ccbs/archivelog/2015_03_05/thread_1_seq_21314.365.873586485 RECID=58105 STAMP=873586497
archived log file name=+RECO/ccbs/archivelog/2015_03_05/thread_1_seq_21315.3144.873587275 RECID=58106 STAMP=873587287
archived log file name=+RECO/ccbs/archivelog/2015_03_06/thread_2_seq_17648.1444.873597795 RECID=58108 STAMP=873597806
archived log file name=+RECO/ccbs/archivelog/2015_03_05/thread_1_seq_21316.1422.873587295 RECID=58107 STAMP=873587308
archived log file name=+RECO/ccbs/archivelog/2015_03_06/thread_1_seq_21317.3146.873597755 RECID=58109 STAMP=873597768
archived log file name=+RECO/ccbs/archivelog/2015_03_06/thread_1_seq_21318.3915.873599515 RECID=58111 STAMP=873599518
archived log file name=+RECO/ccbs/archivelog/2015_03_06/thread_2_seq_17649.4226.873599345 RECID=58110 STAMP=873599356
archived log file name=+RECO/ccbs/archivelog/2015_03_06/thread_2_seq_17650.1315.873599553 RECID=58112 STAMP=873599565
archived log file name=+RECO/ccbs/archivelog/2015_03_06/thread_2_seq_17651.856.873606681 RECID=58114 STAMP=873606687
archived log file name=+RECO/ccbs/archivelog/2015_03_06/thread_1_seq_21319.538.873599787 RECID=58113 STAMP=873599800
archived log file name=+RECO/ccbs/archivelog/2015_03_06/thread_1_seq_21320.3902.873606641 RECID=58115 STAMP=873606654
archived log file name=+RECO/ccbs/archivelog/2015_03_06/thread_1_seq_21321.3809.873607251 RECID=58118 STAMP=873607262
archived log file name=+RECO/ccbs/archivelog/2015_03_06/thread_2_seq_17652.4242.873607069 RECID=58116 STAMP=873607080
archived log file name=+RECO/ccbs/archivelog/2015_03_06/thread_2_seq_17653.548.873607287 RECID=58117 STAMP=873607300
archived log file name=+RECO/ccbs/archivelog/2015_03_06/thread_2_seq_17654.338.873607407 RECID=58119 STAMP=873607424
archived log file name=+RECO/ccbs/archivelog/2015_03_06/thread_1_seq_21322.1403.873607533 RECID=58121 STAMP=873607532
archived log file name=+RECO/ccbs/archivelog/2015_03_06/thread_2_seq_17655.4200.873607513 RECID=58120 STAMP=873607524
archived log file name=+RECO/ccbs/archivelog/2015_03_06/thread_2_seq_17656.1211.873607569 RECID=58122 STAMP=873607583
archived log file name=+RECO/ccbs/archivelog/2015_03_06/thread_2_seq_17657.2969.873607619 RECID=58123 STAMP=873607630
archived log file name=+RECO/ccbs/archivelog/2015_03_06/thread_1_seq_21323.1899.873608031 RECID=58125 STAMP=873608031
archived log file name=+RECO/ccbs/archivelog/2015_03_06/thread_2_seq_17658.3312.873607829 RECID=58124 STAMP=873607840
archived log file name=+RECO/ccbs/archivelog/2015_03_06/thread_2_seq_17659.3479.873608069 RECID=58126 STAMP=873608080
archived log file name=+RECO/ccbs/archivelog/2015_03_06/thread_2_seq_17660.3281.873617537 RECID=58127 STAMP=873617550
archived log file name=+RECO/ccbs/archivelog/2015_03_06/thread_1_seq_21324.3356.873618317 RECID=58129 STAMP=873618327
channel ORA_DISK_1: starting compressed archived log backup set
channel ORA_DISK_1: specifying archived log(s) in backup set
input archived log thread=1 sequence=21337 RECID=58159 STAMP=873668477
input archived log thread=2 sequence=17679 RECID=58160 STAMP=873668520
channel ORA_DISK_1: starting piece 1 at 06/03/2015 22:00:41
channel ORA_DISK_2: finished piece 3 at 06/03/2015 22:00:41
piece handle=+DATA/rman/archi_06_20150306_7bq167s3_3_1 tag=MONTHLY_ARCH_2_15 comment=NONE
channel ORA_DISK_2: backup set complete, elapsed time: 00:19:18
channel ORA_DISK_2: deleting archived log(s)
archived log file name=+RECO/ccbs/archivelog/2015_03_06/thread_2_seq_17661.3485.873618033 RECID=58128 STAMP=873618044
archived log file name=+RECO/ccbs/archivelog/2015_03_06/thread_2_seq_17662.2360.873618355 RECID=58130 STAMP=873618366
archived log file name=+RECO/ccbs/archivelog/2015_03_06/thread_2_seq_17663.1496.873619759 RECID=58131 STAMP=873619770
archived log file name=+RECO/ccbs/archivelog/2015_03_06/thread_1_seq_21325.3505.873619883 RECID=58132 STAMP=873619896
archived log file name=+RECO/ccbs/archivelog/2015_03_06/thread_2_seq_17664.3320.873630125 RECID=58134 STAMP=873630137
archived log file name=+RECO/ccbs/archivelog/2015_03_06/thread_1_seq_21326.1883.873625403 RECID=58133 STAMP=873625416
archived log file name=+RECO/ccbs/archivelog/2015_03_06/thread_1_seq_21327.627.873630749 RECID=58135 STAMP=873630761
archived log file name=+RECO/ccbs/archivelog/2015_03_06/thread_2_seq_17665.3440.873637083 RECID=58136 STAMP=873637101
archived log file name=+RECO/ccbs/archivelog/2015_03_06/thread_1_seq_21328.4029.873639619 RECID=58138 STAMP=873639633
archived log file name=+RECO/ccbs/archivelog/2015_03_06/thread_2_seq_17666.3513.873639599 RECID=58137 STAMP=873639611
archived log file name=+RECO/ccbs/archivelog/2015_03_06/thread_2_seq_17667.3455.873639655 RECID=58139 STAMP=873639673
archived log file name=+RECO/ccbs/archivelog/2015_03_06/thread_2_seq_17668.2910.873641227 RECID=58142 STAMP=873641235
archived log file name=+RECO/ccbs/archivelog/2015_03_06/thread_1_seq_21329.3896.873641225 RECID=58140 STAMP=873641225
archived log file name=+RECO/ccbs/archivelog/2015_03_06/thread_1_seq_21330.1830.873641227 RECID=58141 STAMP=873641226
archived log file name=+RECO/ccbs/archivelog/2015_03_06/thread_2_seq_17669.1790.873650427 RECID=58144 STAMP=873650438
archived log file name=+RECO/ccbs/archivelog/2015_03_06/thread_1_seq_21331.2619.873649693 RECID=58143 STAMP=873649705
archived log file name=+RECO/ccbs/archivelog/2015_03_06/thread_1_seq_21332.1808.873651829 RECID=58146 STAMP=873651830
archived log file name=+RECO/ccbs/archivelog/2015_03_06/thread_2_seq_17670.1742.873650493 RECID=58145 STAMP=873650506
archived log file name=+RECO/ccbs/archivelog/2015_03_06/thread_2_seq_17671.1911.873651867 RECID=58147 STAMP=873651879
archived log file name=+RECO/ccbs/archivelog/2015_03_06/thread_2_seq_17672.2601.873655995 RECID=58148 STAMP=873656006
archived log file name=+RECO/ccbs/archivelog/2015_03_06/thread_1_seq_21333.2582.873664619 RECID=58149 STAMP=873664622
archived log file name=+RECO/ccbs/archivelog/2015_03_06/thread_2_seq_17673.1935.873664615 RECID=58151 STAMP=873664624
archived log file name=+RECO/ccbs/archivelog/2015_03_06/thread_1_seq_21334.2589.873664623 RECID=58150 STAMP=873664623
archived log file name=+RECO/ccbs/archivelog/2015_03_06/thread_2_seq_17674.2689.873666963 RECID=58152 STAMP=873666993
archived log file name=+RECO/ccbs/archivelog/2015_03_06/thread_1_seq_21335.518.873667049 RECID=58154 STAMP=873667050
archived log file name=+RECO/ccbs/archivelog/2015_03_06/thread_2_seq_17675.2567.873667017 RECID=58153 STAMP=873667038
archived log file name=+RECO/ccbs/archivelog/2015_03_06/thread_2_seq_17676.1977.873667083 RECID=58155 STAMP=873667126
archived log file name=+RECO/ccbs/archivelog/2015_03_06/thread_2_seq_17677.1295.873667157 RECID=58156 STAMP=873667190
archived log file name=+RECO/ccbs/archivelog/2015_03_06/thread_1_seq_21336.3045.873668471 RECID=58157 STAMP=873668472
archived log file name=+RECO/ccbs/archivelog/2015_03_06/thread_2_seq_17678.1560.873668513 RECID=58158 STAMP=873668512
channel ORA_DISK_1: finished piece 1 at 06/03/2015 22:00:45
piece handle=+DATA/rman/archi_06_20150306_7cq16909_1_1 tag=MONTHLY_ARCH_2_15 comment=NONE
channel ORA_DISK_1: backup set complete, elapsed time: 00:00:04
channel ORA_DISK_1: deleting archived log(s)
archived log file name=+RECO/ccbs/archivelog/2015_03_06/thread_1_seq_21337.1528.873668477 RECID=58159 STAMP=873668477
archived log file name=+RECO/ccbs/archivelog/2015_03_06/thread_2_seq_17679.1520.873668519 RECID=58160 STAMP=873668520
Finished backup at 06/03/2015 22:00:45

Starting Control File and SPFILE Autobackup at 06/03/2015 22:00:45
piece handle=+RECO/rman/c-271141816-20150306-01 comment=NONE
Finished Control File and SPFILE Autobackup at 06/03/2015 22:00:49

Recovery Manager complete.
