
Recovery Manager: Release 11.2.0.2.0 - Production on Wed Feb 4 21:00:01 2015

Copyright (c) 1982, 2009, Oracle and/or its affiliates.  All rights reserved.

connected to target database: CCBS (DBID=271141816)

RMAN> #CONFIGURE RETENTION POLICY TO REDUNDANCY 1;	#updated 20/3/2014 
2> #CONFIGURE BACKUP OPTIMIZATION ON;
3> #CONFIGURE DEFAULT DEVICE TYPE TO DISK; # default
4> #CONFIGURE CONTROLFILE AUTOBACKUP OFF;
5> #CONFIGURE CONTROLFILE AUTOBACKUP FORMAT FOR DEVICE TYPE DISK TO '+RECO/RMAN/%F';
6> #CONFIGURE DEVICE TYPE DISK PARALLELISM 2 BACKUP TYPE TO COMPRESSED BACKUPSET;
7> #CONFIGURE DATAFILE BACKUP COPIES FOR DEVICE TYPE DISK TO 1; # default
8> #CONFIGURE ARCHIVELOG BACKUP COPIES FOR DEVICE TYPE DISK TO 1; # default
9> #CONFIGURE CHANNEL DEVICE TYPE DISK MAXPIECESIZE 4 G; #updated 24/3/2014
10> #CONFIGURE MAXSETSIZE TO UNLIMITED;
11> #CONFIGURE ENCRYPTION FOR DATABASE OFF; # default
12> #CONFIGURE ENCRYPTION ALGORITHM 'AES128'; # default
13> #CONFIGURE COMPRESSION ALGORITHM 'BASIC' AS OF RELEASE 'DEFAULT' OPTIMIZE FOR LOAD TRUE ; # default
14> #Chi khi nao cac archive da duoc apply tren cac standby thi moi cho delete.
15> #CONFIGURE ARCHIVELOG DELETION POLICY TO APPLIED ON ALL STANDBY;
16> #CONFIGURE SNAPSHOT CONTROLFILE NAME TO '/u01/app/oracle/product/11.2.0.2/dbhome_1/dbs/snapcf_ccbs1.f'; # default
17> 
18> 
19> #updated 20/8/2014
20> # Ngay 1:
21> #	Xoa cac backup obsolete: Giu lai backupset hien tai, xoa cac ban backupset truoc do.
22> #	Backup level0 vao +RECO	tag MONTHLY_LEVEL_0_day1
23> # 	copy ban level0 thu 2 vao o dia /mnt/nfs52100/RMAN	copy_MONTHLY_LEVEL_0_day1
24> # Ngay 2-15:
25> #	Backup copies 2 level1 vao +RECO,/mnt/nfs52100/RMAN
26> #	Backup copies 2 archived vao +RECO,/mnt/nfs52100/RMAN
27> #	Delete archived all
28> 
29> # Ngay 16:
30> #	Xoa cac backup obsolete: Giu lai backupset hien tai, xoa cac ban backupset truoc do.
31> #	Backup level0 vao +RECO	tag MONTHLY_LEVEL_0_day16
32> # 	copy ban level0 thu 2 vao o dia /mnt/nfs52100/RMAN	tag copy_MONTHLY_LEVEL_0_day16
33> # Ngay 17-31:
34> #	Backup copies 2 level1 vao +RECO,/mnt/nfs52100/RMAN	
35> #	Backup copies 2 archived vao +RECO,/mnt/nfs52100/RMAN
36> #	Delete archived all
37> 
38> run
39> {
40>  #  backup incremental level 1 copies 2 format '+DATA/RMAN/level1_%D_%T_%U','/mnt/nfs52100/RMAN/level1_%D_%T_%U' tag MON_LV1_2_15 database include current controlfile;
41>   backup incremental level 1 format '+DATA/RMAN/level1_%D_%T_%U' tag MON_LV1_2_15 database include current controlfile;
42> 
43> 	sql 'ALTER SYSTEM ARCHIVE LOG CURRENT';
44> #	backup as compressed backupset copies 2 archivelog all format '+DATA/RMAN/archi_%D_%T_%U','/u03/rman_ccbs_ftp5/RMAN/archi_%D_%T_%U'
45> #  tag monthly_arch_2_15 delete input;
46> 	backup as compressed backupset archivelog all format '+DATA/RMAN/archi_%D_%T_%U' tag monthly_arch_2_15 delete input;
47> }
48> 
Starting backup at 04/02/2015 21:00:03
using target database control file instead of recovery catalog
allocated channel: ORA_DISK_1
channel ORA_DISK_1: SID=1159 instance=ccbs1 device type=DISK
allocated channel: ORA_DISK_2
channel ORA_DISK_2: SID=919 instance=ccbs1 device type=DISK
channel ORA_DISK_1: starting compressed incremental level 1 datafile backup set
channel ORA_DISK_1: specifying datafile(s) in backup set
input datafile file number=00002 name=+DATA/ccbs/datafile/sysaux.258.772710837
input datafile file number=00107 name=+DATA/ccbs/datafile/sysaux.390.822699669
input datafile file number=00130 name=+DATA/ccbs/datafile/undotbs1_02.426.857385663
input datafile file number=00133 name=+DATA/ccbs/datafile/undotbs2_02.516.857386025
input datafile file number=00001 name=+DATA/ccbs/datafile/system.271.772710825
input datafile file number=00061 name=+DATA/ccbs/datafile/gg_data.338.779148549
input datafile file number=00007 name=+DATA/ccbs/datafile/users.282.774527471
input datafile file number=00010 name=+DATA/ccbs/datafile/indx.287.774530539
input datafile file number=00013 name=+DATA/ccbs/datafile/indx.290.774541697
input datafile file number=00016 name=+DATA/ccbs/datafile/indx.293.774541877
input datafile file number=00019 name=+DATA/ccbs/datafile/indx.296.774541987
input datafile file number=00022 name=+DATA/ccbs/datafile/users.299.774543191
input datafile file number=00025 name=+DATA/ccbs/datafile/users.302.774543327
input datafile file number=00028 name=+DATA/ccbs/datafile/users.305.774543443
input datafile file number=00031 name=+DATA/ccbs/datafile/users.308.774543671
input datafile file number=00034 name=+DATA/ccbs/datafile/users.311.775873655
input datafile file number=00037 name=+DATA/ccbs/datafile/users.314.775996677
input datafile file number=00040 name=+DATA/ccbs/datafile/users.317.775996743
input datafile file number=00043 name=+DATA/ccbs/datafile/users.320.775997701
input datafile file number=00046 name=+DATA/ccbs/datafile/users.323.775997787
input datafile file number=00049 name=+DATA/ccbs/datafile/users.326.775997875
input datafile file number=00052 name=+DATA/ccbs/datafile/users.329.775998289
input datafile file number=00055 name=+DATA/ccbs/datafile/users.332.776000393
input datafile file number=00058 name=+DATA/ccbs/datafile/users.335.776001375
input datafile file number=00062 name=+DATA/ccbs/datafile/users.339.780491723
input datafile file number=00065 name=+DATA/ccbs/datafile/users.342.780492259
input datafile file number=00068 name=+DATA/ccbs/datafile/users.345.780493063
input datafile file number=00071 name=+DATA/ccbs/datafile/users.348.780493937
input datafile file number=00074 name=+DATA/ccbs/datafile/indx.351.780853091
input datafile file number=00077 name=+DATA/ccbs/datafile/indx.354.780853419
input datafile file number=00080 name=+DATA/ccbs/datafile/users.357.780853601
input datafile file number=00083 name=+DATA/ccbs/datafile/users.360.780853693
input datafile file number=00086 name=+DATA/ccbs/datafile/users.363.780853829
input datafile file number=00089 name=+DATA/ccbs/datafile/users.366.780853939
input datafile file number=00092 name=+DATA/ccbs/datafile/users.369.780853997
input datafile file number=00095 name=+DATA/ccbs/datafile/users.372.780854143
input datafile file number=00098 name=+DATA/ccbs/datafile/users.375.780854347
input datafile file number=00101 name=+DATA/ccbs/datafile/tbs_others.267.792772437
input datafile file number=00104 name=+DATA/ccbs/datafile/indx.387.819597647
input datafile file number=00124 name=+DATA/ccbs/datafile/indx.417.843228737
input datafile file number=00109 name=+DATA/ccbs/datafile/indx.402.843228399
input datafile file number=00112 name=+DATA/ccbs/datafile/indx.405.843228469
input datafile file number=00115 name=+DATA/ccbs/datafile/indx.408.843228491
input datafile file number=00118 name=+DATA/ccbs/datafile/indx.411.843228541
input datafile file number=00121 name=+DATA/ccbs/datafile/indx.414.843228559
channel ORA_DISK_1: starting piece 1 at 04/02/2015 21:00:13
channel ORA_DISK_2: starting compressed incremental level 1 datafile backup set
channel ORA_DISK_2: specifying datafile(s) in backup set
input datafile file number=00105 name=+DATA/ccbs/datafile/sysaux.388.822699379
input datafile file number=00108 name=+DATA/ccbs/datafile/sysaux.391.822699673
input datafile file number=00129 name=+DATA/ccbs/datafile/undotbs1_02.468.857385623
input datafile file number=00132 name=+DATA/ccbs/datafile/undotbs2_02.538.857385993
input datafile file number=00135 name=+DATA/ccbs/datafile/undotbs2_02.633.857386105
input datafile file number=00006 name=+DATA/ccbs/datafile/indx.285.774530247
input datafile file number=00009 name=+DATA/ccbs/datafile/indx.286.774530435
input datafile file number=00012 name=+DATA/ccbs/datafile/tbs_others.289.774531237
input datafile file number=00015 name=+DATA/ccbs/datafile/indx.292.774541795
input datafile file number=00018 name=+DATA/ccbs/datafile/indx.295.774541965
input datafile file number=00021 name=+DATA/ccbs/datafile/users.298.774543045
input datafile file number=00024 name=+DATA/ccbs/datafile/users.301.774543271
input datafile file number=00027 name=+DATA/ccbs/datafile/users.304.774543419
input datafile file number=00030 name=+DATA/ccbs/datafile/users.307.774543485
input datafile file number=00033 name=+DATA/ccbs/datafile/users.310.775873623
input datafile file number=00036 name=+DATA/ccbs/datafile/users.313.775873743
input datafile file number=00039 name=+DATA/ccbs/datafile/users.316.775996723
input datafile file number=00042 name=+DATA/ccbs/datafile/users.319.775997681
input datafile file number=00045 name=+DATA/ccbs/datafile/users.322.775997741
input datafile file number=00048 name=+DATA/ccbs/datafile/users.325.775997857
input datafile file number=00051 name=+DATA/ccbs/datafile/users.328.775997951
input datafile file number=00054 name=+DATA/ccbs/datafile/users.331.775998423
input datafile file number=00057 name=+DATA/ccbs/datafile/users.334.776000867
input datafile file number=00060 name=+DATA/ccbs/datafile/tbs_others.337.776001527
input datafile file number=00064 name=+DATA/ccbs/datafile/users.341.780492153
input datafile file number=00067 name=+DATA/ccbs/datafile/users.344.780492429
input datafile file number=00070 name=+DATA/ccbs/datafile/users.347.780493719
input datafile file number=00073 name=+DATA/ccbs/datafile/indx.350.780852893
input datafile file number=00076 name=+DATA/ccbs/datafile/indx.353.780853327
input datafile file number=00079 name=+DATA/ccbs/datafile/users.356.780853583
input datafile file number=00082 name=+DATA/ccbs/datafile/users.359.780853645
input datafile file number=00085 name=+DATA/ccbs/datafile/users.362.780853743
input datafile file number=00088 name=+DATA/ccbs/datafile/users.365.780853919
input datafile file number=00091 name=+DATA/ccbs/datafile/users.368.780853979
input datafile file number=00094 name=+DATA/ccbs/datafile/users.371.780854093
input datafile file number=00097 name=+DATA/ccbs/datafile/users.374.780854327
input datafile file number=00100 name=+DATA/ccbs/datafile/users.377.780854429
input datafile file number=00103 name=+DATA/ccbs/datafile/indx.386.819597557
input datafile file number=00123 name=+DATA/ccbs/datafile/indx.416.843228721
input datafile file number=00126 name=+DATA/ccbs/datafile/indx.419.843228767
input datafile file number=00111 name=+DATA/ccbs/datafile/indx.404.843228463
input datafile file number=00114 name=+DATA/ccbs/datafile/indx.407.843228483
input datafile file number=00117 name=+DATA/ccbs/datafile/indx.410.843228505
input datafile file number=00120 name=+DATA/ccbs/datafile/indx.413.843228553
channel ORA_DISK_2: starting piece 1 at 04/02/2015 21:00:14
channel ORA_DISK_2: finished piece 1 at 04/02/2015 21:09:59
piece handle=+DATA/rman/level1_04_20150204_19puf52t_1_1 tag=MON_LV1_2_15 comment=NONE
channel ORA_DISK_2: starting piece 2 at 04/02/2015 21:09:59
channel ORA_DISK_1: finished piece 1 at 04/02/2015 21:10:44
piece handle=+DATA/rman/level1_04_20150204_18puf52t_1_1 tag=MON_LV1_2_15 comment=NONE
channel ORA_DISK_1: starting piece 2 at 04/02/2015 21:10:44
channel ORA_DISK_2: finished piece 2 at 04/02/2015 21:19:59
piece handle=+DATA/rman/level1_04_20150204_19puf52t_2_1 tag=MON_LV1_2_15 comment=NONE
channel ORA_DISK_2: starting piece 3 at 04/02/2015 21:19:59
channel ORA_DISK_1: finished piece 2 at 04/02/2015 21:22:24
piece handle=+DATA/rman/level1_04_20150204_18puf52t_2_1 tag=MON_LV1_2_15 comment=NONE
channel ORA_DISK_1: starting piece 3 at 04/02/2015 21:22:24
channel ORA_DISK_2: finished piece 3 at 04/02/2015 21:31:59
piece handle=+DATA/rman/level1_04_20150204_19puf52t_3_1 tag=MON_LV1_2_15 comment=NONE
channel ORA_DISK_2: starting piece 4 at 04/02/2015 21:31:59
channel ORA_DISK_1: finished piece 3 at 04/02/2015 21:34:14
piece handle=+DATA/rman/level1_04_20150204_18puf52t_3_1 tag=MON_LV1_2_15 comment=NONE
channel ORA_DISK_1: starting piece 4 at 04/02/2015 21:34:14
channel ORA_DISK_1: finished piece 4 at 04/02/2015 21:36:09
piece handle=+DATA/rman/level1_04_20150204_18puf52t_4_1 tag=MON_LV1_2_15 comment=NONE
channel ORA_DISK_1: backup set complete, elapsed time: 00:35:56
channel ORA_DISK_1: starting compressed incremental level 1 datafile backup set
channel ORA_DISK_1: specifying datafile(s) in backup set
input datafile file number=00106 name=+DATA/ccbs/datafile/sysaux.389.822699397
input datafile file number=00127 name=+DATA/ccbs/datafile/undotbs1_02.455.857385555
input datafile file number=00128 name=+DATA/ccbs/datafile/undotbs1_02.425.857385591
input datafile file number=00131 name=+DATA/ccbs/datafile/undotbs2_02.423.857385961
input datafile file number=00134 name=+DATA/ccbs/datafile/undotbs2_02.485.857386063
input datafile file number=00005 name=+DATA/ccbs/datafile/users.269.772710879
input datafile file number=00008 name=+DATA/ccbs/datafile/users.283.774527719
input datafile file number=00011 name=+DATA/ccbs/datafile/tbs_others.288.774531157
input datafile file number=00014 name=+DATA/ccbs/datafile/indx.291.774541763
input datafile file number=00017 name=+DATA/ccbs/datafile/indx.294.774541943
input datafile file number=00020 name=+DATA/ccbs/datafile/users.297.774542019
input datafile file number=00023 name=+DATA/ccbs/datafile/users.300.774543249
input datafile file number=00026 name=+DATA/ccbs/datafile/users.303.774543375
input datafile file number=00029 name=+DATA/ccbs/datafile/users.306.774543465
input datafile file number=00032 name=+DATA/ccbs/datafile/users.309.774543697
input datafile file number=00035 name=+DATA/ccbs/datafile/users.312.775873715
input datafile file number=00038 name=+DATA/ccbs/datafile/users.315.775996699
input datafile file number=00041 name=+DATA/ccbs/datafile/users.318.775997657
input datafile file number=00044 name=+DATA/ccbs/datafile/users.321.775997721
input datafile file number=00047 name=+DATA/ccbs/datafile/users.324.775997821
input datafile file number=00050 name=+DATA/ccbs/datafile/users.327.775997915
input datafile file number=00053 name=+DATA/ccbs/datafile/users.330.775998311
input datafile file number=00056 name=+DATA/ccbs/datafile/users.333.776000415
input datafile file number=00059 name=+DATA/ccbs/datafile/tbs_others.336.776001499
input datafile file number=00063 name=+DATA/ccbs/datafile/users.340.780491785
input datafile file number=00066 name=+DATA/ccbs/datafile/users.343.780492321
input datafile file number=00069 name=+DATA/ccbs/datafile/users.346.780493683
input datafile file number=00072 name=+DATA/ccbs/datafile/indx.349.780852847
input datafile file number=00075 name=+DATA/ccbs/datafile/indx.352.780853165
input datafile file number=00078 name=+DATA/ccbs/datafile/users.355.780853553
input datafile file number=00081 name=+DATA/ccbs/datafile/users.358.780853623
input datafile file number=00084 name=+DATA/ccbs/datafile/users.361.780853717
input datafile file number=00087 name=+DATA/ccbs/datafile/users.364.780853901
input datafile file number=00090 name=+DATA/ccbs/datafile/users.367.780853961
input datafile file number=00093 name=+DATA/ccbs/datafile/users.370.780854023
input datafile file number=00096 name=+DATA/ccbs/datafile/users.373.780854307
input datafile file number=00099 name=+DATA/ccbs/datafile/users.376.780854365
input datafile file number=00102 name=+DATA/ccbs/datafile/indx.284.819597493
input datafile file number=00122 name=+DATA/ccbs/datafile/indx.415.843228705
input datafile file number=00125 name=+DATA/ccbs/datafile/indx.418.843228751
input datafile file number=00110 name=+DATA/ccbs/datafile/indx.403.843228457
input datafile file number=00113 name=+DATA/ccbs/datafile/indx.406.843228475
input datafile file number=00116 name=+DATA/ccbs/datafile/indx.409.843228497
input datafile file number=00119 name=+DATA/ccbs/datafile/indx.412.843228547
channel ORA_DISK_1: starting piece 1 at 04/02/2015 21:36:10
channel ORA_DISK_2: finished piece 4 at 04/02/2015 21:42:15
piece handle=+DATA/rman/level1_04_20150204_19puf52t_4_1 tag=MON_LV1_2_15 comment=NONE
channel ORA_DISK_2: starting piece 5 at 04/02/2015 21:42:15
channel ORA_DISK_2: finished piece 5 at 04/02/2015 21:42:51
piece handle=+DATA/rman/level1_04_20150204_19puf52t_5_1 tag=MON_LV1_2_15 comment=NONE
channel ORA_DISK_2: backup set complete, elapsed time: 00:42:37
channel ORA_DISK_2: starting compressed incremental level 1 datafile backup set
channel ORA_DISK_2: specifying datafile(s) in backup set
including current control file in backup set
channel ORA_DISK_2: starting piece 1 at 04/02/2015 21:42:54
channel ORA_DISK_2: finished piece 1 at 04/02/2015 21:42:57
piece handle=+DATA/rman/level1_04_20150204_1bpuf7ir_1_1 tag=MON_LV1_2_15 comment=NONE
channel ORA_DISK_2: backup set complete, elapsed time: 00:00:03
channel ORA_DISK_1: finished piece 1 at 04/02/2015 21:44:49
piece handle=+DATA/rman/level1_04_20150204_1apuf76a_1_1 tag=MON_LV1_2_15 comment=NONE
channel ORA_DISK_1: starting piece 2 at 04/02/2015 21:44:49
channel ORA_DISK_1: finished piece 2 at 04/02/2015 21:53:44
piece handle=+DATA/rman/level1_04_20150204_1apuf76a_2_1 tag=MON_LV1_2_15 comment=NONE
channel ORA_DISK_1: starting piece 3 at 04/02/2015 21:53:44
channel ORA_DISK_1: finished piece 3 at 04/02/2015 22:04:29
piece handle=+DATA/rman/level1_04_20150204_1apuf76a_3_1 tag=MON_LV1_2_15 comment=NONE
channel ORA_DISK_1: starting piece 4 at 04/02/2015 22:04:29
channel ORA_DISK_1: finished piece 4 at 04/02/2015 22:15:44
piece handle=+DATA/rman/level1_04_20150204_1apuf76a_4_1 tag=MON_LV1_2_15 comment=NONE
channel ORA_DISK_1: starting piece 5 at 04/02/2015 22:15:44
channel ORA_DISK_1: finished piece 5 at 04/02/2015 22:20:49
piece handle=+DATA/rman/level1_04_20150204_1apuf76a_5_1 tag=MON_LV1_2_15 comment=NONE
channel ORA_DISK_1: backup set complete, elapsed time: 00:44:39
Finished backup at 04/02/2015 22:20:49

Starting Control File and SPFILE Autobackup at 04/02/2015 22:20:49
piece handle=+RECO/rman/c-271141816-20150204-00 comment=NONE
Finished Control File and SPFILE Autobackup at 04/02/2015 22:20:53

sql statement: ALTER SYSTEM ARCHIVE LOG CURRENT

Starting backup at 04/02/2015 22:21:05
current log archived
using channel ORA_DISK_1
using channel ORA_DISK_2
channel ORA_DISK_1: starting compressed archived log backup set
channel ORA_DISK_1: specifying archived log(s) in backup set
input archived log thread=1 sequence=20980 RECID=57378 STAMP=870478899
input archived log thread=2 sequence=17254 RECID=57377 STAMP=870424439
input archived log thread=2 sequence=17255 RECID=57379 STAMP=870478942
input archived log thread=2 sequence=17256 RECID=57380 STAMP=870478987
input archived log thread=1 sequence=20981 RECID=57382 STAMP=870479037
input archived log thread=2 sequence=17257 RECID=57381 STAMP=870479036
input archived log thread=2 sequence=17258 RECID=57383 STAMP=870479084
input archived log thread=2 sequence=17259 RECID=57384 STAMP=870479132
input archived log thread=1 sequence=20982 RECID=57386 STAMP=870480319
input archived log thread=2 sequence=17260 RECID=57385 STAMP=870479183
input archived log thread=2 sequence=17261 RECID=57387 STAMP=870480359
input archived log thread=1 sequence=20983 RECID=57389 STAMP=870480987
input archived log thread=2 sequence=17262 RECID=57388 STAMP=870481008
input archived log thread=2 sequence=17263 RECID=57390 STAMP=870481029
input archived log thread=2 sequence=17264 RECID=57391 STAMP=870481051
input archived log thread=1 sequence=20984 RECID=57393 STAMP=870510846
input archived log thread=2 sequence=17265 RECID=57392 STAMP=870481068
input archived log thread=2 sequence=17266 RECID=57394 STAMP=870510885
input archived log thread=2 sequence=17267 RECID=57395 STAMP=870552976
input archived log thread=1 sequence=20985 RECID=57396 STAMP=870566515
input archived log thread=2 sequence=17268 RECID=57398 STAMP=870599158
input archived log thread=1 sequence=20986 RECID=57397 STAMP=870586803
input archived log thread=1 sequence=20987 RECID=57400 STAMP=870605133
input archived log thread=2 sequence=17269 RECID=57399 STAMP=870604670
input archived log thread=2 sequence=17270 RECID=57401 STAMP=870605175
input archived log thread=2 sequence=17271 RECID=57402 STAMP=870605670
input archived log thread=1 sequence=20988 RECID=57404 STAMP=870606568
input archived log thread=2 sequence=17272 RECID=57403 STAMP=870606132
input archived log thread=2 sequence=17273 RECID=57405 STAMP=870606612
input archived log thread=2 sequence=17274 RECID=57406 STAMP=870606868
input archived log thread=1 sequence=20989 RECID=57408 STAMP=870606909
input archived log thread=2 sequence=17275 RECID=57407 STAMP=870606913
input archived log thread=2 sequence=17276 RECID=57409 STAMP=870606954
input archived log thread=2 sequence=17277 RECID=57410 STAMP=870607151
input archived log thread=1 sequence=20990 RECID=57412 STAMP=870607297
input archived log thread=2 sequence=17278 RECID=57411 STAMP=870607195
input archived log thread=2 sequence=17279 RECID=57413 STAMP=870607342
input archived log thread=2 sequence=17280 RECID=57414 STAMP=870607464
input archived log thread=1 sequence=20991 RECID=57416 STAMP=870607765
input archived log thread=2 sequence=17281 RECID=57415 STAMP=870607679
input archived log thread=2 sequence=17282 RECID=57417 STAMP=870607812
input archived log thread=2 sequence=17283 RECID=57418 STAMP=870608015
input archived log thread=1 sequence=20992 RECID=57420 STAMP=870613010
input archived log thread=2 sequence=17284 RECID=57419 STAMP=870608435
input archived log thread=2 sequence=17285 RECID=57421 STAMP=870613047
input archived log thread=2 sequence=17286 RECID=57423 STAMP=870618332
input archived log thread=1 sequence=20993 RECID=57422 STAMP=870616520
input archived log thread=1 sequence=20994 RECID=57425 STAMP=870619316
input archived log thread=2 sequence=17287 RECID=57424 STAMP=870618905
input archived log thread=2 sequence=17288 RECID=57426 STAMP=870619359
input archived log thread=2 sequence=17289 RECID=57427 STAMP=870619406
input archived log thread=1 sequence=20995 RECID=57429 STAMP=870620759
input archived log thread=2 sequence=17290 RECID=57428 STAMP=870620549
input archived log thread=2 sequence=17291 RECID=57430 STAMP=870620805
input archived log thread=2 sequence=17292 RECID=57431 STAMP=870620962
input archived log thread=1 sequence=20996 RECID=57433 STAMP=870621855
input archived log thread=2 sequence=17293 RECID=57432 STAMP=870621408
input archived log thread=2 sequence=17294 RECID=57434 STAMP=870621900
input archived log thread=2 sequence=17295 RECID=57435 STAMP=870622392
input archived log thread=1 sequence=20997 RECID=57437 STAMP=870622719
input archived log thread=2 sequence=17296 RECID=57436 STAMP=870622720
input archived log thread=2 sequence=17297 RECID=57438 STAMP=870622765
input archived log thread=2 sequence=17298 RECID=57439 STAMP=870622813
input archived log thread=1 sequence=20998 RECID=57441 STAMP=870623001
channel ORA_DISK_1: starting piece 1 at 04/02/2015 22:21:12
channel ORA_DISK_2: starting compressed archived log backup set
channel ORA_DISK_2: specifying archived log(s) in backup set
input archived log thread=2 sequence=17299 RECID=57440 STAMP=870622999
input archived log thread=2 sequence=17300 RECID=57442 STAMP=870623048
input archived log thread=2 sequence=17301 RECID=57443 STAMP=870623270
input archived log thread=1 sequence=20999 RECID=57445 STAMP=870623950
input archived log thread=2 sequence=17302 RECID=57444 STAMP=870623753
input archived log thread=2 sequence=17303 RECID=57446 STAMP=870623996
input archived log thread=2 sequence=17304 RECID=57447 STAMP=870625434
input archived log thread=1 sequence=21000 RECID=57448 STAMP=870626009
input archived log thread=2 sequence=17305 RECID=57449 STAMP=870626245
input archived log thread=1 sequence=21001 RECID=57451 STAMP=870627027
input archived log thread=2 sequence=17306 RECID=57450 STAMP=870626851
input archived log thread=2 sequence=17307 RECID=57452 STAMP=870627073
input archived log thread=2 sequence=17308 RECID=57453 STAMP=870646593
input archived log thread=1 sequence=21002 RECID=57454 STAMP=870653050
input archived log thread=2 sequence=17309 RECID=57456 STAMP=870680214
input archived log thread=1 sequence=21003 RECID=57455 STAMP=870679558
input archived log thread=1 sequence=21004 RECID=57457 STAMP=870680183
input archived log thread=1 sequence=21005 RECID=57458 STAMP=870680802
input archived log thread=2 sequence=17310 RECID=57460 STAMP=870681787
input archived log thread=1 sequence=21006 RECID=57459 STAMP=870681432
input archived log thread=1 sequence=21007 RECID=57461 STAMP=870681771
input archived log thread=1 sequence=21008 RECID=57462 STAMP=870681921
input archived log thread=2 sequence=17311 RECID=57464 STAMP=870682365
input archived log thread=1 sequence=21009 RECID=57463 STAMP=870682172
input archived log thread=1 sequence=21010 RECID=57465 STAMP=870682340
input archived log thread=1 sequence=21011 RECID=57466 STAMP=870682508
input archived log thread=2 sequence=17312 RECID=57468 STAMP=870689736
input archived log thread=1 sequence=21012 RECID=57467 STAMP=870682607
input archived log thread=1 sequence=21013 RECID=57470 STAMP=870690028
input archived log thread=2 sequence=17313 RECID=57469 STAMP=870689844
input archived log thread=2 sequence=17314 RECID=57471 STAMP=870699193
input archived log thread=1 sequence=21014 RECID=57472 STAMP=870711362
input archived log thread=2 sequence=17315 RECID=57473 STAMP=870711467
input archived log thread=1 sequence=21015 RECID=57475 STAMP=870717686
input archived log thread=2 sequence=17316 RECID=57474 STAMP=870717358
input archived log thread=2 sequence=17317 RECID=57476 STAMP=870718571
input archived log thread=1 sequence=21016 RECID=57478 STAMP=870719536
input archived log thread=2 sequence=17318 RECID=57477 STAMP=870719078
input archived log thread=2 sequence=17319 RECID=57479 STAMP=870719579
input archived log thread=2 sequence=17320 RECID=57480 STAMP=870720080
input archived log thread=1 sequence=21017 RECID=57482 STAMP=870720445
input archived log thread=2 sequence=17321 RECID=57481 STAMP=870720447
input archived log thread=2 sequence=17322 RECID=57483 STAMP=870720492
input archived log thread=2 sequence=17323 RECID=57484 STAMP=870720537
input archived log thread=1 sequence=21018 RECID=57486 STAMP=870720739
input archived log thread=2 sequence=17324 RECID=57485 STAMP=870720732
input archived log thread=2 sequence=17325 RECID=57487 STAMP=870720784
input archived log thread=2 sequence=17326 RECID=57488 STAMP=870720915
input archived log thread=1 sequence=21019 RECID=57490 STAMP=870721223
input archived log thread=2 sequence=17327 RECID=57489 STAMP=870721056
input archived log thread=2 sequence=17328 RECID=57491 STAMP=870721267
input archived log thread=2 sequence=17329 RECID=57492 STAMP=870721385
input archived log thread=1 sequence=21020 RECID=57494 STAMP=870721919
input archived log thread=2 sequence=17330 RECID=57493 STAMP=870721562
input archived log thread=2 sequence=17331 RECID=57495 STAMP=870721964
input archived log thread=2 sequence=17332 RECID=57496 STAMP=870726283
input archived log thread=1 sequence=21021 RECID=57497 STAMP=870729924
input archived log thread=2 sequence=17333 RECID=57498 STAMP=870730803
input archived log thread=1 sequence=21022 RECID=57499 STAMP=870731490
input archived log thread=2 sequence=17334 RECID=57501 STAMP=870732520
input archived log thread=1 sequence=21023 RECID=57500 STAMP=870732410
channel ORA_DISK_2: starting piece 1 at 04/02/2015 22:21:13
channel ORA_DISK_1: finished piece 1 at 04/02/2015 22:28:38
piece handle=+DATA/rman/archi_04_20150204_1dpuf9qo_1_1 tag=MONTHLY_ARCH_2_15 comment=NONE
channel ORA_DISK_1: starting piece 2 at 04/02/2015 22:28:38
channel ORA_DISK_2: finished piece 1 at 04/02/2015 22:28:53
piece handle=+DATA/rman/archi_04_20150204_1epuf9qo_1_1 tag=MONTHLY_ARCH_2_15 comment=NONE
channel ORA_DISK_2: starting piece 2 at 04/02/2015 22:28:53
channel ORA_DISK_1: finished piece 2 at 04/02/2015 22:35:58
piece handle=+DATA/rman/archi_04_20150204_1dpuf9qo_2_1 tag=MONTHLY_ARCH_2_15 comment=NONE
channel ORA_DISK_1: starting piece 3 at 04/02/2015 22:35:58
channel ORA_DISK_2: finished piece 2 at 04/02/2015 22:36:23
piece handle=+DATA/rman/archi_04_20150204_1epuf9qo_2_1 tag=MONTHLY_ARCH_2_15 comment=NONE
channel ORA_DISK_2: starting piece 3 at 04/02/2015 22:36:23
channel ORA_DISK_1: finished piece 3 at 04/02/2015 22:43:08
piece handle=+DATA/rman/archi_04_20150204_1dpuf9qo_3_1 tag=MONTHLY_ARCH_2_15 comment=NONE
channel ORA_DISK_1: starting piece 4 at 04/02/2015 22:43:08
channel ORA_DISK_2: finished piece 3 at 04/02/2015 22:43:43
piece handle=+DATA/rman/archi_04_20150204_1epuf9qo_3_1 tag=MONTHLY_ARCH_2_15 comment=NONE
channel ORA_DISK_2: starting piece 4 at 04/02/2015 22:43:43
channel ORA_DISK_1: finished piece 4 at 04/02/2015 22:50:28
piece handle=+DATA/rman/archi_04_20150204_1dpuf9qo_4_1 tag=MONTHLY_ARCH_2_15 comment=NONE
channel ORA_DISK_1: starting piece 5 at 04/02/2015 22:50:28
channel ORA_DISK_2: finished piece 4 at 04/02/2015 22:51:03
piece handle=+DATA/rman/archi_04_20150204_1epuf9qo_4_1 tag=MONTHLY_ARCH_2_15 comment=NONE
channel ORA_DISK_2: starting piece 5 at 04/02/2015 22:51:03
channel ORA_DISK_1: finished piece 5 at 04/02/2015 22:57:48
piece handle=+DATA/rman/archi_04_20150204_1dpuf9qo_5_1 tag=MONTHLY_ARCH_2_15 comment=NONE
channel ORA_DISK_1: starting piece 6 at 04/02/2015 22:57:48
channel ORA_DISK_2: finished piece 5 at 04/02/2015 22:58:23
piece handle=+DATA/rman/archi_04_20150204_1epuf9qo_5_1 tag=MONTHLY_ARCH_2_15 comment=NONE
channel ORA_DISK_2: starting piece 6 at 04/02/2015 22:58:23
channel ORA_DISK_2: finished piece 6 at 04/02/2015 23:02:28
piece handle=+DATA/rman/archi_04_20150204_1epuf9qo_6_1 tag=MONTHLY_ARCH_2_15 comment=NONE
channel ORA_DISK_2: backup set complete, elapsed time: 00:41:15
channel ORA_DISK_2: deleting archived log(s)
archived log file name=+RECO/ccbs/archivelog/2015_02_02/thread_2_seq_17299.3753.870622987 RECID=57440 STAMP=870622999
archived log file name=+RECO/ccbs/archivelog/2015_02_02/thread_2_seq_17300.3741.870623037 RECID=57442 STAMP=870623048
archived log file name=+RECO/ccbs/archivelog/2015_02_02/thread_2_seq_17301.3737.870623259 RECID=57443 STAMP=870623270
archived log file name=+RECO/ccbs/archivelog/2015_02_02/thread_1_seq_20999.3655.870623951 RECID=57445 STAMP=870623950
archived log file name=+RECO/ccbs/archivelog/2015_02_02/thread_2_seq_17302.3659.870623741 RECID=57444 STAMP=870623753
archived log file name=+RECO/ccbs/archivelog/2015_02_02/thread_2_seq_17303.3733.870623985 RECID=57446 STAMP=870623996
archived log file name=+RECO/ccbs/archivelog/2015_02_02/thread_2_seq_17304.1889.870625423 RECID=57447 STAMP=870625434
archived log file name=+RECO/ccbs/archivelog/2015_02_02/thread_1_seq_21000.3651.870625997 RECID=57448 STAMP=870626009
archived log file name=+RECO/ccbs/archivelog/2015_02_02/thread_2_seq_17305.4135.870626233 RECID=57449 STAMP=870626245
archived log file name=+RECO/ccbs/archivelog/2015_02_02/thread_1_seq_21001.2967.870627027 RECID=57451 STAMP=870627027
archived log file name=+RECO/ccbs/archivelog/2015_02_02/thread_2_seq_17306.3496.870626839 RECID=57450 STAMP=870626851
archived log file name=+RECO/ccbs/archivelog/2015_02_02/thread_2_seq_17307.3895.870627061 RECID=57452 STAMP=870627073
archived log file name=+RECO/ccbs/archivelog/2015_02_02/thread_2_seq_17308.3137.870646583 RECID=57453 STAMP=870646593
archived log file name=+RECO/ccbs/archivelog/2015_02_03/thread_1_seq_21002.3537.870653039 RECID=57454 STAMP=870653050
archived log file name=+RECO/ccbs/archivelog/2015_02_03/thread_2_seq_17309.1704.870680207 RECID=57456 STAMP=870680214
archived log file name=+RECO/ccbs/archivelog/2015_02_03/thread_1_seq_21003.3528.870679547 RECID=57455 STAMP=870679558
archived log file name=+RECO/ccbs/archivelog/2015_02_03/thread_1_seq_21004.2091.870680171 RECID=57457 STAMP=870680183
archived log file name=+RECO/ccbs/archivelog/2015_02_03/thread_1_seq_21005.3208.870680789 RECID=57458 STAMP=870680802
archived log file name=+RECO/ccbs/archivelog/2015_02_03/thread_2_seq_17310.3260.870681787 RECID=57460 STAMP=870681787
archived log file name=+RECO/ccbs/archivelog/2015_02_03/thread_1_seq_21006.3581.870681421 RECID=57459 STAMP=870681432
archived log file name=+RECO/ccbs/archivelog/2015_02_03/thread_1_seq_21007.3305.870681751 RECID=57461 STAMP=870681771
archived log file name=+RECO/ccbs/archivelog/2015_02_03/thread_1_seq_21008.3288.870681899 RECID=57462 STAMP=870681921
archived log file name=+RECO/ccbs/archivelog/2015_02_03/thread_2_seq_17311.3388.870682365 RECID=57464 STAMP=870682365
archived log file name=+RECO/ccbs/archivelog/2015_02_03/thread_1_seq_21009.1488.870682161 RECID=57463 STAMP=870682172
archived log file name=+RECO/ccbs/archivelog/2015_02_03/thread_1_seq_21010.3356.870682329 RECID=57465 STAMP=870682340
archived log file name=+RECO/ccbs/archivelog/2015_02_03/thread_1_seq_21011.1496.870682497 RECID=57466 STAMP=870682508
archived log file name=+RECO/ccbs/archivelog/2015_02_03/thread_2_seq_17312.1514.870689725 RECID=57468 STAMP=870689736
archived log file name=+RECO/ccbs/archivelog/2015_02_03/thread_1_seq_21012.1520.870682597 RECID=57467 STAMP=870682607
archived log file name=+RECO/ccbs/archivelog/2015_02_03/thread_1_seq_21013.1560.870690017 RECID=57470 STAMP=870690028
archived log file name=+RECO/ccbs/archivelog/2015_02_03/thread_2_seq_17313.1528.870689833 RECID=57469 STAMP=870689844
archived log file name=+RECO/ccbs/archivelog/2015_02_03/thread_2_seq_17314.2842.870699183 RECID=57471 STAMP=870699193
archived log file name=+RECO/ccbs/archivelog/2015_02_03/thread_1_seq_21014.3492.870711351 RECID=57472 STAMP=870711362
archived log file name=+RECO/ccbs/archivelog/2015_02_03/thread_2_seq_17315.3478.870711455 RECID=57473 STAMP=870711467
archived log file name=+RECO/ccbs/archivelog/2015_02_03/thread_1_seq_21015.518.870717675 RECID=57475 STAMP=870717686
archived log file name=+RECO/ccbs/archivelog/2015_02_03/thread_2_seq_17316.1295.870717347 RECID=57474 STAMP=870717358
archived log file name=+RECO/ccbs/archivelog/2015_02_03/thread_2_seq_17317.627.870718559 RECID=57476 STAMP=870718571
archived log file name=+RECO/ccbs/archivelog/2015_02_03/thread_1_seq_21016.3513.870719533 RECID=57478 STAMP=870719536
archived log file name=+RECO/ccbs/archivelog/2015_02_03/thread_2_seq_17318.3440.870719067 RECID=57477 STAMP=870719078
archived log file name=+RECO/ccbs/archivelog/2015_02_03/thread_2_seq_17319.3455.870719567 RECID=57479 STAMP=870719579
archived log file name=+RECO/ccbs/archivelog/2015_02_03/thread_2_seq_17320.2977.870720069 RECID=57480 STAMP=870720080
archived log file name=+RECO/ccbs/archivelog/2015_02_03/thread_1_seq_21017.2910.870720445 RECID=57482 STAMP=870720445
archived log file name=+RECO/ccbs/archivelog/2015_02_03/thread_2_seq_17321.4029.870720435 RECID=57481 STAMP=870720447
archived log file name=+RECO/ccbs/archivelog/2015_02_03/thread_2_seq_17322.3896.870720481 RECID=57483 STAMP=870720492
archived log file name=+RECO/ccbs/archivelog/2015_02_03/thread_2_seq_17323.1742.870720525 RECID=57484 STAMP=870720537
archived log file name=+RECO/ccbs/archivelog/2015_02_03/thread_1_seq_21018.1830.870720739 RECID=57486 STAMP=870720739
archived log file name=+RECO/ccbs/archivelog/2015_02_03/thread_2_seq_17324.1790.870720721 RECID=57485 STAMP=870720732
archived log file name=+RECO/ccbs/archivelog/2015_02_03/thread_2_seq_17325.1808.870720771 RECID=57487 STAMP=870720784
archived log file name=+RECO/ccbs/archivelog/2015_02_03/thread_2_seq_17326.2619.870720905 RECID=57488 STAMP=870720915
archived log file name=+RECO/ccbs/archivelog/2015_02_03/thread_1_seq_21019.1911.870721223 RECID=57490 STAMP=870721223
archived log file name=+RECO/ccbs/archivelog/2015_02_03/thread_2_seq_17327.2601.870721043 RECID=57489 STAMP=870721056
archived log file name=+RECO/ccbs/archivelog/2015_02_03/thread_2_seq_17328.2589.870721255 RECID=57491 STAMP=870721267
archived log file name=+RECO/ccbs/archivelog/2015_02_03/thread_2_seq_17329.1935.870721373 RECID=57492 STAMP=870721385
archived log file name=+RECO/ccbs/archivelog/2015_02_03/thread_1_seq_21020.2582.870721919 RECID=57494 STAMP=870721919
archived log file name=+RECO/ccbs/archivelog/2015_02_03/thread_2_seq_17330.1977.870721551 RECID=57493 STAMP=870721562
archived log file name=+RECO/ccbs/archivelog/2015_02_03/thread_2_seq_17331.2689.870721953 RECID=57495 STAMP=870721964
archived log file name=+RECO/ccbs/archivelog/2015_02_03/thread_2_seq_17332.2567.870726271 RECID=57496 STAMP=870726283
archived log file name=+RECO/ccbs/archivelog/2015_02_03/thread_1_seq_21021.3045.870729913 RECID=57497 STAMP=870729924
archived log file name=+RECO/ccbs/archivelog/2015_02_03/thread_2_seq_17333.4226.870730791 RECID=57498 STAMP=870730803
archived log file name=+RECO/ccbs/archivelog/2015_02_03/thread_1_seq_21022.3533.870731479 RECID=57499 STAMP=870731490
archived log file name=+RECO/ccbs/archivelog/2015_02_03/thread_2_seq_17334.3144.870732509 RECID=57501 STAMP=870732520
archived log file name=+RECO/ccbs/archivelog/2015_02_03/thread_1_seq_21023.3037.870732397 RECID=57500 STAMP=870732410
channel ORA_DISK_2: starting compressed archived log backup set
channel ORA_DISK_2: specifying archived log(s) in backup set
input archived log thread=1 sequence=21024 RECID=57503 STAMP=870733331
input archived log thread=2 sequence=17335 RECID=57502 STAMP=870732697
input archived log thread=2 sequence=17336 RECID=57505 STAMP=870734603
input archived log thread=1 sequence=21025 RECID=57504 STAMP=870733955
input archived log thread=1 sequence=21026 RECID=57506 STAMP=870734574
input archived log thread=1 sequence=21027 RECID=57507 STAMP=870735204
input archived log thread=2 sequence=17337 RECID=57509 STAMP=870735678
input archived log thread=1 sequence=21028 RECID=57508 STAMP=870735604
input archived log thread=1 sequence=21029 RECID=57510 STAMP=870735651
input archived log thread=1 sequence=21030 RECID=57511 STAMP=870735864
input archived log thread=2 sequence=17338 RECID=57513 STAMP=870736227
input archived log thread=1 sequence=21031 RECID=57512 STAMP=870736033
input archived log thread=1 sequence=21032 RECID=57514 STAMP=870736201
input archived log thread=1 sequence=21033 RECID=57515 STAMP=870736328
input archived log thread=2 sequence=17339 RECID=57517 STAMP=870739565
input archived log thread=1 sequence=21034 RECID=57516 STAMP=870739317
input archived log thread=1 sequence=21035 RECID=57518 STAMP=870739537
input archived log thread=1 sequence=21036 RECID=57520 STAMP=870769671
input archived log thread=2 sequence=17340 RECID=57519 STAMP=870757984
input archived log thread=2 sequence=17341 RECID=57521 STAMP=870770064
input archived log thread=1 sequence=21037 RECID=57523 STAMP=870771526
input archived log thread=2 sequence=17342 RECID=57522 STAMP=870770851
input archived log thread=2 sequence=17343 RECID=57524 STAMP=870771569
input archived log thread=2 sequence=17344 RECID=57525 STAMP=870785732
input archived log thread=1 sequence=21038 RECID=57527 STAMP=870786576
input archived log thread=2 sequence=17345 RECID=57526 STAMP=870785976
input archived log thread=2 sequence=17346 RECID=57528 STAMP=870786618
input archived log thread=2 sequence=17347 RECID=57529 STAMP=870787461
input archived log thread=1 sequence=21039 RECID=57531 STAMP=870790100
input archived log thread=2 sequence=17348 RECID=57530 STAMP=870789814
input archived log thread=2 sequence=17349 RECID=57532 STAMP=870792828
input archived log thread=1 sequence=21040 RECID=57534 STAMP=870794203
input archived log thread=2 sequence=17350 RECID=57533 STAMP=870793440
input archived log thread=2 sequence=17351 RECID=57535 STAMP=870794310
input archived log thread=1 sequence=21041 RECID=57536 STAMP=870796418
input archived log thread=2 sequence=17352 RECID=57538 STAMP=870800485
input archived log thread=1 sequence=21042 RECID=57537 STAMP=870799730
input archived log thread=1 sequence=21043 RECID=57539 STAMP=870800454
input archived log thread=1 sequence=21044 RECID=57541 STAMP=870801375
input archived log thread=2 sequence=17353 RECID=57540 STAMP=870801241
input archived log thread=2 sequence=17354 RECID=57542 STAMP=870801413
input archived log thread=2 sequence=17355 RECID=57543 STAMP=870801659
input archived log thread=1 sequence=21045 RECID=57545 STAMP=870801804
input archived log thread=2 sequence=17356 RECID=57544 STAMP=870801775
input archived log thread=2 sequence=17357 RECID=57546 STAMP=870801849
input archived log thread=2 sequence=17358 RECID=57548 STAMP=870810562
input archived log thread=1 sequence=21046 RECID=57547 STAMP=870810000
input archived log thread=1 sequence=21047 RECID=57549 STAMP=870810535
input archived log thread=1 sequence=21048 RECID=57550 STAMP=870811168
input archived log thread=2 sequence=17359 RECID=57552 STAMP=870812492
input archived log thread=1 sequence=21049 RECID=57551 STAMP=870811810
input archived log thread=1 sequence=21050 RECID=57553 STAMP=870812465
input archived log thread=1 sequence=21051 RECID=57554 STAMP=870812678
input archived log thread=2 sequence=17360 RECID=57556 STAMP=870813008
input archived log thread=1 sequence=21052 RECID=57555 STAMP=870812726
input archived log thread=1 sequence=21053 RECID=57557 STAMP=870812984
input archived log thread=1 sequence=21054 RECID=57558 STAMP=870813152
input archived log thread=2 sequence=17361 RECID=57560 STAMP=870813433
input archived log thread=1 sequence=21055 RECID=57559 STAMP=870813321
input archived log thread=1 sequence=21056 RECID=57561 STAMP=870813408
input archived log thread=1 sequence=21057 RECID=57562 STAMP=870819661
input archived log thread=2 sequence=17362 RECID=57563 STAMP=870819700
input archived log thread=1 sequence=21058 RECID=57564 STAMP=870819666
input archived log thread=2 sequence=17363 RECID=57565 STAMP=870819701
channel ORA_DISK_2: starting piece 1 at 04/02/2015 23:02:34
channel ORA_DISK_1: finished piece 6 at 04/02/2015 23:03:39
piece handle=+DATA/rman/archi_04_20150204_1dpuf9qo_6_1 tag=MONTHLY_ARCH_2_15 comment=NONE
channel ORA_DISK_1: backup set complete, elapsed time: 00:42:27
channel ORA_DISK_1: deleting archived log(s)
archived log file name=+RECO/ccbs/archivelog/2015_01_31/thread_1_seq_20980.1315.870478895 RECID=57378 STAMP=870478899
archived log file name=+RECO/ccbs/archivelog/2015_01_31/thread_2_seq_17254.3146.870424429 RECID=57377 STAMP=870424439
archived log file name=+RECO/ccbs/archivelog/2015_01_31/thread_2_seq_17255.1369.870478931 RECID=57379 STAMP=870478942
archived log file name=+RECO/ccbs/archivelog/2015_01_31/thread_2_seq_17256.1422.870478975 RECID=57380 STAMP=870478987
archived log file name=+RECO/ccbs/archivelog/2015_01_31/thread_1_seq_20981.1444.870479037 RECID=57382 STAMP=870479037
archived log file name=+RECO/ccbs/archivelog/2015_01_31/thread_2_seq_17257.365.870479023 RECID=57381 STAMP=870479036
archived log file name=+RECO/ccbs/archivelog/2015_01_31/thread_2_seq_17258.1333.870479071 RECID=57383 STAMP=870479084
archived log file name=+RECO/ccbs/archivelog/2015_01_31/thread_2_seq_17259.461.870479119 RECID=57384 STAMP=870479132
archived log file name=+RECO/ccbs/archivelog/2015_02_01/thread_1_seq_20982.1205.870480307 RECID=57386 STAMP=870480319
archived log file name=+RECO/ccbs/archivelog/2015_01_31/thread_2_seq_17260.1403.870479171 RECID=57385 STAMP=870479183
archived log file name=+RECO/ccbs/archivelog/2015_02_01/thread_2_seq_17261.1211.870480347 RECID=57387 STAMP=870480359
archived log file name=+RECO/ccbs/archivelog/2015_02_01/thread_1_seq_20983.2969.870480985 RECID=57389 STAMP=870480987
archived log file name=+RECO/ccbs/archivelog/2015_02_01/thread_2_seq_17262.1464.870480997 RECID=57388 STAMP=870481008
archived log file name=+RECO/ccbs/archivelog/2015_02_01/thread_2_seq_17263.548.870481017 RECID=57390 STAMP=870481029
archived log file name=+RECO/ccbs/archivelog/2015_02_01/thread_2_seq_17264.4200.870481039 RECID=57391 STAMP=870481051
archived log file name=+RECO/ccbs/archivelog/2015_02_01/thread_1_seq_20984.338.870510841 RECID=57393 STAMP=870510846
archived log file name=+RECO/ccbs/archivelog/2015_02_01/thread_2_seq_17265.3809.870481057 RECID=57392 STAMP=870481068
archived log file name=+RECO/ccbs/archivelog/2015_02_01/thread_2_seq_17266.3817.870510873 RECID=57394 STAMP=870510885
archived log file name=+RECO/ccbs/archivelog/2015_02_01/thread_2_seq_17267.3390.870552965 RECID=57395 STAMP=870552976
archived log file name=+RECO/ccbs/archivelog/2015_02_02/thread_1_seq_20985.258.870566505 RECID=57396 STAMP=870566515
archived log file name=+RECO/ccbs/archivelog/2015_02_02/thread_2_seq_17268.856.870599147 RECID=57398 STAMP=870599158
archived log file name=+RECO/ccbs/archivelog/2015_02_02/thread_1_seq_20986.1176.870586791 RECID=57397 STAMP=870586803
archived log file name=+RECO/ccbs/archivelog/2015_02_02/thread_1_seq_20987.1140.870605129 RECID=57400 STAMP=870605133
archived log file name=+RECO/ccbs/archivelog/2015_02_02/thread_2_seq_17269.437.870604659 RECID=57399 STAMP=870604670
archived log file name=+RECO/ccbs/archivelog/2015_02_02/thread_2_seq_17270.556.870605163 RECID=57401 STAMP=870605175
archived log file name=+RECO/ccbs/archivelog/2015_02_02/thread_2_seq_17271.4224.870605659 RECID=57402 STAMP=870605670
archived log file name=+RECO/ccbs/archivelog/2015_02_02/thread_1_seq_20988.1004.870606567 RECID=57404 STAMP=870606568
archived log file name=+RECO/ccbs/archivelog/2015_02_02/thread_2_seq_17272.2462.870606121 RECID=57403 STAMP=870606132
archived log file name=+RECO/ccbs/archivelog/2015_02_02/thread_2_seq_17273.2663.870606601 RECID=57405 STAMP=870606612
archived log file name=+RECO/ccbs/archivelog/2015_02_02/thread_2_seq_17274.4079.870606857 RECID=57406 STAMP=870606868
archived log file name=+RECO/ccbs/archivelog/2015_02_02/thread_1_seq_20989.3929.870606909 RECID=57408 STAMP=870606909
archived log file name=+RECO/ccbs/archivelog/2015_02_02/thread_2_seq_17275.4248.870606901 RECID=57407 STAMP=870606913
archived log file name=+RECO/ccbs/archivelog/2015_02_02/thread_2_seq_17276.3968.870606943 RECID=57409 STAMP=870606954
archived log file name=+RECO/ccbs/archivelog/2015_02_02/thread_2_seq_17277.1040.870607139 RECID=57410 STAMP=870607151
archived log file name=+RECO/ccbs/archivelog/2015_02_02/thread_1_seq_20990.4128.870607297 RECID=57412 STAMP=870607297
archived log file name=+RECO/ccbs/archivelog/2015_02_02/thread_2_seq_17278.4109.870607183 RECID=57411 STAMP=870607195
archived log file name=+RECO/ccbs/archivelog/2015_02_02/thread_2_seq_17279.4212.870607331 RECID=57413 STAMP=870607342
archived log file name=+RECO/ccbs/archivelog/2015_02_02/thread_2_seq_17280.4236.870607451 RECID=57414 STAMP=870607464
archived log file name=+RECO/ccbs/archivelog/2015_02_02/thread_1_seq_20991.2846.870607765 RECID=57416 STAMP=870607765
archived log file name=+RECO/ccbs/archivelog/2015_02_02/thread_2_seq_17281.2442.870607667 RECID=57415 STAMP=870607679
archived log file name=+RECO/ccbs/archivelog/2015_02_02/thread_2_seq_17282.4277.870607799 RECID=57417 STAMP=870607812
archived log file name=+RECO/ccbs/archivelog/2015_02_02/thread_2_seq_17283.3001.870608003 RECID=57418 STAMP=870608015
archived log file name=+RECO/ccbs/archivelog/2015_02_02/thread_1_seq_20992.3184.870613001 RECID=57420 STAMP=870613010
archived log file name=+RECO/ccbs/archivelog/2015_02_02/thread_2_seq_17284.2505.870608425 RECID=57419 STAMP=870608435
archived log file name=+RECO/ccbs/archivelog/2015_02_02/thread_2_seq_17285.2537.870613035 RECID=57421 STAMP=870613047
archived log file name=+RECO/ccbs/archivelog/2015_02_02/thread_2_seq_17286.3258.870618321 RECID=57423 STAMP=870618332
archived log file name=+RECO/ccbs/archivelog/2015_02_02/thread_1_seq_20993.3101.870616509 RECID=57422 STAMP=870616520
archived log file name=+RECO/ccbs/archivelog/2015_02_02/thread_1_seq_20994.1881.870619313 RECID=57425 STAMP=870619316
archived log file name=+RECO/ccbs/archivelog/2015_02_02/thread_2_seq_17287.3386.870618893 RECID=57424 STAMP=870618905
archived log file name=+RECO/ccbs/archivelog/2015_02_02/thread_2_seq_17288.2712.870619347 RECID=57426 STAMP=870619359
archived log file name=+RECO/ccbs/archivelog/2015_02_02/thread_2_seq_17289.3262.870619395 RECID=57427 STAMP=870619406
archived log file name=+RECO/ccbs/archivelog/2015_02_02/thread_1_seq_20995.2716.870620759 RECID=57429 STAMP=870620759
archived log file name=+RECO/ccbs/archivelog/2015_02_02/thread_2_seq_17290.2364.870620539 RECID=57428 STAMP=870620549
archived log file name=+RECO/ccbs/archivelog/2015_02_02/thread_2_seq_17291.1845.870620793 RECID=57430 STAMP=870620805
archived log file name=+RECO/ccbs/archivelog/2015_02_02/thread_2_seq_17292.2685.870620949 RECID=57431 STAMP=870620962
archived log file name=+RECO/ccbs/archivelog/2015_02_02/thread_1_seq_20996.3596.870621855 RECID=57433 STAMP=870621855
archived log file name=+RECO/ccbs/archivelog/2015_02_02/thread_2_seq_17293.2154.870621397 RECID=57432 STAMP=870621408
archived log file name=+RECO/ccbs/archivelog/2015_02_02/thread_2_seq_17294.2176.870621889 RECID=57434 STAMP=870621900
archived log file name=+RECO/ccbs/archivelog/2015_02_02/thread_2_seq_17295.3797.870622381 RECID=57435 STAMP=870622392
archived log file name=+RECO/ccbs/archivelog/2015_02_02/thread_1_seq_20997.3773.870622719 RECID=57437 STAMP=870622719
archived log file name=+RECO/ccbs/archivelog/2015_02_02/thread_2_seq_17296.3793.870622709 RECID=57436 STAMP=870622720
archived log file name=+RECO/ccbs/archivelog/2015_02_02/thread_2_seq_17297.3785.870622753 RECID=57438 STAMP=870622765
archived log file name=+RECO/ccbs/archivelog/2015_02_02/thread_2_seq_17298.3769.870622801 RECID=57439 STAMP=870622813
archived log file name=+RECO/ccbs/archivelog/2015_02_02/thread_1_seq_20998.3749.870623001 RECID=57441 STAMP=870623001
channel ORA_DISK_2: finished piece 1 at 04/02/2015 23:10:03
piece handle=+DATA/rman/archi_04_20150204_1fpufc89_1_1 tag=MONTHLY_ARCH_2_15 comment=NONE
channel ORA_DISK_2: starting piece 2 at 04/02/2015 23:10:03
channel ORA_DISK_2: finished piece 2 at 04/02/2015 23:17:28
piece handle=+DATA/rman/archi_04_20150204_1fpufc89_2_1 tag=MONTHLY_ARCH_2_15 comment=NONE
channel ORA_DISK_2: starting piece 3 at 04/02/2015 23:17:28
channel ORA_DISK_2: finished piece 3 at 04/02/2015 23:24:33
piece handle=+DATA/rman/archi_04_20150204_1fpufc89_3_1 tag=MONTHLY_ARCH_2_15 comment=NONE
channel ORA_DISK_2: starting piece 4 at 04/02/2015 23:24:33
channel ORA_DISK_2: finished piece 4 at 04/02/2015 23:31:28
piece handle=+DATA/rman/archi_04_20150204_1fpufc89_4_1 tag=MONTHLY_ARCH_2_15 comment=NONE
channel ORA_DISK_2: starting piece 5 at 04/02/2015 23:31:28
channel ORA_DISK_2: finished piece 5 at 04/02/2015 23:38:23
piece handle=+DATA/rman/archi_04_20150204_1fpufc89_5_1 tag=MONTHLY_ARCH_2_15 comment=NONE
channel ORA_DISK_2: starting piece 6 at 04/02/2015 23:38:23
channel ORA_DISK_2: finished piece 6 at 04/02/2015 23:43:59
piece handle=+DATA/rman/archi_04_20150204_1fpufc89_6_1 tag=MONTHLY_ARCH_2_15 comment=NONE
channel ORA_DISK_2: backup set complete, elapsed time: 00:41:25
channel ORA_DISK_2: deleting archived log(s)
archived log file name=+RECO/ccbs/archivelog/2015_02_03/thread_1_seq_21024.2348.870733319 RECID=57503 STAMP=870733331
archived log file name=+RECO/ccbs/archivelog/2015_02_03/thread_2_seq_17335.4289.870732685 RECID=57502 STAMP=870732697
archived log file name=+RECO/ccbs/archivelog/2015_02_03/thread_2_seq_17336.3315.870734597 RECID=57505 STAMP=870734603
archived log file name=+RECO/ccbs/archivelog/2015_02_03/thread_1_seq_21025.2132.870733943 RECID=57504 STAMP=870733955
archived log file name=+RECO/ccbs/archivelog/2015_02_03/thread_1_seq_21026.3055.870734563 RECID=57506 STAMP=870734574
archived log file name=+RECO/ccbs/archivelog/2015_02_03/thread_1_seq_21027.3264.870735193 RECID=57507 STAMP=870735204
archived log file name=+RECO/ccbs/archivelog/2015_02_03/thread_2_seq_17337.3139.870735679 RECID=57509 STAMP=870735678
archived log file name=+RECO/ccbs/archivelog/2015_02_03/thread_1_seq_21028.3216.870735591 RECID=57508 STAMP=870735604
archived log file name=+RECO/ccbs/archivelog/2015_02_03/thread_1_seq_21029.3154.870735639 RECID=57510 STAMP=870735651
archived log file name=+RECO/ccbs/archivelog/2015_02_03/thread_1_seq_21030.2551.870735853 RECID=57511 STAMP=870735864
archived log file name=+RECO/ccbs/archivelog/2015_02_03/thread_2_seq_17338.2525.870736227 RECID=57513 STAMP=870736227
archived log file name=+RECO/ccbs/archivelog/2015_02_03/thread_1_seq_21031.3081.870736021 RECID=57512 STAMP=870736033
archived log file name=+RECO/ccbs/archivelog/2015_02_03/thread_1_seq_21032.2140.870736189 RECID=57514 STAMP=870736201
archived log file name=+RECO/ccbs/archivelog/2015_02_03/thread_1_seq_21033.2495.870736315 RECID=57515 STAMP=870736328
archived log file name=+RECO/ccbs/archivelog/2015_02_04/thread_2_seq_17339.2820.870739563 RECID=57517 STAMP=870739565
archived log file name=+RECO/ccbs/archivelog/2015_02_04/thread_1_seq_21034.2473.870739305 RECID=57516 STAMP=870739317
archived log file name=+RECO/ccbs/archivelog/2015_02_04/thread_1_seq_21035.2460.870739525 RECID=57518 STAMP=870739537
archived log file name=+RECO/ccbs/archivelog/2015_02_04/thread_1_seq_21036.2800.870769659 RECID=57520 STAMP=870769671
archived log file name=+RECO/ccbs/archivelog/2015_02_04/thread_2_seq_17340.2818.870757973 RECID=57519 STAMP=870757984
archived log file name=+RECO/ccbs/archivelog/2015_02_04/thread_2_seq_17341.3579.870770053 RECID=57521 STAMP=870770064
archived log file name=+RECO/ccbs/archivelog/2015_02_04/thread_1_seq_21037.1967.870771523 RECID=57523 STAMP=870771526
archived log file name=+RECO/ccbs/archivelog/2015_02_04/thread_2_seq_17342.4033.870770839 RECID=57522 STAMP=870770851
archived log file name=+RECO/ccbs/archivelog/2015_02_04/thread_2_seq_17343.4101.870771557 RECID=57524 STAMP=870771569
archived log file name=+RECO/ccbs/archivelog/2015_02_04/thread_2_seq_17344.2768.870785721 RECID=57525 STAMP=870785732
archived log file name=+RECO/ccbs/archivelog/2015_02_04/thread_1_seq_21038.2403.870786573 RECID=57527 STAMP=870786576
archived log file name=+RECO/ccbs/archivelog/2015_02_04/thread_2_seq_17345.2738.870785963 RECID=57526 STAMP=870785976
archived log file name=+RECO/ccbs/archivelog/2015_02_04/thread_2_seq_17346.2424.870786607 RECID=57528 STAMP=870786618
archived log file name=+RECO/ccbs/archivelog/2015_02_04/thread_2_seq_17347.2395.870787449 RECID=57529 STAMP=870787461
archived log file name=+RECO/ccbs/archivelog/2015_02_04/thread_1_seq_21039.820.870790089 RECID=57531 STAMP=870790100
archived log file name=+RECO/ccbs/archivelog/2015_02_04/thread_2_seq_17348.4037.870789803 RECID=57530 STAMP=870789814
archived log file name=+RECO/ccbs/archivelog/2015_02_04/thread_2_seq_17349.3960.870792817 RECID=57532 STAMP=870792828
archived log file name=+RECO/ccbs/archivelog/2015_02_04/thread_1_seq_21040.4185.870794191 RECID=57534 STAMP=870794203
archived log file name=+RECO/ccbs/archivelog/2015_02_04/thread_2_seq_17350.3897.870793429 RECID=57533 STAMP=870793440
archived log file name=+RECO/ccbs/archivelog/2015_02_04/thread_2_seq_17351.4016.870794299 RECID=57535 STAMP=870794310
archived log file name=+RECO/ccbs/archivelog/2015_02_04/thread_1_seq_21041.4022.870796407 RECID=57536 STAMP=870796418
archived log file name=+RECO/ccbs/archivelog/2015_02_04/thread_2_seq_17352.4173.870800479 RECID=57538 STAMP=870800485
archived log file name=+RECO/ccbs/archivelog/2015_02_04/thread_1_seq_21042.501.870799717 RECID=57537 STAMP=870799730
archived log file name=+RECO/ccbs/archivelog/2015_02_04/thread_1_seq_21043.4184.870800441 RECID=57539 STAMP=870800454
archived log file name=+RECO/ccbs/archivelog/2015_02_04/thread_1_seq_21044.4243.870801369 RECID=57541 STAMP=870801375
archived log file name=+RECO/ccbs/archivelog/2015_02_04/thread_2_seq_17353.4152.870801229 RECID=57540 STAMP=870801241
archived log file name=+RECO/ccbs/archivelog/2015_02_04/thread_2_seq_17354.4032.870801401 RECID=57542 STAMP=870801413
archived log file name=+RECO/ccbs/archivelog/2015_02_04/thread_2_seq_17355.4064.870801647 RECID=57543 STAMP=870801659
archived log file name=+RECO/ccbs/archivelog/2015_02_04/thread_1_seq_21045.2170.870801805 RECID=57545 STAMP=870801804
archived log file name=+RECO/ccbs/archivelog/2015_02_04/thread_2_seq_17356.4000.870801761 RECID=57544 STAMP=870801775
archived log file name=+RECO/ccbs/archivelog/2015_02_04/thread_2_seq_17357.2651.870801837 RECID=57546 STAMP=870801849
archived log file name=+RECO/ccbs/archivelog/2015_02_04/thread_2_seq_17358.3019.870810559 RECID=57548 STAMP=870810562
archived log file name=+RECO/ccbs/archivelog/2015_02_04/thread_1_seq_21046.1931.870809989 RECID=57547 STAMP=870810000
archived log file name=+RECO/ccbs/archivelog/2015_02_04/thread_1_seq_21047.2511.870810523 RECID=57549 STAMP=870810535
archived log file name=+RECO/ccbs/archivelog/2015_02_04/thread_1_seq_21048.3958.870811157 RECID=57550 STAMP=870811168
archived log file name=+RECO/ccbs/archivelog/2015_02_04/thread_2_seq_17359.3585.870812489 RECID=57552 STAMP=870812492
archived log file name=+RECO/ccbs/archivelog/2015_02_04/thread_1_seq_21049.2918.870811799 RECID=57551 STAMP=870811810
archived log file name=+RECO/ccbs/archivelog/2015_02_04/thread_1_seq_21050.3950.870812453 RECID=57553 STAMP=870812465
archived log file name=+RECO/ccbs/archivelog/2015_02_04/thread_1_seq_21051.1987.870812667 RECID=57554 STAMP=870812678
archived log file name=+RECO/ccbs/archivelog/2015_02_04/thread_2_seq_17360.3933.870813009 RECID=57556 STAMP=870813008
archived log file name=+RECO/ccbs/archivelog/2015_02_04/thread_1_seq_21052.3096.870812715 RECID=57555 STAMP=870812726
archived log file name=+RECO/ccbs/archivelog/2015_02_04/thread_1_seq_21053.1901.870812973 RECID=57557 STAMP=870812984
archived log file name=+RECO/ccbs/archivelog/2015_02_04/thread_1_seq_21054.3865.870813141 RECID=57558 STAMP=870813152
archived log file name=+RECO/ccbs/archivelog/2015_02_04/thread_2_seq_17361.678.870813431 RECID=57560 STAMP=870813433
archived log file name=+RECO/ccbs/archivelog/2015_02_04/thread_1_seq_21055.3511.870813309 RECID=57559 STAMP=870813321
archived log file name=+RECO/ccbs/archivelog/2015_02_04/thread_1_seq_21056.3530.870813397 RECID=57561 STAMP=870813408
archived log file name=+RECO/ccbs/archivelog/2015_02_04/thread_1_seq_21057.3939.870819655 RECID=57562 STAMP=870819661
archived log file name=+RECO/ccbs/archivelog/2015_02_04/thread_2_seq_17362.1076.870819689 RECID=57563 STAMP=870819700
archived log file name=+RECO/ccbs/archivelog/2015_02_04/thread_1_seq_21058.976.870819667 RECID=57564 STAMP=870819666
archived log file name=+RECO/ccbs/archivelog/2015_02_04/thread_2_seq_17363.1126.870819701 RECID=57565 STAMP=870819701
Finished backup at 04/02/2015 23:44:02

Starting Control File and SPFILE Autobackup at 04/02/2015 23:44:03
piece handle=+RECO/rman/c-271141816-20150204-01 comment=NONE
Finished Control File and SPFILE Autobackup at 04/02/2015 23:44:06

Recovery Manager complete.
