
Recovery Manager: Release 11.2.0.2.0 - Production on Mon Nov 10 21:00:01 2014

Copyright (c) 1982, 2009, Oracle and/or its affiliates.  All rights reserved.

connected to target database: CCBS (DBID=271141816)

RMAN> #CONFIGURE RETENTION POLICY TO REDUNDANCY 1;	#updated 20/3/2014 
2> #CONFIGURE BACKUP OPTIMIZATION ON;
3> #CONFIGURE DEFAULT DEVICE TYPE TO DISK; # default
4> #CONFIGURE CONTROLFILE AUTOBACKUP OFF;
5> #CONFIGURE CONTROLFILE AUTOBACKUP FORMAT FOR DEVICE TYPE DISK TO '+RECO/RMAN/%F';
6> #CONFIGURE DEVICE TYPE DISK PARALLELISM 2 BACKUP TYPE TO COMPRESSED BACKUPSET;
7> #CONFIGURE DATAFILE BACKUP COPIES FOR DEVICE TYPE DISK TO 1; # default
8> #CONFIGURE ARCHIVELOG BACKUP COPIES FOR DEVICE TYPE DISK TO 1; # default
9> #CONFIGURE CHANNEL DEVICE TYPE DISK MAXPIECESIZE 4 G; #updated 24/3/2014
10> #CONFIGURE MAXSETSIZE TO UNLIMITED;
11> #CONFIGURE ENCRYPTION FOR DATABASE OFF; # default
12> #CONFIGURE ENCRYPTION ALGORITHM 'AES128'; # default
13> #CONFIGURE COMPRESSION ALGORITHM 'BASIC' AS OF RELEASE 'DEFAULT' OPTIMIZE FOR LOAD TRUE ; # default
14> #Chi khi nao cac archive da duoc apply tren cac standby thi moi cho delete.
15> #CONFIGURE ARCHIVELOG DELETION POLICY TO APPLIED ON ALL STANDBY;
16> #CONFIGURE SNAPSHOT CONTROLFILE NAME TO '/u01/app/oracle/product/11.2.0.2/dbhome_1/dbs/snapcf_ccbs1.f'; # default
17> 
18> 
19> #updated 20/8/2014
20> # Ngay 1:
21> #	Xoa cac backup obsolete: Giu lai backupset hien tai, xoa cac ban backupset truoc do.
22> #	Backup level0 vao +RECO	tag MONTHLY_LEVEL_0_day1
23> # 	copy ban level0 thu 2 vao o dia /mnt/nfs52100/RMAN	copy_MONTHLY_LEVEL_0_day1
24> # Ngay 2-15:
25> #	Backup copies 2 level1 vao +RECO,/mnt/nfs52100/RMAN
26> #	Backup copies 2 archived vao +RECO,/mnt/nfs52100/RMAN
27> #	Delete archived all
28> 
29> # Ngay 16:
30> #	Xoa cac backup obsolete: Giu lai backupset hien tai, xoa cac ban backupset truoc do.
31> #	Backup level0 vao +RECO	tag MONTHLY_LEVEL_0_day16
32> # 	copy ban level0 thu 2 vao o dia /mnt/nfs52100/RMAN	tag copy_MONTHLY_LEVEL_0_day16
33> # Ngay 17-31:
34> #	Backup copies 2 level1 vao +RECO,/mnt/nfs52100/RMAN	
35> #	Backup copies 2 archived vao +RECO,/mnt/nfs52100/RMAN
36> #	Delete archived all
37> 
38> run
39> {
40>    backup incremental level 1 copies 2 format '+RECO/RMAN/level1_%D_%T_%U','/mnt/nfs52100/RMAN/level1_%D_%T_%U' tag MONTHLY_LEVEL_1 
41> #   backup incremental level 1 copies 2 format '+RECO/RMAN/level1_%D_%T_%U' tag MONTHLY_LEVEL_1 
42> 
43>   database include current controlfile;
44> 	sql 'ALTER SYSTEM ARCHIVE LOG CURRENT';
45> 	backup as compressed backupset copies 2 archivelog all format '+DATA/RMAN/archi_%D_%T_%U','/u03/rman_ccbs_ftp5/RMAN/archi_%D_%T_%U'
46>   tag monthly_arch delete input;
47> }
48> 
Starting backup at 10/11/2014 21:00:03
using target database control file instead of recovery catalog
allocated channel: ORA_DISK_1
channel ORA_DISK_1: SID=698 instance=ccbs1 device type=DISK
allocated channel: ORA_DISK_2
channel ORA_DISK_2: SID=844 instance=ccbs1 device type=DISK
channel ORA_DISK_1: starting compressed incremental level 1 datafile backup set
channel ORA_DISK_1: specifying datafile(s) in backup set
input datafile file number=00002 name=+DATA/ccbs/datafile/sysaux.258.772710837
input datafile file number=00107 name=+DATA/ccbs/datafile/sysaux.390.822699669
input datafile file number=00130 name=+DATA/ccbs/datafile/undotbs1_02.426.857385663
input datafile file number=00133 name=+DATA/ccbs/datafile/undotbs2_02.516.857386025
input datafile file number=00001 name=+DATA/ccbs/datafile/system.271.772710825
input datafile file number=00061 name=+DATA/ccbs/datafile/gg_data.338.779148549
input datafile file number=00007 name=+DATA/ccbs/datafile/users.282.774527471
input datafile file number=00010 name=+DATA/ccbs/datafile/indx.287.774530539
input datafile file number=00013 name=+DATA/ccbs/datafile/indx.290.774541697
input datafile file number=00016 name=+DATA/ccbs/datafile/indx.293.774541877
input datafile file number=00019 name=+DATA/ccbs/datafile/indx.296.774541987
input datafile file number=00022 name=+DATA/ccbs/datafile/users.299.774543191
input datafile file number=00025 name=+DATA/ccbs/datafile/users.302.774543327
input datafile file number=00028 name=+DATA/ccbs/datafile/users.305.774543443
input datafile file number=00031 name=+DATA/ccbs/datafile/users.308.774543671
input datafile file number=00034 name=+DATA/ccbs/datafile/users.311.775873655
input datafile file number=00037 name=+DATA/ccbs/datafile/users.314.775996677
input datafile file number=00040 name=+DATA/ccbs/datafile/users.317.775996743
input datafile file number=00043 name=+DATA/ccbs/datafile/users.320.775997701
input datafile file number=00046 name=+DATA/ccbs/datafile/users.323.775997787
input datafile file number=00049 name=+DATA/ccbs/datafile/users.326.775997875
input datafile file number=00052 name=+DATA/ccbs/datafile/users.329.775998289
input datafile file number=00055 name=+DATA/ccbs/datafile/users.332.776000393
input datafile file number=00058 name=+DATA/ccbs/datafile/users.335.776001375
input datafile file number=00062 name=+DATA/ccbs/datafile/users.339.780491723
input datafile file number=00065 name=+DATA/ccbs/datafile/users.342.780492259
input datafile file number=00068 name=+DATA/ccbs/datafile/users.345.780493063
input datafile file number=00071 name=+DATA/ccbs/datafile/users.348.780493937
input datafile file number=00074 name=+DATA/ccbs/datafile/indx.351.780853091
input datafile file number=00077 name=+DATA/ccbs/datafile/indx.354.780853419
input datafile file number=00080 name=+DATA/ccbs/datafile/users.357.780853601
input datafile file number=00083 name=+DATA/ccbs/datafile/users.360.780853693
input datafile file number=00086 name=+DATA/ccbs/datafile/users.363.780853829
input datafile file number=00089 name=+DATA/ccbs/datafile/users.366.780853939
input datafile file number=00092 name=+DATA/ccbs/datafile/users.369.780853997
input datafile file number=00095 name=+DATA/ccbs/datafile/users.372.780854143
input datafile file number=00098 name=+DATA/ccbs/datafile/users.375.780854347
input datafile file number=00101 name=+DATA/ccbs/datafile/tbs_others.267.792772437
input datafile file number=00104 name=+DATA/ccbs/datafile/indx.387.819597647
input datafile file number=00124 name=+DATA/ccbs/datafile/indx.417.843228737
input datafile file number=00109 name=+DATA/ccbs/datafile/indx.402.843228399
input datafile file number=00112 name=+DATA/ccbs/datafile/indx.405.843228469
input datafile file number=00115 name=+DATA/ccbs/datafile/indx.408.843228491
input datafile file number=00118 name=+DATA/ccbs/datafile/indx.411.843228541
input datafile file number=00121 name=+DATA/ccbs/datafile/indx.414.843228559
channel ORA_DISK_1: starting piece 1 at 10/11/2014 21:00:10
channel ORA_DISK_2: starting compressed incremental level 1 datafile backup set
channel ORA_DISK_2: specifying datafile(s) in backup set
input datafile file number=00105 name=+DATA/ccbs/datafile/sysaux.388.822699379
input datafile file number=00108 name=+DATA/ccbs/datafile/sysaux.391.822699673
input datafile file number=00129 name=+DATA/ccbs/datafile/undotbs1_02.468.857385623
input datafile file number=00132 name=+DATA/ccbs/datafile/undotbs2_02.538.857385993
input datafile file number=00135 name=+DATA/ccbs/datafile/undotbs2_02.633.857386105
input datafile file number=00006 name=+DATA/ccbs/datafile/indx.285.774530247
input datafile file number=00009 name=+DATA/ccbs/datafile/indx.286.774530435
input datafile file number=00012 name=+DATA/ccbs/datafile/tbs_others.289.774531237
input datafile file number=00015 name=+DATA/ccbs/datafile/indx.292.774541795
input datafile file number=00018 name=+DATA/ccbs/datafile/indx.295.774541965
input datafile file number=00021 name=+DATA/ccbs/datafile/users.298.774543045
input datafile file number=00024 name=+DATA/ccbs/datafile/users.301.774543271
input datafile file number=00027 name=+DATA/ccbs/datafile/users.304.774543419
input datafile file number=00030 name=+DATA/ccbs/datafile/users.307.774543485
input datafile file number=00033 name=+DATA/ccbs/datafile/users.310.775873623
input datafile file number=00036 name=+DATA/ccbs/datafile/users.313.775873743
input datafile file number=00039 name=+DATA/ccbs/datafile/users.316.775996723
input datafile file number=00042 name=+DATA/ccbs/datafile/users.319.775997681
input datafile file number=00045 name=+DATA/ccbs/datafile/users.322.775997741
input datafile file number=00048 name=+DATA/ccbs/datafile/users.325.775997857
input datafile file number=00051 name=+DATA/ccbs/datafile/users.328.775997951
input datafile file number=00054 name=+DATA/ccbs/datafile/users.331.775998423
input datafile file number=00057 name=+DATA/ccbs/datafile/users.334.776000867
input datafile file number=00060 name=+DATA/ccbs/datafile/tbs_others.337.776001527
input datafile file number=00064 name=+DATA/ccbs/datafile/users.341.780492153
input datafile file number=00067 name=+DATA/ccbs/datafile/users.344.780492429
input datafile file number=00070 name=+DATA/ccbs/datafile/users.347.780493719
input datafile file number=00073 name=+DATA/ccbs/datafile/indx.350.780852893
input datafile file number=00076 name=+DATA/ccbs/datafile/indx.353.780853327
input datafile file number=00079 name=+DATA/ccbs/datafile/users.356.780853583
input datafile file number=00082 name=+DATA/ccbs/datafile/users.359.780853645
input datafile file number=00085 name=+DATA/ccbs/datafile/users.362.780853743
input datafile file number=00088 name=+DATA/ccbs/datafile/users.365.780853919
input datafile file number=00091 name=+DATA/ccbs/datafile/users.368.780853979
input datafile file number=00094 name=+DATA/ccbs/datafile/users.371.780854093
input datafile file number=00097 name=+DATA/ccbs/datafile/users.374.780854327
input datafile file number=00100 name=+DATA/ccbs/datafile/users.377.780854429
input datafile file number=00103 name=+DATA/ccbs/datafile/indx.386.819597557
input datafile file number=00123 name=+DATA/ccbs/datafile/indx.416.843228721
input datafile file number=00126 name=+DATA/ccbs/datafile/indx.419.843228767
input datafile file number=00111 name=+DATA/ccbs/datafile/indx.404.843228463
input datafile file number=00114 name=+DATA/ccbs/datafile/indx.407.843228483
input datafile file number=00117 name=+DATA/ccbs/datafile/indx.410.843228505
input datafile file number=00120 name=+DATA/ccbs/datafile/indx.413.843228553
channel ORA_DISK_2: starting piece 1 at 10/11/2014 21:00:12
channel ORA_DISK_2: finished piece 1 at 10/11/2014 21:19:07 with 2 copies and tag MONTHLY_LEVEL_1
piece handle=+RECO/rman/level1_10_20141110_e8pn9oeq_1_1 comment=NONE
piece handle=/mnt/nfs52100/RMAN/level1_10_20141110_e8pn9oeq_1_2 comment=NONE
channel ORA_DISK_2: backup set complete, elapsed time: 00:18:55
channel ORA_DISK_2: starting compressed incremental level 1 datafile backup set
channel ORA_DISK_2: specifying datafile(s) in backup set
input datafile file number=00106 name=+DATA/ccbs/datafile/sysaux.389.822699397
input datafile file number=00127 name=+DATA/ccbs/datafile/undotbs1_02.455.857385555
input datafile file number=00128 name=+DATA/ccbs/datafile/undotbs1_02.425.857385591
input datafile file number=00131 name=+DATA/ccbs/datafile/undotbs2_02.423.857385961
input datafile file number=00134 name=+DATA/ccbs/datafile/undotbs2_02.485.857386063
input datafile file number=00005 name=+DATA/ccbs/datafile/users.269.772710879
input datafile file number=00008 name=+DATA/ccbs/datafile/users.283.774527719
input datafile file number=00011 name=+DATA/ccbs/datafile/tbs_others.288.774531157
input datafile file number=00014 name=+DATA/ccbs/datafile/indx.291.774541763
input datafile file number=00017 name=+DATA/ccbs/datafile/indx.294.774541943
input datafile file number=00020 name=+DATA/ccbs/datafile/users.297.774542019
input datafile file number=00023 name=+DATA/ccbs/datafile/users.300.774543249
input datafile file number=00026 name=+DATA/ccbs/datafile/users.303.774543375
input datafile file number=00029 name=+DATA/ccbs/datafile/users.306.774543465
input datafile file number=00032 name=+DATA/ccbs/datafile/users.309.774543697
input datafile file number=00035 name=+DATA/ccbs/datafile/users.312.775873715
input datafile file number=00038 name=+DATA/ccbs/datafile/users.315.775996699
input datafile file number=00041 name=+DATA/ccbs/datafile/users.318.775997657
input datafile file number=00044 name=+DATA/ccbs/datafile/users.321.775997721
input datafile file number=00047 name=+DATA/ccbs/datafile/users.324.775997821
input datafile file number=00050 name=+DATA/ccbs/datafile/users.327.775997915
input datafile file number=00053 name=+DATA/ccbs/datafile/users.330.775998311
input datafile file number=00056 name=+DATA/ccbs/datafile/users.333.776000415
input datafile file number=00059 name=+DATA/ccbs/datafile/tbs_others.336.776001499
input datafile file number=00063 name=+DATA/ccbs/datafile/users.340.780491785
input datafile file number=00066 name=+DATA/ccbs/datafile/users.343.780492321
input datafile file number=00069 name=+DATA/ccbs/datafile/users.346.780493683
input datafile file number=00072 name=+DATA/ccbs/datafile/indx.349.780852847
input datafile file number=00075 name=+DATA/ccbs/datafile/indx.352.780853165
input datafile file number=00078 name=+DATA/ccbs/datafile/users.355.780853553
input datafile file number=00081 name=+DATA/ccbs/datafile/users.358.780853623
input datafile file number=00084 name=+DATA/ccbs/datafile/users.361.780853717
input datafile file number=00087 name=+DATA/ccbs/datafile/users.364.780853901
input datafile file number=00090 name=+DATA/ccbs/datafile/users.367.780853961
input datafile file number=00093 name=+DATA/ccbs/datafile/users.370.780854023
input datafile file number=00096 name=+DATA/ccbs/datafile/users.373.780854307
input datafile file number=00099 name=+DATA/ccbs/datafile/users.376.780854365
input datafile file number=00102 name=+DATA/ccbs/datafile/indx.284.819597493
input datafile file number=00122 name=+DATA/ccbs/datafile/indx.415.843228705
input datafile file number=00125 name=+DATA/ccbs/datafile/indx.418.843228751
input datafile file number=00110 name=+DATA/ccbs/datafile/indx.403.843228457
input datafile file number=00113 name=+DATA/ccbs/datafile/indx.406.843228475
input datafile file number=00116 name=+DATA/ccbs/datafile/indx.409.843228497
input datafile file number=00119 name=+DATA/ccbs/datafile/indx.412.843228547
channel ORA_DISK_2: starting piece 1 at 10/11/2014 21:19:09
channel ORA_DISK_1: finished piece 1 at 10/11/2014 21:19:24 with 2 copies and tag MONTHLY_LEVEL_1
piece handle=+RECO/rman/level1_10_20141110_e7pn9oeq_1_1 comment=NONE
piece handle=/mnt/nfs52100/RMAN/level1_10_20141110_e7pn9oeq_1_2 comment=NONE
channel ORA_DISK_1: backup set complete, elapsed time: 00:19:14
channel ORA_DISK_1: starting compressed incremental level 1 datafile backup set
channel ORA_DISK_1: specifying datafile(s) in backup set
including current control file in backup set
channel ORA_DISK_1: starting piece 1 at 10/11/2014 21:19:27
channel ORA_DISK_1: finished piece 1 at 10/11/2014 21:19:34 with 2 copies and tag MONTHLY_LEVEL_1
piece handle=+RECO/rman/level1_10_20141110_eapn9pis_1_1 comment=NONE
piece handle=/mnt/nfs52100/RMAN/level1_10_20141110_eapn9pis_1_2 comment=NONE
channel ORA_DISK_1: backup set complete, elapsed time: 00:00:07
channel ORA_DISK_2: finished piece 1 at 10/11/2014 21:37:12 with 2 copies and tag MONTHLY_LEVEL_1
piece handle=+RECO/rman/level1_10_20141110_e9pn9pib_1_1 comment=NONE
piece handle=/mnt/nfs52100/RMAN/level1_10_20141110_e9pn9pib_1_2 comment=NONE
channel ORA_DISK_2: backup set complete, elapsed time: 00:18:03
Finished backup at 10/11/2014 21:37:12

Starting Control File and SPFILE Autobackup at 10/11/2014 21:37:12
piece handle=+RECO/rman/c-271141816-20141110-00 comment=NONE
Finished Control File and SPFILE Autobackup at 10/11/2014 21:37:15

sql statement: ALTER SYSTEM ARCHIVE LOG CURRENT

Starting backup at 10/11/2014 21:37:26
current log archived
using channel ORA_DISK_1
using channel ORA_DISK_2
channel ORA_DISK_1: starting compressed archived log backup set
channel ORA_DISK_1: specifying archived log(s) in backup set
input archived log thread=2 sequence=15512 RECID=52634 STAMP=862913439
input archived log thread=1 sequence=18898 RECID=52636 STAMP=862924758
input archived log thread=2 sequence=15513 RECID=52645 STAMP=862924936
input archived log thread=1 sequence=18899 RECID=52637 STAMP=862924759
input archived log thread=1 sequence=18900 RECID=52640 STAMP=862924911
input archived log thread=1 sequence=18901 RECID=52641 STAMP=862924914
input archived log thread=1 sequence=18902 RECID=52646 STAMP=862932728
input archived log thread=2 sequence=15514 RECID=52651 STAMP=862950669
input archived log thread=1 sequence=18903 RECID=52649 STAMP=862939068
input archived log thread=1 sequence=18904 RECID=52652 STAMP=862950672
input archived log thread=1 sequence=18905 RECID=52654 STAMP=862953356
input archived log thread=2 sequence=15515 RECID=52655 STAMP=862953356
input archived log thread=2 sequence=15516 RECID=52657 STAMP=862953359
input archived log thread=1 sequence=18906 RECID=52660 STAMP=862953348
input archived log thread=2 sequence=15517 RECID=52665 STAMP=862955108
input archived log thread=1 sequence=18907 RECID=52661 STAMP=862953349
input archived log thread=1 sequence=18908 RECID=52667 STAMP=862955102
input archived log thread=1 sequence=18909 RECID=52673 STAMP=862961101
input archived log thread=2 sequence=15518 RECID=52669 STAMP=862957957
input archived log thread=2 sequence=15519 RECID=52672 STAMP=862961114
input archived log thread=2 sequence=15520 RECID=52677 STAMP=862964558
input archived log thread=1 sequence=18910 RECID=52675 STAMP=862964174
input archived log thread=1 sequence=18911 RECID=52681 STAMP=862999315
input archived log thread=2 sequence=15521 RECID=52679 STAMP=862969112
input archived log thread=2 sequence=15522 RECID=52683 STAMP=863010720
input archived log thread=1 sequence=18912 RECID=52685 STAMP=863016927
input archived log thread=2 sequence=15523 RECID=52690 STAMP=863041873
input archived log thread=1 sequence=18913 RECID=52687 STAMP=863018363
input archived log thread=1 sequence=18914 RECID=52691 STAMP=863041860
input archived log thread=1 sequence=18915 RECID=52692 STAMP=863041861
input archived log thread=2 sequence=15524 RECID=52693 STAMP=863041876
input archived log thread=1 sequence=18916 RECID=52696 STAMP=863049884
input archived log thread=2 sequence=15525 RECID=52700 STAMP=863050082
input archived log thread=1 sequence=18917 RECID=52698 STAMP=863050016
input archived log thread=1 sequence=18918 RECID=52701 STAMP=863050071
input archived log thread=1 sequence=18919 RECID=52707 STAMP=863126884
input archived log thread=2 sequence=15526 RECID=52706 STAMP=863126897
input archived log thread=1 sequence=18920 RECID=52708 STAMP=863126886
input archived log thread=2 sequence=15527 RECID=52710 STAMP=863126900
input archived log thread=1 sequence=18921 RECID=52713 STAMP=863133389
input archived log thread=2 sequence=15528 RECID=52717 STAMP=863136316
input archived log thread=1 sequence=18922 RECID=52714 STAMP=863136143
input archived log thread=1 sequence=18923 RECID=52718 STAMP=863136313
input archived log thread=1 sequence=18924 RECID=52721 STAMP=863177732
input archived log thread=2 sequence=15529 RECID=52724 STAMP=863206666
input archived log thread=1 sequence=18925 RECID=52722 STAMP=863206611
input archived log thread=1 sequence=18926 RECID=52725 STAMP=863206655
input archived log thread=1 sequence=18927 RECID=52726 STAMP=863206698
input archived log thread=2 sequence=15530 RECID=52729 STAMP=863206793
input archived log thread=1 sequence=18928 RECID=52727 STAMP=863206743
input archived log thread=1 sequence=18929 RECID=52730 STAMP=863206788
input archived log thread=1 sequence=18930 RECID=52732 STAMP=863206833
input archived log thread=2 sequence=15531 RECID=52734 STAMP=863206928
channel ORA_DISK_1: starting piece 1 at 10/11/2014 21:37:33
channel ORA_DISK_2: starting compressed archived log backup set
channel ORA_DISK_2: specifying archived log(s) in backup set
input archived log thread=1 sequence=18931 RECID=52733 STAMP=863206879
input archived log thread=1 sequence=18932 RECID=52736 STAMP=863206922
input archived log thread=1 sequence=18933 RECID=52737 STAMP=863206968
input archived log thread=2 sequence=15532 RECID=52740 STAMP=863207072
input archived log thread=1 sequence=18934 RECID=52738 STAMP=863207017
input archived log thread=1 sequence=18935 RECID=52741 STAMP=863207069
input archived log thread=1 sequence=18936 RECID=52742 STAMP=863207500
input archived log thread=2 sequence=15533 RECID=52745 STAMP=863207723
input archived log thread=1 sequence=18937 RECID=52743 STAMP=863207675
input archived log thread=1 sequence=18938 RECID=52746 STAMP=863207719
input archived log thread=1 sequence=18939 RECID=52748 STAMP=863207765
input archived log thread=2 sequence=15534 RECID=52750 STAMP=863207865
input archived log thread=1 sequence=18940 RECID=52749 STAMP=863207815
input archived log thread=1 sequence=18941 RECID=52752 STAMP=863207863
input archived log thread=1 sequence=18942 RECID=52753 STAMP=863207912
input archived log thread=2 sequence=15535 RECID=52756 STAMP=863208012
input archived log thread=1 sequence=18943 RECID=52754 STAMP=863207959
input archived log thread=1 sequence=18944 RECID=52758 STAMP=863208007
input archived log thread=1 sequence=18945 RECID=52759 STAMP=863208059
input archived log thread=2 sequence=15536 RECID=52762 STAMP=863208163
input archived log thread=1 sequence=18946 RECID=52760 STAMP=863208106
input archived log thread=1 sequence=18947 RECID=52763 STAMP=863208158
input archived log thread=1 sequence=18948 RECID=52768 STAMP=863208607
input archived log thread=2 sequence=15537 RECID=52788 STAMP=863213856
input archived log thread=1 sequence=18949 RECID=52789 STAMP=863213849
input archived log thread=1 sequence=18950 RECID=52792 STAMP=863213851
input archived log thread=2 sequence=15538 RECID=52791 STAMP=863213865
input archived log thread=2 sequence=15539 RECID=52797 STAMP=863222321
input archived log thread=1 sequence=18951 RECID=52794 STAMP=863220405
input archived log thread=1 sequence=18952 RECID=52799 STAMP=863222315
input archived log thread=1 sequence=18953 RECID=52801 STAMP=863222511
input archived log thread=2 sequence=15540 RECID=52805 STAMP=863222747
input archived log thread=1 sequence=18954 RECID=52802 STAMP=863222654
input archived log thread=1 sequence=18955 RECID=52806 STAMP=863222743
input archived log thread=1 sequence=18956 RECID=52808 STAMP=863223458
input archived log thread=2 sequence=15541 RECID=52813 STAMP=863253104
input archived log thread=1 sequence=18957 RECID=52811 STAMP=863251337
input archived log thread=1 sequence=18958 RECID=52814 STAMP=863253099
input archived log thread=1 sequence=18959 RECID=52815 STAMP=863253134
input archived log thread=2 sequence=15542 RECID=52820 STAMP=863256412
input archived log thread=1 sequence=18960 RECID=52818 STAMP=863256382
input archived log thread=1 sequence=18961 RECID=52821 STAMP=863256407
input archived log thread=1 sequence=18962 RECID=52823 STAMP=863256436
input archived log thread=2 sequence=15543 RECID=52825 STAMP=863256488
input archived log thread=1 sequence=18963 RECID=52824 STAMP=863256458
input archived log thread=1 sequence=18964 RECID=52827 STAMP=863256482
input archived log thread=1 sequence=18965 RECID=52833 STAMP=863269684
channel ORA_DISK_2: starting piece 1 at 10/11/2014 21:37:34
RMAN-03009: failure of backup command on ORA_DISK_1 channel at 11/10/2014 21:37:34
ORA-19504: failed to create file "/u03/rman_ccbs_ftp5/RMAN/archi_10_20141110_ecpn9qkt_1_2"
ORA-27040: file create error, unable to create file
Linux-x86_64 Error: 2: No such file or directory
channel ORA_DISK_1 disabled, job failed on it will be run on another channel
RMAN-00571: ===========================================================
RMAN-00569: =============== ERROR MESSAGE STACK FOLLOWS ===============
RMAN-00571: ===========================================================
RMAN-03009: failure of backup command on ORA_DISK_2 channel at 11/10/2014 21:37:35
ORA-19504: failed to create file "/u03/rman_ccbs_ftp5/RMAN/archi_10_20141110_edpn9qkt_1_2"
ORA-27040: file create error, unable to create file
Linux-x86_64 Error: 2: No such file or directory

Recovery Manager complete.
