
Recovery Manager: Release 11.2.0.2.0 - Production on Thu Dec 4 21:00:01 2014

Copyright (c) 1982, 2009, Oracle and/or its affiliates.  All rights reserved.

connected to target database: CCBS (DBID=271141816)

RMAN> #CONFIGURE RETENTION POLICY TO REDUNDANCY 1;	#updated 20/3/2014 
2> #CONFIGURE BACKUP OPTIMIZATION ON;
3> #CONFIGURE DEFAULT DEVICE TYPE TO DISK; # default
4> #CONFIGURE CONTROLFILE AUTOBACKUP OFF;
5> #CONFIGURE CONTROLFILE AUTOBACKUP FORMAT FOR DEVICE TYPE DISK TO '+RECO/RMAN/%F';
6> #CONFIGURE DEVICE TYPE DISK PARALLELISM 2 BACKUP TYPE TO COMPRESSED BACKUPSET;
7> #CONFIGURE DATAFILE BACKUP COPIES FOR DEVICE TYPE DISK TO 1; # default
8> #CONFIGURE ARCHIVELOG BACKUP COPIES FOR DEVICE TYPE DISK TO 1; # default
9> #CONFIGURE CHANNEL DEVICE TYPE DISK MAXPIECESIZE 4 G; #updated 24/3/2014
10> #CONFIGURE MAXSETSIZE TO UNLIMITED;
11> #CONFIGURE ENCRYPTION FOR DATABASE OFF; # default
12> #CONFIGURE ENCRYPTION ALGORITHM 'AES128'; # default
13> #CONFIGURE COMPRESSION ALGORITHM 'BASIC' AS OF RELEASE 'DEFAULT' OPTIMIZE FOR LOAD TRUE ; # default
14> #Chi khi nao cac archive da duoc apply tren cac standby thi moi cho delete.
15> #CONFIGURE ARCHIVELOG DELETION POLICY TO APPLIED ON ALL STANDBY;
16> #CONFIGURE SNAPSHOT CONTROLFILE NAME TO '/u01/app/oracle/product/11.2.0.2/dbhome_1/dbs/snapcf_ccbs1.f'; # default
17> 
18> 
19> #updated 20/8/2014
20> # Ngay 1:
21> #	Xoa cac backup obsolete: Giu lai backupset hien tai, xoa cac ban backupset truoc do.
22> #	Backup level0 vao +RECO	tag MONTHLY_LEVEL_0_day1
23> # 	copy ban level0 thu 2 vao o dia /mnt/nfs52100/RMAN	copy_MONTHLY_LEVEL_0_day1
24> # Ngay 2-15:
25> #	Backup copies 2 level1 vao +RECO,/mnt/nfs52100/RMAN
26> #	Backup copies 2 archived vao +RECO,/mnt/nfs52100/RMAN
27> #	Delete archived all
28> 
29> # Ngay 16:
30> #	Xoa cac backup obsolete: Giu lai backupset hien tai, xoa cac ban backupset truoc do.
31> #	Backup level0 vao +RECO	tag MONTHLY_LEVEL_0_day16
32> # 	copy ban level0 thu 2 vao o dia /mnt/nfs52100/RMAN	tag copy_MONTHLY_LEVEL_0_day16
33> # Ngay 17-31:
34> #	Backup copies 2 level1 vao +RECO,/mnt/nfs52100/RMAN	
35> #	Backup copies 2 archived vao +RECO,/mnt/nfs52100/RMAN
36> #	Delete archived all
37> 
38> run
39> {
40>    backup incremental level 1 copies 2 format '+DATA/RMAN/level1_%D_%T_%U','/mnt/nfs52100/RMAN/level1_%D_%T_%U' tag MONTHLY_LEVEL_1 
41> #   backup incremental level 1 copies 2 format '+RECO/RMAN/level1_%D_%T_%U' tag MONTHLY_LEVEL_1 
42> 
43>   database include current controlfile;
44> 	sql 'ALTER SYSTEM ARCHIVE LOG CURRENT';
45> 	backup as compressed backupset copies 2 archivelog all format '+DATA/RMAN/archi_%D_%T_%U','/u03/rman_ccbs_ftp5/RMAN/archi_%D_%T_%U'
46>   tag monthly_arch delete input;
47> }
48> 
Starting backup at 04/12/2014 21:00:02
using target database control file instead of recovery catalog
allocated channel: ORA_DISK_1
channel ORA_DISK_1: SID=249 instance=ccbs1 device type=DISK
allocated channel: ORA_DISK_2
channel ORA_DISK_2: SID=407 instance=ccbs1 device type=DISK
channel ORA_DISK_1: starting compressed incremental level 1 datafile backup set
channel ORA_DISK_1: specifying datafile(s) in backup set
input datafile file number=00002 name=+DATA/ccbs/datafile/sysaux.258.772710837
input datafile file number=00107 name=+DATA/ccbs/datafile/sysaux.390.822699669
input datafile file number=00130 name=+DATA/ccbs/datafile/undotbs1_02.426.857385663
input datafile file number=00133 name=+DATA/ccbs/datafile/undotbs2_02.516.857386025
input datafile file number=00001 name=+DATA/ccbs/datafile/system.271.772710825
input datafile file number=00061 name=+DATA/ccbs/datafile/gg_data.338.779148549
input datafile file number=00007 name=+DATA/ccbs/datafile/users.282.774527471
input datafile file number=00010 name=+DATA/ccbs/datafile/indx.287.774530539
input datafile file number=00013 name=+DATA/ccbs/datafile/indx.290.774541697
input datafile file number=00016 name=+DATA/ccbs/datafile/indx.293.774541877
input datafile file number=00019 name=+DATA/ccbs/datafile/indx.296.774541987
input datafile file number=00022 name=+DATA/ccbs/datafile/users.299.774543191
input datafile file number=00025 name=+DATA/ccbs/datafile/users.302.774543327
input datafile file number=00028 name=+DATA/ccbs/datafile/users.305.774543443
input datafile file number=00031 name=+DATA/ccbs/datafile/users.308.774543671
input datafile file number=00034 name=+DATA/ccbs/datafile/users.311.775873655
input datafile file number=00037 name=+DATA/ccbs/datafile/users.314.775996677
input datafile file number=00040 name=+DATA/ccbs/datafile/users.317.775996743
input datafile file number=00043 name=+DATA/ccbs/datafile/users.320.775997701
input datafile file number=00046 name=+DATA/ccbs/datafile/users.323.775997787
input datafile file number=00049 name=+DATA/ccbs/datafile/users.326.775997875
input datafile file number=00052 name=+DATA/ccbs/datafile/users.329.775998289
input datafile file number=00055 name=+DATA/ccbs/datafile/users.332.776000393
input datafile file number=00058 name=+DATA/ccbs/datafile/users.335.776001375
input datafile file number=00062 name=+DATA/ccbs/datafile/users.339.780491723
input datafile file number=00065 name=+DATA/ccbs/datafile/users.342.780492259
input datafile file number=00068 name=+DATA/ccbs/datafile/users.345.780493063
input datafile file number=00071 name=+DATA/ccbs/datafile/users.348.780493937
input datafile file number=00074 name=+DATA/ccbs/datafile/indx.351.780853091
input datafile file number=00077 name=+DATA/ccbs/datafile/indx.354.780853419
input datafile file number=00080 name=+DATA/ccbs/datafile/users.357.780853601
input datafile file number=00083 name=+DATA/ccbs/datafile/users.360.780853693
input datafile file number=00086 name=+DATA/ccbs/datafile/users.363.780853829
input datafile file number=00089 name=+DATA/ccbs/datafile/users.366.780853939
input datafile file number=00092 name=+DATA/ccbs/datafile/users.369.780853997
input datafile file number=00095 name=+DATA/ccbs/datafile/users.372.780854143
input datafile file number=00098 name=+DATA/ccbs/datafile/users.375.780854347
input datafile file number=00101 name=+DATA/ccbs/datafile/tbs_others.267.792772437
input datafile file number=00104 name=+DATA/ccbs/datafile/indx.387.819597647
input datafile file number=00124 name=+DATA/ccbs/datafile/indx.417.843228737
input datafile file number=00109 name=+DATA/ccbs/datafile/indx.402.843228399
input datafile file number=00112 name=+DATA/ccbs/datafile/indx.405.843228469
input datafile file number=00115 name=+DATA/ccbs/datafile/indx.408.843228491
input datafile file number=00118 name=+DATA/ccbs/datafile/indx.411.843228541
input datafile file number=00121 name=+DATA/ccbs/datafile/indx.414.843228559
channel ORA_DISK_1: starting piece 1 at 04/12/2014 21:00:09
channel ORA_DISK_2: starting compressed incremental level 1 datafile backup set
channel ORA_DISK_2: specifying datafile(s) in backup set
input datafile file number=00105 name=+DATA/ccbs/datafile/sysaux.388.822699379
input datafile file number=00108 name=+DATA/ccbs/datafile/sysaux.391.822699673
input datafile file number=00129 name=+DATA/ccbs/datafile/undotbs1_02.468.857385623
input datafile file number=00132 name=+DATA/ccbs/datafile/undotbs2_02.538.857385993
input datafile file number=00135 name=+DATA/ccbs/datafile/undotbs2_02.633.857386105
input datafile file number=00006 name=+DATA/ccbs/datafile/indx.285.774530247
input datafile file number=00009 name=+DATA/ccbs/datafile/indx.286.774530435
input datafile file number=00012 name=+DATA/ccbs/datafile/tbs_others.289.774531237
input datafile file number=00015 name=+DATA/ccbs/datafile/indx.292.774541795
input datafile file number=00018 name=+DATA/ccbs/datafile/indx.295.774541965
input datafile file number=00021 name=+DATA/ccbs/datafile/users.298.774543045
input datafile file number=00024 name=+DATA/ccbs/datafile/users.301.774543271
input datafile file number=00027 name=+DATA/ccbs/datafile/users.304.774543419
input datafile file number=00030 name=+DATA/ccbs/datafile/users.307.774543485
input datafile file number=00033 name=+DATA/ccbs/datafile/users.310.775873623
input datafile file number=00036 name=+DATA/ccbs/datafile/users.313.775873743
input datafile file number=00039 name=+DATA/ccbs/datafile/users.316.775996723
input datafile file number=00042 name=+DATA/ccbs/datafile/users.319.775997681
input datafile file number=00045 name=+DATA/ccbs/datafile/users.322.775997741
input datafile file number=00048 name=+DATA/ccbs/datafile/users.325.775997857
input datafile file number=00051 name=+DATA/ccbs/datafile/users.328.775997951
input datafile file number=00054 name=+DATA/ccbs/datafile/users.331.775998423
input datafile file number=00057 name=+DATA/ccbs/datafile/users.334.776000867
input datafile file number=00060 name=+DATA/ccbs/datafile/tbs_others.337.776001527
input datafile file number=00064 name=+DATA/ccbs/datafile/users.341.780492153
input datafile file number=00067 name=+DATA/ccbs/datafile/users.344.780492429
input datafile file number=00070 name=+DATA/ccbs/datafile/users.347.780493719
input datafile file number=00073 name=+DATA/ccbs/datafile/indx.350.780852893
input datafile file number=00076 name=+DATA/ccbs/datafile/indx.353.780853327
input datafile file number=00079 name=+DATA/ccbs/datafile/users.356.780853583
input datafile file number=00082 name=+DATA/ccbs/datafile/users.359.780853645
input datafile file number=00085 name=+DATA/ccbs/datafile/users.362.780853743
input datafile file number=00088 name=+DATA/ccbs/datafile/users.365.780853919
input datafile file number=00091 name=+DATA/ccbs/datafile/users.368.780853979
input datafile file number=00094 name=+DATA/ccbs/datafile/users.371.780854093
input datafile file number=00097 name=+DATA/ccbs/datafile/users.374.780854327
input datafile file number=00100 name=+DATA/ccbs/datafile/users.377.780854429
input datafile file number=00103 name=+DATA/ccbs/datafile/indx.386.819597557
input datafile file number=00123 name=+DATA/ccbs/datafile/indx.416.843228721
input datafile file number=00126 name=+DATA/ccbs/datafile/indx.419.843228767
input datafile file number=00111 name=+DATA/ccbs/datafile/indx.404.843228463
input datafile file number=00114 name=+DATA/ccbs/datafile/indx.407.843228483
input datafile file number=00117 name=+DATA/ccbs/datafile/indx.410.843228505
input datafile file number=00120 name=+DATA/ccbs/datafile/indx.413.843228553
channel ORA_DISK_2: starting piece 1 at 04/12/2014 21:00:12
RMAN-03009: failure of backup command on ORA_DISK_1 channel at 12/04/2014 21:01:18
ORA-19502: write error on file "/mnt/nfs52100/RMAN/level1_04_20141204_jeppblqo_1_2", block number 1 (block size=8192)
ORA-27072: File I/O error
Linux-x86_64 Error: 5: Input/output error
Additional information: 4
Additional information: 1
Additional information: -1
ORA-19502: write error on file "/mnt/nfs52100/RMAN/level1_04_20141204_jeppblqo_1_2", block number 1 (block size=8192)
channel ORA_DISK_1 disabled, job failed on it will be run on another channel
channel ORA_DISK_2: finished piece 1 at 04/12/2014 21:24:13 with 2 copies and tag MONTHLY_LEVEL_1
piece handle=+DATA/rman/level1_04_20141204_jfppblqp_1_1 comment=NONE
piece handle=/mnt/nfs52100/RMAN/level1_04_20141204_jfppblqp_1_2 comment=NONE
channel ORA_DISK_2: backup set complete, elapsed time: 00:24:01
channel ORA_DISK_2: starting compressed incremental level 1 datafile backup set
channel ORA_DISK_2: specifying datafile(s) in backup set
input datafile file number=00002 name=+DATA/ccbs/datafile/sysaux.258.772710837
input datafile file number=00107 name=+DATA/ccbs/datafile/sysaux.390.822699669
input datafile file number=00130 name=+DATA/ccbs/datafile/undotbs1_02.426.857385663
input datafile file number=00133 name=+DATA/ccbs/datafile/undotbs2_02.516.857386025
input datafile file number=00001 name=+DATA/ccbs/datafile/system.271.772710825
input datafile file number=00061 name=+DATA/ccbs/datafile/gg_data.338.779148549
input datafile file number=00007 name=+DATA/ccbs/datafile/users.282.774527471
input datafile file number=00010 name=+DATA/ccbs/datafile/indx.287.774530539
input datafile file number=00013 name=+DATA/ccbs/datafile/indx.290.774541697
input datafile file number=00016 name=+DATA/ccbs/datafile/indx.293.774541877
input datafile file number=00019 name=+DATA/ccbs/datafile/indx.296.774541987
input datafile file number=00022 name=+DATA/ccbs/datafile/users.299.774543191
input datafile file number=00025 name=+DATA/ccbs/datafile/users.302.774543327
input datafile file number=00028 name=+DATA/ccbs/datafile/users.305.774543443
input datafile file number=00031 name=+DATA/ccbs/datafile/users.308.774543671
input datafile file number=00034 name=+DATA/ccbs/datafile/users.311.775873655
input datafile file number=00037 name=+DATA/ccbs/datafile/users.314.775996677
input datafile file number=00040 name=+DATA/ccbs/datafile/users.317.775996743
input datafile file number=00043 name=+DATA/ccbs/datafile/users.320.775997701
input datafile file number=00046 name=+DATA/ccbs/datafile/users.323.775997787
input datafile file number=00049 name=+DATA/ccbs/datafile/users.326.775997875
input datafile file number=00052 name=+DATA/ccbs/datafile/users.329.775998289
input datafile file number=00055 name=+DATA/ccbs/datafile/users.332.776000393
input datafile file number=00058 name=+DATA/ccbs/datafile/users.335.776001375
input datafile file number=00062 name=+DATA/ccbs/datafile/users.339.780491723
input datafile file number=00065 name=+DATA/ccbs/datafile/users.342.780492259
input datafile file number=00068 name=+DATA/ccbs/datafile/users.345.780493063
input datafile file number=00071 name=+DATA/ccbs/datafile/users.348.780493937
input datafile file number=00074 name=+DATA/ccbs/datafile/indx.351.780853091
input datafile file number=00077 name=+DATA/ccbs/datafile/indx.354.780853419
input datafile file number=00080 name=+DATA/ccbs/datafile/users.357.780853601
input datafile file number=00083 name=+DATA/ccbs/datafile/users.360.780853693
input datafile file number=00086 name=+DATA/ccbs/datafile/users.363.780853829
input datafile file number=00089 name=+DATA/ccbs/datafile/users.366.780853939
input datafile file number=00092 name=+DATA/ccbs/datafile/users.369.780853997
input datafile file number=00095 name=+DATA/ccbs/datafile/users.372.780854143
input datafile file number=00098 name=+DATA/ccbs/datafile/users.375.780854347
input datafile file number=00101 name=+DATA/ccbs/datafile/tbs_others.267.792772437
input datafile file number=00104 name=+DATA/ccbs/datafile/indx.387.819597647
input datafile file number=00124 name=+DATA/ccbs/datafile/indx.417.843228737
input datafile file number=00109 name=+DATA/ccbs/datafile/indx.402.843228399
input datafile file number=00112 name=+DATA/ccbs/datafile/indx.405.843228469
input datafile file number=00115 name=+DATA/ccbs/datafile/indx.408.843228491
input datafile file number=00118 name=+DATA/ccbs/datafile/indx.411.843228541
input datafile file number=00121 name=+DATA/ccbs/datafile/indx.414.843228559
channel ORA_DISK_2: starting piece 1 at 04/12/2014 21:24:14
channel ORA_DISK_2: finished piece 1 at 04/12/2014 21:55:29 with 2 copies and tag MONTHLY_LEVEL_1
piece handle=+DATA/rman/level1_04_20141204_jgppbn7t_1_1 comment=NONE
piece handle=/mnt/nfs52100/RMAN/level1_04_20141204_jgppbn7t_1_2 comment=NONE
channel ORA_DISK_2: backup set complete, elapsed time: 00:31:15
channel ORA_DISK_2: starting compressed incremental level 1 datafile backup set
channel ORA_DISK_2: specifying datafile(s) in backup set
input datafile file number=00106 name=+DATA/ccbs/datafile/sysaux.389.822699397
input datafile file number=00127 name=+DATA/ccbs/datafile/undotbs1_02.455.857385555
input datafile file number=00128 name=+DATA/ccbs/datafile/undotbs1_02.425.857385591
input datafile file number=00131 name=+DATA/ccbs/datafile/undotbs2_02.423.857385961
input datafile file number=00134 name=+DATA/ccbs/datafile/undotbs2_02.485.857386063
input datafile file number=00005 name=+DATA/ccbs/datafile/users.269.772710879
input datafile file number=00008 name=+DATA/ccbs/datafile/users.283.774527719
input datafile file number=00011 name=+DATA/ccbs/datafile/tbs_others.288.774531157
input datafile file number=00014 name=+DATA/ccbs/datafile/indx.291.774541763
input datafile file number=00017 name=+DATA/ccbs/datafile/indx.294.774541943
input datafile file number=00020 name=+DATA/ccbs/datafile/users.297.774542019
input datafile file number=00023 name=+DATA/ccbs/datafile/users.300.774543249
input datafile file number=00026 name=+DATA/ccbs/datafile/users.303.774543375
input datafile file number=00029 name=+DATA/ccbs/datafile/users.306.774543465
input datafile file number=00032 name=+DATA/ccbs/datafile/users.309.774543697
input datafile file number=00035 name=+DATA/ccbs/datafile/users.312.775873715
input datafile file number=00038 name=+DATA/ccbs/datafile/users.315.775996699
input datafile file number=00041 name=+DATA/ccbs/datafile/users.318.775997657
input datafile file number=00044 name=+DATA/ccbs/datafile/users.321.775997721
input datafile file number=00047 name=+DATA/ccbs/datafile/users.324.775997821
input datafile file number=00050 name=+DATA/ccbs/datafile/users.327.775997915
input datafile file number=00053 name=+DATA/ccbs/datafile/users.330.775998311
input datafile file number=00056 name=+DATA/ccbs/datafile/users.333.776000415
input datafile file number=00059 name=+DATA/ccbs/datafile/tbs_others.336.776001499
input datafile file number=00063 name=+DATA/ccbs/datafile/users.340.780491785
input datafile file number=00066 name=+DATA/ccbs/datafile/users.343.780492321
input datafile file number=00069 name=+DATA/ccbs/datafile/users.346.780493683
input datafile file number=00072 name=+DATA/ccbs/datafile/indx.349.780852847
input datafile file number=00075 name=+DATA/ccbs/datafile/indx.352.780853165
input datafile file number=00078 name=+DATA/ccbs/datafile/users.355.780853553
input datafile file number=00081 name=+DATA/ccbs/datafile/users.358.780853623
input datafile file number=00084 name=+DATA/ccbs/datafile/users.361.780853717
input datafile file number=00087 name=+DATA/ccbs/datafile/users.364.780853901
input datafile file number=00090 name=+DATA/ccbs/datafile/users.367.780853961
input datafile file number=00093 name=+DATA/ccbs/datafile/users.370.780854023
input datafile file number=00096 name=+DATA/ccbs/datafile/users.373.780854307
input datafile file number=00099 name=+DATA/ccbs/datafile/users.376.780854365
input datafile file number=00102 name=+DATA/ccbs/datafile/indx.284.819597493
input datafile file number=00122 name=+DATA/ccbs/datafile/indx.415.843228705
input datafile file number=00125 name=+DATA/ccbs/datafile/indx.418.843228751
input datafile file number=00110 name=+DATA/ccbs/datafile/indx.403.843228457
input datafile file number=00113 name=+DATA/ccbs/datafile/indx.406.843228475
input datafile file number=00116 name=+DATA/ccbs/datafile/indx.409.843228497
input datafile file number=00119 name=+DATA/ccbs/datafile/indx.412.843228547
channel ORA_DISK_2: starting piece 1 at 04/12/2014 21:55:30
channel ORA_DISK_2: finished piece 1 at 04/12/2014 22:41:16 with 2 copies and tag MONTHLY_LEVEL_1
piece handle=+DATA/rman/level1_04_20141204_jhppbp2i_1_1 comment=NONE
piece handle=/mnt/nfs52100/RMAN/level1_04_20141204_jhppbp2i_1_2 comment=NONE
channel ORA_DISK_2: starting piece 2 at 04/12/2014 22:41:16
channel ORA_DISK_2: finished piece 2 at 04/12/2014 22:46:31 with 2 copies and tag MONTHLY_LEVEL_1
piece handle=+DATA/rman/level1_04_20141204_jhppbp2i_2_1 comment=NONE
piece handle=/mnt/nfs52100/RMAN/level1_04_20141204_jhppbp2i_2_2 comment=NONE
channel ORA_DISK_2: backup set complete, elapsed time: 00:51:01
channel ORA_DISK_2: starting compressed incremental level 1 datafile backup set
channel ORA_DISK_2: specifying datafile(s) in backup set
including current control file in backup set
channel ORA_DISK_2: starting piece 1 at 04/12/2014 22:46:34
channel ORA_DISK_2: finished piece 1 at 04/12/2014 22:46:37 with 2 copies and tag MONTHLY_LEVEL_1
piece handle=+DATA/rman/level1_04_20141204_jippbs27_1_1 comment=NONE
piece handle=/mnt/nfs52100/RMAN/level1_04_20141204_jippbs27_1_2 comment=NONE
channel ORA_DISK_2: backup set complete, elapsed time: 00:00:03
Finished backup at 04/12/2014 22:46:37

Starting Control File and SPFILE Autobackup at 04/12/2014 22:46:37
piece handle=+RECO/rman/c-271141816-20141204-01 comment=NONE
Finished Control File and SPFILE Autobackup at 04/12/2014 22:46:40

sql statement: ALTER SYSTEM ARCHIVE LOG CURRENT

Starting backup at 04/12/2014 22:46:55
current log archived
using channel ORA_DISK_2
skipping archived log file +RECO/ccbs/archivelog/2014_12_03/thread_2_seq_15732.3295.865379073; already backed up 2 time(s)
channel ORA_DISK_2: starting compressed archived log backup set
channel ORA_DISK_2: specifying archived log(s) in backup set
input archived log thread=1 sequence=19193 RECID=53667 STAMP=865383818
input archived log thread=2 sequence=15733 RECID=53672 STAMP=865412069
input archived log thread=1 sequence=19194 RECID=53668 STAMP=865409466
input archived log thread=1 sequence=19195 RECID=53673 STAMP=865412059
input archived log thread=1 sequence=19196 RECID=53674 STAMP=865413183
input archived log thread=2 sequence=15734 RECID=53677 STAMP=865413567
input archived log thread=1 sequence=19197 RECID=53678 STAMP=865419649
input archived log thread=2 sequence=15735 RECID=53681 STAMP=865419832
input archived log thread=1 sequence=19198 RECID=53683 STAMP=865424207
input archived log thread=2 sequence=15736 RECID=53688 STAMP=865427345
input archived log thread=1 sequence=19199 RECID=53685 STAMP=865424438
input archived log thread=1 sequence=19200 RECID=53689 STAMP=865427331
input archived log thread=1 sequence=19201 RECID=53691 STAMP=865427961
input archived log thread=2 sequence=15737 RECID=53696 STAMP=865429214
input archived log thread=1 sequence=19202 RECID=53693 STAMP=865428598
input archived log thread=1 sequence=19203 RECID=53697 STAMP=865429226
input archived log thread=1 sequence=19204 RECID=53698 STAMP=865429492
input archived log thread=2 sequence=15738 RECID=53703 STAMP=865429850
input archived log thread=1 sequence=19205 RECID=53700 STAMP=865429569
input archived log thread=1 sequence=19206 RECID=53704 STAMP=865429837
input archived log thread=1 sequence=19207 RECID=53706 STAMP=865430002
input archived log thread=2 sequence=15739 RECID=53710 STAMP=865430260
input archived log thread=1 sequence=19208 RECID=53708 STAMP=865430197
input archived log thread=1 sequence=19209 RECID=53711 STAMP=865430246
input archived log thread=1 sequence=19210 RECID=53714 STAMP=865430840
input archived log thread=2 sequence=15740 RECID=53719 STAMP=865441944
input archived log thread=1 sequence=19211 RECID=53716 STAMP=865433644
input archived log thread=1 sequence=19212 RECID=53720 STAMP=865441929
input archived log thread=1 sequence=19213 RECID=53722 STAMP=865455804
input archived log thread=2 sequence=15741 RECID=53725 STAMP=865457722
input archived log thread=1 sequence=19214 RECID=53727 STAMP=865458745
input archived log thread=2 sequence=15742 RECID=53733 STAMP=865460057
input archived log thread=1 sequence=19215 RECID=53729 STAMP=865459393
input archived log thread=1 sequence=19216 RECID=53732 STAMP=865460036
input archived log thread=1 sequence=19217 RECID=53735 STAMP=865460690
input archived log thread=2 sequence=15743 RECID=53739 STAMP=865461173
input archived log thread=1 sequence=19218 RECID=53736 STAMP=865461076
input archived log thread=1 sequence=19219 RECID=53740 STAMP=865461159
input archived log thread=1 sequence=19220 RECID=53742 STAMP=865461375
input archived log thread=2 sequence=15744 RECID=53747 STAMP=865461719
input archived log thread=1 sequence=19221 RECID=53744 STAMP=865461540
input archived log thread=1 sequence=19222 RECID=53748 STAMP=865461708
input archived log thread=1 sequence=19223 RECID=53749 STAMP=865461831
input archived log thread=2 sequence=15745 RECID=53755 STAMP=865464433
input archived log thread=1 sequence=19224 RECID=53754 STAMP=865464412
input archived log thread=1 sequence=19225 RECID=53757 STAMP=865464416
input archived log thread=2 sequence=15746 RECID=53756 STAMP=865464433
channel ORA_DISK_2: starting piece 1 at 04/12/2014 22:46:58
channel ORA_DISK_2: finished piece 1 at 04/12/2014 23:00:33 with 2 copies and tag MONTHLY_ARCH
piece handle=+DATA/rman/archi_04_20141204_jkppbs31_1_1 comment=NONE
piece handle=/u03/rman_ccbs_ftp5/RMAN/archi_04_20141204_jkppbs31_1_2 comment=NONE
channel ORA_DISK_2: starting piece 2 at 04/12/2014 23:00:33
channel ORA_DISK_2: finished piece 2 at 04/12/2014 23:14:18 with 2 copies and tag MONTHLY_ARCH
piece handle=+DATA/rman/archi_04_20141204_jkppbs31_2_1 comment=NONE
piece handle=/u03/rman_ccbs_ftp5/RMAN/archi_04_20141204_jkppbs31_2_2 comment=NONE
channel ORA_DISK_2: starting piece 3 at 04/12/2014 23:14:18
channel ORA_DISK_2: finished piece 3 at 04/12/2014 23:27:53 with 2 copies and tag MONTHLY_ARCH
piece handle=+DATA/rman/archi_04_20141204_jkppbs31_3_1 comment=NONE
piece handle=/u03/rman_ccbs_ftp5/RMAN/archi_04_20141204_jkppbs31_3_2 comment=NONE
channel ORA_DISK_2: starting piece 4 at 04/12/2014 23:27:53
channel ORA_DISK_2: finished piece 4 at 04/12/2014 23:41:18 with 2 copies and tag MONTHLY_ARCH
piece handle=+DATA/rman/archi_04_20141204_jkppbs31_4_1 comment=NONE
piece handle=/u03/rman_ccbs_ftp5/RMAN/archi_04_20141204_jkppbs31_4_2 comment=NONE
channel ORA_DISK_2: starting piece 5 at 04/12/2014 23:41:18
channel ORA_DISK_2: finished piece 5 at 04/12/2014 23:46:33 with 2 copies and tag MONTHLY_ARCH
piece handle=+DATA/rman/archi_04_20141204_jkppbs31_5_1 comment=NONE
piece handle=/u03/rman_ccbs_ftp5/RMAN/archi_04_20141204_jkppbs31_5_2 comment=NONE
channel ORA_DISK_2: backup set complete, elapsed time: 00:59:35
channel ORA_DISK_2: deleting archived log(s)
archived log file name=+RECO/ccbs/archivelog/2014_12_04/thread_1_seq_19193.3016.865383807 RECID=53667 STAMP=865383818
archived log file name=+RECO/ccbs/archivelog/2014_12_04/thread_2_seq_15733.3883.865412067 RECID=53672 STAMP=865412069
archived log file name=+RECO/ccbs/archivelog/2014_12_04/thread_1_seq_19194.3134.865409455 RECID=53668 STAMP=865409466
archived log file name=+RECO/ccbs/archivelog/2014_12_04/thread_1_seq_19195.2258.865412049 RECID=53673 STAMP=865412059
archived log file name=+RECO/ccbs/archivelog/2014_12_04/thread_1_seq_19196.787.865413171 RECID=53674 STAMP=865413183
archived log file name=+RECO/ccbs/archivelog/2014_12_04/thread_2_seq_15734.3907.865413557 RECID=53677 STAMP=865413567
archived log file name=+RECO/ccbs/archivelog/2014_12_04/thread_1_seq_19197.1135.865419637 RECID=53678 STAMP=865419649
archived log file name=+RECO/ccbs/archivelog/2014_12_04/thread_2_seq_15735.483.865419821 RECID=53681 STAMP=865419832
archived log file name=+RECO/ccbs/archivelog/2014_12_04/thread_1_seq_19198.1945.865424195 RECID=53683 STAMP=865424207
archived log file name=+RECO/ccbs/archivelog/2014_12_04/thread_2_seq_15736.3647.865427339 RECID=53688 STAMP=865427345
archived log file name=+RECO/ccbs/archivelog/2014_12_04/thread_1_seq_19199.3648.865424427 RECID=53685 STAMP=865424438
archived log file name=+RECO/ccbs/archivelog/2014_12_04/thread_1_seq_19200.3652.865427321 RECID=53689 STAMP=865427331
archived log file name=+RECO/ccbs/archivelog/2014_12_04/thread_1_seq_19201.3658.865427951 RECID=53691 STAMP=865427961
archived log file name=+RECO/ccbs/archivelog/2014_12_04/thread_2_seq_15737.788.865429213 RECID=53696 STAMP=865429214
archived log file name=+RECO/ccbs/archivelog/2014_12_04/thread_1_seq_19202.3875.865428571 RECID=53693 STAMP=865428598
archived log file name=+RECO/ccbs/archivelog/2014_12_04/thread_1_seq_19203.3872.865429191 RECID=53697 STAMP=865429226
archived log file name=+RECO/ccbs/archivelog/2014_12_04/thread_1_seq_19204.889.865429481 RECID=53698 STAMP=865429492
archived log file name=+RECO/ccbs/archivelog/2014_12_04/thread_2_seq_15738.3918.865429845 RECID=53703 STAMP=865429850
archived log file name=+RECO/ccbs/archivelog/2014_12_04/thread_1_seq_19205.3917.865429559 RECID=53700 STAMP=865429569
archived log file name=+RECO/ccbs/archivelog/2014_12_04/thread_1_seq_19206.3029.865429825 RECID=53704 STAMP=865429837
archived log file name=+RECO/ccbs/archivelog/2014_12_04/thread_1_seq_19207.4059.865429991 RECID=53706 STAMP=865430002
archived log file name=+RECO/ccbs/archivelog/2014_12_04/thread_2_seq_15739.3997.865430253 RECID=53710 STAMP=865430260
archived log file name=+RECO/ccbs/archivelog/2014_12_04/thread_1_seq_19208.540.865430187 RECID=53708 STAMP=865430197
archived log file name=+RECO/ccbs/archivelog/2014_12_04/thread_1_seq_19209.2282.865430235 RECID=53711 STAMP=865430246
archived log file name=+RECO/ccbs/archivelog/2014_12_04/thread_1_seq_19210.2111.865430829 RECID=53714 STAMP=865430840
archived log file name=+RECO/ccbs/archivelog/2014_12_04/thread_2_seq_15740.4105.865441935 RECID=53719 STAMP=865441944
archived log file name=+RECO/ccbs/archivelog/2014_12_04/thread_1_seq_19211.2323.865433633 RECID=53716 STAMP=865433644
archived log file name=+RECO/ccbs/archivelog/2014_12_04/thread_1_seq_19212.2609.865441917 RECID=53720 STAMP=865441929
archived log file name=+RECO/ccbs/archivelog/2014_12_04/thread_1_seq_19213.1973.865455793 RECID=53722 STAMP=865455804
archived log file name=+RECO/ccbs/archivelog/2014_12_04/thread_2_seq_15741.440.865457711 RECID=53725 STAMP=865457722
archived log file name=+RECO/ccbs/archivelog/2014_12_04/thread_1_seq_19214.3188.865458727 RECID=53727 STAMP=865458745
archived log file name=+RECO/ccbs/archivelog/2014_12_04/thread_2_seq_15742.3982.865460045 RECID=53733 STAMP=865460057
archived log file name=+RECO/ccbs/archivelog/2014_12_04/thread_1_seq_19215.826.865459383 RECID=53729 STAMP=865459393
archived log file name=+RECO/ccbs/archivelog/2014_12_04/thread_1_seq_19216.715.865460025 RECID=53732 STAMP=865460036
archived log file name=+RECO/ccbs/archivelog/2014_12_04/thread_1_seq_19217.680.865460679 RECID=53735 STAMP=865460690
archived log file name=+RECO/ccbs/archivelog/2014_12_04/thread_2_seq_15743.793.865461167 RECID=53739 STAMP=865461173
archived log file name=+RECO/ccbs/archivelog/2014_12_04/thread_1_seq_19218.266.865461061 RECID=53736 STAMP=865461076
archived log file name=+RECO/ccbs/archivelog/2014_12_04/thread_1_seq_19219.395.865461147 RECID=53740 STAMP=865461159
archived log file name=+RECO/ccbs/archivelog/2014_12_04/thread_1_seq_19220.3507.865461363 RECID=53742 STAMP=865461375
archived log file name=+RECO/ccbs/archivelog/2014_12_04/thread_2_seq_15744.3570.865461717 RECID=53747 STAMP=865461719
archived log file name=+RECO/ccbs/archivelog/2014_12_04/thread_1_seq_19221.4254.865461529 RECID=53744 STAMP=865461540
archived log file name=+RECO/ccbs/archivelog/2014_12_04/thread_1_seq_19222.675.865461697 RECID=53748 STAMP=865461708
archived log file name=+RECO/ccbs/archivelog/2014_12_04/thread_1_seq_19223.1210.865461821 RECID=53749 STAMP=865461831
archived log file name=+RECO/ccbs/archivelog/2014_12_04/thread_2_seq_15745.1184.865464421 RECID=53755 STAMP=865464433
archived log file name=+RECO/ccbs/archivelog/2014_12_04/thread_1_seq_19224.3069.865464403 RECID=53754 STAMP=865464412
RMAN-08120: WARNING: archived log not deleted, not yet applied by standby
archived log file name=+RECO/ccbs/archivelog/2014_12_04/thread_1_seq_19225.3032.865464417 thread=1 sequence=19225
archived log file name=+RECO/ccbs/archivelog/2014_12_04/thread_2_seq_15746.3131.865464433 RECID=53756 STAMP=865464433
channel ORA_DISK_2: deleting archived log(s)
archived log file name=+RECO/ccbs/archivelog/2014_12_03/thread_2_seq_15732.3295.865379073 RECID=53663 STAMP=865379072
Finished backup at 04/12/2014 23:46:39

Starting Control File and SPFILE Autobackup at 04/12/2014 23:46:39
piece handle=+RECO/rman/c-271141816-20141204-02 comment=NONE
Finished Control File and SPFILE Autobackup at 04/12/2014 23:46:43

Recovery Manager complete.
