
Recovery Manager: Release 11.2.0.2.0 - Production on Wed Mar 4 21:00:01 2015

Copyright (c) 1982, 2009, Oracle and/or its affiliates.  All rights reserved.

connected to target database: CCBS (DBID=271141816)

RMAN> #CONFIGURE RETENTION POLICY TO REDUNDANCY 1;	#updated 20/3/2014 
2> #CONFIGURE BACKUP OPTIMIZATION ON;
3> #CONFIGURE DEFAULT DEVICE TYPE TO DISK; # default
4> #CONFIGURE CONTROLFILE AUTOBACKUP OFF;
5> #CONFIGURE CONTROLFILE AUTOBACKUP FORMAT FOR DEVICE TYPE DISK TO '+RECO/RMAN/%F';
6> #CONFIGURE DEVICE TYPE DISK PARALLELISM 2 BACKUP TYPE TO COMPRESSED BACKUPSET;
7> #CONFIGURE DATAFILE BACKUP COPIES FOR DEVICE TYPE DISK TO 1; # default
8> #CONFIGURE ARCHIVELOG BACKUP COPIES FOR DEVICE TYPE DISK TO 1; # default
9> #CONFIGURE CHANNEL DEVICE TYPE DISK MAXPIECESIZE 4 G; #updated 24/3/2014
10> #CONFIGURE MAXSETSIZE TO UNLIMITED;
11> #CONFIGURE ENCRYPTION FOR DATABASE OFF; # default
12> #CONFIGURE ENCRYPTION ALGORITHM 'AES128'; # default
13> #CONFIGURE COMPRESSION ALGORITHM 'BASIC' AS OF RELEASE 'DEFAULT' OPTIMIZE FOR LOAD TRUE ; # default
14> #Chi khi nao cac archive da duoc apply tren cac standby thi moi cho delete.
15> #CONFIGURE ARCHIVELOG DELETION POLICY TO APPLIED ON ALL STANDBY;
16> #CONFIGURE SNAPSHOT CONTROLFILE NAME TO '/u01/app/oracle/product/11.2.0.2/dbhome_1/dbs/snapcf_ccbs1.f'; # default
17> 
18> 
19> #updated 20/8/2014
20> # Ngay 1:
21> #	Xoa cac backup obsolete: Giu lai backupset hien tai, xoa cac ban backupset truoc do.
22> #	Backup level0 vao +RECO	tag MONTHLY_LEVEL_0_day1
23> # 	copy ban level0 thu 2 vao o dia /mnt/nfs52100/RMAN	copy_MONTHLY_LEVEL_0_day1
24> # Ngay 2-15:
25> #	Backup copies 2 level1 vao +RECO,/mnt/nfs52100/RMAN
26> #	Backup copies 2 archived vao +RECO,/mnt/nfs52100/RMAN
27> #	Delete archived all
28> 
29> # Ngay 16:
30> #	Xoa cac backup obsolete: Giu lai backupset hien tai, xoa cac ban backupset truoc do.
31> #	Backup level0 vao +RECO	tag MONTHLY_LEVEL_0_day16
32> # 	copy ban level0 thu 2 vao o dia /mnt/nfs52100/RMAN	tag copy_MONTHLY_LEVEL_0_day16
33> # Ngay 17-31:
34> #	Backup copies 2 level1 vao +RECO,/mnt/nfs52100/RMAN	
35> #	Backup copies 2 archived vao +RECO,/mnt/nfs52100/RMAN
36> #	Delete archived all
37> 
38> run
39> {
40>  #  backup incremental level 1 copies 2 format '+DATA/RMAN/level1_%D_%T_%U','/mnt/nfs52100/RMAN/level1_%D_%T_%U' tag MON_LV1_2_15 database include current controlfile;
41>   backup incremental level 1 format '+DATA/RMAN/level1_%D_%T_%U' tag MON_LV1_2_15 database include current controlfile;
42> 
43> 	sql 'ALTER SYSTEM ARCHIVE LOG CURRENT';
44> #	backup as compressed backupset copies 2 archivelog all format '+DATA/RMAN/archi_%D_%T_%U','/u03/rman_ccbs_ftp5/RMAN/archi_%D_%T_%U'
45> #  tag monthly_arch_2_15 delete input;
46> 	backup as compressed backupset archivelog all format '+DATA/RMAN/archi_%D_%T_%U' tag monthly_arch_2_15 delete input;
47> }
48> 
Starting backup at 04/03/2015 21:00:02
using target database control file instead of recovery catalog
allocated channel: ORA_DISK_1
channel ORA_DISK_1: SID=310 instance=ccbs1 device type=DISK
allocated channel: ORA_DISK_2
channel ORA_DISK_2: SID=403 instance=ccbs1 device type=DISK
channel ORA_DISK_1: starting compressed incremental level 1 datafile backup set
channel ORA_DISK_1: specifying datafile(s) in backup set
input datafile file number=00105 name=+DATA/ccbs/datafile/sysaux.388.822699379
input datafile file number=00108 name=+DATA/ccbs/datafile/sysaux.391.822699673
input datafile file number=00129 name=+DATA/ccbs/datafile/undotbs1_02.468.857385623
input datafile file number=00132 name=+DATA/ccbs/datafile/undotbs2_02.538.857385993
input datafile file number=00135 name=+DATA/ccbs/datafile/undotbs2_02.633.857386105
input datafile file number=00006 name=+DATA/ccbs/datafile/indx.285.774530247
input datafile file number=00009 name=+DATA/ccbs/datafile/indx.286.774530435
input datafile file number=00012 name=+DATA/ccbs/datafile/tbs_others.289.774531237
input datafile file number=00015 name=+DATA/ccbs/datafile/indx.292.774541795
input datafile file number=00018 name=+DATA/ccbs/datafile/indx.295.774541965
input datafile file number=00021 name=+DATA/ccbs/datafile/users.298.774543045
input datafile file number=00024 name=+DATA/ccbs/datafile/users.301.774543271
input datafile file number=00027 name=+DATA/ccbs/datafile/users.304.774543419
input datafile file number=00030 name=+DATA/ccbs/datafile/users.307.774543485
input datafile file number=00033 name=+DATA/ccbs/datafile/users.310.775873623
input datafile file number=00036 name=+DATA/ccbs/datafile/users.313.775873743
input datafile file number=00039 name=+DATA/ccbs/datafile/users.316.775996723
input datafile file number=00042 name=+DATA/ccbs/datafile/users.319.775997681
input datafile file number=00045 name=+DATA/ccbs/datafile/users.322.775997741
input datafile file number=00048 name=+DATA/ccbs/datafile/users.325.775997857
input datafile file number=00051 name=+DATA/ccbs/datafile/users.328.775997951
input datafile file number=00054 name=+DATA/ccbs/datafile/users.331.775998423
input datafile file number=00057 name=+DATA/ccbs/datafile/users.334.776000867
input datafile file number=00060 name=+DATA/ccbs/datafile/tbs_others.337.776001527
input datafile file number=00064 name=+DATA/ccbs/datafile/users.341.780492153
input datafile file number=00067 name=+DATA/ccbs/datafile/users.344.780492429
input datafile file number=00070 name=+DATA/ccbs/datafile/users.347.780493719
input datafile file number=00073 name=+DATA/ccbs/datafile/indx.350.780852893
input datafile file number=00076 name=+DATA/ccbs/datafile/indx.353.780853327
input datafile file number=00079 name=+DATA/ccbs/datafile/users.356.780853583
input datafile file number=00082 name=+DATA/ccbs/datafile/users.359.780853645
input datafile file number=00085 name=+DATA/ccbs/datafile/users.362.780853743
input datafile file number=00088 name=+DATA/ccbs/datafile/users.365.780853919
input datafile file number=00091 name=+DATA/ccbs/datafile/users.368.780853979
input datafile file number=00094 name=+DATA/ccbs/datafile/users.371.780854093
input datafile file number=00097 name=+DATA/ccbs/datafile/users.374.780854327
input datafile file number=00100 name=+DATA/ccbs/datafile/users.377.780854429
input datafile file number=00103 name=+DATA/ccbs/datafile/indx.386.819597557
input datafile file number=00123 name=+DATA/ccbs/datafile/indx.416.843228721
input datafile file number=00126 name=+DATA/ccbs/datafile/indx.419.843228767
input datafile file number=00136 name=+DATA/ccbs/datafile/users.711.870969071
input datafile file number=00139 name=+DATA/ccbs/datafile/indx.704.870969125
input datafile file number=00142 name=+DATA/ccbs/datafile/indx.700.870969205
input datafile file number=00145 name=+DATA/ccbs/datafile/gg_data.762.870969269
input datafile file number=00148 name=+DATA/ccbs/datafile/undotbs2_02.932.870969393
input datafile file number=00110 name=+DATA/ccbs/datafile/indx.403.843228457
input datafile file number=00112 name=+DATA/ccbs/datafile/indx.405.843228469
input datafile file number=00115 name=+DATA/ccbs/datafile/indx.408.843228491
input datafile file number=00118 name=+DATA/ccbs/datafile/indx.411.843228541
input datafile file number=00121 name=+DATA/ccbs/datafile/indx.414.843228559
channel ORA_DISK_1: starting piece 1 at 04/03/2015 21:00:10
channel ORA_DISK_2: starting compressed incremental level 1 datafile backup set
channel ORA_DISK_2: specifying datafile(s) in backup set
input datafile file number=00106 name=+DATA/ccbs/datafile/sysaux.389.822699397
input datafile file number=00127 name=+DATA/ccbs/datafile/undotbs1_02.455.857385555
input datafile file number=00128 name=+DATA/ccbs/datafile/undotbs1_02.425.857385591
input datafile file number=00131 name=+DATA/ccbs/datafile/undotbs2_02.423.857385961
input datafile file number=00134 name=+DATA/ccbs/datafile/undotbs2_02.485.857386063
input datafile file number=00005 name=+DATA/ccbs/datafile/users.269.772710879
input datafile file number=00008 name=+DATA/ccbs/datafile/users.283.774527719
input datafile file number=00011 name=+DATA/ccbs/datafile/tbs_others.288.774531157
input datafile file number=00014 name=+DATA/ccbs/datafile/indx.291.774541763
input datafile file number=00017 name=+DATA/ccbs/datafile/indx.294.774541943
input datafile file number=00020 name=+DATA/ccbs/datafile/users.297.774542019
input datafile file number=00023 name=+DATA/ccbs/datafile/users.300.774543249
input datafile file number=00026 name=+DATA/ccbs/datafile/users.303.774543375
input datafile file number=00029 name=+DATA/ccbs/datafile/users.306.774543465
input datafile file number=00032 name=+DATA/ccbs/datafile/users.309.774543697
input datafile file number=00035 name=+DATA/ccbs/datafile/users.312.775873715
input datafile file number=00038 name=+DATA/ccbs/datafile/users.315.775996699
input datafile file number=00041 name=+DATA/ccbs/datafile/users.318.775997657
input datafile file number=00044 name=+DATA/ccbs/datafile/users.321.775997721
input datafile file number=00047 name=+DATA/ccbs/datafile/users.324.775997821
input datafile file number=00050 name=+DATA/ccbs/datafile/users.327.775997915
input datafile file number=00053 name=+DATA/ccbs/datafile/users.330.775998311
input datafile file number=00056 name=+DATA/ccbs/datafile/users.333.776000415
input datafile file number=00059 name=+DATA/ccbs/datafile/tbs_others.336.776001499
input datafile file number=00063 name=+DATA/ccbs/datafile/users.340.780491785
input datafile file number=00066 name=+DATA/ccbs/datafile/users.343.780492321
input datafile file number=00069 name=+DATA/ccbs/datafile/users.346.780493683
input datafile file number=00072 name=+DATA/ccbs/datafile/indx.349.780852847
input datafile file number=00075 name=+DATA/ccbs/datafile/indx.352.780853165
input datafile file number=00078 name=+DATA/ccbs/datafile/users.355.780853553
input datafile file number=00081 name=+DATA/ccbs/datafile/users.358.780853623
input datafile file number=00084 name=+DATA/ccbs/datafile/users.361.780853717
input datafile file number=00087 name=+DATA/ccbs/datafile/users.364.780853901
input datafile file number=00090 name=+DATA/ccbs/datafile/users.367.780853961
input datafile file number=00093 name=+DATA/ccbs/datafile/users.370.780854023
input datafile file number=00096 name=+DATA/ccbs/datafile/users.373.780854307
input datafile file number=00099 name=+DATA/ccbs/datafile/users.376.780854365
input datafile file number=00102 name=+DATA/ccbs/datafile/indx.284.819597493
input datafile file number=00122 name=+DATA/ccbs/datafile/indx.415.843228705
input datafile file number=00125 name=+DATA/ccbs/datafile/indx.418.843228751
input datafile file number=00004 name=+DATA/ccbs/datafile/system.714.870969047
input datafile file number=00138 name=+DATA/ccbs/datafile/users.715.870969105
input datafile file number=00141 name=+DATA/ccbs/datafile/indx.707.870969167
input datafile file number=00144 name=+DATA/ccbs/datafile/tbs_others.645.870969247
input datafile file number=00147 name=+DATA/ccbs/datafile/undotbs1_02.931.870969377
input datafile file number=00109 name=+DATA/ccbs/datafile/indx.402.843228399
input datafile file number=00111 name=+DATA/ccbs/datafile/indx.404.843228463
input datafile file number=00114 name=+DATA/ccbs/datafile/indx.407.843228483
input datafile file number=00117 name=+DATA/ccbs/datafile/indx.410.843228505
input datafile file number=00120 name=+DATA/ccbs/datafile/indx.413.843228553
channel ORA_DISK_2: starting piece 1 at 04/03/2015 21:00:12
channel ORA_DISK_2: finished piece 1 at 04/03/2015 21:20:58
piece handle=+DATA/rman/level1_04_20150304_6lq10smq_1_1 tag=MON_LV1_2_15 comment=NONE
channel ORA_DISK_2: starting piece 2 at 04/03/2015 21:20:58
channel ORA_DISK_1: finished piece 1 at 04/03/2015 21:21:33
piece handle=+DATA/rman/level1_04_20150304_6kq10smp_1_1 tag=MON_LV1_2_15 comment=NONE
channel ORA_DISK_1: starting piece 2 at 04/03/2015 21:21:33
channel ORA_DISK_1: finished piece 2 at 04/03/2015 21:27:08
piece handle=+DATA/rman/level1_04_20150304_6kq10smp_2_1 tag=MON_LV1_2_15 comment=NONE
channel ORA_DISK_1: backup set complete, elapsed time: 00:26:58
channel ORA_DISK_1: starting compressed incremental level 1 datafile backup set
channel ORA_DISK_1: specifying datafile(s) in backup set
input datafile file number=00002 name=+DATA/ccbs/datafile/sysaux.258.772710837
input datafile file number=00107 name=+DATA/ccbs/datafile/sysaux.390.822699669
input datafile file number=00130 name=+DATA/ccbs/datafile/undotbs1_02.426.857385663
input datafile file number=00133 name=+DATA/ccbs/datafile/undotbs2_02.516.857386025
input datafile file number=00001 name=+DATA/ccbs/datafile/system.271.772710825
input datafile file number=00061 name=+DATA/ccbs/datafile/gg_data.338.779148549
input datafile file number=00007 name=+DATA/ccbs/datafile/users.282.774527471
input datafile file number=00010 name=+DATA/ccbs/datafile/indx.287.774530539
input datafile file number=00013 name=+DATA/ccbs/datafile/indx.290.774541697
input datafile file number=00016 name=+DATA/ccbs/datafile/indx.293.774541877
input datafile file number=00019 name=+DATA/ccbs/datafile/indx.296.774541987
input datafile file number=00022 name=+DATA/ccbs/datafile/users.299.774543191
input datafile file number=00025 name=+DATA/ccbs/datafile/users.302.774543327
input datafile file number=00028 name=+DATA/ccbs/datafile/users.305.774543443
input datafile file number=00031 name=+DATA/ccbs/datafile/users.308.774543671
input datafile file number=00034 name=+DATA/ccbs/datafile/users.311.775873655
input datafile file number=00037 name=+DATA/ccbs/datafile/users.314.775996677
input datafile file number=00040 name=+DATA/ccbs/datafile/users.317.775996743
input datafile file number=00043 name=+DATA/ccbs/datafile/users.320.775997701
input datafile file number=00046 name=+DATA/ccbs/datafile/users.323.775997787
input datafile file number=00049 name=+DATA/ccbs/datafile/users.326.775997875
input datafile file number=00052 name=+DATA/ccbs/datafile/users.329.775998289
input datafile file number=00055 name=+DATA/ccbs/datafile/users.332.776000393
input datafile file number=00058 name=+DATA/ccbs/datafile/users.335.776001375
input datafile file number=00062 name=+DATA/ccbs/datafile/users.339.780491723
input datafile file number=00065 name=+DATA/ccbs/datafile/users.342.780492259
input datafile file number=00068 name=+DATA/ccbs/datafile/users.345.780493063
input datafile file number=00071 name=+DATA/ccbs/datafile/users.348.780493937
input datafile file number=00074 name=+DATA/ccbs/datafile/indx.351.780853091
input datafile file number=00077 name=+DATA/ccbs/datafile/indx.354.780853419
input datafile file number=00080 name=+DATA/ccbs/datafile/users.357.780853601
input datafile file number=00083 name=+DATA/ccbs/datafile/users.360.780853693
input datafile file number=00086 name=+DATA/ccbs/datafile/users.363.780853829
input datafile file number=00089 name=+DATA/ccbs/datafile/users.366.780853939
input datafile file number=00092 name=+DATA/ccbs/datafile/users.369.780853997
input datafile file number=00095 name=+DATA/ccbs/datafile/users.372.780854143
input datafile file number=00098 name=+DATA/ccbs/datafile/users.375.780854347
input datafile file number=00101 name=+DATA/ccbs/datafile/tbs_others.267.792772437
input datafile file number=00104 name=+DATA/ccbs/datafile/indx.387.819597647
input datafile file number=00124 name=+DATA/ccbs/datafile/indx.417.843228737
input datafile file number=00003 name=+DATA/ccbs/datafile/system.709.870969027
input datafile file number=00137 name=+DATA/ccbs/datafile/users.713.870969093
input datafile file number=00140 name=+DATA/ccbs/datafile/indx.708.870969149
input datafile file number=00143 name=+DATA/ccbs/datafile/users.763.870969217
input datafile file number=00146 name=+DATA/ccbs/datafile/undotbs1_02.930.870969365
input datafile file number=00149 name=+DATA/ccbs/datafile/undotbs2_02.933.870969415
input datafile file number=00113 name=+DATA/ccbs/datafile/indx.406.843228475
input datafile file number=00116 name=+DATA/ccbs/datafile/indx.409.843228497
input datafile file number=00119 name=+DATA/ccbs/datafile/indx.412.843228547
channel ORA_DISK_1: starting piece 1 at 04/03/2015 21:27:09
channel ORA_DISK_2: finished piece 2 at 04/03/2015 21:30:24
piece handle=+DATA/rman/level1_04_20150304_6lq10smq_2_1 tag=MON_LV1_2_15 comment=NONE
channel ORA_DISK_2: backup set complete, elapsed time: 00:30:12
channel ORA_DISK_2: starting compressed incremental level 1 datafile backup set
channel ORA_DISK_2: specifying datafile(s) in backup set
including current control file in backup set
channel ORA_DISK_2: starting piece 1 at 04/03/2015 21:30:27
channel ORA_DISK_2: finished piece 1 at 04/03/2015 21:30:30
piece handle=+DATA/rman/level1_04_20150304_6nq10ufg_1_1 tag=MON_LV1_2_15 comment=NONE
channel ORA_DISK_2: backup set complete, elapsed time: 00:00:03
channel ORA_DISK_1: finished piece 1 at 04/03/2015 21:45:32
piece handle=+DATA/rman/level1_04_20150304_6mq10u9c_1_1 tag=MON_LV1_2_15 comment=NONE
channel ORA_DISK_1: starting piece 2 at 04/03/2015 21:45:32
channel ORA_DISK_1: finished piece 2 at 04/03/2015 21:49:17
piece handle=+DATA/rman/level1_04_20150304_6mq10u9c_2_1 tag=MON_LV1_2_15 comment=NONE
channel ORA_DISK_1: backup set complete, elapsed time: 00:22:08
Finished backup at 04/03/2015 21:49:17

Starting Control File and SPFILE Autobackup at 04/03/2015 21:49:18
piece handle=+RECO/rman/c-271141816-20150304-00 comment=NONE
Finished Control File and SPFILE Autobackup at 04/03/2015 21:49:21

sql statement: ALTER SYSTEM ARCHIVE LOG CURRENT

Starting backup at 04/03/2015 21:49:32
current log archived
using channel ORA_DISK_1
using channel ORA_DISK_2
channel ORA_DISK_1: starting compressed archived log backup set
channel ORA_DISK_1: specifying archived log(s) in backup set
input archived log thread=1 sequence=21263 RECID=58014 STAMP=873417896
input archived log thread=2 sequence=17607 RECID=58013 STAMP=873415132
input archived log thread=2 sequence=17608 RECID=58016 STAMP=873448230
input archived log thread=1 sequence=21264 RECID=58015 STAMP=873448105
input archived log thread=1 sequence=21265 RECID=58017 STAMP=873448196
input archived log thread=1 sequence=21266 RECID=58018 STAMP=873448256
input archived log thread=2 sequence=17609 RECID=58020 STAMP=873457433
input archived log thread=1 sequence=21267 RECID=58019 STAMP=873449330
input archived log thread=1 sequence=21268 RECID=58022 STAMP=873458366
input archived log thread=2 sequence=17610 RECID=58021 STAMP=873458137
input archived log thread=2 sequence=17611 RECID=58023 STAMP=873458639
input archived log thread=1 sequence=21269 RECID=58024 STAMP=873458948
input archived log thread=2 sequence=17612 RECID=58025 STAMP=873463696
input archived log thread=1 sequence=21270 RECID=58026 STAMP=873465655
input archived log thread=2 sequence=17613 RECID=58027 STAMP=873466995
input archived log thread=1 sequence=21271 RECID=58029 STAMP=873470608
input archived log thread=2 sequence=17614 RECID=58028 STAMP=873468355
input archived log thread=2 sequence=17615 RECID=58031 STAMP=873471734
input archived log thread=1 sequence=21272 RECID=58030 STAMP=873471139
input archived log thread=1 sequence=21273 RECID=58032 STAMP=873471702
input archived log thread=1 sequence=21274 RECID=58033 STAMP=873472549
input archived log thread=2 sequence=17616 RECID=58035 STAMP=873473088
input archived log thread=1 sequence=21275 RECID=58034 STAMP=873472897
input archived log thread=1 sequence=21276 RECID=58036 STAMP=873473050
input archived log thread=1 sequence=21277 RECID=58037 STAMP=873473221
input archived log thread=2 sequence=17617 RECID=58039 STAMP=873473500
input archived log thread=1 sequence=21278 RECID=58038 STAMP=873473392
input archived log thread=1 sequence=21279 RECID=58040 STAMP=873473470
input archived log thread=1 sequence=21280 RECID=58041 STAMP=873476767
input archived log thread=2 sequence=17618 RECID=58043 STAMP=873478074
input archived log thread=1 sequence=21281 RECID=58042 STAMP=873477382
channel ORA_DISK_1: starting piece 1 at 04/03/2015 21:49:38
channel ORA_DISK_2: starting compressed archived log backup set
channel ORA_DISK_2: specifying archived log(s) in backup set
input archived log thread=1 sequence=21282 RECID=58044 STAMP=873478043
input archived log thread=1 sequence=21283 RECID=58045 STAMP=873478436
input archived log thread=2 sequence=17619 RECID=58047 STAMP=873478597
input archived log thread=1 sequence=21284 RECID=58046 STAMP=873478492
input archived log thread=1 sequence=21285 RECID=58048 STAMP=873478569
input archived log thread=1 sequence=21286 RECID=58049 STAMP=873478617
input archived log thread=2 sequence=17620 RECID=58051 STAMP=873479134
input archived log thread=1 sequence=21287 RECID=58050 STAMP=873478917
input archived log thread=1 sequence=21288 RECID=58052 STAMP=873479107
input archived log thread=1 sequence=21289 RECID=58053 STAMP=873479566
input archived log thread=2 sequence=17621 RECID=58054 STAMP=873481364
input archived log thread=1 sequence=21290 RECID=58056 STAMP=873481626
input archived log thread=2 sequence=17622 RECID=58055 STAMP=873481439
input archived log thread=2 sequence=17623 RECID=58057 STAMP=873481671
input archived log thread=2 sequence=17624 RECID=58058 STAMP=873481926
input archived log thread=1 sequence=21291 RECID=58060 STAMP=873483053
input archived log thread=2 sequence=17625 RECID=58059 STAMP=873481993
input archived log thread=2 sequence=17626 RECID=58061 STAMP=873483102
input archived log thread=2 sequence=17627 RECID=58062 STAMP=873487308
input archived log thread=1 sequence=21292 RECID=58064 STAMP=873491305
input archived log thread=2 sequence=17628 RECID=58063 STAMP=873490068
input archived log thread=2 sequence=17629 RECID=58065 STAMP=873491400
input archived log thread=1 sequence=21293 RECID=58066 STAMP=873492697
input archived log thread=2 sequence=17630 RECID=58068 STAMP=873494128
input archived log thread=1 sequence=21294 RECID=58067 STAMP=873493350
input archived log thread=1 sequence=21295 RECID=58069 STAMP=873494134
input archived log thread=1 sequence=21296 RECID=58070 STAMP=873494591
input archived log thread=2 sequence=17631 RECID=58072 STAMP=873495176
input archived log thread=1 sequence=21297 RECID=58071 STAMP=873494972
input archived log thread=1 sequence=21298 RECID=58073 STAMP=873495151
input archived log thread=1 sequence=21299 RECID=58074 STAMP=873495390
input archived log thread=2 sequence=17632 RECID=58075 STAMP=873496202
input archived log thread=1 sequence=21300 RECID=58076 STAMP=873496172
channel ORA_DISK_2: starting piece 1 at 04/03/2015 21:49:39
channel ORA_DISK_1: finished piece 1 at 04/03/2015 21:56:54
piece handle=+DATA/rman/archi_04_20150304_6pq10vji_1_1 tag=MONTHLY_ARCH_2_15 comment=NONE
channel ORA_DISK_1: starting piece 2 at 04/03/2015 21:56:54
channel ORA_DISK_2: finished piece 1 at 04/03/2015 21:56:54
piece handle=+DATA/rman/archi_04_20150304_6qq10vji_1_1 tag=MONTHLY_ARCH_2_15 comment=NONE
channel ORA_DISK_2: starting piece 2 at 04/03/2015 21:56:54
channel ORA_DISK_1: finished piece 2 at 04/03/2015 22:03:59
piece handle=+DATA/rman/archi_04_20150304_6pq10vji_2_1 tag=MONTHLY_ARCH_2_15 comment=NONE
channel ORA_DISK_1: starting piece 3 at 04/03/2015 22:03:59
channel ORA_DISK_2: finished piece 2 at 04/03/2015 22:04:14
piece handle=+DATA/rman/archi_04_20150304_6qq10vji_2_1 tag=MONTHLY_ARCH_2_15 comment=NONE
channel ORA_DISK_2: starting piece 3 at 04/03/2015 22:04:14
channel ORA_DISK_2: finished piece 3 at 04/03/2015 22:10:49
piece handle=+DATA/rman/archi_04_20150304_6qq10vji_3_1 tag=MONTHLY_ARCH_2_15 comment=NONE
channel ORA_DISK_2: backup set complete, elapsed time: 00:21:10
channel ORA_DISK_2: deleting archived log(s)
archived log file name=+RECO/ccbs/archivelog/2015_03_04/thread_1_seq_21282.3037.873478029 RECID=58044 STAMP=873478043
archived log file name=+RECO/ccbs/archivelog/2015_03_04/thread_1_seq_21283.1514.873478425 RECID=58045 STAMP=873478436
archived log file name=+RECO/ccbs/archivelog/2015_03_04/thread_2_seq_17619.3492.873478597 RECID=58047 STAMP=873478597
archived log file name=+RECO/ccbs/archivelog/2015_03_04/thread_1_seq_21284.1520.873478479 RECID=58046 STAMP=873478492
archived log file name=+RECO/ccbs/archivelog/2015_03_04/thread_1_seq_21285.1528.873478557 RECID=58048 STAMP=873478569
archived log file name=+RECO/ccbs/archivelog/2015_03_04/thread_1_seq_21286.1560.873478605 RECID=58049 STAMP=873478617
archived log file name=+RECO/ccbs/archivelog/2015_03_04/thread_2_seq_17620.3045.873479135 RECID=58051 STAMP=873479134
archived log file name=+RECO/ccbs/archivelog/2015_03_04/thread_1_seq_21287.3478.873478905 RECID=58050 STAMP=873478917
archived log file name=+RECO/ccbs/archivelog/2015_03_04/thread_1_seq_21288.1295.873479095 RECID=58052 STAMP=873479107
archived log file name=+RECO/ccbs/archivelog/2015_03_04/thread_1_seq_21289.518.873479553 RECID=58053 STAMP=873479566
archived log file name=+RECO/ccbs/archivelog/2015_03_04/thread_2_seq_17621.1977.873481353 RECID=58054 STAMP=873481364
archived log file name=+RECO/ccbs/archivelog/2015_03_04/thread_1_seq_21290.2567.873481621 RECID=58056 STAMP=873481626
archived log file name=+RECO/ccbs/archivelog/2015_03_04/thread_2_seq_17622.2689.873481427 RECID=58055 STAMP=873481439
archived log file name=+RECO/ccbs/archivelog/2015_03_04/thread_2_seq_17623.2589.873481659 RECID=58057 STAMP=873481671
archived log file name=+RECO/ccbs/archivelog/2015_03_04/thread_2_seq_17624.2582.873481915 RECID=58058 STAMP=873481926
archived log file name=+RECO/ccbs/archivelog/2015_03_04/thread_1_seq_21291.1935.873483053 RECID=58060 STAMP=873483053
archived log file name=+RECO/ccbs/archivelog/2015_03_04/thread_2_seq_17625.2601.873481977 RECID=58059 STAMP=873481993
archived log file name=+RECO/ccbs/archivelog/2015_03_04/thread_2_seq_17626.1808.873483091 RECID=58061 STAMP=873483102
archived log file name=+RECO/ccbs/archivelog/2015_03_04/thread_2_seq_17627.1911.873487297 RECID=58062 STAMP=873487308
archived log file name=+RECO/ccbs/archivelog/2015_03_04/thread_1_seq_21292.1742.873491293 RECID=58064 STAMP=873491305
archived log file name=+RECO/ccbs/archivelog/2015_03_04/thread_2_seq_17628.1790.873490033 RECID=58063 STAMP=873490068
archived log file name=+RECO/ccbs/archivelog/2015_03_04/thread_2_seq_17629.2619.873491389 RECID=58065 STAMP=873491400
archived log file name=+RECO/ccbs/archivelog/2015_03_04/thread_1_seq_21293.1830.873492685 RECID=58066 STAMP=873492697
archived log file name=+RECO/ccbs/archivelog/2015_03_04/thread_2_seq_17630.2910.873494121 RECID=58068 STAMP=873494128
archived log file name=+RECO/ccbs/archivelog/2015_03_04/thread_1_seq_21294.3896.873493327 RECID=58067 STAMP=873493350
archived log file name=+RECO/ccbs/archivelog/2015_03_04/thread_1_seq_21295.4029.873494077 RECID=58069 STAMP=873494134
archived log file name=+RECO/ccbs/archivelog/2015_03_04/thread_1_seq_21296.3455.873494527 RECID=58070 STAMP=873494591
archived log file name=+RECO/ccbs/archivelog/2015_03_04/thread_2_seq_17631.3513.873495175 RECID=58072 STAMP=873495176
archived log file name=+RECO/ccbs/archivelog/2015_03_04/thread_1_seq_21297.3440.873494955 RECID=58071 STAMP=873494972
archived log file name=+RECO/ccbs/archivelog/2015_03_04/thread_1_seq_21298.627.873495135 RECID=58073 STAMP=873495151
archived log file name=+RECO/ccbs/archivelog/2015_03_04/thread_1_seq_21299.3320.873495357 RECID=58074 STAMP=873495390
archived log file name=+RECO/ccbs/archivelog/2015_03_04/thread_2_seq_17632.1883.873496201 RECID=58075 STAMP=873496202
archived log file name=+RECO/ccbs/archivelog/2015_03_04/thread_1_seq_21300.3505.873496163 RECID=58076 STAMP=873496172
channel ORA_DISK_2: starting compressed archived log backup set
channel ORA_DISK_2: specifying archived log(s) in backup set
input archived log thread=1 sequence=21301 RECID=58077 STAMP=873496174
input archived log thread=2 sequence=17633 RECID=58078 STAMP=873496213
channel ORA_DISK_2: starting piece 1 at 04/03/2015 22:10:53
channel ORA_DISK_2: finished piece 1 at 04/03/2015 22:10:54
piece handle=+DATA/rman/archi_04_20150304_6rq110rd_1_1 tag=MONTHLY_ARCH_2_15 comment=NONE
channel ORA_DISK_2: backup set complete, elapsed time: 00:00:01
channel ORA_DISK_2: deleting archived log(s)
archived log file name=+RECO/ccbs/archivelog/2015_03_04/thread_1_seq_21301.1496.873496175 RECID=58077 STAMP=873496174
archived log file name=+RECO/ccbs/archivelog/2015_03_04/thread_2_seq_17633.3356.873496213 RECID=58078 STAMP=873496213
channel ORA_DISK_1: finished piece 3 at 04/03/2015 22:11:08
piece handle=+DATA/rman/archi_04_20150304_6pq10vji_3_1 tag=MONTHLY_ARCH_2_15 comment=NONE
channel ORA_DISK_1: starting piece 4 at 04/03/2015 22:11:08
channel ORA_DISK_1: finished piece 4 at 04/03/2015 22:12:43
piece handle=+DATA/rman/archi_04_20150304_6pq10vji_4_1 tag=MONTHLY_ARCH_2_15 comment=NONE
channel ORA_DISK_1: backup set complete, elapsed time: 00:23:05
channel ORA_DISK_1: deleting archived log(s)
archived log file name=+RECO/ccbs/archivelog/2015_03_04/thread_1_seq_21263.2360.873417885 RECID=58014 STAMP=873417896
archived log file name=+RECO/ccbs/archivelog/2015_03_03/thread_2_seq_17607.3485.873415121 RECID=58013 STAMP=873415132
archived log file name=+RECO/ccbs/archivelog/2015_03_04/thread_2_seq_17608.3281.873448225 RECID=58016 STAMP=873448230
archived log file name=+RECO/ccbs/archivelog/2015_03_04/thread_1_seq_21264.1899.873448095 RECID=58015 STAMP=873448105
archived log file name=+RECO/ccbs/archivelog/2015_03_04/thread_1_seq_21265.3479.873448185 RECID=58017 STAMP=873448196
archived log file name=+RECO/ccbs/archivelog/2015_03_04/thread_1_seq_21266.3312.873448245 RECID=58018 STAMP=873448256
archived log file name=+RECO/ccbs/archivelog/2015_03_04/thread_2_seq_17609.538.873457417 RECID=58020 STAMP=873457433
archived log file name=+RECO/ccbs/archivelog/2015_03_04/thread_1_seq_21267.3915.873449319 RECID=58019 STAMP=873449330
archived log file name=+RECO/ccbs/archivelog/2015_03_04/thread_1_seq_21268.4242.873458353 RECID=58022 STAMP=873458366
archived log file name=+RECO/ccbs/archivelog/2015_03_04/thread_2_seq_17610.3902.873458125 RECID=58021 STAMP=873458137
archived log file name=+RECO/ccbs/archivelog/2015_03_04/thread_2_seq_17611.2403.873458627 RECID=58023 STAMP=873458639
archived log file name=+RECO/ccbs/archivelog/2015_03_04/thread_1_seq_21269.856.873458937 RECID=58024 STAMP=873458948
archived log file name=+RECO/ccbs/archivelog/2015_03_04/thread_2_seq_17612.3809.873463685 RECID=58025 STAMP=873463696
archived log file name=+RECO/ccbs/archivelog/2015_03_04/thread_1_seq_21270.548.873465645 RECID=58026 STAMP=873465655
archived log file name=+RECO/ccbs/archivelog/2015_03_04/thread_2_seq_17613.338.873466983 RECID=58027 STAMP=873466995
archived log file name=+RECO/ccbs/archivelog/2015_03_04/thread_1_seq_21271.1403.873470597 RECID=58029 STAMP=873470608
archived log file name=+RECO/ccbs/archivelog/2015_03_04/thread_2_seq_17614.4200.873468343 RECID=58028 STAMP=873468355
archived log file name=+RECO/ccbs/archivelog/2015_03_04/thread_2_seq_17615.1211.873471729 RECID=58031 STAMP=873471734
archived log file name=+RECO/ccbs/archivelog/2015_03_04/thread_1_seq_21272.2969.873471125 RECID=58030 STAMP=873471139
archived log file name=+RECO/ccbs/archivelog/2015_03_04/thread_1_seq_21273.1464.873471689 RECID=58032 STAMP=873471702
archived log file name=+RECO/ccbs/archivelog/2015_03_04/thread_1_seq_21274.365.873472531 RECID=58033 STAMP=873472549
archived log file name=+RECO/ccbs/archivelog/2015_03_04/thread_2_seq_17616.1333.873473079 RECID=58035 STAMP=873473088
archived log file name=+RECO/ccbs/archivelog/2015_03_04/thread_1_seq_21275.461.873472885 RECID=58034 STAMP=873472897
archived log file name=+RECO/ccbs/archivelog/2015_03_04/thread_1_seq_21276.1205.873473039 RECID=58036 STAMP=873473050
archived log file name=+RECO/ccbs/archivelog/2015_03_04/thread_1_seq_21277.3146.873473209 RECID=58037 STAMP=873473221
archived log file name=+RECO/ccbs/archivelog/2015_03_04/thread_2_seq_17617.3144.873473499 RECID=58039 STAMP=873473500
archived log file name=+RECO/ccbs/archivelog/2015_03_04/thread_1_seq_21278.1422.873473381 RECID=58038 STAMP=873473392
archived log file name=+RECO/ccbs/archivelog/2015_03_04/thread_1_seq_21279.1444.873473459 RECID=58040 STAMP=873473470
archived log file name=+RECO/ccbs/archivelog/2015_03_04/thread_1_seq_21280.1315.873476755 RECID=58041 STAMP=873476767
archived log file name=+RECO/ccbs/archivelog/2015_03_04/thread_2_seq_17618.4226.873478069 RECID=58043 STAMP=873478074
archived log file name=+RECO/ccbs/archivelog/2015_03_04/thread_1_seq_21281.1369.873477371 RECID=58042 STAMP=873477382
Finished backup at 04/03/2015 22:12:46

Starting Control File and SPFILE Autobackup at 04/03/2015 22:12:46
piece handle=+RECO/rman/c-271141816-20150304-01 comment=NONE
Finished Control File and SPFILE Autobackup at 04/03/2015 22:12:49

Recovery Manager complete.
