
Recovery Manager: Release 11.2.0.2.0 - Production on Sun Mar 8 21:00:02 2015

Copyright (c) 1982, 2009, Oracle and/or its affiliates.  All rights reserved.

connected to target database: CCBS (DBID=271141816)

RMAN> #CONFIGURE RETENTION POLICY TO REDUNDANCY 1;	#updated 20/3/2014 
2> #CONFIGURE BACKUP OPTIMIZATION ON;
3> #CONFIGURE DEFAULT DEVICE TYPE TO DISK; # default
4> #CONFIGURE CONTROLFILE AUTOBACKUP OFF;
5> #CONFIGURE CONTROLFILE AUTOBACKUP FORMAT FOR DEVICE TYPE DISK TO '+RECO/RMAN/%F';
6> #CONFIGURE DEVICE TYPE DISK PARALLELISM 2 BACKUP TYPE TO COMPRESSED BACKUPSET;
7> #CONFIGURE DATAFILE BACKUP COPIES FOR DEVICE TYPE DISK TO 1; # default
8> #CONFIGURE ARCHIVELOG BACKUP COPIES FOR DEVICE TYPE DISK TO 1; # default
9> #CONFIGURE CHANNEL DEVICE TYPE DISK MAXPIECESIZE 4 G; #updated 24/3/2014
10> #CONFIGURE MAXSETSIZE TO UNLIMITED;
11> #CONFIGURE ENCRYPTION FOR DATABASE OFF; # default
12> #CONFIGURE ENCRYPTION ALGORITHM 'AES128'; # default
13> #CONFIGURE COMPRESSION ALGORITHM 'BASIC' AS OF RELEASE 'DEFAULT' OPTIMIZE FOR LOAD TRUE ; # default
14> #Chi khi nao cac archive da duoc apply tren cac standby thi moi cho delete.
15> #CONFIGURE ARCHIVELOG DELETION POLICY TO APPLIED ON ALL STANDBY;
16> #CONFIGURE SNAPSHOT CONTROLFILE NAME TO '/u01/app/oracle/product/11.2.0.2/dbhome_1/dbs/snapcf_ccbs1.f'; # default
17> 
18> 
19> #updated 20/8/2014
20> # Ngay 1:
21> #	Xoa cac backup obsolete: Giu lai backupset hien tai, xoa cac ban backupset truoc do.
22> #	Backup level0 vao +RECO	tag MONTHLY_LEVEL_0_day1
23> # 	copy ban level0 thu 2 vao o dia /mnt/nfs52100/RMAN	copy_MONTHLY_LEVEL_0_day1
24> # Ngay 2-15:
25> #	Backup copies 2 level1 vao +RECO,/mnt/nfs52100/RMAN
26> #	Backup copies 2 archived vao +RECO,/mnt/nfs52100/RMAN
27> #	Delete archived all
28> 
29> # Ngay 16:
30> #	Xoa cac backup obsolete: Giu lai backupset hien tai, xoa cac ban backupset truoc do.
31> #	Backup level0 vao +RECO	tag MONTHLY_LEVEL_0_day16
32> # 	copy ban level0 thu 2 vao o dia /mnt/nfs52100/RMAN	tag copy_MONTHLY_LEVEL_0_day16
33> # Ngay 17-31:
34> #	Backup copies 2 level1 vao +RECO,/mnt/nfs52100/RMAN	
35> #	Backup copies 2 archived vao +RECO,/mnt/nfs52100/RMAN
36> #	Delete archived all
37> 
38> run
39> {
40>  #  backup incremental level 1 copies 2 format '+DATA/RMAN/level1_%D_%T_%U','/mnt/nfs52100/RMAN/level1_%D_%T_%U' tag MON_LV1_2_15 database include current controlfile;
41>   backup incremental level 1 format '+DATA/RMAN/level1_%D_%T_%U' tag MON_LV1_2_15 database include current controlfile;
42> 
43> 	sql 'ALTER SYSTEM ARCHIVE LOG CURRENT';
44> #	backup as compressed backupset copies 2 archivelog all format '+DATA/RMAN/archi_%D_%T_%U','/u03/rman_ccbs_ftp5/RMAN/archi_%D_%T_%U'
45> #  tag monthly_arch_2_15 delete input;
46> 	backup as compressed backupset archivelog all format '+DATA/RMAN/archi_%D_%T_%U' tag monthly_arch_2_15 delete input;
47> }
48> 
Starting backup at 08/03/2015 21:00:03
using target database control file instead of recovery catalog
allocated channel: ORA_DISK_1
channel ORA_DISK_1: SID=315 instance=ccbs1 device type=DISK
allocated channel: ORA_DISK_2
channel ORA_DISK_2: SID=553 instance=ccbs1 device type=DISK
channel ORA_DISK_1: starting compressed incremental level 1 datafile backup set
channel ORA_DISK_1: specifying datafile(s) in backup set
input datafile file number=00105 name=+DATA/ccbs/datafile/sysaux.388.822699379
input datafile file number=00108 name=+DATA/ccbs/datafile/sysaux.391.822699673
input datafile file number=00129 name=+DATA/ccbs/datafile/undotbs1_02.468.857385623
input datafile file number=00132 name=+DATA/ccbs/datafile/undotbs2_02.538.857385993
input datafile file number=00135 name=+DATA/ccbs/datafile/undotbs2_02.633.857386105
input datafile file number=00006 name=+DATA/ccbs/datafile/indx.285.774530247
input datafile file number=00009 name=+DATA/ccbs/datafile/indx.286.774530435
input datafile file number=00012 name=+DATA/ccbs/datafile/tbs_others.289.774531237
input datafile file number=00015 name=+DATA/ccbs/datafile/indx.292.774541795
input datafile file number=00018 name=+DATA/ccbs/datafile/indx.295.774541965
input datafile file number=00021 name=+DATA/ccbs/datafile/users.298.774543045
input datafile file number=00024 name=+DATA/ccbs/datafile/users.301.774543271
input datafile file number=00027 name=+DATA/ccbs/datafile/users.304.774543419
input datafile file number=00030 name=+DATA/ccbs/datafile/users.307.774543485
input datafile file number=00033 name=+DATA/ccbs/datafile/users.310.775873623
input datafile file number=00036 name=+DATA/ccbs/datafile/users.313.775873743
input datafile file number=00039 name=+DATA/ccbs/datafile/users.316.775996723
input datafile file number=00042 name=+DATA/ccbs/datafile/users.319.775997681
input datafile file number=00045 name=+DATA/ccbs/datafile/users.322.775997741
input datafile file number=00048 name=+DATA/ccbs/datafile/users.325.775997857
input datafile file number=00051 name=+DATA/ccbs/datafile/users.328.775997951
input datafile file number=00054 name=+DATA/ccbs/datafile/users.331.775998423
input datafile file number=00057 name=+DATA/ccbs/datafile/users.334.776000867
input datafile file number=00060 name=+DATA/ccbs/datafile/tbs_others.337.776001527
input datafile file number=00064 name=+DATA/ccbs/datafile/users.341.780492153
input datafile file number=00067 name=+DATA/ccbs/datafile/users.344.780492429
input datafile file number=00070 name=+DATA/ccbs/datafile/users.347.780493719
input datafile file number=00073 name=+DATA/ccbs/datafile/indx.350.780852893
input datafile file number=00076 name=+DATA/ccbs/datafile/indx.353.780853327
input datafile file number=00079 name=+DATA/ccbs/datafile/users.356.780853583
input datafile file number=00082 name=+DATA/ccbs/datafile/users.359.780853645
input datafile file number=00085 name=+DATA/ccbs/datafile/users.362.780853743
input datafile file number=00088 name=+DATA/ccbs/datafile/users.365.780853919
input datafile file number=00091 name=+DATA/ccbs/datafile/users.368.780853979
input datafile file number=00094 name=+DATA/ccbs/datafile/users.371.780854093
input datafile file number=00097 name=+DATA/ccbs/datafile/users.374.780854327
input datafile file number=00100 name=+DATA/ccbs/datafile/users.377.780854429
input datafile file number=00103 name=+DATA/ccbs/datafile/indx.386.819597557
input datafile file number=00123 name=+DATA/ccbs/datafile/indx.416.843228721
input datafile file number=00126 name=+DATA/ccbs/datafile/indx.419.843228767
input datafile file number=00136 name=+DATA/ccbs/datafile/users.711.870969071
input datafile file number=00139 name=+DATA/ccbs/datafile/indx.704.870969125
input datafile file number=00142 name=+DATA/ccbs/datafile/indx.700.870969205
input datafile file number=00145 name=+DATA/ccbs/datafile/gg_data.762.870969269
input datafile file number=00148 name=+DATA/ccbs/datafile/undotbs2_02.932.870969393
input datafile file number=00110 name=+DATA/ccbs/datafile/indx.403.843228457
input datafile file number=00112 name=+DATA/ccbs/datafile/indx.405.843228469
input datafile file number=00115 name=+DATA/ccbs/datafile/indx.408.843228491
input datafile file number=00118 name=+DATA/ccbs/datafile/indx.411.843228541
input datafile file number=00121 name=+DATA/ccbs/datafile/indx.414.843228559
channel ORA_DISK_1: starting piece 1 at 08/03/2015 21:00:11
channel ORA_DISK_2: starting compressed incremental level 1 datafile backup set
channel ORA_DISK_2: specifying datafile(s) in backup set
input datafile file number=00106 name=+DATA/ccbs/datafile/sysaux.389.822699397
input datafile file number=00127 name=+DATA/ccbs/datafile/undotbs1_02.455.857385555
input datafile file number=00128 name=+DATA/ccbs/datafile/undotbs1_02.425.857385591
input datafile file number=00131 name=+DATA/ccbs/datafile/undotbs2_02.423.857385961
input datafile file number=00134 name=+DATA/ccbs/datafile/undotbs2_02.485.857386063
input datafile file number=00005 name=+DATA/ccbs/datafile/users.269.772710879
input datafile file number=00008 name=+DATA/ccbs/datafile/users.283.774527719
input datafile file number=00011 name=+DATA/ccbs/datafile/tbs_others.288.774531157
input datafile file number=00014 name=+DATA/ccbs/datafile/indx.291.774541763
input datafile file number=00017 name=+DATA/ccbs/datafile/indx.294.774541943
input datafile file number=00020 name=+DATA/ccbs/datafile/users.297.774542019
input datafile file number=00023 name=+DATA/ccbs/datafile/users.300.774543249
input datafile file number=00026 name=+DATA/ccbs/datafile/users.303.774543375
input datafile file number=00029 name=+DATA/ccbs/datafile/users.306.774543465
input datafile file number=00032 name=+DATA/ccbs/datafile/users.309.774543697
input datafile file number=00035 name=+DATA/ccbs/datafile/users.312.775873715
input datafile file number=00038 name=+DATA/ccbs/datafile/users.315.775996699
input datafile file number=00041 name=+DATA/ccbs/datafile/users.318.775997657
input datafile file number=00044 name=+DATA/ccbs/datafile/users.321.775997721
input datafile file number=00047 name=+DATA/ccbs/datafile/users.324.775997821
input datafile file number=00050 name=+DATA/ccbs/datafile/users.327.775997915
input datafile file number=00053 name=+DATA/ccbs/datafile/users.330.775998311
input datafile file number=00056 name=+DATA/ccbs/datafile/users.333.776000415
input datafile file number=00059 name=+DATA/ccbs/datafile/tbs_others.336.776001499
input datafile file number=00063 name=+DATA/ccbs/datafile/users.340.780491785
input datafile file number=00066 name=+DATA/ccbs/datafile/users.343.780492321
input datafile file number=00069 name=+DATA/ccbs/datafile/users.346.780493683
input datafile file number=00072 name=+DATA/ccbs/datafile/indx.349.780852847
input datafile file number=00075 name=+DATA/ccbs/datafile/indx.352.780853165
input datafile file number=00078 name=+DATA/ccbs/datafile/users.355.780853553
input datafile file number=00081 name=+DATA/ccbs/datafile/users.358.780853623
input datafile file number=00084 name=+DATA/ccbs/datafile/users.361.780853717
input datafile file number=00087 name=+DATA/ccbs/datafile/users.364.780853901
input datafile file number=00090 name=+DATA/ccbs/datafile/users.367.780853961
input datafile file number=00093 name=+DATA/ccbs/datafile/users.370.780854023
input datafile file number=00096 name=+DATA/ccbs/datafile/users.373.780854307
input datafile file number=00099 name=+DATA/ccbs/datafile/users.376.780854365
input datafile file number=00102 name=+DATA/ccbs/datafile/indx.284.819597493
input datafile file number=00122 name=+DATA/ccbs/datafile/indx.415.843228705
input datafile file number=00125 name=+DATA/ccbs/datafile/indx.418.843228751
input datafile file number=00004 name=+DATA/ccbs/datafile/system.714.870969047
input datafile file number=00138 name=+DATA/ccbs/datafile/users.715.870969105
input datafile file number=00141 name=+DATA/ccbs/datafile/indx.707.870969167
input datafile file number=00144 name=+DATA/ccbs/datafile/tbs_others.645.870969247
input datafile file number=00147 name=+DATA/ccbs/datafile/undotbs1_02.931.870969377
input datafile file number=00109 name=+DATA/ccbs/datafile/indx.402.843228399
input datafile file number=00111 name=+DATA/ccbs/datafile/indx.404.843228463
input datafile file number=00114 name=+DATA/ccbs/datafile/indx.407.843228483
input datafile file number=00117 name=+DATA/ccbs/datafile/indx.410.843228505
input datafile file number=00120 name=+DATA/ccbs/datafile/indx.413.843228553
channel ORA_DISK_2: starting piece 1 at 08/03/2015 21:00:14
channel ORA_DISK_1: finished piece 1 at 08/03/2015 21:16:29
piece handle=+DATA/rman/level1_08_20150308_7nq1be6r_1_1 tag=MON_LV1_2_15 comment=NONE
channel ORA_DISK_1: backup set complete, elapsed time: 00:16:18
channel ORA_DISK_1: starting compressed incremental level 1 datafile backup set
channel ORA_DISK_1: specifying datafile(s) in backup set
input datafile file number=00002 name=+DATA/ccbs/datafile/sysaux.258.772710837
input datafile file number=00107 name=+DATA/ccbs/datafile/sysaux.390.822699669
input datafile file number=00130 name=+DATA/ccbs/datafile/undotbs1_02.426.857385663
input datafile file number=00133 name=+DATA/ccbs/datafile/undotbs2_02.516.857386025
input datafile file number=00001 name=+DATA/ccbs/datafile/system.271.772710825
input datafile file number=00061 name=+DATA/ccbs/datafile/gg_data.338.779148549
input datafile file number=00007 name=+DATA/ccbs/datafile/users.282.774527471
input datafile file number=00010 name=+DATA/ccbs/datafile/indx.287.774530539
input datafile file number=00013 name=+DATA/ccbs/datafile/indx.290.774541697
input datafile file number=00016 name=+DATA/ccbs/datafile/indx.293.774541877
input datafile file number=00019 name=+DATA/ccbs/datafile/indx.296.774541987
input datafile file number=00022 name=+DATA/ccbs/datafile/users.299.774543191
input datafile file number=00025 name=+DATA/ccbs/datafile/users.302.774543327
input datafile file number=00028 name=+DATA/ccbs/datafile/users.305.774543443
input datafile file number=00031 name=+DATA/ccbs/datafile/users.308.774543671
input datafile file number=00034 name=+DATA/ccbs/datafile/users.311.775873655
input datafile file number=00037 name=+DATA/ccbs/datafile/users.314.775996677
input datafile file number=00040 name=+DATA/ccbs/datafile/users.317.775996743
input datafile file number=00043 name=+DATA/ccbs/datafile/users.320.775997701
input datafile file number=00046 name=+DATA/ccbs/datafile/users.323.775997787
input datafile file number=00049 name=+DATA/ccbs/datafile/users.326.775997875
input datafile file number=00052 name=+DATA/ccbs/datafile/users.329.775998289
input datafile file number=00055 name=+DATA/ccbs/datafile/users.332.776000393
input datafile file number=00058 name=+DATA/ccbs/datafile/users.335.776001375
input datafile file number=00062 name=+DATA/ccbs/datafile/users.339.780491723
input datafile file number=00065 name=+DATA/ccbs/datafile/users.342.780492259
input datafile file number=00068 name=+DATA/ccbs/datafile/users.345.780493063
input datafile file number=00071 name=+DATA/ccbs/datafile/users.348.780493937
input datafile file number=00074 name=+DATA/ccbs/datafile/indx.351.780853091
input datafile file number=00077 name=+DATA/ccbs/datafile/indx.354.780853419
input datafile file number=00080 name=+DATA/ccbs/datafile/users.357.780853601
input datafile file number=00083 name=+DATA/ccbs/datafile/users.360.780853693
input datafile file number=00086 name=+DATA/ccbs/datafile/users.363.780853829
input datafile file number=00089 name=+DATA/ccbs/datafile/users.366.780853939
input datafile file number=00092 name=+DATA/ccbs/datafile/users.369.780853997
input datafile file number=00095 name=+DATA/ccbs/datafile/users.372.780854143
input datafile file number=00098 name=+DATA/ccbs/datafile/users.375.780854347
input datafile file number=00101 name=+DATA/ccbs/datafile/tbs_others.267.792772437
input datafile file number=00104 name=+DATA/ccbs/datafile/indx.387.819597647
input datafile file number=00124 name=+DATA/ccbs/datafile/indx.417.843228737
input datafile file number=00003 name=+DATA/ccbs/datafile/system.709.870969027
input datafile file number=00137 name=+DATA/ccbs/datafile/users.713.870969093
input datafile file number=00140 name=+DATA/ccbs/datafile/indx.708.870969149
input datafile file number=00143 name=+DATA/ccbs/datafile/users.763.870969217
input datafile file number=00146 name=+DATA/ccbs/datafile/undotbs1_02.930.870969365
input datafile file number=00149 name=+DATA/ccbs/datafile/undotbs2_02.933.870969415
input datafile file number=00113 name=+DATA/ccbs/datafile/indx.406.843228475
input datafile file number=00116 name=+DATA/ccbs/datafile/indx.409.843228497
input datafile file number=00119 name=+DATA/ccbs/datafile/indx.412.843228547
channel ORA_DISK_1: starting piece 1 at 08/03/2015 21:16:31
channel ORA_DISK_2: finished piece 1 at 08/03/2015 21:19:06
piece handle=+DATA/rman/level1_08_20150308_7oq1be6r_1_1 tag=MON_LV1_2_15 comment=NONE
channel ORA_DISK_2: backup set complete, elapsed time: 00:18:52
channel ORA_DISK_2: starting compressed incremental level 1 datafile backup set
channel ORA_DISK_2: specifying datafile(s) in backup set
including current control file in backup set
channel ORA_DISK_2: starting piece 1 at 08/03/2015 21:19:13
channel ORA_DISK_2: finished piece 1 at 08/03/2015 21:19:16
piece handle=+DATA/rman/level1_08_20150308_7qq1bfaa_1_1 tag=MON_LV1_2_15 comment=NONE
channel ORA_DISK_2: backup set complete, elapsed time: 00:00:03
channel ORA_DISK_1: finished piece 1 at 08/03/2015 21:31:08
piece handle=+DATA/rman/level1_08_20150308_7pq1bf5d_1_1 tag=MON_LV1_2_15 comment=NONE
channel ORA_DISK_1: backup set complete, elapsed time: 00:14:37
Finished backup at 08/03/2015 21:31:08

Starting Control File and SPFILE Autobackup at 08/03/2015 21:31:08
piece handle=+RECO/rman/c-271141816-20150308-00 comment=NONE
Finished Control File and SPFILE Autobackup at 08/03/2015 21:31:11

sql statement: ALTER SYSTEM ARCHIVE LOG CURRENT

Starting backup at 08/03/2015 21:31:17
current log archived
using channel ORA_DISK_1
using channel ORA_DISK_2
channel ORA_DISK_1: starting compressed archived log backup set
channel ORA_DISK_1: specifying archived log(s) in backup set
input archived log thread=1 sequence=21363 RECID=58219 STAMP=873763340
input archived log thread=2 sequence=17713 RECID=58221 STAMP=873785126
input archived log thread=1 sequence=21364 RECID=58220 STAMP=873763532
input archived log thread=1 sequence=21365 RECID=58222 STAMP=873785091
input archived log thread=1 sequence=21366 RECID=58223 STAMP=873811107
input archived log thread=2 sequence=17714 RECID=58225 STAMP=873811803
input archived log thread=1 sequence=21367 RECID=58224 STAMP=873811315
input archived log thread=1 sequence=21368 RECID=58226 STAMP=873811769
input archived log thread=1 sequence=21369 RECID=58227 STAMP=873811960
input archived log thread=2 sequence=17715 RECID=58229 STAMP=873821552
input archived log thread=1 sequence=21370 RECID=58228 STAMP=873818535
input archived log thread=1 sequence=21371 RECID=58230 STAMP=873821518
channel ORA_DISK_1: starting piece 1 at 08/03/2015 21:31:23
channel ORA_DISK_2: starting compressed archived log backup set
channel ORA_DISK_2: specifying archived log(s) in backup set
input archived log thread=1 sequence=21372 RECID=58231 STAMP=873821872
input archived log thread=2 sequence=17716 RECID=58233 STAMP=873822031
input archived log thread=1 sequence=21373 RECID=58232 STAMP=873821962
input archived log thread=1 sequence=21374 RECID=58234 STAMP=873822001
input archived log thread=1 sequence=21375 RECID=58235 STAMP=873822346
input archived log thread=2 sequence=17717 RECID=58237 STAMP=873831420
input archived log thread=1 sequence=21376 RECID=58236 STAMP=873831267
input archived log thread=1 sequence=21377 RECID=58238 STAMP=873831390
input archived log thread=1 sequence=21378 RECID=58239 STAMP=873836721
input archived log thread=2 sequence=17718 RECID=58241 STAMP=873839925
input archived log thread=1 sequence=21379 RECID=58240 STAMP=873836868
input archived log thread=1 sequence=21380 RECID=58242 STAMP=873839906
input archived log thread=1 sequence=21381 RECID=58244 STAMP=873840676
input archived log thread=2 sequence=17719 RECID=58243 STAMP=873840712
channel ORA_DISK_2: starting piece 1 at 08/03/2015 21:31:23
channel ORA_DISK_1: finished piece 1 at 08/03/2015 21:38:28
piece handle=+DATA/rman/archi_08_20150308_7sq1bg1b_1_1 tag=MONTHLY_ARCH_2_15 comment=NONE
channel ORA_DISK_1: starting piece 2 at 08/03/2015 21:38:28
channel ORA_DISK_2: finished piece 1 at 08/03/2015 21:38:28
piece handle=+DATA/rman/archi_08_20150308_7tq1bg1b_1_1 tag=MONTHLY_ARCH_2_15 comment=NONE
channel ORA_DISK_2: starting piece 2 at 08/03/2015 21:38:28
channel ORA_DISK_2: finished piece 2 at 08/03/2015 21:39:33
piece handle=+DATA/rman/archi_08_20150308_7tq1bg1b_2_1 tag=MONTHLY_ARCH_2_15 comment=NONE
channel ORA_DISK_2: backup set complete, elapsed time: 00:08:10
channel ORA_DISK_2: deleting archived log(s)
archived log file name=+RECO/ccbs/archivelog/2015_03_08/thread_1_seq_21372.4242.873821861 RECID=58231 STAMP=873821872
archived log file name=+RECO/ccbs/archivelog/2015_03_08/thread_2_seq_17716.1403.873822031 RECID=58233 STAMP=873822031
archived log file name=+RECO/ccbs/archivelog/2015_03_08/thread_1_seq_21373.3902.873821951 RECID=58232 STAMP=873821962
archived log file name=+RECO/ccbs/archivelog/2015_03_08/thread_1_seq_21374.548.873821989 RECID=58234 STAMP=873822001
archived log file name=+RECO/ccbs/archivelog/2015_03_08/thread_1_seq_21375.4200.873822335 RECID=58235 STAMP=873822346
archived log file name=+RECO/ccbs/archivelog/2015_03_08/thread_2_seq_17717.1211.873831419 RECID=58237 STAMP=873831420
archived log file name=+RECO/ccbs/archivelog/2015_03_08/thread_1_seq_21376.338.873831255 RECID=58236 STAMP=873831267
archived log file name=+RECO/ccbs/archivelog/2015_03_08/thread_1_seq_21377.2969.873831379 RECID=58238 STAMP=873831390
archived log file name=+RECO/ccbs/archivelog/2015_03_08/thread_1_seq_21378.1899.873836709 RECID=58239 STAMP=873836721
archived log file name=+RECO/ccbs/archivelog/2015_03_08/thread_2_seq_17718.3312.873839921 RECID=58241 STAMP=873839925
archived log file name=+RECO/ccbs/archivelog/2015_03_08/thread_1_seq_21379.3479.873836857 RECID=58240 STAMP=873836868
archived log file name=+RECO/ccbs/archivelog/2015_03_08/thread_1_seq_21380.3281.873839881 RECID=58242 STAMP=873839906
archived log file name=+RECO/ccbs/archivelog/2015_03_08/thread_1_seq_21381.1496.873840675 RECID=58244 STAMP=873840676
archived log file name=+RECO/ccbs/archivelog/2015_03_08/thread_2_seq_17719.3356.873840713 RECID=58243 STAMP=873840712
channel ORA_DISK_2: starting compressed archived log backup set
channel ORA_DISK_2: specifying archived log(s) in backup set
input archived log thread=2 sequence=17720 RECID=58246 STAMP=873840718
input archived log thread=1 sequence=21382 RECID=58245 STAMP=873840677
channel ORA_DISK_2: starting piece 1 at 08/03/2015 21:39:34
channel ORA_DISK_2: finished piece 1 at 08/03/2015 21:39:35
piece handle=+DATA/rman/archi_08_20150308_7uq1bggm_1_1 tag=MONTHLY_ARCH_2_15 comment=NONE
channel ORA_DISK_2: backup set complete, elapsed time: 00:00:01
channel ORA_DISK_2: deleting archived log(s)
archived log file name=+RECO/ccbs/archivelog/2015_03_08/thread_2_seq_17720.1333.873840719 RECID=58246 STAMP=873840718
archived log file name=+RECO/ccbs/archivelog/2015_03_08/thread_1_seq_21382.3505.873840677 RECID=58245 STAMP=873840677
channel ORA_DISK_1: finished piece 2 at 08/03/2015 21:40:29
piece handle=+DATA/rman/archi_08_20150308_7sq1bg1b_2_1 tag=MONTHLY_ARCH_2_15 comment=NONE
channel ORA_DISK_1: backup set complete, elapsed time: 00:09:06
channel ORA_DISK_1: deleting archived log(s)
archived log file name=+RECO/ccbs/archivelog/2015_03_08/thread_1_seq_21363.461.873763329 RECID=58219 STAMP=873763340
archived log file name=+RECO/ccbs/archivelog/2015_03_08/thread_2_seq_17713.1422.873785121 RECID=58221 STAMP=873785126
archived log file name=+RECO/ccbs/archivelog/2015_03_08/thread_1_seq_21364.1205.873763521 RECID=58220 STAMP=873763532
archived log file name=+RECO/ccbs/archivelog/2015_03_08/thread_1_seq_21365.1444.873785079 RECID=58222 STAMP=873785091
archived log file name=+RECO/ccbs/archivelog/2015_03_08/thread_1_seq_21366.3144.873811095 RECID=58223 STAMP=873811107
archived log file name=+RECO/ccbs/archivelog/2015_03_08/thread_2_seq_17714.4226.873811797 RECID=58225 STAMP=873811803
archived log file name=+RECO/ccbs/archivelog/2015_03_08/thread_1_seq_21367.3915.873811303 RECID=58224 STAMP=873811315
archived log file name=+RECO/ccbs/archivelog/2015_03_08/thread_1_seq_21368.3146.873811757 RECID=58226 STAMP=873811769
archived log file name=+RECO/ccbs/archivelog/2015_03_08/thread_1_seq_21369.856.873811949 RECID=58227 STAMP=873811960
archived log file name=+RECO/ccbs/archivelog/2015_03_08/thread_2_seq_17715.3809.873821547 RECID=58229 STAMP=873821552
archived log file name=+RECO/ccbs/archivelog/2015_03_08/thread_1_seq_21370.538.873818523 RECID=58228 STAMP=873818535
archived log file name=+RECO/ccbs/archivelog/2015_03_08/thread_1_seq_21371.1315.873821505 RECID=58230 STAMP=873821518
Finished backup at 08/03/2015 21:40:30

Starting Control File and SPFILE Autobackup at 08/03/2015 21:40:30
piece handle=+RECO/rman/c-271141816-20150308-01 comment=NONE
Finished Control File and SPFILE Autobackup at 08/03/2015 21:40:34

Recovery Manager complete.
