
Recovery Manager: Release 11.2.0.2.0 - Production on Tue Mar 3 21:00:01 2015

Copyright (c) 1982, 2009, Oracle and/or its affiliates.  All rights reserved.

connected to target database: CCBS (DBID=271141816)

RMAN> #CONFIGURE RETENTION POLICY TO REDUNDANCY 1;	#updated 20/3/2014 
2> #CONFIGURE BACKUP OPTIMIZATION ON;
3> #CONFIGURE DEFAULT DEVICE TYPE TO DISK; # default
4> #CONFIGURE CONTROLFILE AUTOBACKUP OFF;
5> #CONFIGURE CONTROLFILE AUTOBACKUP FORMAT FOR DEVICE TYPE DISK TO '+RECO/RMAN/%F';
6> #CONFIGURE DEVICE TYPE DISK PARALLELISM 2 BACKUP TYPE TO COMPRESSED BACKUPSET;
7> #CONFIGURE DATAFILE BACKUP COPIES FOR DEVICE TYPE DISK TO 1; # default
8> #CONFIGURE ARCHIVELOG BACKUP COPIES FOR DEVICE TYPE DISK TO 1; # default
9> #CONFIGURE CHANNEL DEVICE TYPE DISK MAXPIECESIZE 4 G; #updated 24/3/2014
10> #CONFIGURE MAXSETSIZE TO UNLIMITED;
11> #CONFIGURE ENCRYPTION FOR DATABASE OFF; # default
12> #CONFIGURE ENCRYPTION ALGORITHM 'AES128'; # default
13> #CONFIGURE COMPRESSION ALGORITHM 'BASIC' AS OF RELEASE 'DEFAULT' OPTIMIZE FOR LOAD TRUE ; # default
14> #Chi khi nao cac archive da duoc apply tren cac standby thi moi cho delete.
15> #CONFIGURE ARCHIVELOG DELETION POLICY TO APPLIED ON ALL STANDBY;
16> #CONFIGURE SNAPSHOT CONTROLFILE NAME TO '/u01/app/oracle/product/11.2.0.2/dbhome_1/dbs/snapcf_ccbs1.f'; # default
17> 
18> 
19> #updated 20/8/2014
20> # Ngay 1:
21> #	Xoa cac backup obsolete: Giu lai backupset hien tai, xoa cac ban backupset truoc do.
22> #	Backup level0 vao +RECO	tag MONTHLY_LEVEL_0_day1
23> # 	copy ban level0 thu 2 vao o dia /mnt/nfs52100/RMAN	copy_MONTHLY_LEVEL_0_day1
24> # Ngay 2-15:
25> #	Backup copies 2 level1 vao +RECO,/mnt/nfs52100/RMAN
26> #	Backup copies 2 archived vao +RECO,/mnt/nfs52100/RMAN
27> #	Delete archived all
28> 
29> # Ngay 16:
30> #	Xoa cac backup obsolete: Giu lai backupset hien tai, xoa cac ban backupset truoc do.
31> #	Backup level0 vao +RECO	tag MONTHLY_LEVEL_0_day16
32> # 	copy ban level0 thu 2 vao o dia /mnt/nfs52100/RMAN	tag copy_MONTHLY_LEVEL_0_day16
33> # Ngay 17-31:
34> #	Backup copies 2 level1 vao +RECO,/mnt/nfs52100/RMAN	
35> #	Backup copies 2 archived vao +RECO,/mnt/nfs52100/RMAN
36> #	Delete archived all
37> 
38> run
39> {
40>  #  backup incremental level 1 copies 2 format '+DATA/RMAN/level1_%D_%T_%U','/mnt/nfs52100/RMAN/level1_%D_%T_%U' tag MON_LV1_2_15 database include current controlfile;
41>   backup incremental level 1 format '+DATA/RMAN/level1_%D_%T_%U' tag MON_LV1_2_15 database include current controlfile;
42> 
43> 	sql 'ALTER SYSTEM ARCHIVE LOG CURRENT';
44> #	backup as compressed backupset copies 2 archivelog all format '+DATA/RMAN/archi_%D_%T_%U','/u03/rman_ccbs_ftp5/RMAN/archi_%D_%T_%U'
45> #  tag monthly_arch_2_15 delete input;
46> 	backup as compressed backupset archivelog all format '+DATA/RMAN/archi_%D_%T_%U' tag monthly_arch_2_15 delete input;
47> }
48> 
Starting backup at 03/03/2015 21:00:03
using target database control file instead of recovery catalog
allocated channel: ORA_DISK_1
channel ORA_DISK_1: SID=691 instance=ccbs1 device type=DISK
allocated channel: ORA_DISK_2
channel ORA_DISK_2: SID=917 instance=ccbs1 device type=DISK
channel ORA_DISK_1: starting compressed incremental level 1 datafile backup set
channel ORA_DISK_1: specifying datafile(s) in backup set
input datafile file number=00105 name=+DATA/ccbs/datafile/sysaux.388.822699379
input datafile file number=00108 name=+DATA/ccbs/datafile/sysaux.391.822699673
input datafile file number=00129 name=+DATA/ccbs/datafile/undotbs1_02.468.857385623
input datafile file number=00132 name=+DATA/ccbs/datafile/undotbs2_02.538.857385993
input datafile file number=00135 name=+DATA/ccbs/datafile/undotbs2_02.633.857386105
input datafile file number=00006 name=+DATA/ccbs/datafile/indx.285.774530247
input datafile file number=00009 name=+DATA/ccbs/datafile/indx.286.774530435
input datafile file number=00012 name=+DATA/ccbs/datafile/tbs_others.289.774531237
input datafile file number=00015 name=+DATA/ccbs/datafile/indx.292.774541795
input datafile file number=00018 name=+DATA/ccbs/datafile/indx.295.774541965
input datafile file number=00021 name=+DATA/ccbs/datafile/users.298.774543045
input datafile file number=00024 name=+DATA/ccbs/datafile/users.301.774543271
input datafile file number=00027 name=+DATA/ccbs/datafile/users.304.774543419
input datafile file number=00030 name=+DATA/ccbs/datafile/users.307.774543485
input datafile file number=00033 name=+DATA/ccbs/datafile/users.310.775873623
input datafile file number=00036 name=+DATA/ccbs/datafile/users.313.775873743
input datafile file number=00039 name=+DATA/ccbs/datafile/users.316.775996723
input datafile file number=00042 name=+DATA/ccbs/datafile/users.319.775997681
input datafile file number=00045 name=+DATA/ccbs/datafile/users.322.775997741
input datafile file number=00048 name=+DATA/ccbs/datafile/users.325.775997857
input datafile file number=00051 name=+DATA/ccbs/datafile/users.328.775997951
input datafile file number=00054 name=+DATA/ccbs/datafile/users.331.775998423
input datafile file number=00057 name=+DATA/ccbs/datafile/users.334.776000867
input datafile file number=00060 name=+DATA/ccbs/datafile/tbs_others.337.776001527
input datafile file number=00064 name=+DATA/ccbs/datafile/users.341.780492153
input datafile file number=00067 name=+DATA/ccbs/datafile/users.344.780492429
input datafile file number=00070 name=+DATA/ccbs/datafile/users.347.780493719
input datafile file number=00073 name=+DATA/ccbs/datafile/indx.350.780852893
input datafile file number=00076 name=+DATA/ccbs/datafile/indx.353.780853327
input datafile file number=00079 name=+DATA/ccbs/datafile/users.356.780853583
input datafile file number=00082 name=+DATA/ccbs/datafile/users.359.780853645
input datafile file number=00085 name=+DATA/ccbs/datafile/users.362.780853743
input datafile file number=00088 name=+DATA/ccbs/datafile/users.365.780853919
input datafile file number=00091 name=+DATA/ccbs/datafile/users.368.780853979
input datafile file number=00094 name=+DATA/ccbs/datafile/users.371.780854093
input datafile file number=00097 name=+DATA/ccbs/datafile/users.374.780854327
input datafile file number=00100 name=+DATA/ccbs/datafile/users.377.780854429
input datafile file number=00103 name=+DATA/ccbs/datafile/indx.386.819597557
input datafile file number=00123 name=+DATA/ccbs/datafile/indx.416.843228721
input datafile file number=00126 name=+DATA/ccbs/datafile/indx.419.843228767
input datafile file number=00136 name=+DATA/ccbs/datafile/users.711.870969071
input datafile file number=00139 name=+DATA/ccbs/datafile/indx.704.870969125
input datafile file number=00142 name=+DATA/ccbs/datafile/indx.700.870969205
input datafile file number=00145 name=+DATA/ccbs/datafile/gg_data.762.870969269
input datafile file number=00148 name=+DATA/ccbs/datafile/undotbs2_02.932.870969393
input datafile file number=00110 name=+DATA/ccbs/datafile/indx.403.843228457
input datafile file number=00112 name=+DATA/ccbs/datafile/indx.405.843228469
input datafile file number=00115 name=+DATA/ccbs/datafile/indx.408.843228491
input datafile file number=00118 name=+DATA/ccbs/datafile/indx.411.843228541
input datafile file number=00121 name=+DATA/ccbs/datafile/indx.414.843228559
channel ORA_DISK_1: starting piece 1 at 03/03/2015 21:00:10
channel ORA_DISK_2: starting compressed incremental level 1 datafile backup set
channel ORA_DISK_2: specifying datafile(s) in backup set
input datafile file number=00106 name=+DATA/ccbs/datafile/sysaux.389.822699397
input datafile file number=00127 name=+DATA/ccbs/datafile/undotbs1_02.455.857385555
input datafile file number=00128 name=+DATA/ccbs/datafile/undotbs1_02.425.857385591
input datafile file number=00131 name=+DATA/ccbs/datafile/undotbs2_02.423.857385961
input datafile file number=00134 name=+DATA/ccbs/datafile/undotbs2_02.485.857386063
input datafile file number=00005 name=+DATA/ccbs/datafile/users.269.772710879
input datafile file number=00008 name=+DATA/ccbs/datafile/users.283.774527719
input datafile file number=00011 name=+DATA/ccbs/datafile/tbs_others.288.774531157
input datafile file number=00014 name=+DATA/ccbs/datafile/indx.291.774541763
input datafile file number=00017 name=+DATA/ccbs/datafile/indx.294.774541943
input datafile file number=00020 name=+DATA/ccbs/datafile/users.297.774542019
input datafile file number=00023 name=+DATA/ccbs/datafile/users.300.774543249
input datafile file number=00026 name=+DATA/ccbs/datafile/users.303.774543375
input datafile file number=00029 name=+DATA/ccbs/datafile/users.306.774543465
input datafile file number=00032 name=+DATA/ccbs/datafile/users.309.774543697
input datafile file number=00035 name=+DATA/ccbs/datafile/users.312.775873715
input datafile file number=00038 name=+DATA/ccbs/datafile/users.315.775996699
input datafile file number=00041 name=+DATA/ccbs/datafile/users.318.775997657
input datafile file number=00044 name=+DATA/ccbs/datafile/users.321.775997721
input datafile file number=00047 name=+DATA/ccbs/datafile/users.324.775997821
input datafile file number=00050 name=+DATA/ccbs/datafile/users.327.775997915
input datafile file number=00053 name=+DATA/ccbs/datafile/users.330.775998311
input datafile file number=00056 name=+DATA/ccbs/datafile/users.333.776000415
input datafile file number=00059 name=+DATA/ccbs/datafile/tbs_others.336.776001499
input datafile file number=00063 name=+DATA/ccbs/datafile/users.340.780491785
input datafile file number=00066 name=+DATA/ccbs/datafile/users.343.780492321
input datafile file number=00069 name=+DATA/ccbs/datafile/users.346.780493683
input datafile file number=00072 name=+DATA/ccbs/datafile/indx.349.780852847
input datafile file number=00075 name=+DATA/ccbs/datafile/indx.352.780853165
input datafile file number=00078 name=+DATA/ccbs/datafile/users.355.780853553
input datafile file number=00081 name=+DATA/ccbs/datafile/users.358.780853623
input datafile file number=00084 name=+DATA/ccbs/datafile/users.361.780853717
input datafile file number=00087 name=+DATA/ccbs/datafile/users.364.780853901
input datafile file number=00090 name=+DATA/ccbs/datafile/users.367.780853961
input datafile file number=00093 name=+DATA/ccbs/datafile/users.370.780854023
input datafile file number=00096 name=+DATA/ccbs/datafile/users.373.780854307
input datafile file number=00099 name=+DATA/ccbs/datafile/users.376.780854365
input datafile file number=00102 name=+DATA/ccbs/datafile/indx.284.819597493
input datafile file number=00122 name=+DATA/ccbs/datafile/indx.415.843228705
input datafile file number=00125 name=+DATA/ccbs/datafile/indx.418.843228751
input datafile file number=00004 name=+DATA/ccbs/datafile/system.714.870969047
input datafile file number=00138 name=+DATA/ccbs/datafile/users.715.870969105
input datafile file number=00141 name=+DATA/ccbs/datafile/indx.707.870969167
input datafile file number=00144 name=+DATA/ccbs/datafile/tbs_others.645.870969247
input datafile file number=00147 name=+DATA/ccbs/datafile/undotbs1_02.931.870969377
input datafile file number=00109 name=+DATA/ccbs/datafile/indx.402.843228399
input datafile file number=00111 name=+DATA/ccbs/datafile/indx.404.843228463
input datafile file number=00114 name=+DATA/ccbs/datafile/indx.407.843228483
input datafile file number=00117 name=+DATA/ccbs/datafile/indx.410.843228505
input datafile file number=00120 name=+DATA/ccbs/datafile/indx.413.843228553
channel ORA_DISK_2: starting piece 1 at 03/03/2015 21:00:12
channel ORA_DISK_1: finished piece 1 at 03/03/2015 21:20:47
piece handle=+DATA/rman/level1_03_20150303_6cq0u8ap_1_1 tag=MON_LV1_2_15 comment=NONE
channel ORA_DISK_1: starting piece 2 at 03/03/2015 21:20:47
channel ORA_DISK_2: finished piece 1 at 03/03/2015 21:20:47
piece handle=+DATA/rman/level1_03_20150303_6dq0u8aq_1_1 tag=MON_LV1_2_15 comment=NONE
channel ORA_DISK_2: starting piece 2 at 03/03/2015 21:20:47
channel ORA_DISK_1: finished piece 2 at 03/03/2015 21:23:52
piece handle=+DATA/rman/level1_03_20150303_6cq0u8ap_2_1 tag=MON_LV1_2_15 comment=NONE
channel ORA_DISK_1: backup set complete, elapsed time: 00:23:42
channel ORA_DISK_1: starting compressed incremental level 1 datafile backup set
channel ORA_DISK_1: specifying datafile(s) in backup set
input datafile file number=00002 name=+DATA/ccbs/datafile/sysaux.258.772710837
input datafile file number=00107 name=+DATA/ccbs/datafile/sysaux.390.822699669
input datafile file number=00130 name=+DATA/ccbs/datafile/undotbs1_02.426.857385663
input datafile file number=00133 name=+DATA/ccbs/datafile/undotbs2_02.516.857386025
input datafile file number=00001 name=+DATA/ccbs/datafile/system.271.772710825
input datafile file number=00061 name=+DATA/ccbs/datafile/gg_data.338.779148549
input datafile file number=00007 name=+DATA/ccbs/datafile/users.282.774527471
input datafile file number=00010 name=+DATA/ccbs/datafile/indx.287.774530539
input datafile file number=00013 name=+DATA/ccbs/datafile/indx.290.774541697
input datafile file number=00016 name=+DATA/ccbs/datafile/indx.293.774541877
input datafile file number=00019 name=+DATA/ccbs/datafile/indx.296.774541987
input datafile file number=00022 name=+DATA/ccbs/datafile/users.299.774543191
input datafile file number=00025 name=+DATA/ccbs/datafile/users.302.774543327
input datafile file number=00028 name=+DATA/ccbs/datafile/users.305.774543443
input datafile file number=00031 name=+DATA/ccbs/datafile/users.308.774543671
input datafile file number=00034 name=+DATA/ccbs/datafile/users.311.775873655
input datafile file number=00037 name=+DATA/ccbs/datafile/users.314.775996677
input datafile file number=00040 name=+DATA/ccbs/datafile/users.317.775996743
input datafile file number=00043 name=+DATA/ccbs/datafile/users.320.775997701
input datafile file number=00046 name=+DATA/ccbs/datafile/users.323.775997787
input datafile file number=00049 name=+DATA/ccbs/datafile/users.326.775997875
input datafile file number=00052 name=+DATA/ccbs/datafile/users.329.775998289
input datafile file number=00055 name=+DATA/ccbs/datafile/users.332.776000393
input datafile file number=00058 name=+DATA/ccbs/datafile/users.335.776001375
input datafile file number=00062 name=+DATA/ccbs/datafile/users.339.780491723
input datafile file number=00065 name=+DATA/ccbs/datafile/users.342.780492259
input datafile file number=00068 name=+DATA/ccbs/datafile/users.345.780493063
input datafile file number=00071 name=+DATA/ccbs/datafile/users.348.780493937
input datafile file number=00074 name=+DATA/ccbs/datafile/indx.351.780853091
input datafile file number=00077 name=+DATA/ccbs/datafile/indx.354.780853419
input datafile file number=00080 name=+DATA/ccbs/datafile/users.357.780853601
input datafile file number=00083 name=+DATA/ccbs/datafile/users.360.780853693
input datafile file number=00086 name=+DATA/ccbs/datafile/users.363.780853829
input datafile file number=00089 name=+DATA/ccbs/datafile/users.366.780853939
input datafile file number=00092 name=+DATA/ccbs/datafile/users.369.780853997
input datafile file number=00095 name=+DATA/ccbs/datafile/users.372.780854143
input datafile file number=00098 name=+DATA/ccbs/datafile/users.375.780854347
input datafile file number=00101 name=+DATA/ccbs/datafile/tbs_others.267.792772437
input datafile file number=00104 name=+DATA/ccbs/datafile/indx.387.819597647
input datafile file number=00124 name=+DATA/ccbs/datafile/indx.417.843228737
input datafile file number=00003 name=+DATA/ccbs/datafile/system.709.870969027
input datafile file number=00137 name=+DATA/ccbs/datafile/users.713.870969093
input datafile file number=00140 name=+DATA/ccbs/datafile/indx.708.870969149
input datafile file number=00143 name=+DATA/ccbs/datafile/users.763.870969217
input datafile file number=00146 name=+DATA/ccbs/datafile/undotbs1_02.930.870969365
input datafile file number=00149 name=+DATA/ccbs/datafile/undotbs2_02.933.870969415
input datafile file number=00113 name=+DATA/ccbs/datafile/indx.406.843228475
input datafile file number=00116 name=+DATA/ccbs/datafile/indx.409.843228497
input datafile file number=00119 name=+DATA/ccbs/datafile/indx.412.843228547
channel ORA_DISK_1: starting piece 1 at 03/03/2015 21:23:53
channel ORA_DISK_2: finished piece 2 at 03/03/2015 21:24:48
piece handle=+DATA/rman/level1_03_20150303_6dq0u8aq_2_1 tag=MON_LV1_2_15 comment=NONE
channel ORA_DISK_2: backup set complete, elapsed time: 00:24:36
channel ORA_DISK_2: starting compressed incremental level 1 datafile backup set
channel ORA_DISK_2: specifying datafile(s) in backup set
including current control file in backup set
channel ORA_DISK_2: starting piece 1 at 03/03/2015 21:24:52
channel ORA_DISK_2: finished piece 1 at 03/03/2015 21:24:55
piece handle=+DATA/rman/level1_03_20150303_6fq0u9p0_1_1 tag=MON_LV1_2_15 comment=NONE
channel ORA_DISK_2: backup set complete, elapsed time: 00:00:03
channel ORA_DISK_1: finished piece 1 at 03/03/2015 21:41:47
piece handle=+DATA/rman/level1_03_20150303_6eq0u9n8_1_1 tag=MON_LV1_2_15 comment=NONE
channel ORA_DISK_1: starting piece 2 at 03/03/2015 21:41:47
channel ORA_DISK_1: finished piece 2 at 03/03/2015 21:47:02
piece handle=+DATA/rman/level1_03_20150303_6eq0u9n8_2_1 tag=MON_LV1_2_15 comment=NONE
channel ORA_DISK_1: backup set complete, elapsed time: 00:23:09
Finished backup at 03/03/2015 21:47:02

Starting Control File and SPFILE Autobackup at 03/03/2015 21:47:02
piece handle=+RECO/rman/c-271141816-20150303-00 comment=NONE
Finished Control File and SPFILE Autobackup at 03/03/2015 21:47:05

sql statement: ALTER SYSTEM ARCHIVE LOG CURRENT

Starting backup at 03/03/2015 21:47:15
current log archived
using channel ORA_DISK_1
using channel ORA_DISK_2
channel ORA_DISK_1: starting compressed archived log backup set
channel ORA_DISK_1: specifying archived log(s) in backup set
input archived log thread=1 sequence=21226 RECID=57947 STAMP=873331509
input archived log thread=2 sequence=17578 RECID=57948 STAMP=873357561
input archived log thread=1 sequence=21227 RECID=57950 STAMP=873358152
input archived log thread=2 sequence=17579 RECID=57949 STAMP=873357751
input archived log thread=2 sequence=17580 RECID=57951 STAMP=873358198
input archived log thread=2 sequence=17581 RECID=57953 STAMP=873363550
input archived log thread=1 sequence=21228 RECID=57952 STAMP=873362793
input archived log thread=1 sequence=21229 RECID=57954 STAMP=873363517
input archived log thread=1 sequence=21230 RECID=57955 STAMP=873364313
input archived log thread=2 sequence=17582 RECID=57957 STAMP=873364654
input archived log thread=1 sequence=21231 RECID=57956 STAMP=873364405
input archived log thread=1 sequence=21232 RECID=57958 STAMP=873364619
input archived log thread=1 sequence=21233 RECID=57959 STAMP=873364787
input archived log thread=2 sequence=17583 RECID=57961 STAMP=873365784
input archived log thread=1 sequence=21234 RECID=57960 STAMP=873364904
input archived log thread=1 sequence=21235 RECID=57962 STAMP=873365757
input archived log thread=1 sequence=21236 RECID=57963 STAMP=873366041
input archived log thread=2 sequence=17584 RECID=57964 STAMP=873366305
input archived log thread=1 sequence=21237 RECID=57965 STAMP=873368002
input archived log thread=2 sequence=17585 RECID=57966 STAMP=873369433
input archived log thread=1 sequence=21238 RECID=57967 STAMP=873370448
input archived log thread=2 sequence=17586 RECID=57968 STAMP=873371258
input archived log thread=1 sequence=21239 RECID=57970 STAMP=873372172
input archived log thread=2 sequence=17587 RECID=57969 STAMP=873371746
input archived log thread=2 sequence=17588 RECID=57971 STAMP=873372215
input archived log thread=2 sequence=17589 RECID=57972 STAMP=873372461
input archived log thread=1 sequence=21240 RECID=57974 STAMP=873372613
input archived log thread=2 sequence=17590 RECID=57973 STAMP=873372506
input archived log thread=2 sequence=17591 RECID=57975 STAMP=873372663
input archived log thread=2 sequence=17592 RECID=57976 STAMP=873372746
input archived log thread=1 sequence=21241 RECID=57978 STAMP=873373027
input archived log thread=2 sequence=17593 RECID=57977 STAMP=873372891
input archived log thread=2 sequence=17594 RECID=57979 STAMP=873373078
channel ORA_DISK_1: starting piece 1 at 03/03/2015 21:47:23
channel ORA_DISK_2: starting compressed archived log backup set
channel ORA_DISK_2: specifying archived log(s) in backup set
input archived log thread=2 sequence=17595 RECID=57980 STAMP=873373239
input archived log thread=1 sequence=21242 RECID=57983 STAMP=873380769
input archived log thread=2 sequence=17596 RECID=57981 STAMP=873379151
input archived log thread=2 sequence=17597 RECID=57982 STAMP=873380805
input archived log thread=2 sequence=17598 RECID=57985 STAMP=873385414
input archived log thread=1 sequence=21243 RECID=57984 STAMP=873384301
input archived log thread=1 sequence=21244 RECID=57987 STAMP=873386183
input archived log thread=2 sequence=17599 RECID=57986 STAMP=873386083
input archived log thread=2 sequence=17600 RECID=57989 STAMP=873389100
input archived log thread=1 sequence=21245 RECID=57988 STAMP=873388401
input archived log thread=1 sequence=21246 RECID=57990 STAMP=873389065
input archived log thread=1 sequence=21247 RECID=57991 STAMP=873389737
input archived log thread=2 sequence=17601 RECID=57993 STAMP=873390373
input archived log thread=1 sequence=21248 RECID=57992 STAMP=873390245
input archived log thread=1 sequence=21249 RECID=57994 STAMP=873390347
input archived log thread=1 sequence=21250 RECID=57995 STAMP=873390637
input archived log thread=2 sequence=17602 RECID=57997 STAMP=873390963
input archived log thread=1 sequence=21251 RECID=57996 STAMP=873390808
input archived log thread=1 sequence=21252 RECID=57998 STAMP=873390934
input archived log thread=1 sequence=21253 RECID=57999 STAMP=873398656
input archived log thread=2 sequence=17603 RECID=58002 STAMP=873399960
input archived log thread=1 sequence=21254 RECID=58000 STAMP=873399274
input archived log thread=1 sequence=21255 RECID=58001 STAMP=873399921
input archived log thread=1 sequence=21256 RECID=58003 STAMP=873400386
input archived log thread=2 sequence=17604 RECID=58005 STAMP=873400729
input archived log thread=1 sequence=21257 RECID=58004 STAMP=873400464
input archived log thread=1 sequence=21258 RECID=58006 STAMP=873400700
input archived log thread=1 sequence=21259 RECID=58007 STAMP=873400869
input archived log thread=2 sequence=17605 RECID=58010 STAMP=873409673
input archived log thread=1 sequence=21260 RECID=58008 STAMP=873400990
input archived log thread=1 sequence=21261 RECID=58009 STAMP=873409628
input archived log thread=1 sequence=21262 RECID=58011 STAMP=873409636
input archived log thread=2 sequence=17606 RECID=58012 STAMP=873409676
channel ORA_DISK_2: starting piece 1 at 03/03/2015 21:47:23
channel ORA_DISK_1: finished piece 1 at 03/03/2015 21:55:18
piece handle=+DATA/rman/archi_03_20150303_6hq0ub3a_1_1 tag=MONTHLY_ARCH_2_15 comment=NONE
channel ORA_DISK_1: starting piece 2 at 03/03/2015 21:55:18
channel ORA_DISK_2: finished piece 1 at 03/03/2015 21:55:18
piece handle=+DATA/rman/archi_03_20150303_6iq0ub3b_1_1 tag=MONTHLY_ARCH_2_15 comment=NONE
channel ORA_DISK_2: starting piece 2 at 03/03/2015 21:55:18
channel ORA_DISK_2: finished piece 2 at 03/03/2015 22:02:53
piece handle=+DATA/rman/archi_03_20150303_6iq0ub3b_2_1 tag=MONTHLY_ARCH_2_15 comment=NONE
channel ORA_DISK_2: starting piece 3 at 03/03/2015 22:02:53
channel ORA_DISK_1: finished piece 2 at 03/03/2015 22:02:54
piece handle=+DATA/rman/archi_03_20150303_6hq0ub3a_2_1 tag=MONTHLY_ARCH_2_15 comment=NONE
channel ORA_DISK_1: starting piece 3 at 03/03/2015 22:02:54
channel ORA_DISK_2: finished piece 3 at 03/03/2015 22:09:09
piece handle=+DATA/rman/archi_03_20150303_6iq0ub3b_3_1 tag=MONTHLY_ARCH_2_15 comment=NONE
channel ORA_DISK_2: backup set complete, elapsed time: 00:21:46
channel ORA_DISK_2: deleting archived log(s)
archived log file name=+RECO/ccbs/archivelog/2015_03_03/thread_2_seq_17595.1883.873373227 RECID=57980 STAMP=873373239
archived log file name=+RECO/ccbs/archivelog/2015_03_03/thread_1_seq_21242.3505.873380757 RECID=57983 STAMP=873380769
archived log file name=+RECO/ccbs/archivelog/2015_03_03/thread_2_seq_17596.3955.873379139 RECID=57981 STAMP=873379151
archived log file name=+RECO/ccbs/archivelog/2015_03_03/thread_2_seq_17597.3320.873380793 RECID=57982 STAMP=873380805
archived log file name=+RECO/ccbs/archivelog/2015_03_03/thread_2_seq_17598.3513.873385403 RECID=57985 STAMP=873385414
archived log file name=+RECO/ccbs/archivelog/2015_03_03/thread_1_seq_21243.627.873384289 RECID=57984 STAMP=873384301
archived log file name=+RECO/ccbs/archivelog/2015_03_03/thread_1_seq_21244.3440.873386169 RECID=57987 STAMP=873386183
archived log file name=+RECO/ccbs/archivelog/2015_03_03/thread_2_seq_17599.3455.873386071 RECID=57986 STAMP=873386083
archived log file name=+RECO/ccbs/archivelog/2015_03_03/thread_2_seq_17600.2910.873389091 RECID=57989 STAMP=873389100
archived log file name=+RECO/ccbs/archivelog/2015_03_03/thread_1_seq_21245.4029.873388389 RECID=57988 STAMP=873388401
archived log file name=+RECO/ccbs/archivelog/2015_03_03/thread_1_seq_21246.3896.873389053 RECID=57990 STAMP=873389065
archived log file name=+RECO/ccbs/archivelog/2015_03_03/thread_1_seq_21247.1830.873389725 RECID=57991 STAMP=873389737
archived log file name=+RECO/ccbs/archivelog/2015_03_03/thread_2_seq_17601.2619.873390367 RECID=57993 STAMP=873390373
archived log file name=+RECO/ccbs/archivelog/2015_03_03/thread_1_seq_21248.1742.873390233 RECID=57992 STAMP=873390245
archived log file name=+RECO/ccbs/archivelog/2015_03_03/thread_1_seq_21249.1790.873390325 RECID=57994 STAMP=873390347
archived log file name=+RECO/ccbs/archivelog/2015_03_03/thread_1_seq_21250.1911.873390625 RECID=57995 STAMP=873390637
archived log file name=+RECO/ccbs/archivelog/2015_03_03/thread_2_seq_17602.1935.873390963 RECID=57997 STAMP=873390963
archived log file name=+RECO/ccbs/archivelog/2015_03_03/thread_1_seq_21251.1808.873390797 RECID=57996 STAMP=873390808
archived log file name=+RECO/ccbs/archivelog/2015_03_03/thread_1_seq_21252.2601.873390923 RECID=57998 STAMP=873390934
archived log file name=+RECO/ccbs/archivelog/2015_03_03/thread_1_seq_21253.2582.873398645 RECID=57999 STAMP=873398656
archived log file name=+RECO/ccbs/archivelog/2015_03_03/thread_2_seq_17603.2567.873399949 RECID=58002 STAMP=873399960
archived log file name=+RECO/ccbs/archivelog/2015_03_03/thread_1_seq_21254.2589.873399263 RECID=58000 STAMP=873399274
archived log file name=+RECO/ccbs/archivelog/2015_03_03/thread_1_seq_21255.2689.873399909 RECID=58001 STAMP=873399921
archived log file name=+RECO/ccbs/archivelog/2015_03_03/thread_1_seq_21256.1977.873400373 RECID=58003 STAMP=873400386
archived log file name=+RECO/ccbs/archivelog/2015_03_03/thread_2_seq_17604.518.873400729 RECID=58005 STAMP=873400729
archived log file name=+RECO/ccbs/archivelog/2015_03_03/thread_1_seq_21257.3045.873400453 RECID=58004 STAMP=873400464
archived log file name=+RECO/ccbs/archivelog/2015_03_03/thread_1_seq_21258.1295.873400689 RECID=58006 STAMP=873400700
archived log file name=+RECO/ccbs/archivelog/2015_03_03/thread_1_seq_21259.3478.873400857 RECID=58007 STAMP=873400869
archived log file name=+RECO/ccbs/archivelog/2015_03_03/thread_2_seq_17605.1560.873409667 RECID=58010 STAMP=873409673
archived log file name=+RECO/ccbs/archivelog/2015_03_03/thread_1_seq_21260.3492.873400977 RECID=58008 STAMP=873400990
archived log file name=+RECO/ccbs/archivelog/2015_03_03/thread_1_seq_21261.1528.873409627 RECID=58009 STAMP=873409628
archived log file name=+RECO/ccbs/archivelog/2015_03_03/thread_1_seq_21262.1520.873409637 RECID=58011 STAMP=873409636
archived log file name=+RECO/ccbs/archivelog/2015_03_03/thread_2_seq_17606.1514.873409677 RECID=58012 STAMP=873409676
channel ORA_DISK_1: finished piece 3 at 03/03/2015 22:09:32
piece handle=+DATA/rman/archi_03_20150303_6hq0ub3a_3_1 tag=MONTHLY_ARCH_2_15 comment=NONE
channel ORA_DISK_1: backup set complete, elapsed time: 00:22:09
channel ORA_DISK_1: deleting archived log(s)
archived log file name=+RECO/ccbs/archivelog/2015_03_03/thread_1_seq_21226.4226.873331497 RECID=57947 STAMP=873331509
archived log file name=+RECO/ccbs/archivelog/2015_03_03/thread_2_seq_17578.3037.873357551 RECID=57948 STAMP=873357561
archived log file name=+RECO/ccbs/archivelog/2015_03_03/thread_1_seq_21227.1369.873358151 RECID=57950 STAMP=873358152
archived log file name=+RECO/ccbs/archivelog/2015_03_03/thread_2_seq_17579.1315.873357739 RECID=57949 STAMP=873357751
archived log file name=+RECO/ccbs/archivelog/2015_03_03/thread_2_seq_17580.3144.873358187 RECID=57951 STAMP=873358198
archived log file name=+RECO/ccbs/archivelog/2015_03_03/thread_2_seq_17581.1444.873363541 RECID=57953 STAMP=873363550
archived log file name=+RECO/ccbs/archivelog/2015_03_03/thread_1_seq_21228.1422.873362779 RECID=57952 STAMP=873362793
archived log file name=+RECO/ccbs/archivelog/2015_03_03/thread_1_seq_21229.3146.873363503 RECID=57954 STAMP=873363517
archived log file name=+RECO/ccbs/archivelog/2015_03_03/thread_1_seq_21230.1333.873364301 RECID=57955 STAMP=873364313
archived log file name=+RECO/ccbs/archivelog/2015_03_03/thread_2_seq_17582.1205.873364645 RECID=57957 STAMP=873364654
archived log file name=+RECO/ccbs/archivelog/2015_03_03/thread_1_seq_21231.461.873364393 RECID=57956 STAMP=873364405
archived log file name=+RECO/ccbs/archivelog/2015_03_03/thread_1_seq_21232.365.873364607 RECID=57958 STAMP=873364619
archived log file name=+RECO/ccbs/archivelog/2015_03_03/thread_1_seq_21233.1211.873364775 RECID=57959 STAMP=873364787
archived log file name=+RECO/ccbs/archivelog/2015_03_03/thread_2_seq_17583.1464.873365783 RECID=57961 STAMP=873365784
archived log file name=+RECO/ccbs/archivelog/2015_03_03/thread_1_seq_21234.2969.873364893 RECID=57960 STAMP=873364904
archived log file name=+RECO/ccbs/archivelog/2015_03_03/thread_1_seq_21235.1403.873365743 RECID=57962 STAMP=873365757
archived log file name=+RECO/ccbs/archivelog/2015_03_03/thread_1_seq_21236.4200.873366031 RECID=57963 STAMP=873366041
archived log file name=+RECO/ccbs/archivelog/2015_03_03/thread_2_seq_17584.338.873366293 RECID=57964 STAMP=873366305
archived log file name=+RECO/ccbs/archivelog/2015_03_03/thread_1_seq_21237.548.873367991 RECID=57965 STAMP=873368002
archived log file name=+RECO/ccbs/archivelog/2015_03_03/thread_2_seq_17585.3809.873369421 RECID=57966 STAMP=873369433
archived log file name=+RECO/ccbs/archivelog/2015_03_03/thread_1_seq_21238.856.873370437 RECID=57967 STAMP=873370448
archived log file name=+RECO/ccbs/archivelog/2015_03_03/thread_2_seq_17586.2403.873371245 RECID=57968 STAMP=873371258
archived log file name=+RECO/ccbs/archivelog/2015_03_03/thread_1_seq_21239.4242.873372165 RECID=57970 STAMP=873372172
archived log file name=+RECO/ccbs/archivelog/2015_03_03/thread_2_seq_17587.3902.873371735 RECID=57969 STAMP=873371746
archived log file name=+RECO/ccbs/archivelog/2015_03_03/thread_2_seq_17588.538.873372203 RECID=57971 STAMP=873372215
archived log file name=+RECO/ccbs/archivelog/2015_03_03/thread_2_seq_17589.3915.873372449 RECID=57972 STAMP=873372461
archived log file name=+RECO/ccbs/archivelog/2015_03_03/thread_1_seq_21240.3312.873372613 RECID=57974 STAMP=873372613
archived log file name=+RECO/ccbs/archivelog/2015_03_03/thread_2_seq_17590.3281.873372495 RECID=57973 STAMP=873372506
archived log file name=+RECO/ccbs/archivelog/2015_03_03/thread_2_seq_17591.3479.873372651 RECID=57975 STAMP=873372663
archived log file name=+RECO/ccbs/archivelog/2015_03_03/thread_2_seq_17592.1899.873372735 RECID=57976 STAMP=873372746
archived log file name=+RECO/ccbs/archivelog/2015_03_03/thread_1_seq_21241.2360.873373027 RECID=57978 STAMP=873373027
archived log file name=+RECO/ccbs/archivelog/2015_03_03/thread_2_seq_17593.3485.873372879 RECID=57977 STAMP=873372891
archived log file name=+RECO/ccbs/archivelog/2015_03_03/thread_2_seq_17594.258.873373065 RECID=57979 STAMP=873373078
Finished backup at 03/03/2015 22:09:36

Starting Control File and SPFILE Autobackup at 03/03/2015 22:09:36
piece handle=+RECO/rman/c-271141816-20150303-01 comment=NONE
Finished Control File and SPFILE Autobackup at 03/03/2015 22:09:39

Recovery Manager complete.
