
Recovery Manager: Release 11.2.0.2.0 - Production on Tue Mar 17 21:00:01 2015

Copyright (c) 1982, 2009, Oracle and/or its affiliates.  All rights reserved.

connected to target database: CCBS (DBID=271141816)

RMAN> #CONFIGURE RETENTION POLICY TO REDUNDANCY 1;	#updated 20/3/2014 
2> #CONFIGURE BACKUP OPTIMIZATION ON;
3> #CONFIGURE DEFAULT DEVICE TYPE TO DISK; # default
4> #CONFIGURE CONTROLFILE AUTOBACKUP OFF;
5> #CONFIGURE CONTROLFILE AUTOBACKUP FORMAT FOR DEVICE TYPE DISK TO '+RECO/RMAN/%F';
6> #CONFIGURE DEVICE TYPE DISK PARALLELISM 2 BACKUP TYPE TO COMPRESSED BACKUPSET;
7> #CONFIGURE DATAFILE BACKUP COPIES FOR DEVICE TYPE DISK TO 1; # default
8> #CONFIGURE ARCHIVELOG BACKUP COPIES FOR DEVICE TYPE DISK TO 1; # default
9> #CONFIGURE CHANNEL DEVICE TYPE DISK MAXPIECESIZE 4 G;	#updated 24/3/2014
10> #CONFIGURE MAXSETSIZE TO UNLIMITED;
11> #CONFIGURE ENCRYPTION FOR DATABASE OFF; # default
12> #CONFIGURE ENCRYPTION ALGORITHM 'AES128'; # default
13> #CONFIGURE COMPRESSION ALGORITHM 'BASIC' AS OF RELEASE 'DEFAULT' OPTIMIZE FOR LOAD TRUE ; # default
14> #Chi khi nao cac archive da duoc apply tren cac standby thi moi cho delete.
15> #CONFIGURE ARCHIVELOG DELETION POLICY TO APPLIED ON ALL STANDBY;
16> #CONFIGURE SNAPSHOT CONTROLFILE NAME TO '/u01/app/oracle/product/11.2.0.2/dbhome_1/dbs/snapcf_ccbs1.f'; # default
17> 
18> 
19> #updated 20/8/2014
20> # Ngay 1:
21> #	Xoa cac backup obsolete: Giu lai backupset hien tai, xoa cac ban backupset truoc do.
22> #	Backup level0 vao +RECO	tag MONTHLY_LEVEL_0_day1
23> # 	copy ban level0 thu 2 vao o dia /mnt/nfs52100/RMAN	copy_MONTHLY_LEVEL_0_day1
24> # Ngay 2-15:
25> #	Backup copies 2 level1 vao +RECO,/mnt/nfs52100/RMAN
26> #	Backup copies 2 archived vao +RECO,/mnt/nfs52100/RMAN
27> #	Delete archived all
28> 
29> # Ngay 16:
30> #	Xoa cac backup obsolete: Giu lai backupset hien tai, xoa cac ban backupset truoc do.
31> #	Backup level0 vao +RECO	tag MONTHLY_LEVEL_0_day16
32> # 	copy ban level0 thu 2 vao o dia /mnt/nfs52100/RMAN	tag copy_MONTHLY_LEVEL_0_day16
33> # Ngay 17-31:
34> #	Backup copies 2 level1 vao +RECO,/mnt/nfs52100/RMAN	
35> #	Backup copies 2 archived vao +RECO,/mnt/nfs52100/RMAN
36> #	Delete archived all
37> 
38> run
39> {
40> #	backup incremental level 1 copies 2 format '+DATA/RMAN/level1_%D_%T_%U','/mnt/nfs52100/RMAN/level1_%D_%T_%U' tag MON_LV1_17_31 
41> #  database include current controlfile;
42> backup incremental level 1 format '+DATA/RMAN/level1_%D_%T_%U' tag MON_LV1_17_31 database include current controlfile;
43> 	sql 'ALTER SYSTEM ARCHIVE LOG CURRENT';
44> #	backup as compressed backupset copies 2 archivelog all format '+DATA/RMAN/archi_%D_%T_%U','/u03/rman_ccbs_ftp5/RMAN/archi_%D_%T_%U'
45> #  tag monthly_arch_17_31 delete input;
46> 	backup as compressed backupset archivelog all format '+DATA/RMAN/archi_%D_%T_%U'  tag monthly_arch_17_31 delete input;
47> }
48> 
Starting backup at 17/03/2015 21:00:02
using target database control file instead of recovery catalog
allocated channel: ORA_DISK_1
channel ORA_DISK_1: SID=160 instance=ccbs1 device type=DISK
allocated channel: ORA_DISK_2
channel ORA_DISK_2: SID=319 instance=ccbs1 device type=DISK
channel ORA_DISK_1: starting compressed incremental level 1 datafile backup set
channel ORA_DISK_1: specifying datafile(s) in backup set
input datafile file number=00002 name=+DATA/ccbs/datafile/sysaux.258.772710837
input datafile file number=00107 name=+DATA/ccbs/datafile/sysaux.390.822699669
input datafile file number=00130 name=+DATA/ccbs/datafile/undotbs1_02.426.857385663
input datafile file number=00133 name=+DATA/ccbs/datafile/undotbs2_02.516.857386025
input datafile file number=00001 name=+DATA/ccbs/datafile/system.271.772710825
input datafile file number=00061 name=+DATA/ccbs/datafile/gg_data.338.779148549
input datafile file number=00007 name=+DATA/ccbs/datafile/users.282.774527471
input datafile file number=00010 name=+DATA/ccbs/datafile/indx.287.774530539
input datafile file number=00013 name=+DATA/ccbs/datafile/indx.290.774541697
input datafile file number=00016 name=+DATA/ccbs/datafile/indx.293.774541877
input datafile file number=00019 name=+DATA/ccbs/datafile/indx.296.774541987
input datafile file number=00022 name=+DATA/ccbs/datafile/users.299.774543191
input datafile file number=00025 name=+DATA/ccbs/datafile/users.302.774543327
input datafile file number=00028 name=+DATA/ccbs/datafile/users.305.774543443
input datafile file number=00031 name=+DATA/ccbs/datafile/users.308.774543671
input datafile file number=00034 name=+DATA/ccbs/datafile/users.311.775873655
input datafile file number=00037 name=+DATA/ccbs/datafile/users.314.775996677
input datafile file number=00040 name=+DATA/ccbs/datafile/users.317.775996743
input datafile file number=00043 name=+DATA/ccbs/datafile/users.320.775997701
input datafile file number=00046 name=+DATA/ccbs/datafile/users.323.775997787
input datafile file number=00049 name=+DATA/ccbs/datafile/users.326.775997875
input datafile file number=00052 name=+DATA/ccbs/datafile/users.329.775998289
input datafile file number=00055 name=+DATA/ccbs/datafile/users.332.776000393
input datafile file number=00058 name=+DATA/ccbs/datafile/users.335.776001375
input datafile file number=00062 name=+DATA/ccbs/datafile/users.339.780491723
input datafile file number=00065 name=+DATA/ccbs/datafile/users.342.780492259
input datafile file number=00068 name=+DATA/ccbs/datafile/users.345.780493063
input datafile file number=00071 name=+DATA/ccbs/datafile/users.348.780493937
input datafile file number=00074 name=+DATA/ccbs/datafile/indx.351.780853091
input datafile file number=00077 name=+DATA/ccbs/datafile/indx.354.780853419
input datafile file number=00080 name=+DATA/ccbs/datafile/users.357.780853601
input datafile file number=00083 name=+DATA/ccbs/datafile/users.360.780853693
input datafile file number=00086 name=+DATA/ccbs/datafile/users.363.780853829
input datafile file number=00089 name=+DATA/ccbs/datafile/users.366.780853939
input datafile file number=00092 name=+DATA/ccbs/datafile/users.369.780853997
input datafile file number=00095 name=+DATA/ccbs/datafile/users.372.780854143
input datafile file number=00098 name=+DATA/ccbs/datafile/users.375.780854347
input datafile file number=00101 name=+DATA/ccbs/datafile/tbs_others.267.792772437
input datafile file number=00104 name=+DATA/ccbs/datafile/indx.387.819597647
input datafile file number=00124 name=+DATA/ccbs/datafile/indx.417.843228737
input datafile file number=00003 name=+DATA/ccbs/datafile/system.709.870969027
input datafile file number=00137 name=+DATA/ccbs/datafile/users.713.870969093
input datafile file number=00140 name=+DATA/ccbs/datafile/indx.708.870969149
input datafile file number=00143 name=+DATA/ccbs/datafile/users.763.870969217
input datafile file number=00146 name=+DATA/ccbs/datafile/undotbs1_02.930.870969365
input datafile file number=00149 name=+DATA/ccbs/datafile/undotbs2_02.933.870969415
input datafile file number=00113 name=+DATA/ccbs/datafile/indx.406.843228475
input datafile file number=00116 name=+DATA/ccbs/datafile/indx.409.843228497
input datafile file number=00119 name=+DATA/ccbs/datafile/indx.412.843228547
input datafile file number=00121 name=+DATA/ccbs/datafile/indx.414.843228559
channel ORA_DISK_1: starting piece 1 at 17/03/2015 21:00:12
channel ORA_DISK_2: starting compressed incremental level 1 datafile backup set
channel ORA_DISK_2: specifying datafile(s) in backup set
input datafile file number=00106 name=+DATA/ccbs/datafile/sysaux.389.822699397
input datafile file number=00127 name=+DATA/ccbs/datafile/undotbs1_02.455.857385555
input datafile file number=00128 name=+DATA/ccbs/datafile/undotbs1_02.425.857385591
input datafile file number=00131 name=+DATA/ccbs/datafile/undotbs2_02.423.857385961
input datafile file number=00134 name=+DATA/ccbs/datafile/undotbs2_02.485.857386063
input datafile file number=00005 name=+DATA/ccbs/datafile/users.269.772710879
input datafile file number=00008 name=+DATA/ccbs/datafile/users.283.774527719
input datafile file number=00011 name=+DATA/ccbs/datafile/tbs_others.288.774531157
input datafile file number=00014 name=+DATA/ccbs/datafile/indx.291.774541763
input datafile file number=00017 name=+DATA/ccbs/datafile/indx.294.774541943
input datafile file number=00020 name=+DATA/ccbs/datafile/users.297.774542019
input datafile file number=00023 name=+DATA/ccbs/datafile/users.300.774543249
input datafile file number=00026 name=+DATA/ccbs/datafile/users.303.774543375
input datafile file number=00029 name=+DATA/ccbs/datafile/users.306.774543465
input datafile file number=00032 name=+DATA/ccbs/datafile/users.309.774543697
input datafile file number=00035 name=+DATA/ccbs/datafile/users.312.775873715
input datafile file number=00038 name=+DATA/ccbs/datafile/users.315.775996699
input datafile file number=00041 name=+DATA/ccbs/datafile/users.318.775997657
input datafile file number=00044 name=+DATA/ccbs/datafile/users.321.775997721
input datafile file number=00047 name=+DATA/ccbs/datafile/users.324.775997821
input datafile file number=00050 name=+DATA/ccbs/datafile/users.327.775997915
input datafile file number=00053 name=+DATA/ccbs/datafile/users.330.775998311
input datafile file number=00056 name=+DATA/ccbs/datafile/users.333.776000415
input datafile file number=00059 name=+DATA/ccbs/datafile/tbs_others.336.776001499
input datafile file number=00063 name=+DATA/ccbs/datafile/users.340.780491785
input datafile file number=00066 name=+DATA/ccbs/datafile/users.343.780492321
input datafile file number=00069 name=+DATA/ccbs/datafile/users.346.780493683
input datafile file number=00072 name=+DATA/ccbs/datafile/indx.349.780852847
input datafile file number=00075 name=+DATA/ccbs/datafile/indx.352.780853165
input datafile file number=00078 name=+DATA/ccbs/datafile/users.355.780853553
input datafile file number=00081 name=+DATA/ccbs/datafile/users.358.780853623
input datafile file number=00084 name=+DATA/ccbs/datafile/users.361.780853717
input datafile file number=00087 name=+DATA/ccbs/datafile/users.364.780853901
input datafile file number=00090 name=+DATA/ccbs/datafile/users.367.780853961
input datafile file number=00093 name=+DATA/ccbs/datafile/users.370.780854023
input datafile file number=00096 name=+DATA/ccbs/datafile/users.373.780854307
input datafile file number=00099 name=+DATA/ccbs/datafile/users.376.780854365
input datafile file number=00102 name=+DATA/ccbs/datafile/indx.284.819597493
input datafile file number=00122 name=+DATA/ccbs/datafile/indx.415.843228705
input datafile file number=00125 name=+DATA/ccbs/datafile/indx.418.843228751
input datafile file number=00004 name=+DATA/ccbs/datafile/system.714.870969047
input datafile file number=00138 name=+DATA/ccbs/datafile/users.715.870969105
input datafile file number=00141 name=+DATA/ccbs/datafile/indx.707.870969167
input datafile file number=00144 name=+DATA/ccbs/datafile/tbs_others.645.870969247
input datafile file number=00147 name=+DATA/ccbs/datafile/undotbs1_02.931.870969377
input datafile file number=00109 name=+DATA/ccbs/datafile/indx.402.843228399
input datafile file number=00111 name=+DATA/ccbs/datafile/indx.404.843228463
input datafile file number=00114 name=+DATA/ccbs/datafile/indx.407.843228483
input datafile file number=00117 name=+DATA/ccbs/datafile/indx.410.843228505
input datafile file number=00120 name=+DATA/ccbs/datafile/indx.413.843228553
channel ORA_DISK_2: starting piece 1 at 17/03/2015 21:00:15
channel ORA_DISK_1: finished piece 1 at 17/03/2015 21:16:30
piece handle=+DATA/rman/level1_17_20150317_esq235is_1_1 tag=MON_LV1_17_31 comment=NONE
channel ORA_DISK_1: backup set complete, elapsed time: 00:16:18
channel ORA_DISK_1: starting compressed incremental level 1 datafile backup set
channel ORA_DISK_1: specifying datafile(s) in backup set
input datafile file number=00105 name=+DATA/ccbs/datafile/sysaux.388.822699379
input datafile file number=00108 name=+DATA/ccbs/datafile/sysaux.391.822699673
input datafile file number=00129 name=+DATA/ccbs/datafile/undotbs1_02.468.857385623
input datafile file number=00132 name=+DATA/ccbs/datafile/undotbs2_02.538.857385993
input datafile file number=00135 name=+DATA/ccbs/datafile/undotbs2_02.633.857386105
input datafile file number=00006 name=+DATA/ccbs/datafile/indx.285.774530247
input datafile file number=00009 name=+DATA/ccbs/datafile/indx.286.774530435
input datafile file number=00012 name=+DATA/ccbs/datafile/tbs_others.289.774531237
input datafile file number=00015 name=+DATA/ccbs/datafile/indx.292.774541795
input datafile file number=00018 name=+DATA/ccbs/datafile/indx.295.774541965
input datafile file number=00021 name=+DATA/ccbs/datafile/users.298.774543045
input datafile file number=00024 name=+DATA/ccbs/datafile/users.301.774543271
input datafile file number=00027 name=+DATA/ccbs/datafile/users.304.774543419
input datafile file number=00030 name=+DATA/ccbs/datafile/users.307.774543485
input datafile file number=00033 name=+DATA/ccbs/datafile/users.310.775873623
input datafile file number=00036 name=+DATA/ccbs/datafile/users.313.775873743
input datafile file number=00039 name=+DATA/ccbs/datafile/users.316.775996723
input datafile file number=00042 name=+DATA/ccbs/datafile/users.319.775997681
input datafile file number=00045 name=+DATA/ccbs/datafile/users.322.775997741
input datafile file number=00048 name=+DATA/ccbs/datafile/users.325.775997857
input datafile file number=00051 name=+DATA/ccbs/datafile/users.328.775997951
input datafile file number=00054 name=+DATA/ccbs/datafile/users.331.775998423
input datafile file number=00057 name=+DATA/ccbs/datafile/users.334.776000867
input datafile file number=00060 name=+DATA/ccbs/datafile/tbs_others.337.776001527
input datafile file number=00064 name=+DATA/ccbs/datafile/users.341.780492153
input datafile file number=00067 name=+DATA/ccbs/datafile/users.344.780492429
input datafile file number=00070 name=+DATA/ccbs/datafile/users.347.780493719
input datafile file number=00073 name=+DATA/ccbs/datafile/indx.350.780852893
input datafile file number=00076 name=+DATA/ccbs/datafile/indx.353.780853327
input datafile file number=00079 name=+DATA/ccbs/datafile/users.356.780853583
input datafile file number=00082 name=+DATA/ccbs/datafile/users.359.780853645
input datafile file number=00085 name=+DATA/ccbs/datafile/users.362.780853743
input datafile file number=00088 name=+DATA/ccbs/datafile/users.365.780853919
input datafile file number=00091 name=+DATA/ccbs/datafile/users.368.780853979
input datafile file number=00094 name=+DATA/ccbs/datafile/users.371.780854093
input datafile file number=00097 name=+DATA/ccbs/datafile/users.374.780854327
input datafile file number=00100 name=+DATA/ccbs/datafile/users.377.780854429
input datafile file number=00103 name=+DATA/ccbs/datafile/indx.386.819597557
input datafile file number=00123 name=+DATA/ccbs/datafile/indx.416.843228721
input datafile file number=00126 name=+DATA/ccbs/datafile/indx.419.843228767
input datafile file number=00136 name=+DATA/ccbs/datafile/users.711.870969071
input datafile file number=00139 name=+DATA/ccbs/datafile/indx.704.870969125
input datafile file number=00142 name=+DATA/ccbs/datafile/indx.700.870969205
input datafile file number=00145 name=+DATA/ccbs/datafile/gg_data.762.870969269
input datafile file number=00148 name=+DATA/ccbs/datafile/undotbs2_02.932.870969393
input datafile file number=00110 name=+DATA/ccbs/datafile/indx.403.843228457
input datafile file number=00112 name=+DATA/ccbs/datafile/indx.405.843228469
input datafile file number=00115 name=+DATA/ccbs/datafile/indx.408.843228491
input datafile file number=00118 name=+DATA/ccbs/datafile/indx.411.843228541
input datafile file number=00150 name=+DATA/ccbs/datafile/tbs_others.1094.873913903
channel ORA_DISK_1: starting piece 1 at 17/03/2015 21:16:32
channel ORA_DISK_2: finished piece 1 at 17/03/2015 21:17:17
piece handle=+DATA/rman/level1_17_20150317_etq235is_1_1 tag=MON_LV1_17_31 comment=NONE
channel ORA_DISK_2: backup set complete, elapsed time: 00:17:02
channel ORA_DISK_2: starting compressed incremental level 1 datafile backup set
channel ORA_DISK_2: specifying datafile(s) in backup set
including current control file in backup set
channel ORA_DISK_2: starting piece 1 at 17/03/2015 21:17:32
channel ORA_DISK_2: finished piece 1 at 17/03/2015 21:17:35
piece handle=+DATA/rman/level1_17_20150317_evq236it_1_1 tag=MON_LV1_17_31 comment=NONE
channel ORA_DISK_2: backup set complete, elapsed time: 00:00:03
channel ORA_DISK_1: finished piece 1 at 17/03/2015 21:29:07
piece handle=+DATA/rman/level1_17_20150317_euq236hf_1_1 tag=MON_LV1_17_31 comment=NONE
channel ORA_DISK_1: backup set complete, elapsed time: 00:12:35
Finished backup at 17/03/2015 21:29:07

Starting Control File and SPFILE Autobackup at 17/03/2015 21:29:08
piece handle=+RECO/rman/c-271141816-20150317-00 comment=NONE
Finished Control File and SPFILE Autobackup at 17/03/2015 21:29:11

sql statement: ALTER SYSTEM ARCHIVE LOG CURRENT

Starting backup at 17/03/2015 21:29:24
current log archived
using channel ORA_DISK_1
using channel ORA_DISK_2
skipping archived log file +RECO/ccbs/archivelog/2015_03_15/thread_1_seq_21419.3505.874368341; already backed up 1 time(s)
skipping archived log file +RECO/ccbs/archivelog/2015_03_15/thread_1_seq_21420.1205.874368447; already backed up 1 time(s)
skipping archived log file +RECO/ccbs/archivelog/2015_03_15/thread_1_seq_21421.461.874401091; already backed up 1 time(s)
skipping archived log file +RECO/ccbs/archivelog/2015_03_15/thread_1_seq_21422.4226.874437835; already backed up 1 time(s)
skipping archived log file +RECO/ccbs/archivelog/2015_03_15/thread_1_seq_21423.2969.874438401; already backed up 1 time(s)
skipping archived log file +RECO/ccbs/archivelog/2015_03_15/thread_1_seq_21424.538.874438403; already backed up 1 time(s)
skipping archived log file +RECO/ccbs/archivelog/2015_03_15/thread_1_seq_21425.3809.874449963; already backed up 1 time(s)
skipping archived log file +RECO/ccbs/archivelog/2015_03_15/thread_1_seq_21426.3902.874449969; already backed up 1 time(s)
skipping archived log file +RECO/ccbs/archivelog/2015_03_16/thread_1_seq_21427.4242.874485855; already backed up 1 time(s)
skipping archived log file +RECO/ccbs/archivelog/2015_03_16/thread_1_seq_21428.3320.874486313; already backed up 1 time(s)
skipping archived log file +RECO/ccbs/archivelog/2015_03_16/thread_1_seq_21429.3440.874486313; already backed up 1 time(s)
skipping archived log file +RECO/ccbs/archivelog/2015_03_16/thread_1_seq_21430.2910.874492983; already backed up 1 time(s)
skipping archived log file +RECO/ccbs/archivelog/2015_03_16/thread_1_seq_21431.3513.874503425; already backed up 1 time(s)
skipping archived log file +RECO/ccbs/archivelog/2015_03_16/thread_1_seq_21432.3896.874503427; already backed up 1 time(s)
skipping archived log file +RECO/ccbs/archivelog/2015_03_16/thread_1_seq_21433.1808.874503479; already backed up 1 time(s)
skipping archived log file +RECO/ccbs/archivelog/2015_03_16/thread_1_seq_21434.338.874522909; already backed up 1 time(s)
skipping archived log file +RECO/ccbs/archivelog/2015_03_16/thread_1_seq_21435.3356.874522921; already backed up 1 time(s)
skipping archived log file +RECO/ccbs/archivelog/2015_03_17/thread_1_seq_21436.1211.874540933; already backed up 1 time(s)
skipping archived log file +RECO/ccbs/archivelog/2015_03_17/thread_1_seq_21437.1333.874541123; already backed up 1 time(s)
skipping archived log file +RECO/ccbs/archivelog/2015_03_17/thread_1_seq_21438.3144.874541207; already backed up 1 time(s)
skipping archived log file +RECO/ccbs/archivelog/2015_03_17/thread_1_seq_21439.3479.874566671; already backed up 1 time(s)
skipping archived log file +RECO/ccbs/archivelog/2015_03_15/thread_2_seq_17764.4200.874401131; already backed up 1 time(s)
skipping archived log file +RECO/ccbs/archivelog/2015_03_15/thread_2_seq_17765.1496.874437877; already backed up 1 time(s)
skipping archived log file +RECO/ccbs/archivelog/2015_03_15/thread_2_seq_17766.1422.874450005; already backed up 1 time(s)
skipping archived log file +RECO/ccbs/archivelog/2015_03_15/thread_2_seq_17767.548.874450009; already backed up 1 time(s)
skipping archived log file +RECO/ccbs/archivelog/2015_03_16/thread_2_seq_17768.1883.874485895; already backed up 1 time(s)
skipping archived log file +RECO/ccbs/archivelog/2015_03_16/thread_2_seq_17769.627.874486915; already backed up 1 time(s)
skipping archived log file +RECO/ccbs/archivelog/2015_03_16/thread_2_seq_17770.4029.874486915; already backed up 1 time(s)
skipping archived log file +RECO/ccbs/archivelog/2015_03_16/thread_2_seq_17771.3455.874493021; already backed up 1 time(s)
skipping archived log file +RECO/ccbs/archivelog/2015_03_16/thread_2_seq_17772.1790.874503469; already backed up 1 time(s)
skipping archived log file +RECO/ccbs/archivelog/2015_03_16/thread_2_seq_17773.2619.874503517; already backed up 1 time(s)
skipping archived log file +RECO/ccbs/archivelog/2015_03_16/thread_2_seq_17774.1830.874503517; already backed up 1 time(s)
skipping archived log file +RECO/ccbs/archivelog/2015_03_16/thread_2_seq_17775.1911.874511587; already backed up 1 time(s)
skipping archived log file +RECO/ccbs/archivelog/2015_03_16/thread_2_seq_17776.3281.874522951; already backed up 1 time(s)
skipping archived log file +RECO/ccbs/archivelog/2015_03_16/thread_2_seq_17777.2360.874522963; already backed up 1 time(s)
skipping archived log file +RECO/ccbs/archivelog/2015_03_17/thread_2_seq_17778.3915.874541247; already backed up 1 time(s)
skipping archived log file +RECO/ccbs/archivelog/2015_03_17/thread_2_seq_17779.3146.874566713; already backed up 1 time(s)
channel ORA_DISK_1: starting compressed archived log backup set
channel ORA_DISK_1: specifying archived log(s) in backup set
input archived log thread=1 sequence=21440 RECID=58397 STAMP=874569913
input archived log thread=2 sequence=17780 RECID=58401 STAMP=874579246
input archived log thread=1 sequence=21441 RECID=58399 STAMP=874575608
input archived log thread=1 sequence=21442 RECID=58406 STAMP=874592433
input archived log thread=2 sequence=17781 RECID=58403 STAMP=874592209
channel ORA_DISK_1: starting piece 1 at 17/03/2015 21:29:27
channel ORA_DISK_2: starting compressed archived log backup set
channel ORA_DISK_2: specifying archived log(s) in backup set
input archived log thread=2 sequence=17782 RECID=58407 STAMP=874592479
input archived log thread=2 sequence=17783 RECID=58408 STAMP=874592594
input archived log thread=1 sequence=21443 RECID=58412 STAMP=874618158
input archived log thread=2 sequence=17784 RECID=58413 STAMP=874618204
input archived log thread=2 sequence=17785 RECID=58417 STAMP=874618205
input archived log thread=1 sequence=21444 RECID=58415 STAMP=874618164
channel ORA_DISK_2: starting piece 1 at 17/03/2015 21:29:27
channel ORA_DISK_2: finished piece 1 at 17/03/2015 21:32:12
piece handle=+DATA/rman/archi_17_20150317_f2q2379n_1_1 tag=MONTHLY_ARCH_17_31 comment=NONE
channel ORA_DISK_2: backup set complete, elapsed time: 00:02:45
channel ORA_DISK_2: deleting archived log(s)
archived log file name=+RECO/ccbs/archivelog/2015_03_17/thread_2_seq_17782.1315.874592467 RECID=58407 STAMP=874592479
archived log file name=+RECO/ccbs/archivelog/2015_03_17/thread_2_seq_17783.3492.874592583 RECID=58408 STAMP=874592594
archived log file name=+RECO/ccbs/archivelog/2015_03_17/thread_1_seq_21443.3478.874618155 RECID=58412 STAMP=874618158
archived log file name=+RECO/ccbs/archivelog/2015_03_17/thread_2_seq_17784.1520.874618193 RECID=58413 STAMP=874618204
RMAN-08120: WARNING: archived log not deleted, not yet applied by standby
archived log file name=+RECO/ccbs/archivelog/2015_03_17/thread_2_seq_17785.2403.874618205 thread=2 sequence=17785
archived log file name=+RECO/ccbs/archivelog/2015_03_17/thread_1_seq_21444.1464.874618165 RECID=58415 STAMP=874618164
channel ORA_DISK_2: deleting archived log(s)
archived log file name=+RECO/ccbs/archivelog/2015_03_15/thread_1_seq_21419.3505.874368341 RECID=58326 STAMP=874368353
archived log file name=+RECO/ccbs/archivelog/2015_03_15/thread_1_seq_21420.1205.874368447 RECID=58327 STAMP=874368460
archived log file name=+RECO/ccbs/archivelog/2015_03_15/thread_1_seq_21421.461.874401091 RECID=58328 STAMP=874401096
archived log file name=+RECO/ccbs/archivelog/2015_03_15/thread_1_seq_21422.4226.874437835 RECID=58331 STAMP=874437841
archived log file name=+RECO/ccbs/archivelog/2015_03_15/thread_1_seq_21423.2969.874438401 RECID=58332 STAMP=874438400
archived log file name=+RECO/ccbs/archivelog/2015_03_15/thread_1_seq_21424.538.874438403 RECID=58333 STAMP=874438402
archived log file name=+RECO/ccbs/archivelog/2015_03_15/thread_1_seq_21425.3809.874449963 RECID=58335 STAMP=874449967
archived log file name=+RECO/ccbs/archivelog/2015_03_15/thread_1_seq_21426.3902.874449969 RECID=58337 STAMP=874449969
archived log file name=+RECO/ccbs/archivelog/2015_03_16/thread_1_seq_21427.4242.874485855 RECID=58344 STAMP=874485862
archived log file name=+RECO/ccbs/archivelog/2015_03_16/thread_1_seq_21428.3320.874486313 RECID=58351 STAMP=874486312
archived log file name=+RECO/ccbs/archivelog/2015_03_16/thread_1_seq_21429.3440.874486313 RECID=58353 STAMP=874486313
archived log file name=+RECO/ccbs/archivelog/2015_03_16/thread_1_seq_21430.2910.874492983 RECID=58360 STAMP=874492984
archived log file name=+RECO/ccbs/archivelog/2015_03_16/thread_1_seq_21431.3513.874503425 RECID=58363 STAMP=874503426
archived log file name=+RECO/ccbs/archivelog/2015_03_16/thread_1_seq_21432.3896.874503427 RECID=58365 STAMP=874503426
archived log file name=+RECO/ccbs/archivelog/2015_03_16/thread_1_seq_21433.1808.874503479 RECID=58373 STAMP=874503478
archived log file name=+RECO/ccbs/archivelog/2015_03_16/thread_1_seq_21434.338.874522909 RECID=58379 STAMP=874522920
archived log file name=+RECO/ccbs/archivelog/2015_03_16/thread_1_seq_21435.3356.874522921 RECID=58381 STAMP=874522921
archived log file name=+RECO/ccbs/archivelog/2015_03_17/thread_1_seq_21436.1211.874540933 RECID=58385 STAMP=874540946
archived log file name=+RECO/ccbs/archivelog/2015_03_17/thread_1_seq_21437.1333.874541123 RECID=58387 STAMP=874541134
archived log file name=+RECO/ccbs/archivelog/2015_03_17/thread_1_seq_21438.3144.874541207 RECID=58391 STAMP=874541219
archived log file name=+RECO/ccbs/archivelog/2015_03_17/thread_1_seq_21439.3479.874566671 RECID=58395 STAMP=874566673
archived log file name=+RECO/ccbs/archivelog/2015_03_15/thread_2_seq_17764.4200.874401131 RECID=58329 STAMP=874401139
archived log file name=+RECO/ccbs/archivelog/2015_03_15/thread_2_seq_17765.1496.874437877 RECID=58330 STAMP=874437880
archived log file name=+RECO/ccbs/archivelog/2015_03_15/thread_2_seq_17766.1422.874450005 RECID=58334 STAMP=874450007
archived log file name=+RECO/ccbs/archivelog/2015_03_15/thread_2_seq_17767.548.874450009 RECID=58336 STAMP=874450009
archived log file name=+RECO/ccbs/archivelog/2015_03_16/thread_2_seq_17768.1883.874485895 RECID=58343 STAMP=874485902
archived log file name=+RECO/ccbs/archivelog/2015_03_16/thread_2_seq_17769.627.874486915 RECID=58357 STAMP=874486915
archived log file name=+RECO/ccbs/archivelog/2015_03_16/thread_2_seq_17770.4029.874486915 RECID=58356 STAMP=874486915
archived log file name=+RECO/ccbs/archivelog/2015_03_16/thread_2_seq_17771.3455.874493021 RECID=58361 STAMP=874493031
archived log file name=+RECO/ccbs/archivelog/2015_03_16/thread_2_seq_17772.1790.874503469 RECID=58367 STAMP=874503477
archived log file name=+RECO/ccbs/archivelog/2015_03_16/thread_2_seq_17773.2619.874503517 RECID=58369 STAMP=874503517
archived log file name=+RECO/ccbs/archivelog/2015_03_16/thread_2_seq_17774.1830.874503517 RECID=58371 STAMP=874503517
archived log file name=+RECO/ccbs/archivelog/2015_03_16/thread_2_seq_17775.1911.874511587 RECID=58375 STAMP=874511598
archived log file name=+RECO/ccbs/archivelog/2015_03_16/thread_2_seq_17776.3281.874522951 RECID=58378 STAMP=874522953
archived log file name=+RECO/ccbs/archivelog/2015_03_16/thread_2_seq_17777.2360.874522963 RECID=58383 STAMP=874522962
archived log file name=+RECO/ccbs/archivelog/2015_03_17/thread_2_seq_17778.3915.874541247 RECID=58390 STAMP=874541253
archived log file name=+RECO/ccbs/archivelog/2015_03_17/thread_2_seq_17779.3146.874566713 RECID=58394 STAMP=874566713
channel ORA_DISK_1: finished piece 1 at 17/03/2015 21:33:35
piece handle=+DATA/rman/archi_17_20150317_f1q2379n_1_1 tag=MONTHLY_ARCH_17_31 comment=NONE
channel ORA_DISK_1: backup set complete, elapsed time: 00:04:08
channel ORA_DISK_1: deleting archived log(s)
archived log file name=+RECO/ccbs/archivelog/2015_03_17/thread_1_seq_21440.856.874569901 RECID=58397 STAMP=874569913
archived log file name=+RECO/ccbs/archivelog/2015_03_17/thread_2_seq_17780.1899.874579235 RECID=58401 STAMP=874579246
archived log file name=+RECO/ccbs/archivelog/2015_03_17/thread_1_seq_21441.1444.874575597 RECID=58399 STAMP=874575608
archived log file name=+RECO/ccbs/archivelog/2015_03_17/thread_1_seq_21442.3485.874592429 RECID=58406 STAMP=874592433
archived log file name=+RECO/ccbs/archivelog/2015_03_17/thread_2_seq_17781.3312.874592197 RECID=58403 STAMP=874592209
Finished backup at 17/03/2015 21:33:36

Starting Control File and SPFILE Autobackup at 17/03/2015 21:33:36
piece handle=+RECO/rman/c-271141816-20150317-01 comment=NONE
Finished Control File and SPFILE Autobackup at 17/03/2015 21:33:40

Recovery Manager complete.
