
Recovery Manager: Release 11.2.0.2.0 - Production on Thu Feb 5 21:00:01 2015

Copyright (c) 1982, 2009, Oracle and/or its affiliates.  All rights reserved.

connected to target database: CCBS (DBID=271141816)

RMAN> #CONFIGURE RETENTION POLICY TO REDUNDANCY 1;	#updated 20/3/2014 
2> #CONFIGURE BACKUP OPTIMIZATION ON;
3> #CONFIGURE DEFAULT DEVICE TYPE TO DISK; # default
4> #CONFIGURE CONTROLFILE AUTOBACKUP OFF;
5> #CONFIGURE CONTROLFILE AUTOBACKUP FORMAT FOR DEVICE TYPE DISK TO '+RECO/RMAN/%F';
6> #CONFIGURE DEVICE TYPE DISK PARALLELISM 2 BACKUP TYPE TO COMPRESSED BACKUPSET;
7> #CONFIGURE DATAFILE BACKUP COPIES FOR DEVICE TYPE DISK TO 1; # default
8> #CONFIGURE ARCHIVELOG BACKUP COPIES FOR DEVICE TYPE DISK TO 1; # default
9> #CONFIGURE CHANNEL DEVICE TYPE DISK MAXPIECESIZE 4 G; #updated 24/3/2014
10> #CONFIGURE MAXSETSIZE TO UNLIMITED;
11> #CONFIGURE ENCRYPTION FOR DATABASE OFF; # default
12> #CONFIGURE ENCRYPTION ALGORITHM 'AES128'; # default
13> #CONFIGURE COMPRESSION ALGORITHM 'BASIC' AS OF RELEASE 'DEFAULT' OPTIMIZE FOR LOAD TRUE ; # default
14> #Chi khi nao cac archive da duoc apply tren cac standby thi moi cho delete.
15> #CONFIGURE ARCHIVELOG DELETION POLICY TO APPLIED ON ALL STANDBY;
16> #CONFIGURE SNAPSHOT CONTROLFILE NAME TO '/u01/app/oracle/product/11.2.0.2/dbhome_1/dbs/snapcf_ccbs1.f'; # default
17> 
18> 
19> #updated 20/8/2014
20> # Ngay 1:
21> #	Xoa cac backup obsolete: Giu lai backupset hien tai, xoa cac ban backupset truoc do.
22> #	Backup level0 vao +RECO	tag MONTHLY_LEVEL_0_day1
23> # 	copy ban level0 thu 2 vao o dia /mnt/nfs52100/RMAN	copy_MONTHLY_LEVEL_0_day1
24> # Ngay 2-15:
25> #	Backup copies 2 level1 vao +RECO,/mnt/nfs52100/RMAN
26> #	Backup copies 2 archived vao +RECO,/mnt/nfs52100/RMAN
27> #	Delete archived all
28> 
29> # Ngay 16:
30> #	Xoa cac backup obsolete: Giu lai backupset hien tai, xoa cac ban backupset truoc do.
31> #	Backup level0 vao +RECO	tag MONTHLY_LEVEL_0_day16
32> # 	copy ban level0 thu 2 vao o dia /mnt/nfs52100/RMAN	tag copy_MONTHLY_LEVEL_0_day16
33> # Ngay 17-31:
34> #	Backup copies 2 level1 vao +RECO,/mnt/nfs52100/RMAN	
35> #	Backup copies 2 archived vao +RECO,/mnt/nfs52100/RMAN
36> #	Delete archived all
37> 
38> run
39> {
40>  #  backup incremental level 1 copies 2 format '+DATA/RMAN/level1_%D_%T_%U','/mnt/nfs52100/RMAN/level1_%D_%T_%U' tag MON_LV1_2_15 database include current controlfile;
41>   backup incremental level 1 format '+DATA/RMAN/level1_%D_%T_%U' tag MON_LV1_2_15 database include current controlfile;
42> 
43> 	sql 'ALTER SYSTEM ARCHIVE LOG CURRENT';
44> #	backup as compressed backupset copies 2 archivelog all format '+DATA/RMAN/archi_%D_%T_%U','/u03/rman_ccbs_ftp5/RMAN/archi_%D_%T_%U'
45> #  tag monthly_arch_2_15 delete input;
46> 	backup as compressed backupset archivelog all format '+DATA/RMAN/archi_%D_%T_%U' tag monthly_arch_2_15 delete input;
47> }
48> 
Starting backup at 05/02/2015 21:00:03
using target database control file instead of recovery catalog
allocated channel: ORA_DISK_1
channel ORA_DISK_1: SID=471 instance=ccbs1 device type=DISK
allocated channel: ORA_DISK_2
channel ORA_DISK_2: SID=534 instance=ccbs1 device type=DISK
channel ORA_DISK_1: starting compressed incremental level 1 datafile backup set
channel ORA_DISK_1: specifying datafile(s) in backup set
input datafile file number=00002 name=+DATA/ccbs/datafile/sysaux.258.772710837
input datafile file number=00107 name=+DATA/ccbs/datafile/sysaux.390.822699669
input datafile file number=00130 name=+DATA/ccbs/datafile/undotbs1_02.426.857385663
input datafile file number=00133 name=+DATA/ccbs/datafile/undotbs2_02.516.857386025
input datafile file number=00001 name=+DATA/ccbs/datafile/system.271.772710825
input datafile file number=00061 name=+DATA/ccbs/datafile/gg_data.338.779148549
input datafile file number=00007 name=+DATA/ccbs/datafile/users.282.774527471
input datafile file number=00010 name=+DATA/ccbs/datafile/indx.287.774530539
input datafile file number=00013 name=+DATA/ccbs/datafile/indx.290.774541697
input datafile file number=00016 name=+DATA/ccbs/datafile/indx.293.774541877
input datafile file number=00019 name=+DATA/ccbs/datafile/indx.296.774541987
input datafile file number=00022 name=+DATA/ccbs/datafile/users.299.774543191
input datafile file number=00025 name=+DATA/ccbs/datafile/users.302.774543327
input datafile file number=00028 name=+DATA/ccbs/datafile/users.305.774543443
input datafile file number=00031 name=+DATA/ccbs/datafile/users.308.774543671
input datafile file number=00034 name=+DATA/ccbs/datafile/users.311.775873655
input datafile file number=00037 name=+DATA/ccbs/datafile/users.314.775996677
input datafile file number=00040 name=+DATA/ccbs/datafile/users.317.775996743
input datafile file number=00043 name=+DATA/ccbs/datafile/users.320.775997701
input datafile file number=00046 name=+DATA/ccbs/datafile/users.323.775997787
input datafile file number=00049 name=+DATA/ccbs/datafile/users.326.775997875
input datafile file number=00052 name=+DATA/ccbs/datafile/users.329.775998289
input datafile file number=00055 name=+DATA/ccbs/datafile/users.332.776000393
input datafile file number=00058 name=+DATA/ccbs/datafile/users.335.776001375
input datafile file number=00062 name=+DATA/ccbs/datafile/users.339.780491723
input datafile file number=00065 name=+DATA/ccbs/datafile/users.342.780492259
input datafile file number=00068 name=+DATA/ccbs/datafile/users.345.780493063
input datafile file number=00071 name=+DATA/ccbs/datafile/users.348.780493937
input datafile file number=00074 name=+DATA/ccbs/datafile/indx.351.780853091
input datafile file number=00077 name=+DATA/ccbs/datafile/indx.354.780853419
input datafile file number=00080 name=+DATA/ccbs/datafile/users.357.780853601
input datafile file number=00083 name=+DATA/ccbs/datafile/users.360.780853693
input datafile file number=00086 name=+DATA/ccbs/datafile/users.363.780853829
input datafile file number=00089 name=+DATA/ccbs/datafile/users.366.780853939
input datafile file number=00092 name=+DATA/ccbs/datafile/users.369.780853997
input datafile file number=00095 name=+DATA/ccbs/datafile/users.372.780854143
input datafile file number=00098 name=+DATA/ccbs/datafile/users.375.780854347
input datafile file number=00101 name=+DATA/ccbs/datafile/tbs_others.267.792772437
input datafile file number=00104 name=+DATA/ccbs/datafile/indx.387.819597647
input datafile file number=00124 name=+DATA/ccbs/datafile/indx.417.843228737
input datafile file number=00109 name=+DATA/ccbs/datafile/indx.402.843228399
input datafile file number=00112 name=+DATA/ccbs/datafile/indx.405.843228469
input datafile file number=00115 name=+DATA/ccbs/datafile/indx.408.843228491
input datafile file number=00118 name=+DATA/ccbs/datafile/indx.411.843228541
input datafile file number=00121 name=+DATA/ccbs/datafile/indx.414.843228559
channel ORA_DISK_1: starting piece 1 at 05/02/2015 21:00:13
channel ORA_DISK_2: starting compressed incremental level 1 datafile backup set
channel ORA_DISK_2: specifying datafile(s) in backup set
input datafile file number=00105 name=+DATA/ccbs/datafile/sysaux.388.822699379
input datafile file number=00108 name=+DATA/ccbs/datafile/sysaux.391.822699673
input datafile file number=00129 name=+DATA/ccbs/datafile/undotbs1_02.468.857385623
input datafile file number=00132 name=+DATA/ccbs/datafile/undotbs2_02.538.857385993
input datafile file number=00135 name=+DATA/ccbs/datafile/undotbs2_02.633.857386105
input datafile file number=00006 name=+DATA/ccbs/datafile/indx.285.774530247
input datafile file number=00009 name=+DATA/ccbs/datafile/indx.286.774530435
input datafile file number=00012 name=+DATA/ccbs/datafile/tbs_others.289.774531237
input datafile file number=00015 name=+DATA/ccbs/datafile/indx.292.774541795
input datafile file number=00018 name=+DATA/ccbs/datafile/indx.295.774541965
input datafile file number=00021 name=+DATA/ccbs/datafile/users.298.774543045
input datafile file number=00024 name=+DATA/ccbs/datafile/users.301.774543271
input datafile file number=00027 name=+DATA/ccbs/datafile/users.304.774543419
input datafile file number=00030 name=+DATA/ccbs/datafile/users.307.774543485
input datafile file number=00033 name=+DATA/ccbs/datafile/users.310.775873623
input datafile file number=00036 name=+DATA/ccbs/datafile/users.313.775873743
input datafile file number=00039 name=+DATA/ccbs/datafile/users.316.775996723
input datafile file number=00042 name=+DATA/ccbs/datafile/users.319.775997681
input datafile file number=00045 name=+DATA/ccbs/datafile/users.322.775997741
input datafile file number=00048 name=+DATA/ccbs/datafile/users.325.775997857
input datafile file number=00051 name=+DATA/ccbs/datafile/users.328.775997951
input datafile file number=00054 name=+DATA/ccbs/datafile/users.331.775998423
input datafile file number=00057 name=+DATA/ccbs/datafile/users.334.776000867
input datafile file number=00060 name=+DATA/ccbs/datafile/tbs_others.337.776001527
input datafile file number=00064 name=+DATA/ccbs/datafile/users.341.780492153
input datafile file number=00067 name=+DATA/ccbs/datafile/users.344.780492429
input datafile file number=00070 name=+DATA/ccbs/datafile/users.347.780493719
input datafile file number=00073 name=+DATA/ccbs/datafile/indx.350.780852893
input datafile file number=00076 name=+DATA/ccbs/datafile/indx.353.780853327
input datafile file number=00079 name=+DATA/ccbs/datafile/users.356.780853583
input datafile file number=00082 name=+DATA/ccbs/datafile/users.359.780853645
input datafile file number=00085 name=+DATA/ccbs/datafile/users.362.780853743
input datafile file number=00088 name=+DATA/ccbs/datafile/users.365.780853919
input datafile file number=00091 name=+DATA/ccbs/datafile/users.368.780853979
input datafile file number=00094 name=+DATA/ccbs/datafile/users.371.780854093
input datafile file number=00097 name=+DATA/ccbs/datafile/users.374.780854327
input datafile file number=00100 name=+DATA/ccbs/datafile/users.377.780854429
input datafile file number=00103 name=+DATA/ccbs/datafile/indx.386.819597557
input datafile file number=00123 name=+DATA/ccbs/datafile/indx.416.843228721
input datafile file number=00126 name=+DATA/ccbs/datafile/indx.419.843228767
input datafile file number=00111 name=+DATA/ccbs/datafile/indx.404.843228463
input datafile file number=00114 name=+DATA/ccbs/datafile/indx.407.843228483
input datafile file number=00117 name=+DATA/ccbs/datafile/indx.410.843228505
input datafile file number=00120 name=+DATA/ccbs/datafile/indx.413.843228553
channel ORA_DISK_2: starting piece 1 at 05/02/2015 21:00:14
channel ORA_DISK_2: finished piece 1 at 05/02/2015 21:14:39
piece handle=+DATA/rman/level1_05_20150205_1ipuhpet_1_1 tag=MON_LV1_2_15 comment=NONE
channel ORA_DISK_2: starting piece 2 at 05/02/2015 21:14:39
channel ORA_DISK_1: finished piece 1 at 05/02/2015 21:18:54
piece handle=+DATA/rman/level1_05_20150205_1hpuhpes_1_1 tag=MON_LV1_2_15 comment=NONE
channel ORA_DISK_1: starting piece 2 at 05/02/2015 21:18:54
channel ORA_DISK_1: finished piece 2 at 05/02/2015 21:19:09
piece handle=+DATA/rman/level1_05_20150205_1hpuhpes_2_1 tag=MON_LV1_2_15 comment=NONE
channel ORA_DISK_1: backup set complete, elapsed time: 00:18:56
channel ORA_DISK_1: starting compressed incremental level 1 datafile backup set
channel ORA_DISK_1: specifying datafile(s) in backup set
input datafile file number=00106 name=+DATA/ccbs/datafile/sysaux.389.822699397
input datafile file number=00127 name=+DATA/ccbs/datafile/undotbs1_02.455.857385555
input datafile file number=00128 name=+DATA/ccbs/datafile/undotbs1_02.425.857385591
input datafile file number=00131 name=+DATA/ccbs/datafile/undotbs2_02.423.857385961
input datafile file number=00134 name=+DATA/ccbs/datafile/undotbs2_02.485.857386063
input datafile file number=00005 name=+DATA/ccbs/datafile/users.269.772710879
input datafile file number=00008 name=+DATA/ccbs/datafile/users.283.774527719
input datafile file number=00011 name=+DATA/ccbs/datafile/tbs_others.288.774531157
input datafile file number=00014 name=+DATA/ccbs/datafile/indx.291.774541763
input datafile file number=00017 name=+DATA/ccbs/datafile/indx.294.774541943
input datafile file number=00020 name=+DATA/ccbs/datafile/users.297.774542019
input datafile file number=00023 name=+DATA/ccbs/datafile/users.300.774543249
input datafile file number=00026 name=+DATA/ccbs/datafile/users.303.774543375
input datafile file number=00029 name=+DATA/ccbs/datafile/users.306.774543465
input datafile file number=00032 name=+DATA/ccbs/datafile/users.309.774543697
input datafile file number=00035 name=+DATA/ccbs/datafile/users.312.775873715
input datafile file number=00038 name=+DATA/ccbs/datafile/users.315.775996699
input datafile file number=00041 name=+DATA/ccbs/datafile/users.318.775997657
input datafile file number=00044 name=+DATA/ccbs/datafile/users.321.775997721
input datafile file number=00047 name=+DATA/ccbs/datafile/users.324.775997821
input datafile file number=00050 name=+DATA/ccbs/datafile/users.327.775997915
input datafile file number=00053 name=+DATA/ccbs/datafile/users.330.775998311
input datafile file number=00056 name=+DATA/ccbs/datafile/users.333.776000415
input datafile file number=00059 name=+DATA/ccbs/datafile/tbs_others.336.776001499
input datafile file number=00063 name=+DATA/ccbs/datafile/users.340.780491785
input datafile file number=00066 name=+DATA/ccbs/datafile/users.343.780492321
input datafile file number=00069 name=+DATA/ccbs/datafile/users.346.780493683
input datafile file number=00072 name=+DATA/ccbs/datafile/indx.349.780852847
input datafile file number=00075 name=+DATA/ccbs/datafile/indx.352.780853165
input datafile file number=00078 name=+DATA/ccbs/datafile/users.355.780853553
input datafile file number=00081 name=+DATA/ccbs/datafile/users.358.780853623
input datafile file number=00084 name=+DATA/ccbs/datafile/users.361.780853717
input datafile file number=00087 name=+DATA/ccbs/datafile/users.364.780853901
input datafile file number=00090 name=+DATA/ccbs/datafile/users.367.780853961
input datafile file number=00093 name=+DATA/ccbs/datafile/users.370.780854023
input datafile file number=00096 name=+DATA/ccbs/datafile/users.373.780854307
input datafile file number=00099 name=+DATA/ccbs/datafile/users.376.780854365
input datafile file number=00102 name=+DATA/ccbs/datafile/indx.284.819597493
input datafile file number=00122 name=+DATA/ccbs/datafile/indx.415.843228705
input datafile file number=00125 name=+DATA/ccbs/datafile/indx.418.843228751
input datafile file number=00110 name=+DATA/ccbs/datafile/indx.403.843228457
input datafile file number=00113 name=+DATA/ccbs/datafile/indx.406.843228475
input datafile file number=00116 name=+DATA/ccbs/datafile/indx.409.843228497
input datafile file number=00119 name=+DATA/ccbs/datafile/indx.412.843228547
channel ORA_DISK_1: starting piece 1 at 05/02/2015 21:19:10
channel ORA_DISK_2: finished piece 2 at 05/02/2015 21:21:55
piece handle=+DATA/rman/level1_05_20150205_1ipuhpet_2_1 tag=MON_LV1_2_15 comment=NONE
channel ORA_DISK_2: backup set complete, elapsed time: 00:21:41
channel ORA_DISK_2: starting compressed incremental level 1 datafile backup set
channel ORA_DISK_2: specifying datafile(s) in backup set
including current control file in backup set
channel ORA_DISK_2: starting piece 1 at 05/02/2015 21:21:58
channel ORA_DISK_2: finished piece 1 at 05/02/2015 21:22:01
piece handle=+DATA/rman/level1_05_20150205_1kpuhqnj_1_1 tag=MON_LV1_2_15 comment=NONE
channel ORA_DISK_2: backup set complete, elapsed time: 00:00:03
channel ORA_DISK_1: finished piece 1 at 05/02/2015 21:32:43
piece handle=+DATA/rman/level1_05_20150205_1jpuhqid_1_1 tag=MON_LV1_2_15 comment=NONE
channel ORA_DISK_1: starting piece 2 at 05/02/2015 21:32:43
channel ORA_DISK_1: finished piece 2 at 05/02/2015 21:40:08
piece handle=+DATA/rman/level1_05_20150205_1jpuhqid_2_1 tag=MON_LV1_2_15 comment=NONE
channel ORA_DISK_1: backup set complete, elapsed time: 00:20:58
Finished backup at 05/02/2015 21:40:08

Starting Control File and SPFILE Autobackup at 05/02/2015 21:40:09
piece handle=+RECO/rman/c-271141816-20150205-00 comment=NONE
Finished Control File and SPFILE Autobackup at 05/02/2015 21:40:12

sql statement: ALTER SYSTEM ARCHIVE LOG CURRENT

Starting backup at 05/02/2015 21:40:19
current log archived
using channel ORA_DISK_1
using channel ORA_DISK_2
channel ORA_DISK_1: starting compressed archived log backup set
channel ORA_DISK_1: specifying archived log(s) in backup set
input archived log thread=1 sequence=21059 RECID=57566 STAMP=870852209
input archived log thread=2 sequence=17364 RECID=57567 STAMP=870863462
input archived log thread=1 sequence=21060 RECID=57569 STAMP=870863576
input archived log thread=2 sequence=17365 RECID=57568 STAMP=870863518
input archived log thread=2 sequence=17366 RECID=57570 STAMP=870863614
input archived log thread=2 sequence=17367 RECID=57571 STAMP=870863677
input archived log thread=1 sequence=21061 RECID=57573 STAMP=870863847
input archived log thread=2 sequence=17368 RECID=57572 STAMP=870863837
input archived log thread=2 sequence=17369 RECID=57574 STAMP=870863893
input archived log thread=2 sequence=17370 RECID=57576 STAMP=870864684
input archived log thread=1 sequence=21062 RECID=57575 STAMP=870864595
input archived log thread=1 sequence=21063 RECID=57577 STAMP=870864657
input archived log thread=1 sequence=21064 RECID=57579 STAMP=870865488
input archived log thread=2 sequence=17371 RECID=57578 STAMP=870864880
input archived log thread=2 sequence=17372 RECID=57581 STAMP=870867387
input archived log thread=1 sequence=21065 RECID=57580 STAMP=870866707
input archived log thread=1 sequence=21066 RECID=57582 STAMP=870867359
input archived log thread=1 sequence=21067 RECID=57583 STAMP=870868049
input archived log thread=2 sequence=17373 RECID=57585 STAMP=870869090
input archived log thread=1 sequence=21068 RECID=57584 STAMP=870868709
input archived log thread=1 sequence=21069 RECID=57586 STAMP=870869064
input archived log thread=1 sequence=21070 RECID=57587 STAMP=870869112
input archived log thread=2 sequence=17374 RECID=57589 STAMP=870869611
input archived log thread=1 sequence=21071 RECID=57588 STAMP=870869415
input archived log thread=1 sequence=21072 RECID=57590 STAMP=870869586
input archived log thread=1 sequence=21073 RECID=57591 STAMP=870869754
channel ORA_DISK_1: starting piece 1 at 05/02/2015 21:40:24
channel ORA_DISK_2: starting compressed archived log backup set
channel ORA_DISK_2: specifying archived log(s) in backup set
input archived log thread=2 sequence=17375 RECID=57593 STAMP=870881694
input archived log thread=1 sequence=21074 RECID=57592 STAMP=870869872
input archived log thread=1 sequence=21075 RECID=57596 STAMP=870882705
input archived log thread=2 sequence=17376 RECID=57594 STAMP=870882084
input archived log thread=2 sequence=17377 RECID=57595 STAMP=870882739
input archived log thread=2 sequence=17378 RECID=57597 STAMP=870884128
input archived log thread=1 sequence=21076 RECID=57599 STAMP=870894273
input archived log thread=2 sequence=17379 RECID=57598 STAMP=870884378
input archived log thread=2 sequence=17380 RECID=57601 STAMP=870896086
input archived log thread=1 sequence=21077 RECID=57600 STAMP=870896040
input archived log thread=1 sequence=21078 RECID=57602 STAMP=870896058
input archived log thread=1 sequence=21079 RECID=57604 STAMP=870896894
input archived log thread=2 sequence=17381 RECID=57603 STAMP=870896922
input archived log thread=2 sequence=17382 RECID=57605 STAMP=870896937
input archived log thread=2 sequence=17383 RECID=57606 STAMP=870896956
input archived log thread=1 sequence=21080 RECID=57608 STAMP=870897038
input archived log thread=2 sequence=17384 RECID=57607 STAMP=870897065
input archived log thread=2 sequence=17385 RECID=57609 STAMP=870897083
input archived log thread=2 sequence=17386 RECID=57610 STAMP=870897101
input archived log thread=1 sequence=21081 RECID=57612 STAMP=870897124
input archived log thread=2 sequence=17387 RECID=57611 STAMP=870897152
input archived log thread=2 sequence=17388 RECID=57613 STAMP=870897172
input archived log thread=2 sequence=17389 RECID=57614 STAMP=870897190
input archived log thread=1 sequence=21082 RECID=57616 STAMP=870903619
input archived log thread=2 sequence=17390 RECID=57615 STAMP=870903654
input archived log thread=2 sequence=17391 RECID=57618 STAMP=870903657
input archived log thread=1 sequence=21083 RECID=57617 STAMP=870903619
channel ORA_DISK_2: starting piece 1 at 05/02/2015 21:40:24
channel ORA_DISK_1: finished piece 1 at 05/02/2015 21:47:29
piece handle=+DATA/rman/archi_05_20150205_1mpuhrq8_1_1 tag=MONTHLY_ARCH_2_15 comment=NONE
channel ORA_DISK_1: starting piece 2 at 05/02/2015 21:47:29
channel ORA_DISK_2: finished piece 1 at 05/02/2015 21:47:44
piece handle=+DATA/rman/archi_05_20150205_1npuhrq8_1_1 tag=MONTHLY_ARCH_2_15 comment=NONE
channel ORA_DISK_2: starting piece 2 at 05/02/2015 21:47:44
channel ORA_DISK_1: finished piece 2 at 05/02/2015 21:54:19
piece handle=+DATA/rman/archi_05_20150205_1mpuhrq8_2_1 tag=MONTHLY_ARCH_2_15 comment=NONE
channel ORA_DISK_1: starting piece 3 at 05/02/2015 21:54:19
channel ORA_DISK_2: finished piece 2 at 05/02/2015 21:55:04
piece handle=+DATA/rman/archi_05_20150205_1npuhrq8_2_1 tag=MONTHLY_ARCH_2_15 comment=NONE
channel ORA_DISK_2: starting piece 3 at 05/02/2015 21:55:04
channel ORA_DISK_2: finished piece 3 at 05/02/2015 21:56:49
piece handle=+DATA/rman/archi_05_20150205_1npuhrq8_3_1 tag=MONTHLY_ARCH_2_15 comment=NONE
channel ORA_DISK_2: backup set complete, elapsed time: 00:16:25
channel ORA_DISK_2: deleting archived log(s)
archived log file name=+RECO/ccbs/archivelog/2015_02_05/thread_2_seq_17375.4173.870881683 RECID=57593 STAMP=870881694
archived log file name=+RECO/ccbs/archivelog/2015_02_05/thread_1_seq_21074.501.870869861 RECID=57592 STAMP=870869872
archived log file name=+RECO/ccbs/archivelog/2015_02_05/thread_1_seq_21075.3897.870882695 RECID=57596 STAMP=870882705
archived log file name=+RECO/ccbs/archivelog/2015_02_05/thread_2_seq_17376.4022.870882073 RECID=57594 STAMP=870882084
archived log file name=+RECO/ccbs/archivelog/2015_02_05/thread_2_seq_17377.4016.870882727 RECID=57595 STAMP=870882739
archived log file name=+RECO/ccbs/archivelog/2015_02_05/thread_2_seq_17378.4185.870884117 RECID=57597 STAMP=870884128
archived log file name=+RECO/ccbs/archivelog/2015_02_05/thread_1_seq_21076.4037.870894261 RECID=57599 STAMP=870894273
archived log file name=+RECO/ccbs/archivelog/2015_02_05/thread_2_seq_17379.3960.870884367 RECID=57598 STAMP=870884378
archived log file name=+RECO/ccbs/archivelog/2015_02_05/thread_2_seq_17380.2424.870896083 RECID=57601 STAMP=870896086
archived log file name=+RECO/ccbs/archivelog/2015_02_05/thread_1_seq_21077.820.870896027 RECID=57600 STAMP=870896040
archived log file name=+RECO/ccbs/archivelog/2015_02_05/thread_1_seq_21078.2395.870896045 RECID=57602 STAMP=870896058
archived log file name=+RECO/ccbs/archivelog/2015_02_05/thread_1_seq_21079.2768.870896893 RECID=57604 STAMP=870896894
archived log file name=+RECO/ccbs/archivelog/2015_02_05/thread_2_seq_17381.2738.870896909 RECID=57603 STAMP=870896922
archived log file name=+RECO/ccbs/archivelog/2015_02_05/thread_2_seq_17382.2403.870896925 RECID=57605 STAMP=870896937
archived log file name=+RECO/ccbs/archivelog/2015_02_05/thread_2_seq_17383.4101.870896943 RECID=57606 STAMP=870896956
archived log file name=+RECO/ccbs/archivelog/2015_02_05/thread_1_seq_21080.3579.870897037 RECID=57608 STAMP=870897038
archived log file name=+RECO/ccbs/archivelog/2015_02_05/thread_2_seq_17384.4033.870897053 RECID=57607 STAMP=870897065
archived log file name=+RECO/ccbs/archivelog/2015_02_05/thread_2_seq_17385.1967.870897071 RECID=57609 STAMP=870897083
archived log file name=+RECO/ccbs/archivelog/2015_02_05/thread_2_seq_17386.2818.870897089 RECID=57610 STAMP=870897101
archived log file name=+RECO/ccbs/archivelog/2015_02_05/thread_1_seq_21081.2473.870897123 RECID=57612 STAMP=870897124
archived log file name=+RECO/ccbs/archivelog/2015_02_05/thread_2_seq_17387.2800.870897141 RECID=57611 STAMP=870897152
archived log file name=+RECO/ccbs/archivelog/2015_02_05/thread_2_seq_17388.2460.870897159 RECID=57613 STAMP=870897172
archived log file name=+RECO/ccbs/archivelog/2015_02_05/thread_2_seq_17389.2820.870897177 RECID=57614 STAMP=870897190
archived log file name=+RECO/ccbs/archivelog/2015_02_05/thread_1_seq_21082.3081.870903615 RECID=57616 STAMP=870903619
archived log file name=+RECO/ccbs/archivelog/2015_02_05/thread_2_seq_17390.2140.870903651 RECID=57615 STAMP=870903654
archived log file name=+RECO/ccbs/archivelog/2015_02_05/thread_2_seq_17391.2551.870903657 RECID=57618 STAMP=870903657
archived log file name=+RECO/ccbs/archivelog/2015_02_05/thread_1_seq_21083.2525.870903619 RECID=57617 STAMP=870903619
channel ORA_DISK_1: finished piece 3 at 05/02/2015 21:58:52
piece handle=+DATA/rman/archi_05_20150205_1mpuhrq8_3_1 tag=MONTHLY_ARCH_2_15 comment=NONE
channel ORA_DISK_1: backup set complete, elapsed time: 00:18:28
channel ORA_DISK_1: deleting archived log(s)
archived log file name=+RECO/ccbs/archivelog/2015_02_05/thread_1_seq_21059.976.870852199 RECID=57566 STAMP=870852209
archived log file name=+RECO/ccbs/archivelog/2015_02_05/thread_2_seq_17364.1076.870863451 RECID=57567 STAMP=870863462
archived log file name=+RECO/ccbs/archivelog/2015_02_05/thread_1_seq_21060.3511.870863559 RECID=57569 STAMP=870863576
archived log file name=+RECO/ccbs/archivelog/2015_02_05/thread_2_seq_17365.3939.870863505 RECID=57568 STAMP=870863518
archived log file name=+RECO/ccbs/archivelog/2015_02_05/thread_2_seq_17366.3530.870863595 RECID=57570 STAMP=870863614
archived log file name=+RECO/ccbs/archivelog/2015_02_05/thread_2_seq_17367.678.870863663 RECID=57571 STAMP=870863677
archived log file name=+RECO/ccbs/archivelog/2015_02_05/thread_1_seq_21061.3096.870863847 RECID=57573 STAMP=870863847
archived log file name=+RECO/ccbs/archivelog/2015_02_05/thread_2_seq_17368.3865.870863825 RECID=57572 STAMP=870863837
archived log file name=+RECO/ccbs/archivelog/2015_02_05/thread_2_seq_17369.1901.870863881 RECID=57574 STAMP=870863893
archived log file name=+RECO/ccbs/archivelog/2015_02_05/thread_2_seq_17370.3950.870864679 RECID=57576 STAMP=870864684
archived log file name=+RECO/ccbs/archivelog/2015_02_05/thread_1_seq_21062.3933.870864583 RECID=57575 STAMP=870864595
archived log file name=+RECO/ccbs/archivelog/2015_02_05/thread_1_seq_21063.1987.870864643 RECID=57577 STAMP=870864657
archived log file name=+RECO/ccbs/archivelog/2015_02_05/thread_1_seq_21064.3585.870865477 RECID=57579 STAMP=870865488
archived log file name=+RECO/ccbs/archivelog/2015_02_05/thread_2_seq_17371.2918.870864869 RECID=57578 STAMP=870864880
archived log file name=+RECO/ccbs/archivelog/2015_02_05/thread_2_seq_17372.1931.870867385 RECID=57581 STAMP=870867387
archived log file name=+RECO/ccbs/archivelog/2015_02_05/thread_1_seq_21065.3958.870866695 RECID=57580 STAMP=870866707
archived log file name=+RECO/ccbs/archivelog/2015_02_05/thread_1_seq_21066.2511.870867347 RECID=57582 STAMP=870867359
archived log file name=+RECO/ccbs/archivelog/2015_02_05/thread_1_seq_21067.3019.870868037 RECID=57583 STAMP=870868049
archived log file name=+RECO/ccbs/archivelog/2015_02_05/thread_2_seq_17373.2170.870869089 RECID=57585 STAMP=870869090
archived log file name=+RECO/ccbs/archivelog/2015_02_05/thread_1_seq_21068.2651.870868699 RECID=57584 STAMP=870868709
archived log file name=+RECO/ccbs/archivelog/2015_02_05/thread_1_seq_21069.4000.870869053 RECID=57586 STAMP=870869064
archived log file name=+RECO/ccbs/archivelog/2015_02_05/thread_1_seq_21070.4064.870869101 RECID=57587 STAMP=870869112
archived log file name=+RECO/ccbs/archivelog/2015_02_05/thread_2_seq_17374.4243.870869611 RECID=57589 STAMP=870869611
archived log file name=+RECO/ccbs/archivelog/2015_02_05/thread_1_seq_21071.4032.870869403 RECID=57588 STAMP=870869415
archived log file name=+RECO/ccbs/archivelog/2015_02_05/thread_1_seq_21072.4152.870869575 RECID=57590 STAMP=870869586
archived log file name=+RECO/ccbs/archivelog/2015_02_05/thread_1_seq_21073.4184.870869743 RECID=57591 STAMP=870869754
Finished backup at 05/02/2015 21:58:53

Starting Control File and SPFILE Autobackup at 05/02/2015 21:58:54
piece handle=+RECO/rman/c-271141816-20150205-01 comment=NONE
Finished Control File and SPFILE Autobackup at 05/02/2015 21:58:57

Recovery Manager complete.
