
Recovery Manager: Release 11.2.0.2.0 - Production on Thu Nov 13 21:00:01 2014

Copyright (c) 1982, 2009, Oracle and/or its affiliates.  All rights reserved.

connected to target database: CCBS (DBID=271141816)

RMAN> #CONFIGURE RETENTION POLICY TO REDUNDANCY 1;	#updated 20/3/2014 
2> #CONFIGURE BACKUP OPTIMIZATION ON;
3> #CONFIGURE DEFAULT DEVICE TYPE TO DISK; # default
4> #CONFIGURE CONTROLFILE AUTOBACKUP OFF;
5> #CONFIGURE CONTROLFILE AUTOBACKUP FORMAT FOR DEVICE TYPE DISK TO '+RECO/RMAN/%F';
6> #CONFIGURE DEVICE TYPE DISK PARALLELISM 2 BACKUP TYPE TO COMPRESSED BACKUPSET;
7> #CONFIGURE DATAFILE BACKUP COPIES FOR DEVICE TYPE DISK TO 1; # default
8> #CONFIGURE ARCHIVELOG BACKUP COPIES FOR DEVICE TYPE DISK TO 1; # default
9> #CONFIGURE CHANNEL DEVICE TYPE DISK MAXPIECESIZE 4 G; #updated 24/3/2014
10> #CONFIGURE MAXSETSIZE TO UNLIMITED;
11> #CONFIGURE ENCRYPTION FOR DATABASE OFF; # default
12> #CONFIGURE ENCRYPTION ALGORITHM 'AES128'; # default
13> #CONFIGURE COMPRESSION ALGORITHM 'BASIC' AS OF RELEASE 'DEFAULT' OPTIMIZE FOR LOAD TRUE ; # default
14> #Chi khi nao cac archive da duoc apply tren cac standby thi moi cho delete.
15> #CONFIGURE ARCHIVELOG DELETION POLICY TO APPLIED ON ALL STANDBY;
16> #CONFIGURE SNAPSHOT CONTROLFILE NAME TO '/u01/app/oracle/product/11.2.0.2/dbhome_1/dbs/snapcf_ccbs1.f'; # default
17> 
18> 
19> #updated 20/8/2014
20> # Ngay 1:
21> #	Xoa cac backup obsolete: Giu lai backupset hien tai, xoa cac ban backupset truoc do.
22> #	Backup level0 vao +RECO	tag MONTHLY_LEVEL_0_day1
23> # 	copy ban level0 thu 2 vao o dia /mnt/nfs52100/RMAN	copy_MONTHLY_LEVEL_0_day1
24> # Ngay 2-15:
25> #	Backup copies 2 level1 vao +RECO,/mnt/nfs52100/RMAN
26> #	Backup copies 2 archived vao +RECO,/mnt/nfs52100/RMAN
27> #	Delete archived all
28> 
29> # Ngay 16:
30> #	Xoa cac backup obsolete: Giu lai backupset hien tai, xoa cac ban backupset truoc do.
31> #	Backup level0 vao +RECO	tag MONTHLY_LEVEL_0_day16
32> # 	copy ban level0 thu 2 vao o dia /mnt/nfs52100/RMAN	tag copy_MONTHLY_LEVEL_0_day16
33> # Ngay 17-31:
34> #	Backup copies 2 level1 vao +RECO,/mnt/nfs52100/RMAN	
35> #	Backup copies 2 archived vao +RECO,/mnt/nfs52100/RMAN
36> #	Delete archived all
37> 
38> run
39> {
40>    backup incremental level 1 copies 2 format '+RECO/RMAN/level1_%D_%T_%U','/mnt/nfs52100/RMAN/level1_%D_%T_%U' tag MONTHLY_LEVEL_1 
41> #   backup incremental level 1 copies 2 format '+RECO/RMAN/level1_%D_%T_%U' tag MONTHLY_LEVEL_1 
42> 
43>   database include current controlfile;
44> 	sql 'ALTER SYSTEM ARCHIVE LOG CURRENT';
45> 	backup as compressed backupset copies 2 archivelog all format '+DATA/RMAN/archi_%D_%T_%U','/u03/rman_ccbs_ftp5/RMAN/archi_%D_%T_%U'
46>   tag monthly_arch delete input;
47> }
48> 
Starting backup at 13/11/2014 21:00:04
using target database control file instead of recovery catalog
allocated channel: ORA_DISK_1
channel ORA_DISK_1: SID=1149 instance=ccbs1 device type=DISK
allocated channel: ORA_DISK_2
channel ORA_DISK_2: SID=1237 instance=ccbs1 device type=DISK
channel ORA_DISK_1: starting compressed incremental level 1 datafile backup set
channel ORA_DISK_1: specifying datafile(s) in backup set
input datafile file number=00002 name=+DATA/ccbs/datafile/sysaux.258.772710837
input datafile file number=00107 name=+DATA/ccbs/datafile/sysaux.390.822699669
input datafile file number=00130 name=+DATA/ccbs/datafile/undotbs1_02.426.857385663
input datafile file number=00133 name=+DATA/ccbs/datafile/undotbs2_02.516.857386025
input datafile file number=00001 name=+DATA/ccbs/datafile/system.271.772710825
input datafile file number=00061 name=+DATA/ccbs/datafile/gg_data.338.779148549
input datafile file number=00007 name=+DATA/ccbs/datafile/users.282.774527471
input datafile file number=00010 name=+DATA/ccbs/datafile/indx.287.774530539
input datafile file number=00013 name=+DATA/ccbs/datafile/indx.290.774541697
input datafile file number=00016 name=+DATA/ccbs/datafile/indx.293.774541877
input datafile file number=00019 name=+DATA/ccbs/datafile/indx.296.774541987
input datafile file number=00022 name=+DATA/ccbs/datafile/users.299.774543191
input datafile file number=00025 name=+DATA/ccbs/datafile/users.302.774543327
input datafile file number=00028 name=+DATA/ccbs/datafile/users.305.774543443
input datafile file number=00031 name=+DATA/ccbs/datafile/users.308.774543671
input datafile file number=00034 name=+DATA/ccbs/datafile/users.311.775873655
input datafile file number=00037 name=+DATA/ccbs/datafile/users.314.775996677
input datafile file number=00040 name=+DATA/ccbs/datafile/users.317.775996743
input datafile file number=00043 name=+DATA/ccbs/datafile/users.320.775997701
input datafile file number=00046 name=+DATA/ccbs/datafile/users.323.775997787
input datafile file number=00049 name=+DATA/ccbs/datafile/users.326.775997875
input datafile file number=00052 name=+DATA/ccbs/datafile/users.329.775998289
input datafile file number=00055 name=+DATA/ccbs/datafile/users.332.776000393
input datafile file number=00058 name=+DATA/ccbs/datafile/users.335.776001375
input datafile file number=00062 name=+DATA/ccbs/datafile/users.339.780491723
input datafile file number=00065 name=+DATA/ccbs/datafile/users.342.780492259
input datafile file number=00068 name=+DATA/ccbs/datafile/users.345.780493063
input datafile file number=00071 name=+DATA/ccbs/datafile/users.348.780493937
input datafile file number=00074 name=+DATA/ccbs/datafile/indx.351.780853091
input datafile file number=00077 name=+DATA/ccbs/datafile/indx.354.780853419
input datafile file number=00080 name=+DATA/ccbs/datafile/users.357.780853601
input datafile file number=00083 name=+DATA/ccbs/datafile/users.360.780853693
input datafile file number=00086 name=+DATA/ccbs/datafile/users.363.780853829
input datafile file number=00089 name=+DATA/ccbs/datafile/users.366.780853939
input datafile file number=00092 name=+DATA/ccbs/datafile/users.369.780853997
input datafile file number=00095 name=+DATA/ccbs/datafile/users.372.780854143
input datafile file number=00098 name=+DATA/ccbs/datafile/users.375.780854347
input datafile file number=00101 name=+DATA/ccbs/datafile/tbs_others.267.792772437
input datafile file number=00104 name=+DATA/ccbs/datafile/indx.387.819597647
input datafile file number=00124 name=+DATA/ccbs/datafile/indx.417.843228737
input datafile file number=00109 name=+DATA/ccbs/datafile/indx.402.843228399
input datafile file number=00112 name=+DATA/ccbs/datafile/indx.405.843228469
input datafile file number=00115 name=+DATA/ccbs/datafile/indx.408.843228491
input datafile file number=00118 name=+DATA/ccbs/datafile/indx.411.843228541
input datafile file number=00121 name=+DATA/ccbs/datafile/indx.414.843228559
channel ORA_DISK_1: starting piece 1 at 13/11/2014 21:00:12
channel ORA_DISK_2: starting compressed incremental level 1 datafile backup set
channel ORA_DISK_2: specifying datafile(s) in backup set
input datafile file number=00105 name=+DATA/ccbs/datafile/sysaux.388.822699379
input datafile file number=00108 name=+DATA/ccbs/datafile/sysaux.391.822699673
input datafile file number=00129 name=+DATA/ccbs/datafile/undotbs1_02.468.857385623
input datafile file number=00132 name=+DATA/ccbs/datafile/undotbs2_02.538.857385993
input datafile file number=00135 name=+DATA/ccbs/datafile/undotbs2_02.633.857386105
input datafile file number=00006 name=+DATA/ccbs/datafile/indx.285.774530247
input datafile file number=00009 name=+DATA/ccbs/datafile/indx.286.774530435
input datafile file number=00012 name=+DATA/ccbs/datafile/tbs_others.289.774531237
input datafile file number=00015 name=+DATA/ccbs/datafile/indx.292.774541795
input datafile file number=00018 name=+DATA/ccbs/datafile/indx.295.774541965
input datafile file number=00021 name=+DATA/ccbs/datafile/users.298.774543045
input datafile file number=00024 name=+DATA/ccbs/datafile/users.301.774543271
input datafile file number=00027 name=+DATA/ccbs/datafile/users.304.774543419
input datafile file number=00030 name=+DATA/ccbs/datafile/users.307.774543485
input datafile file number=00033 name=+DATA/ccbs/datafile/users.310.775873623
input datafile file number=00036 name=+DATA/ccbs/datafile/users.313.775873743
input datafile file number=00039 name=+DATA/ccbs/datafile/users.316.775996723
input datafile file number=00042 name=+DATA/ccbs/datafile/users.319.775997681
input datafile file number=00045 name=+DATA/ccbs/datafile/users.322.775997741
input datafile file number=00048 name=+DATA/ccbs/datafile/users.325.775997857
input datafile file number=00051 name=+DATA/ccbs/datafile/users.328.775997951
input datafile file number=00054 name=+DATA/ccbs/datafile/users.331.775998423
input datafile file number=00057 name=+DATA/ccbs/datafile/users.334.776000867
input datafile file number=00060 name=+DATA/ccbs/datafile/tbs_others.337.776001527
input datafile file number=00064 name=+DATA/ccbs/datafile/users.341.780492153
input datafile file number=00067 name=+DATA/ccbs/datafile/users.344.780492429
input datafile file number=00070 name=+DATA/ccbs/datafile/users.347.780493719
input datafile file number=00073 name=+DATA/ccbs/datafile/indx.350.780852893
input datafile file number=00076 name=+DATA/ccbs/datafile/indx.353.780853327
input datafile file number=00079 name=+DATA/ccbs/datafile/users.356.780853583
input datafile file number=00082 name=+DATA/ccbs/datafile/users.359.780853645
input datafile file number=00085 name=+DATA/ccbs/datafile/users.362.780853743
input datafile file number=00088 name=+DATA/ccbs/datafile/users.365.780853919
input datafile file number=00091 name=+DATA/ccbs/datafile/users.368.780853979
input datafile file number=00094 name=+DATA/ccbs/datafile/users.371.780854093
input datafile file number=00097 name=+DATA/ccbs/datafile/users.374.780854327
input datafile file number=00100 name=+DATA/ccbs/datafile/users.377.780854429
input datafile file number=00103 name=+DATA/ccbs/datafile/indx.386.819597557
input datafile file number=00123 name=+DATA/ccbs/datafile/indx.416.843228721
input datafile file number=00126 name=+DATA/ccbs/datafile/indx.419.843228767
input datafile file number=00111 name=+DATA/ccbs/datafile/indx.404.843228463
input datafile file number=00114 name=+DATA/ccbs/datafile/indx.407.843228483
input datafile file number=00117 name=+DATA/ccbs/datafile/indx.410.843228505
input datafile file number=00120 name=+DATA/ccbs/datafile/indx.413.843228553
channel ORA_DISK_2: starting piece 1 at 13/11/2014 21:00:14
channel ORA_DISK_2: finished piece 1 at 13/11/2014 21:20:19 with 2 copies and tag MONTHLY_LEVEL_1
piece handle=+RECO/rman/level1_13_20141113_eopnhlis_1_1 comment=NONE
piece handle=/mnt/nfs52100/RMAN/level1_13_20141113_eopnhlis_1_2 comment=NONE
channel ORA_DISK_2: backup set complete, elapsed time: 00:20:05
channel ORA_DISK_2: starting compressed incremental level 1 datafile backup set
channel ORA_DISK_2: specifying datafile(s) in backup set
input datafile file number=00106 name=+DATA/ccbs/datafile/sysaux.389.822699397
input datafile file number=00127 name=+DATA/ccbs/datafile/undotbs1_02.455.857385555
input datafile file number=00128 name=+DATA/ccbs/datafile/undotbs1_02.425.857385591
input datafile file number=00131 name=+DATA/ccbs/datafile/undotbs2_02.423.857385961
input datafile file number=00134 name=+DATA/ccbs/datafile/undotbs2_02.485.857386063
input datafile file number=00005 name=+DATA/ccbs/datafile/users.269.772710879
input datafile file number=00008 name=+DATA/ccbs/datafile/users.283.774527719
input datafile file number=00011 name=+DATA/ccbs/datafile/tbs_others.288.774531157
input datafile file number=00014 name=+DATA/ccbs/datafile/indx.291.774541763
input datafile file number=00017 name=+DATA/ccbs/datafile/indx.294.774541943
input datafile file number=00020 name=+DATA/ccbs/datafile/users.297.774542019
input datafile file number=00023 name=+DATA/ccbs/datafile/users.300.774543249
input datafile file number=00026 name=+DATA/ccbs/datafile/users.303.774543375
input datafile file number=00029 name=+DATA/ccbs/datafile/users.306.774543465
input datafile file number=00032 name=+DATA/ccbs/datafile/users.309.774543697
input datafile file number=00035 name=+DATA/ccbs/datafile/users.312.775873715
input datafile file number=00038 name=+DATA/ccbs/datafile/users.315.775996699
input datafile file number=00041 name=+DATA/ccbs/datafile/users.318.775997657
input datafile file number=00044 name=+DATA/ccbs/datafile/users.321.775997721
input datafile file number=00047 name=+DATA/ccbs/datafile/users.324.775997821
input datafile file number=00050 name=+DATA/ccbs/datafile/users.327.775997915
input datafile file number=00053 name=+DATA/ccbs/datafile/users.330.775998311
input datafile file number=00056 name=+DATA/ccbs/datafile/users.333.776000415
input datafile file number=00059 name=+DATA/ccbs/datafile/tbs_others.336.776001499
input datafile file number=00063 name=+DATA/ccbs/datafile/users.340.780491785
input datafile file number=00066 name=+DATA/ccbs/datafile/users.343.780492321
input datafile file number=00069 name=+DATA/ccbs/datafile/users.346.780493683
input datafile file number=00072 name=+DATA/ccbs/datafile/indx.349.780852847
input datafile file number=00075 name=+DATA/ccbs/datafile/indx.352.780853165
input datafile file number=00078 name=+DATA/ccbs/datafile/users.355.780853553
input datafile file number=00081 name=+DATA/ccbs/datafile/users.358.780853623
input datafile file number=00084 name=+DATA/ccbs/datafile/users.361.780853717
input datafile file number=00087 name=+DATA/ccbs/datafile/users.364.780853901
input datafile file number=00090 name=+DATA/ccbs/datafile/users.367.780853961
input datafile file number=00093 name=+DATA/ccbs/datafile/users.370.780854023
input datafile file number=00096 name=+DATA/ccbs/datafile/users.373.780854307
input datafile file number=00099 name=+DATA/ccbs/datafile/users.376.780854365
input datafile file number=00102 name=+DATA/ccbs/datafile/indx.284.819597493
input datafile file number=00122 name=+DATA/ccbs/datafile/indx.415.843228705
input datafile file number=00125 name=+DATA/ccbs/datafile/indx.418.843228751
input datafile file number=00110 name=+DATA/ccbs/datafile/indx.403.843228457
input datafile file number=00113 name=+DATA/ccbs/datafile/indx.406.843228475
input datafile file number=00116 name=+DATA/ccbs/datafile/indx.409.843228497
input datafile file number=00119 name=+DATA/ccbs/datafile/indx.412.843228547
channel ORA_DISK_2: starting piece 1 at 13/11/2014 21:20:21
channel ORA_DISK_1: finished piece 1 at 13/11/2014 21:21:06 with 2 copies and tag MONTHLY_LEVEL_1
piece handle=+RECO/rman/level1_13_20141113_enpnhlir_1_1 comment=NONE
piece handle=/mnt/nfs52100/RMAN/level1_13_20141113_enpnhlir_1_2 comment=NONE
channel ORA_DISK_1: backup set complete, elapsed time: 00:20:54
channel ORA_DISK_1: starting compressed incremental level 1 datafile backup set
channel ORA_DISK_1: specifying datafile(s) in backup set
including current control file in backup set
channel ORA_DISK_1: starting piece 1 at 13/11/2014 21:21:09
channel ORA_DISK_1: finished piece 1 at 13/11/2014 21:21:16 with 2 copies and tag MONTHLY_LEVEL_1
piece handle=+RECO/rman/level1_13_20141113_eqpnhmq2_1_1 comment=NONE
piece handle=/mnt/nfs52100/RMAN/level1_13_20141113_eqpnhmq2_1_2 comment=NONE
channel ORA_DISK_1: backup set complete, elapsed time: 00:00:07
channel ORA_DISK_2: finished piece 1 at 13/11/2014 21:43:04 with 2 copies and tag MONTHLY_LEVEL_1
piece handle=+RECO/rman/level1_13_20141113_eppnhmoj_1_1 comment=NONE
piece handle=/mnt/nfs52100/RMAN/level1_13_20141113_eppnhmoj_1_2 comment=NONE
channel ORA_DISK_2: backup set complete, elapsed time: 00:22:43
Finished backup at 13/11/2014 21:43:04

Starting Control File and SPFILE Autobackup at 13/11/2014 21:43:04
piece handle=+RECO/rman/c-271141816-20141113-00 comment=NONE
Finished Control File and SPFILE Autobackup at 13/11/2014 21:43:08

sql statement: ALTER SYSTEM ARCHIVE LOG CURRENT

Starting backup at 13/11/2014 21:43:18
current log archived
using channel ORA_DISK_1
using channel ORA_DISK_2
channel ORA_DISK_1: starting compressed archived log backup set
channel ORA_DISK_1: specifying archived log(s) in backup set
input archived log thread=2 sequence=15512 RECID=52634 STAMP=862913439
input archived log thread=1 sequence=18898 RECID=52636 STAMP=862924758
input archived log thread=2 sequence=15513 RECID=52645 STAMP=862924936
input archived log thread=1 sequence=18899 RECID=52637 STAMP=862924759
input archived log thread=1 sequence=18900 RECID=52640 STAMP=862924911
input archived log thread=1 sequence=18901 RECID=52641 STAMP=862924914
input archived log thread=1 sequence=18902 RECID=52646 STAMP=862932728
input archived log thread=2 sequence=15514 RECID=52651 STAMP=862950669
input archived log thread=1 sequence=18903 RECID=52649 STAMP=862939068
input archived log thread=1 sequence=18904 RECID=52652 STAMP=862950672
input archived log thread=1 sequence=18905 RECID=52654 STAMP=862953356
input archived log thread=2 sequence=15515 RECID=52655 STAMP=862953356
input archived log thread=2 sequence=15516 RECID=52657 STAMP=862953359
input archived log thread=1 sequence=18906 RECID=52660 STAMP=862953348
input archived log thread=2 sequence=15517 RECID=52665 STAMP=862955108
input archived log thread=1 sequence=18907 RECID=52661 STAMP=862953349
input archived log thread=1 sequence=18908 RECID=52667 STAMP=862955102
input archived log thread=1 sequence=18909 RECID=52673 STAMP=862961101
input archived log thread=2 sequence=15518 RECID=52669 STAMP=862957957
input archived log thread=2 sequence=15519 RECID=52672 STAMP=862961114
input archived log thread=2 sequence=15520 RECID=52677 STAMP=862964558
input archived log thread=1 sequence=18910 RECID=52675 STAMP=862964174
input archived log thread=1 sequence=18911 RECID=52681 STAMP=862999315
input archived log thread=2 sequence=15521 RECID=52679 STAMP=862969112
input archived log thread=2 sequence=15522 RECID=52683 STAMP=863010720
input archived log thread=1 sequence=18912 RECID=52685 STAMP=863016927
input archived log thread=2 sequence=15523 RECID=52690 STAMP=863041873
input archived log thread=1 sequence=18913 RECID=52687 STAMP=863018363
input archived log thread=1 sequence=18914 RECID=52691 STAMP=863041860
input archived log thread=1 sequence=18915 RECID=52692 STAMP=863041861
input archived log thread=2 sequence=15524 RECID=52693 STAMP=863041876
input archived log thread=1 sequence=18916 RECID=52696 STAMP=863049884
input archived log thread=2 sequence=15525 RECID=52700 STAMP=863050082
input archived log thread=1 sequence=18917 RECID=52698 STAMP=863050016
input archived log thread=1 sequence=18918 RECID=52701 STAMP=863050071
input archived log thread=1 sequence=18919 RECID=52707 STAMP=863126884
input archived log thread=2 sequence=15526 RECID=52706 STAMP=863126897
input archived log thread=1 sequence=18920 RECID=52708 STAMP=863126886
input archived log thread=2 sequence=15527 RECID=52710 STAMP=863126900
input archived log thread=1 sequence=18921 RECID=52713 STAMP=863133389
input archived log thread=2 sequence=15528 RECID=52717 STAMP=863136316
input archived log thread=1 sequence=18922 RECID=52714 STAMP=863136143
input archived log thread=1 sequence=18923 RECID=52718 STAMP=863136313
input archived log thread=1 sequence=18924 RECID=52721 STAMP=863177732
input archived log thread=2 sequence=15529 RECID=52724 STAMP=863206666
input archived log thread=1 sequence=18925 RECID=52722 STAMP=863206611
input archived log thread=1 sequence=18926 RECID=52725 STAMP=863206655
input archived log thread=1 sequence=18927 RECID=52726 STAMP=863206698
input archived log thread=2 sequence=15530 RECID=52729 STAMP=863206793
input archived log thread=1 sequence=18928 RECID=52727 STAMP=863206743
input archived log thread=1 sequence=18929 RECID=52730 STAMP=863206788
input archived log thread=1 sequence=18930 RECID=52732 STAMP=863206833
input archived log thread=2 sequence=15531 RECID=52734 STAMP=863206928
input archived log thread=1 sequence=18931 RECID=52733 STAMP=863206879
input archived log thread=1 sequence=18932 RECID=52736 STAMP=863206922
input archived log thread=1 sequence=18933 RECID=52737 STAMP=863206968
channel ORA_DISK_1: starting piece 1 at 13/11/2014 21:43:27
channel ORA_DISK_2: starting compressed archived log backup set
channel ORA_DISK_2: specifying archived log(s) in backup set
input archived log thread=2 sequence=15532 RECID=52740 STAMP=863207072
input archived log thread=1 sequence=18934 RECID=52738 STAMP=863207017
input archived log thread=1 sequence=18935 RECID=52741 STAMP=863207069
input archived log thread=1 sequence=18936 RECID=52742 STAMP=863207500
input archived log thread=2 sequence=15533 RECID=52745 STAMP=863207723
input archived log thread=1 sequence=18937 RECID=52743 STAMP=863207675
input archived log thread=1 sequence=18938 RECID=52746 STAMP=863207719
input archived log thread=1 sequence=18939 RECID=52748 STAMP=863207765
input archived log thread=2 sequence=15534 RECID=52750 STAMP=863207865
input archived log thread=1 sequence=18940 RECID=52749 STAMP=863207815
input archived log thread=1 sequence=18941 RECID=52752 STAMP=863207863
input archived log thread=1 sequence=18942 RECID=52753 STAMP=863207912
input archived log thread=2 sequence=15535 RECID=52756 STAMP=863208012
input archived log thread=1 sequence=18943 RECID=52754 STAMP=863207959
input archived log thread=1 sequence=18944 RECID=52758 STAMP=863208007
input archived log thread=1 sequence=18945 RECID=52759 STAMP=863208059
input archived log thread=2 sequence=15536 RECID=52762 STAMP=863208163
input archived log thread=1 sequence=18946 RECID=52760 STAMP=863208106
input archived log thread=1 sequence=18947 RECID=52763 STAMP=863208158
input archived log thread=1 sequence=18948 RECID=52768 STAMP=863208607
input archived log thread=2 sequence=15537 RECID=52788 STAMP=863213856
input archived log thread=1 sequence=18949 RECID=52789 STAMP=863213849
input archived log thread=1 sequence=18950 RECID=52792 STAMP=863213851
input archived log thread=2 sequence=15538 RECID=52791 STAMP=863213865
input archived log thread=2 sequence=15539 RECID=52797 STAMP=863222321
input archived log thread=1 sequence=18951 RECID=52794 STAMP=863220405
input archived log thread=1 sequence=18952 RECID=52799 STAMP=863222315
input archived log thread=1 sequence=18953 RECID=52801 STAMP=863222511
input archived log thread=2 sequence=15540 RECID=52805 STAMP=863222747
input archived log thread=1 sequence=18954 RECID=52802 STAMP=863222654
input archived log thread=1 sequence=18955 RECID=52806 STAMP=863222743
input archived log thread=1 sequence=18956 RECID=52808 STAMP=863223458
input archived log thread=2 sequence=15541 RECID=52813 STAMP=863253104
input archived log thread=1 sequence=18957 RECID=52811 STAMP=863251337
input archived log thread=1 sequence=18958 RECID=52814 STAMP=863253099
input archived log thread=1 sequence=18959 RECID=52815 STAMP=863253134
input archived log thread=2 sequence=15542 RECID=52820 STAMP=863256412
input archived log thread=1 sequence=18960 RECID=52818 STAMP=863256382
input archived log thread=1 sequence=18961 RECID=52821 STAMP=863256407
input archived log thread=1 sequence=18962 RECID=52823 STAMP=863256436
input archived log thread=2 sequence=15543 RECID=52825 STAMP=863256488
input archived log thread=1 sequence=18963 RECID=52824 STAMP=863256458
input archived log thread=1 sequence=18964 RECID=52827 STAMP=863256482
input archived log thread=1 sequence=18965 RECID=52833 STAMP=863269684
input archived log thread=2 sequence=15544 RECID=52839 STAMP=863300261
input archived log thread=1 sequence=18966 RECID=52835 STAMP=863287583
input archived log thread=1 sequence=18967 RECID=52838 STAMP=863300238
input archived log thread=1 sequence=18968 RECID=52841 STAMP=863300249
input archived log thread=2 sequence=15545 RECID=52840 STAMP=863300264
input archived log thread=2 sequence=15546 RECID=52847 STAMP=863309168
channel ORA_DISK_2: starting piece 1 at 13/11/2014 21:43:28
channel ORA_DISK_1: finished piece 1 at 13/11/2014 22:04:43 with 2 copies and tag MONTHLY_ARCH
piece handle=+DATA/rman/archi_13_20141113_espnho3v_1_1 comment=NONE
piece handle=/u03/rman_ccbs_ftp5/RMAN/archi_13_20141113_espnho3v_1_2 comment=NONE
channel ORA_DISK_1: starting piece 2 at 13/11/2014 22:04:43
channel ORA_DISK_2: finished piece 1 at 13/11/2014 22:04:43 with 2 copies and tag MONTHLY_ARCH
piece handle=+DATA/rman/archi_13_20141113_etpnho3v_1_1 comment=NONE
piece handle=/u03/rman_ccbs_ftp5/RMAN/archi_13_20141113_etpnho3v_1_2 comment=NONE
channel ORA_DISK_2: starting piece 2 at 13/11/2014 22:04:43
channel ORA_DISK_1: finished piece 2 at 13/11/2014 22:24:48 with 2 copies and tag MONTHLY_ARCH
piece handle=+DATA/rman/archi_13_20141113_espnho3v_2_1 comment=NONE
piece handle=/u03/rman_ccbs_ftp5/RMAN/archi_13_20141113_espnho3v_2_2 comment=NONE
channel ORA_DISK_1: starting piece 3 at 13/11/2014 22:24:48
channel ORA_DISK_2: finished piece 2 at 13/11/2014 22:24:48 with 2 copies and tag MONTHLY_ARCH
piece handle=+DATA/rman/archi_13_20141113_etpnho3v_2_1 comment=NONE
piece handle=/u03/rman_ccbs_ftp5/RMAN/archi_13_20141113_etpnho3v_2_2 comment=NONE
channel ORA_DISK_2: starting piece 3 at 13/11/2014 22:24:48
channel ORA_DISK_1: finished piece 3 at 13/11/2014 22:45:03 with 2 copies and tag MONTHLY_ARCH
piece handle=+DATA/rman/archi_13_20141113_espnho3v_3_1 comment=NONE
piece handle=/u03/rman_ccbs_ftp5/RMAN/archi_13_20141113_espnho3v_3_2 comment=NONE
channel ORA_DISK_1: starting piece 4 at 13/11/2014 22:45:03
channel ORA_DISK_2: finished piece 3 at 13/11/2014 22:45:03 with 2 copies and tag MONTHLY_ARCH
piece handle=+DATA/rman/archi_13_20141113_etpnho3v_3_1 comment=NONE
piece handle=/u03/rman_ccbs_ftp5/RMAN/archi_13_20141113_etpnho3v_3_2 comment=NONE
channel ORA_DISK_2: starting piece 4 at 13/11/2014 22:45:03
channel ORA_DISK_2: finished piece 4 at 13/11/2014 22:58:58 with 2 copies and tag MONTHLY_ARCH
piece handle=+DATA/rman/archi_13_20141113_etpnho3v_4_1 comment=NONE
piece handle=/u03/rman_ccbs_ftp5/RMAN/archi_13_20141113_etpnho3v_4_2 comment=NONE
channel ORA_DISK_2: backup set complete, elapsed time: 01:15:30
channel ORA_DISK_2: deleting archived log(s)
archived log file name=+RECO/ccbs/archivelog/2014_11_09/thread_2_seq_15532.3483.863207073 RECID=52740 STAMP=863207072
archived log file name=+RECO/ccbs/archivelog/2014_11_09/thread_1_seq_18934.3495.863207005 RECID=52738 STAMP=863207017
archived log file name=+RECO/ccbs/archivelog/2014_11_09/thread_1_seq_18935.3488.863207057 RECID=52741 STAMP=863207069
archived log file name=+RECO/ccbs/archivelog/2014_11_09/thread_1_seq_18936.4020.863207489 RECID=52742 STAMP=863207500
archived log file name=+RECO/ccbs/archivelog/2014_11_09/thread_2_seq_15533.3314.863207723 RECID=52745 STAMP=863207723
archived log file name=+RECO/ccbs/archivelog/2014_11_09/thread_1_seq_18937.3397.863207663 RECID=52743 STAMP=863207675
archived log file name=+RECO/ccbs/archivelog/2014_11_09/thread_1_seq_18938.3367.863207707 RECID=52746 STAMP=863207719
archived log file name=+RECO/ccbs/archivelog/2014_11_09/thread_1_seq_18939.3310.863207753 RECID=52748 STAMP=863207765
archived log file name=+RECO/ccbs/archivelog/2014_11_09/thread_2_seq_15534.3289.863207865 RECID=52750 STAMP=863207865
archived log file name=+RECO/ccbs/archivelog/2014_11_09/thread_1_seq_18940.3302.863207801 RECID=52749 STAMP=863207815
archived log file name=+RECO/ccbs/archivelog/2014_11_09/thread_1_seq_18941.3298.863207851 RECID=52752 STAMP=863207863
archived log file name=+RECO/ccbs/archivelog/2014_11_09/thread_1_seq_18942.3287.863207899 RECID=52753 STAMP=863207912
archived log file name=+RECO/ccbs/archivelog/2014_11_09/thread_2_seq_15535.4021.863208013 RECID=52756 STAMP=863208012
archived log file name=+RECO/ccbs/archivelog/2014_11_09/thread_1_seq_18943.3283.863207947 RECID=52754 STAMP=863207959
archived log file name=+RECO/ccbs/archivelog/2014_11_09/thread_1_seq_18944.3223.863207995 RECID=52758 STAMP=863208007
archived log file name=+RECO/ccbs/archivelog/2014_11_09/thread_1_seq_18945.2995.863208047 RECID=52759 STAMP=863208059
archived log file name=+RECO/ccbs/archivelog/2014_11_09/thread_2_seq_15536.3032.863208163 RECID=52762 STAMP=863208163
archived log file name=+RECO/ccbs/archivelog/2014_11_09/thread_1_seq_18946.2240.863208095 RECID=52760 STAMP=863208106
archived log file name=+RECO/ccbs/archivelog/2014_11_09/thread_1_seq_18947.1170.863208145 RECID=52763 STAMP=863208158
archived log file name=+RECO/ccbs/archivelog/2014_11_09/thread_1_seq_18948.1960.863208595 RECID=52768 STAMP=863208607
archived log file name=+RECO/ccbs/archivelog/2014_11_09/thread_2_seq_15537.3131.863213855 RECID=52788 STAMP=863213856
archived log file name=+RECO/ccbs/archivelog/2014_11_09/thread_1_seq_18949.3905.863213839 RECID=52789 STAMP=863213849
archived log file name=+RECO/ccbs/archivelog/2014_11_09/thread_1_seq_18950.926.863213851 RECID=52792 STAMP=863213851
archived log file name=+RECO/ccbs/archivelog/2014_11_09/thread_2_seq_15538.822.863213865 RECID=52791 STAMP=863213865
archived log file name=+RECO/ccbs/archivelog/2014_11_09/thread_2_seq_15539.1184.863222321 RECID=52797 STAMP=863222321
archived log file name=+RECO/ccbs/archivelog/2014_11_09/thread_1_seq_18951.493.863220395 RECID=52794 STAMP=863220405
archived log file name=+RECO/ccbs/archivelog/2014_11_09/thread_1_seq_18952.267.863222303 RECID=52799 STAMP=863222315
archived log file name=+RECO/ccbs/archivelog/2014_11_10/thread_1_seq_18953.911.863222499 RECID=52801 STAMP=863222511
archived log file name=+RECO/ccbs/archivelog/2014_11_10/thread_2_seq_15540.1119.863222747 RECID=52805 STAMP=863222747
archived log file name=+RECO/ccbs/archivelog/2014_11_10/thread_1_seq_18954.1061.863222643 RECID=52802 STAMP=863222654
archived log file name=+RECO/ccbs/archivelog/2014_11_10/thread_1_seq_18955.641.863222729 RECID=52806 STAMP=863222743
archived log file name=+RECO/ccbs/archivelog/2014_11_10/thread_1_seq_18956.1074.863223447 RECID=52808 STAMP=863223458
archived log file name=+RECO/ccbs/archivelog/2014_11_10/thread_2_seq_15541.1210.863253103 RECID=52813 STAMP=863253104
archived log file name=+RECO/ccbs/archivelog/2014_11_10/thread_1_seq_18957.2134.863251325 RECID=52811 STAMP=863251337
archived log file name=+RECO/ccbs/archivelog/2014_11_10/thread_1_seq_18958.443.863253087 RECID=52814 STAMP=863253099
archived log file name=+RECO/ccbs/archivelog/2014_11_10/thread_1_seq_18959.1405.863253123 RECID=52815 STAMP=863253134
archived log file name=+RECO/ccbs/archivelog/2014_11_10/thread_2_seq_15542.3069.863256411 RECID=52820 STAMP=863256412
archived log file name=+RECO/ccbs/archivelog/2014_11_10/thread_1_seq_18960.1618.863256371 RECID=52818 STAMP=863256382
archived log file name=+RECO/ccbs/archivelog/2014_11_10/thread_1_seq_18961.305.863256395 RECID=52821 STAMP=863256407
archived log file name=+RECO/ccbs/archivelog/2014_11_10/thread_1_seq_18962.2107.863256423 RECID=52823 STAMP=863256436
archived log file name=+RECO/ccbs/archivelog/2014_11_10/thread_2_seq_15543.4030.863256489 RECID=52825 STAMP=863256488
archived log file name=+RECO/ccbs/archivelog/2014_11_10/thread_1_seq_18963.2999.863256447 RECID=52824 STAMP=863256458
archived log file name=+RECO/ccbs/archivelog/2014_11_10/thread_1_seq_18964.1812.863256471 RECID=52827 STAMP=863256482
archived log file name=+RECO/ccbs/archivelog/2014_11_10/thread_1_seq_18965.2949.863269671 RECID=52833 STAMP=863269684
archived log file name=+RECO/ccbs/archivelog/2014_11_10/thread_2_seq_15544.2220.863300253 RECID=52839 STAMP=863300261
archived log file name=+RECO/ccbs/archivelog/2014_11_10/thread_1_seq_18966.337.863287571 RECID=52835 STAMP=863287583
archived log file name=+RECO/ccbs/archivelog/2014_11_10/thread_1_seq_18967.670.863300237 RECID=52838 STAMP=863300238
archived log file name=+RECO/ccbs/archivelog/2014_11_10/thread_1_seq_18968.530.863300249 RECID=52841 STAMP=863300249
archived log file name=+RECO/ccbs/archivelog/2014_11_10/thread_2_seq_15545.693.863300265 RECID=52840 STAMP=863300264
archived log file name=+RECO/ccbs/archivelog/2014_11_11/thread_2_seq_15546.1004.863309163 RECID=52847 STAMP=863309168
channel ORA_DISK_2: starting compressed archived log backup set
channel ORA_DISK_2: specifying archived log(s) in backup set
input archived log thread=1 sequence=18969 RECID=52844 STAMP=863309079
input archived log thread=1 sequence=18970 RECID=52848 STAMP=863309158
input archived log thread=1 sequence=18971 RECID=52850 STAMP=863333754
input archived log thread=2 sequence=15547 RECID=52856 STAMP=863353360
input archived log thread=1 sequence=18972 RECID=52853 STAMP=863342266
input archived log thread=1 sequence=18973 RECID=52857 STAMP=863353349
input archived log thread=1 sequence=18974 RECID=52859 STAMP=863358751
input archived log thread=2 sequence=15548 RECID=52862 STAMP=863386412
input archived log thread=1 sequence=18975 RECID=52863 STAMP=863386399
input archived log thread=1 sequence=18976 RECID=52864 STAMP=863386400
input archived log thread=2 sequence=15549 RECID=52865 STAMP=863386416
input archived log thread=1 sequence=18977 RECID=52868 STAMP=863389386
input archived log thread=2 sequence=15550 RECID=52870 STAMP=863389401
input archived log thread=2 sequence=15551 RECID=52869 STAMP=863389401
input archived log thread=1 sequence=18978 RECID=52871 STAMP=863389386
input archived log thread=2 sequence=15552 RECID=52875 STAMP=863389403
input archived log thread=1 sequence=18979 RECID=52880 STAMP=863391511
input archived log thread=2 sequence=15553 RECID=52878 STAMP=863391525
input archived log thread=2 sequence=15554 RECID=52879 STAMP=863391526
input archived log thread=1 sequence=18980 RECID=52882 STAMP=863391514
input archived log thread=2 sequence=15555 RECID=52888 STAMP=863391748
input archived log thread=1 sequence=18981 RECID=52885 STAMP=863391627
input archived log thread=1 sequence=18982 RECID=52889 STAMP=863391743
input archived log thread=1 sequence=18983 RECID=52892 STAMP=863393315
input archived log thread=2 sequence=15556 RECID=52896 STAMP=863422056
input archived log thread=1 sequence=18984 RECID=52895 STAMP=863393583
input archived log thread=1 sequence=18985 RECID=52902 STAMP=863422616
input archived log thread=2 sequence=15557 RECID=52898 STAMP=863422143
input archived log thread=2 sequence=15558 RECID=52903 STAMP=863422639
input archived log thread=2 sequence=15559 RECID=52908 STAMP=863448550
input archived log thread=1 sequence=18986 RECID=52904 STAMP=863431452
input archived log thread=1 sequence=18987 RECID=52909 STAMP=863448536
input archived log thread=1 sequence=18988 RECID=52910 STAMP=863454617
input archived log thread=2 sequence=15560 RECID=52915 STAMP=863454966
input archived log thread=1 sequence=18989 RECID=52912 STAMP=863454731
input archived log thread=1 sequence=18990 RECID=52916 STAMP=863454961
input archived log thread=1 sequence=18991 RECID=52918 STAMP=863455083
input archived log thread=2 sequence=15561 RECID=52924 STAMP=863460728
input archived log thread=1 sequence=18992 RECID=52919 STAMP=863455171
input archived log thread=1 sequence=18993 RECID=52925 STAMP=863460722
input archived log thread=1 sequence=18994 RECID=52926 STAMP=863471338
input archived log thread=2 sequence=15562 RECID=52931 STAMP=863481920
input archived log thread=1 sequence=18995 RECID=52928 STAMP=863481711
input archived log thread=1 sequence=18996 RECID=52932 STAMP=863481906
input archived log thread=1 sequence=18997 RECID=52934 STAMP=863506317
input archived log thread=2 sequence=15563 RECID=52943 STAMP=863508823
input archived log thread=1 sequence=18998 RECID=52935 STAMP=863506317
input archived log thread=1 sequence=18999 RECID=52938 STAMP=863508803
input archived log thread=1 sequence=19000 RECID=52939 STAMP=863508806
input archived log thread=1 sequence=19001 RECID=52947 STAMP=863524063
input archived log thread=2 sequence=15564 RECID=52945 STAMP=863519789
input archived log thread=2 sequence=15565 RECID=52949 STAMP=863534787
input archived log thread=1 sequence=19002 RECID=52952 STAMP=863559796
input archived log thread=2 sequence=15566 RECID=52953 STAMP=863559814
input archived log thread=1 sequence=19003 RECID=52954 STAMP=863559800
input archived log thread=2 sequence=15567 RECID=52955 STAMP=863559816
channel ORA_DISK_2: starting piece 1 at 13/11/2014 22:59:04
channel ORA_DISK_1: finished piece 4 at 13/11/2014 23:04:39 with 2 copies and tag MONTHLY_ARCH
piece handle=+DATA/rman/archi_13_20141113_espnho3v_4_1 comment=NONE
piece handle=/u03/rman_ccbs_ftp5/RMAN/archi_13_20141113_espnho3v_4_2 comment=NONE
channel ORA_DISK_1: starting piece 5 at 13/11/2014 23:04:39
channel ORA_DISK_1: finished piece 5 at 13/11/2014 23:08:54 with 2 copies and tag MONTHLY_ARCH
piece handle=+DATA/rman/archi_13_20141113_espnho3v_5_1 comment=NONE
piece handle=/u03/rman_ccbs_ftp5/RMAN/archi_13_20141113_espnho3v_5_2 comment=NONE
channel ORA_DISK_1: backup set complete, elapsed time: 01:25:27
channel ORA_DISK_1: deleting archived log(s)
archived log file name=+RECO/ccbs/archivelog/2014_11_06/thread_2_seq_15512.3366.862913429 RECID=52634 STAMP=862913439
archived log file name=+RECO/ccbs/archivelog/2014_11_06/thread_1_seq_18898.3340.862924757 RECID=52636 STAMP=862924758
archived log file name=+RECO/ccbs/archivelog/2014_11_06/thread_2_seq_15513.4143.862924929 RECID=52645 STAMP=862924936
archived log file name=+RECO/ccbs/archivelog/2014_11_06/thread_1_seq_18899.2720.862924759 RECID=52637 STAMP=862924759
archived log file name=+RECO/ccbs/archivelog/2014_11_06/thread_1_seq_18900.3555.862924911 RECID=52640 STAMP=862924911
archived log file name=+RECO/ccbs/archivelog/2014_11_06/thread_1_seq_18901.4239.862924915 RECID=52641 STAMP=862924914
archived log file name=+RECO/ccbs/archivelog/2014_11_06/thread_1_seq_18902.4267.862932717 RECID=52646 STAMP=862932728
archived log file name=+RECO/ccbs/archivelog/2014_11_06/thread_2_seq_15514.1014.862950667 RECID=52651 STAMP=862950669
archived log file name=+RECO/ccbs/archivelog/2014_11_06/thread_1_seq_18903.593.862939057 RECID=52649 STAMP=862939068
archived log file name=+RECO/ccbs/archivelog/2014_11_06/thread_1_seq_18904.703.862950667 RECID=52652 STAMP=862950672
archived log file name=+RECO/ccbs/archivelog/2014_11_06/thread_1_seq_18905.1042.862953357 RECID=52654 STAMP=862953356
archived log file name=+RECO/ccbs/archivelog/2014_11_06/thread_2_seq_15515.505.862953357 RECID=52655 STAMP=862953356
archived log file name=+RECO/ccbs/archivelog/2014_11_06/thread_2_seq_15516.1026.862953359 RECID=52657 STAMP=862953359
archived log file name=+RECO/ccbs/archivelog/2014_11_06/thread_1_seq_18906.299.862953347 RECID=52660 STAMP=862953348
archived log file name=+RECO/ccbs/archivelog/2014_11_06/thread_2_seq_15517.663.862955107 RECID=52665 STAMP=862955108
archived log file name=+RECO/ccbs/archivelog/2014_11_06/thread_1_seq_18907.450.862953349 RECID=52661 STAMP=862953349
archived log file name=+RECO/ccbs/archivelog/2014_11_06/thread_1_seq_18908.972.862955091 RECID=52667 STAMP=862955102
archived log file name=+RECO/ccbs/archivelog/2014_11_06/thread_1_seq_18909.497.862961091 RECID=52673 STAMP=862961101
archived log file name=+RECO/ccbs/archivelog/2014_11_06/thread_2_seq_15518.1031.862957945 RECID=52669 STAMP=862957957
archived log file name=+RECO/ccbs/archivelog/2014_11_06/thread_2_seq_15519.1007.862961103 RECID=52672 STAMP=862961114
archived log file name=+RECO/ccbs/archivelog/2014_11_07/thread_2_seq_15520.467.862964547 RECID=52677 STAMP=862964558
archived log file name=+RECO/ccbs/archivelog/2014_11_07/thread_1_seq_18910.638.862964163 RECID=52675 STAMP=862964174
archived log file name=+RECO/ccbs/archivelog/2014_11_07/thread_1_seq_18911.1073.862999305 RECID=52681 STAMP=862999315
archived log file name=+RECO/ccbs/archivelog/2014_11_07/thread_2_seq_15521.312.862969101 RECID=52679 STAMP=862969112
archived log file name=+RECO/ccbs/archivelog/2014_11_07/thread_2_seq_15522.383.863010709 RECID=52683 STAMP=863010720
archived log file name=+RECO/ccbs/archivelog/2014_11_07/thread_1_seq_18912.718.863016917 RECID=52685 STAMP=863016927
archived log file name=+RECO/ccbs/archivelog/2014_11_07/thread_2_seq_15523.3899.863041871 RECID=52690 STAMP=863041873
archived log file name=+RECO/ccbs/archivelog/2014_11_07/thread_1_seq_18913.864.863018349 RECID=52687 STAMP=863018363
archived log file name=+RECO/ccbs/archivelog/2014_11_07/thread_1_seq_18914.3170.863041855 RECID=52691 STAMP=863041860
archived log file name=+RECO/ccbs/archivelog/2014_11_07/thread_1_seq_18915.2200.863041861 RECID=52692 STAMP=863041861
archived log file name=+RECO/ccbs/archivelog/2014_11_07/thread_2_seq_15524.1343.863041877 RECID=52693 STAMP=863041876
archived log file name=+RECO/ccbs/archivelog/2014_11_08/thread_1_seq_18916.1782.863049873 RECID=52696 STAMP=863049884
archived log file name=+RECO/ccbs/archivelog/2014_11_08/thread_2_seq_15525.3820.863050077 RECID=52700 STAMP=863050082
archived log file name=+RECO/ccbs/archivelog/2014_11_08/thread_1_seq_18917.738.863050005 RECID=52698 STAMP=863050016
archived log file name=+RECO/ccbs/archivelog/2014_11_08/thread_1_seq_18918.803.863050059 RECID=52701 STAMP=863050071
archived log file name=+RECO/ccbs/archivelog/2014_11_08/thread_1_seq_18919.2928.863126877 RECID=52707 STAMP=863126884
archived log file name=+RECO/ccbs/archivelog/2014_11_08/thread_2_seq_15526.518.863126891 RECID=52706 STAMP=863126897
archived log file name=+RECO/ccbs/archivelog/2014_11_08/thread_1_seq_18920.1035.863126885 RECID=52708 STAMP=863126886
archived log file name=+RECO/ccbs/archivelog/2014_11_08/thread_2_seq_15527.678.863126901 RECID=52710 STAMP=863126900
archived log file name=+RECO/ccbs/archivelog/2014_11_08/thread_1_seq_18921.696.863133379 RECID=52713 STAMP=863133389
archived log file name=+RECO/ccbs/archivelog/2014_11_09/thread_2_seq_15528.1080.863136317 RECID=52717 STAMP=863136316
archived log file name=+RECO/ccbs/archivelog/2014_11_09/thread_1_seq_18922.350.863136131 RECID=52714 STAMP=863136143
archived log file name=+RECO/ccbs/archivelog/2014_11_09/thread_1_seq_18923.931.863136301 RECID=52718 STAMP=863136313
archived log file name=+RECO/ccbs/archivelog/2014_11_09/thread_1_seq_18924.556.863177721 RECID=52721 STAMP=863177732
archived log file name=+RECO/ccbs/archivelog/2014_11_09/thread_2_seq_15529.3570.863206661 RECID=52724 STAMP=863206666
archived log file name=+RECO/ccbs/archivelog/2014_11_09/thread_1_seq_18925.706.863206601 RECID=52722 STAMP=863206611
archived log file name=+RECO/ccbs/archivelog/2014_11_09/thread_1_seq_18926.991.863206643 RECID=52725 STAMP=863206655
archived log file name=+RECO/ccbs/archivelog/2014_11_09/thread_1_seq_18927.2095.863206685 RECID=52726 STAMP=863206698
archived log file name=+RECO/ccbs/archivelog/2014_11_09/thread_2_seq_15530.3527.863206793 RECID=52729 STAMP=863206793
archived log file name=+RECO/ccbs/archivelog/2014_11_09/thread_1_seq_18928.1899.863206729 RECID=52727 STAMP=863206743
archived log file name=+RECO/ccbs/archivelog/2014_11_09/thread_1_seq_18929.3534.863206775 RECID=52730 STAMP=863206788
archived log file name=+RECO/ccbs/archivelog/2014_11_09/thread_1_seq_18930.3514.863206821 RECID=52732 STAMP=863206833
archived log file name=+RECO/ccbs/archivelog/2014_11_09/thread_2_seq_15531.4254.863206929 RECID=52734 STAMP=863206928
archived log file name=+RECO/ccbs/archivelog/2014_11_09/thread_1_seq_18931.3902.863206865 RECID=52733 STAMP=863206879
archived log file name=+RECO/ccbs/archivelog/2014_11_09/thread_1_seq_18932.3507.863206911 RECID=52736 STAMP=863206922
archived log file name=+RECO/ccbs/archivelog/2014_11_09/thread_1_seq_18933.3501.863206955 RECID=52737 STAMP=863206968
channel ORA_DISK_2: finished piece 1 at 13/11/2014 23:15:38 with 2 copies and tag MONTHLY_ARCH
piece handle=+DATA/rman/archi_13_20141113_eupnhshn_1_1 comment=NONE
piece handle=/u03/rman_ccbs_ftp5/RMAN/archi_13_20141113_eupnhshn_1_2 comment=NONE
channel ORA_DISK_2: starting piece 2 at 13/11/2014 23:15:38
channel ORA_DISK_2: finished piece 2 at 13/11/2014 23:29:13 with 2 copies and tag MONTHLY_ARCH
piece handle=+DATA/rman/archi_13_20141113_eupnhshn_2_1 comment=NONE
piece handle=/u03/rman_ccbs_ftp5/RMAN/archi_13_20141113_eupnhshn_2_2 comment=NONE
channel ORA_DISK_2: starting piece 3 at 13/11/2014 23:29:13
channel ORA_DISK_2: finished piece 3 at 13/11/2014 23:42:28 with 2 copies and tag MONTHLY_ARCH
piece handle=+DATA/rman/archi_13_20141113_eupnhshn_3_1 comment=NONE
piece handle=/u03/rman_ccbs_ftp5/RMAN/archi_13_20141113_eupnhshn_3_2 comment=NONE
channel ORA_DISK_2: starting piece 4 at 13/11/2014 23:42:28
channel ORA_DISK_2: finished piece 4 at 13/11/2014 23:55:43 with 2 copies and tag MONTHLY_ARCH
piece handle=+DATA/rman/archi_13_20141113_eupnhshn_4_1 comment=NONE
piece handle=/u03/rman_ccbs_ftp5/RMAN/archi_13_20141113_eupnhshn_4_2 comment=NONE
channel ORA_DISK_2: starting piece 5 at 13/11/2014 23:55:43
channel ORA_DISK_2: finished piece 5 at 13/11/2014 23:56:38 with 2 copies and tag MONTHLY_ARCH
piece handle=+DATA/rman/archi_13_20141113_eupnhshn_5_1 comment=NONE
piece handle=/u03/rman_ccbs_ftp5/RMAN/archi_13_20141113_eupnhshn_5_2 comment=NONE
channel ORA_DISK_2: backup set complete, elapsed time: 00:57:34
channel ORA_DISK_2: deleting archived log(s)
archived log file name=+RECO/ccbs/archivelog/2014_11_11/thread_1_seq_18969.675.863309067 RECID=52844 STAMP=863309079
archived log file name=+RECO/ccbs/archivelog/2014_11_11/thread_1_seq_18970.617.863309147 RECID=52848 STAMP=863309158
archived log file name=+RECO/ccbs/archivelog/2014_11_11/thread_1_seq_18971.793.863333743 RECID=52850 STAMP=863333754
archived log file name=+RECO/ccbs/archivelog/2014_11_11/thread_2_seq_15547.266.863353353 RECID=52856 STAMP=863353360
archived log file name=+RECO/ccbs/archivelog/2014_11_11/thread_1_seq_18972.680.863342247 RECID=52853 STAMP=863342266
archived log file name=+RECO/ccbs/archivelog/2014_11_11/thread_1_seq_18973.749.863353337 RECID=52857 STAMP=863353349
archived log file name=+RECO/ccbs/archivelog/2014_11_11/thread_1_seq_18974.395.863358739 RECID=52859 STAMP=863358751
archived log file name=+RECO/ccbs/archivelog/2014_11_11/thread_2_seq_15548.3982.863386405 RECID=52862 STAMP=863386412
archived log file name=+RECO/ccbs/archivelog/2014_11_11/thread_1_seq_18975.1883.863386389 RECID=52863 STAMP=863386399
archived log file name=+RECO/ccbs/archivelog/2014_11_11/thread_1_seq_18976.3530.863386401 RECID=52864 STAMP=863386400
archived log file name=+RECO/ccbs/archivelog/2014_11_11/thread_2_seq_15549.3519.863386417 RECID=52865 STAMP=863386416
archived log file name=+RECO/ccbs/archivelog/2014_11_11/thread_1_seq_18977.4224.863389383 RECID=52868 STAMP=863389386
archived log file name=+RECO/ccbs/archivelog/2014_11_11/thread_2_seq_15550.2360.863389401 RECID=52870 STAMP=863389401
archived log file name=+RECO/ccbs/archivelog/2014_11_11/thread_2_seq_15551.3511.863389401 RECID=52869 STAMP=863389401
archived log file name=+RECO/ccbs/archivelog/2014_11_11/thread_1_seq_18978.3505.863389387 RECID=52871 STAMP=863389386
archived log file name=+RECO/ccbs/archivelog/2014_11_11/thread_2_seq_15552.3499.863389403 RECID=52875 STAMP=863389403
archived log file name=+RECO/ccbs/archivelog/2014_11_11/thread_1_seq_18979.3479.863391511 RECID=52880 STAMP=863391511
archived log file name=+RECO/ccbs/archivelog/2014_11_11/thread_2_seq_15553.3494.863391523 RECID=52878 STAMP=863391525
archived log file name=+RECO/ccbs/archivelog/2014_11_11/thread_2_seq_15554.3485.863391527 RECID=52879 STAMP=863391526
archived log file name=+RECO/ccbs/archivelog/2014_11_11/thread_1_seq_18980.3472.863391515 RECID=52882 STAMP=863391514
archived log file name=+RECO/ccbs/archivelog/2014_11_11/thread_2_seq_15555.3312.863391749 RECID=52888 STAMP=863391748
archived log file name=+RECO/ccbs/archivelog/2014_11_11/thread_1_seq_18981.3372.863391615 RECID=52885 STAMP=863391627
archived log file name=+RECO/ccbs/archivelog/2014_11_11/thread_1_seq_18982.3320.863391731 RECID=52889 STAMP=863391743
archived log file name=+RECO/ccbs/archivelog/2014_11_11/thread_1_seq_18983.3308.863393305 RECID=52892 STAMP=863393315
archived log file name=+RECO/ccbs/archivelog/2014_11_12/thread_2_seq_15556.3294.863422045 RECID=52896 STAMP=863422056
archived log file name=+RECO/ccbs/archivelog/2014_11_11/thread_1_seq_18984.3300.863393571 RECID=52895 STAMP=863393583
archived log file name=+RECO/ccbs/archivelog/2014_11_12/thread_1_seq_18985.3281.863422613 RECID=52902 STAMP=863422616
archived log file name=+RECO/ccbs/archivelog/2014_11_12/thread_2_seq_15557.3291.863422133 RECID=52898 STAMP=863422143
archived log file name=+RECO/ccbs/archivelog/2014_11_12/thread_2_seq_15558.3285.863422627 RECID=52903 STAMP=863422639
archived log file name=+RECO/ccbs/archivelog/2014_11_12/thread_2_seq_15559.2337.863448543 RECID=52908 STAMP=863448550
archived log file name=+RECO/ccbs/archivelog/2014_11_12/thread_1_seq_18986.3221.863431441 RECID=52904 STAMP=863431452
archived log file name=+RECO/ccbs/archivelog/2014_11_12/thread_1_seq_18987.4190.863448525 RECID=52909 STAMP=863448536
archived log file name=+RECO/ccbs/archivelog/2014_11_12/thread_1_seq_18988.3048.863454605 RECID=52910 STAMP=863454617
archived log file name=+RECO/ccbs/archivelog/2014_11_12/thread_2_seq_15560.3936.863454965 RECID=52915 STAMP=863454966
archived log file name=+RECO/ccbs/archivelog/2014_11_12/thread_1_seq_18989.1962.863454719 RECID=52912 STAMP=863454731
archived log file name=+RECO/ccbs/archivelog/2014_11_12/thread_1_seq_18990.1946.863454949 RECID=52916 STAMP=863454961
archived log file name=+RECO/ccbs/archivelog/2014_11_12/thread_1_seq_18991.3204.863455071 RECID=52918 STAMP=863455083
archived log file name=+RECO/ccbs/archivelog/2014_11_12/thread_2_seq_15561.3906.863460729 RECID=52924 STAMP=863460728
archived log file name=+RECO/ccbs/archivelog/2014_11_12/thread_1_seq_18992.2838.863455159 RECID=52919 STAMP=863455171
archived log file name=+RECO/ccbs/archivelog/2014_11_12/thread_1_seq_18993.3295.863460711 RECID=52925 STAMP=863460722
archived log file name=+RECO/ccbs/archivelog/2014_11_12/thread_1_seq_18994.3330.863471327 RECID=52926 STAMP=863471338
archived log file name=+RECO/ccbs/archivelog/2014_11_13/thread_2_seq_15562.276.863481909 RECID=52931 STAMP=863481920
archived log file name=+RECO/ccbs/archivelog/2014_11_13/thread_1_seq_18995.3142.863481699 RECID=52928 STAMP=863481711
archived log file name=+RECO/ccbs/archivelog/2014_11_13/thread_1_seq_18996.3160.863481891 RECID=52932 STAMP=863481906
archived log file name=+RECO/ccbs/archivelog/2014_11_13/thread_1_seq_18997.3067.863506311 RECID=52934 STAMP=863506317
archived log file name=+RECO/ccbs/archivelog/2014_11_13/thread_2_seq_15563.3915.863508823 RECID=52943 STAMP=863508823
archived log file name=+RECO/ccbs/archivelog/2014_11_13/thread_1_seq_18998.3129.863506317 RECID=52935 STAMP=863506317
archived log file name=+RECO/ccbs/archivelog/2014_11_13/thread_1_seq_18999.1621.863508803 RECID=52938 STAMP=863508803
archived log file name=+RECO/ccbs/archivelog/2014_11_13/thread_1_seq_19000.917.863508807 RECID=52939 STAMP=863508806
archived log file name=+RECO/ccbs/archivelog/2014_11_13/thread_1_seq_19001.3914.863524051 RECID=52947 STAMP=863524063
archived log file name=+RECO/ccbs/archivelog/2014_11_13/thread_2_seq_15564.3572.863519779 RECID=52945 STAMP=863519789
archived log file name=+RECO/ccbs/archivelog/2014_11_13/thread_2_seq_15565.3916.863534777 RECID=52949 STAMP=863534787
archived log file name=+RECO/ccbs/archivelog/2014_11_13/thread_1_seq_19002.3885.863559791 RECID=52952 STAMP=863559796
archived log file name=+RECO/ccbs/archivelog/2014_11_13/thread_2_seq_15566.3878.863559807 RECID=52953 STAMP=863559814
archived log file name=+RECO/ccbs/archivelog/2014_11_13/thread_1_seq_19003.1169.863559801 RECID=52954 STAMP=863559800
RMAN-08120: WARNING: archived log not deleted, not yet applied by standby
archived log file name=+RECO/ccbs/archivelog/2014_11_13/thread_2_seq_15567.316.863559817 thread=2 sequence=15567
Finished backup at 13/11/2014 23:56:42

Starting Control File and SPFILE Autobackup at 13/11/2014 23:56:42
piece handle=+RECO/rman/c-271141816-20141113-01 comment=NONE
Finished Control File and SPFILE Autobackup at 13/11/2014 23:56:45

Recovery Manager complete.
