
Recovery Manager: Release 11.2.0.2.0 - Production on Sun Nov 2 21:00:02 2014

Copyright (c) 1982, 2009, Oracle and/or its affiliates.  All rights reserved.

connected to target database: CCBS (DBID=271141816)

RMAN> #CONFIGURE RETENTION POLICY TO REDUNDANCY 1;	#updated 20/3/2014 
2> #CONFIGURE BACKUP OPTIMIZATION ON;
3> #CONFIGURE DEFAULT DEVICE TYPE TO DISK; # default
4> #CONFIGURE CONTROLFILE AUTOBACKUP OFF;
5> #CONFIGURE CONTROLFILE AUTOBACKUP FORMAT FOR DEVICE TYPE DISK TO '+RECO/RMAN/%F';
6> #CONFIGURE DEVICE TYPE DISK PARALLELISM 2 BACKUP TYPE TO COMPRESSED BACKUPSET;
7> #CONFIGURE DATAFILE BACKUP COPIES FOR DEVICE TYPE DISK TO 1; # default
8> #CONFIGURE ARCHIVELOG BACKUP COPIES FOR DEVICE TYPE DISK TO 1; # default
9> #CONFIGURE CHANNEL DEVICE TYPE DISK MAXPIECESIZE 4 G; #updated 24/3/2014
10> #CONFIGURE MAXSETSIZE TO UNLIMITED;
11> #CONFIGURE ENCRYPTION FOR DATABASE OFF; # default
12> #CONFIGURE ENCRYPTION ALGORITHM 'AES128'; # default
13> #CONFIGURE COMPRESSION ALGORITHM 'BASIC' AS OF RELEASE 'DEFAULT' OPTIMIZE FOR LOAD TRUE ; # default
14> #Chi khi nao cac archive da duoc apply tren cac standby thi moi cho delete.
15> #CONFIGURE ARCHIVELOG DELETION POLICY TO APPLIED ON ALL STANDBY;
16> #CONFIGURE SNAPSHOT CONTROLFILE NAME TO '/u01/app/oracle/product/11.2.0.2/dbhome_1/dbs/snapcf_ccbs1.f'; # default
17> 
18> 
19> #updated 20/8/2014
20> # Ngay 1:
21> #	Xoa cac backup obsolete: Giu lai backupset hien tai, xoa cac ban backupset truoc do.
22> #	Backup level0 vao +RECO	tag MONTHLY_LEVEL_0_day1
23> # 	copy ban level0 thu 2 vao o dia /mnt/nfs52100/RMAN	copy_MONTHLY_LEVEL_0_day1
24> # Ngay 2-15:
25> #	Backup copies 2 level1 vao +RECO,/mnt/nfs52100/RMAN
26> #	Backup copies 2 archived vao +RECO,/mnt/nfs52100/RMAN
27> #	Delete archived all
28> 
29> # Ngay 16:
30> #	Xoa cac backup obsolete: Giu lai backupset hien tai, xoa cac ban backupset truoc do.
31> #	Backup level0 vao +RECO	tag MONTHLY_LEVEL_0_day16
32> # 	copy ban level0 thu 2 vao o dia /mnt/nfs52100/RMAN	tag copy_MONTHLY_LEVEL_0_day16
33> # Ngay 17-31:
34> #	Backup copies 2 level1 vao +RECO,/mnt/nfs52100/RMAN	
35> #	Backup copies 2 archived vao +RECO,/mnt/nfs52100/RMAN
36> #	Delete archived all
37> 
38> run
39> {
40>   backup incremental level 1 copies 2 format '+RECO/RMAN/level1_%D_%T_%U','/mnt/nfs52100/RMAN/level1_%D_%T_%U' tag MONTHLY_LEVEL_1 
41>   database include current controlfile;
42> 	sql 'ALTER SYSTEM ARCHIVE LOG CURRENT';
43> 	backup as compressed backupset copies 2 archivelog all format '+DATA/RMAN/archi_%D_%T_%U','/u03/rman_ccbs_ftp5/RMAN/archi_%D_%T_%U'
44>   tag monthly_arch delete input;
45> }
46> 
Starting backup at 02/11/2014 21:00:03
using target database control file instead of recovery catalog
allocated channel: ORA_DISK_1
channel ORA_DISK_1: SID=410 instance=ccbs1 device type=DISK
allocated channel: ORA_DISK_2
channel ORA_DISK_2: SID=482 instance=ccbs1 device type=DISK
channel ORA_DISK_1: starting compressed incremental level 1 datafile backup set
channel ORA_DISK_1: specifying datafile(s) in backup set
input datafile file number=00002 name=+DATA/ccbs/datafile/sysaux.258.772710837
input datafile file number=00107 name=+DATA/ccbs/datafile/sysaux.390.822699669
input datafile file number=00130 name=+DATA/ccbs/datafile/undotbs1_02.426.857385663
input datafile file number=00133 name=+DATA/ccbs/datafile/undotbs2_02.516.857386025
input datafile file number=00001 name=+DATA/ccbs/datafile/system.271.772710825
input datafile file number=00061 name=+DATA/ccbs/datafile/gg_data.338.779148549
input datafile file number=00007 name=+DATA/ccbs/datafile/users.282.774527471
input datafile file number=00010 name=+DATA/ccbs/datafile/indx.287.774530539
input datafile file number=00013 name=+DATA/ccbs/datafile/indx.290.774541697
input datafile file number=00016 name=+DATA/ccbs/datafile/indx.293.774541877
input datafile file number=00019 name=+DATA/ccbs/datafile/indx.296.774541987
input datafile file number=00022 name=+DATA/ccbs/datafile/users.299.774543191
input datafile file number=00025 name=+DATA/ccbs/datafile/users.302.774543327
input datafile file number=00028 name=+DATA/ccbs/datafile/users.305.774543443
input datafile file number=00031 name=+DATA/ccbs/datafile/users.308.774543671
input datafile file number=00034 name=+DATA/ccbs/datafile/users.311.775873655
input datafile file number=00037 name=+DATA/ccbs/datafile/users.314.775996677
input datafile file number=00040 name=+DATA/ccbs/datafile/users.317.775996743
input datafile file number=00043 name=+DATA/ccbs/datafile/users.320.775997701
input datafile file number=00046 name=+DATA/ccbs/datafile/users.323.775997787
input datafile file number=00049 name=+DATA/ccbs/datafile/users.326.775997875
input datafile file number=00052 name=+DATA/ccbs/datafile/users.329.775998289
input datafile file number=00055 name=+DATA/ccbs/datafile/users.332.776000393
input datafile file number=00058 name=+DATA/ccbs/datafile/users.335.776001375
input datafile file number=00062 name=+DATA/ccbs/datafile/users.339.780491723
input datafile file number=00065 name=+DATA/ccbs/datafile/users.342.780492259
input datafile file number=00068 name=+DATA/ccbs/datafile/users.345.780493063
input datafile file number=00071 name=+DATA/ccbs/datafile/users.348.780493937
input datafile file number=00074 name=+DATA/ccbs/datafile/indx.351.780853091
input datafile file number=00077 name=+DATA/ccbs/datafile/indx.354.780853419
input datafile file number=00080 name=+DATA/ccbs/datafile/users.357.780853601
input datafile file number=00083 name=+DATA/ccbs/datafile/users.360.780853693
input datafile file number=00086 name=+DATA/ccbs/datafile/users.363.780853829
input datafile file number=00089 name=+DATA/ccbs/datafile/users.366.780853939
input datafile file number=00092 name=+DATA/ccbs/datafile/users.369.780853997
input datafile file number=00095 name=+DATA/ccbs/datafile/users.372.780854143
input datafile file number=00098 name=+DATA/ccbs/datafile/users.375.780854347
input datafile file number=00101 name=+DATA/ccbs/datafile/tbs_others.267.792772437
input datafile file number=00104 name=+DATA/ccbs/datafile/indx.387.819597647
input datafile file number=00124 name=+DATA/ccbs/datafile/indx.417.843228737
input datafile file number=00109 name=+DATA/ccbs/datafile/indx.402.843228399
input datafile file number=00112 name=+DATA/ccbs/datafile/indx.405.843228469
input datafile file number=00115 name=+DATA/ccbs/datafile/indx.408.843228491
input datafile file number=00118 name=+DATA/ccbs/datafile/indx.411.843228541
input datafile file number=00121 name=+DATA/ccbs/datafile/indx.414.843228559
channel ORA_DISK_1: starting piece 1 at 02/11/2014 21:00:12
channel ORA_DISK_2: starting compressed incremental level 1 datafile backup set
channel ORA_DISK_2: specifying datafile(s) in backup set
input datafile file number=00105 name=+DATA/ccbs/datafile/sysaux.388.822699379
input datafile file number=00108 name=+DATA/ccbs/datafile/sysaux.391.822699673
input datafile file number=00129 name=+DATA/ccbs/datafile/undotbs1_02.468.857385623
input datafile file number=00132 name=+DATA/ccbs/datafile/undotbs2_02.538.857385993
input datafile file number=00135 name=+DATA/ccbs/datafile/undotbs2_02.633.857386105
input datafile file number=00006 name=+DATA/ccbs/datafile/indx.285.774530247
input datafile file number=00009 name=+DATA/ccbs/datafile/indx.286.774530435
input datafile file number=00012 name=+DATA/ccbs/datafile/tbs_others.289.774531237
input datafile file number=00015 name=+DATA/ccbs/datafile/indx.292.774541795
input datafile file number=00018 name=+DATA/ccbs/datafile/indx.295.774541965
input datafile file number=00021 name=+DATA/ccbs/datafile/users.298.774543045
input datafile file number=00024 name=+DATA/ccbs/datafile/users.301.774543271
input datafile file number=00027 name=+DATA/ccbs/datafile/users.304.774543419
input datafile file number=00030 name=+DATA/ccbs/datafile/users.307.774543485
input datafile file number=00033 name=+DATA/ccbs/datafile/users.310.775873623
input datafile file number=00036 name=+DATA/ccbs/datafile/users.313.775873743
input datafile file number=00039 name=+DATA/ccbs/datafile/users.316.775996723
input datafile file number=00042 name=+DATA/ccbs/datafile/users.319.775997681
input datafile file number=00045 name=+DATA/ccbs/datafile/users.322.775997741
input datafile file number=00048 name=+DATA/ccbs/datafile/users.325.775997857
input datafile file number=00051 name=+DATA/ccbs/datafile/users.328.775997951
input datafile file number=00054 name=+DATA/ccbs/datafile/users.331.775998423
input datafile file number=00057 name=+DATA/ccbs/datafile/users.334.776000867
input datafile file number=00060 name=+DATA/ccbs/datafile/tbs_others.337.776001527
input datafile file number=00064 name=+DATA/ccbs/datafile/users.341.780492153
input datafile file number=00067 name=+DATA/ccbs/datafile/users.344.780492429
input datafile file number=00070 name=+DATA/ccbs/datafile/users.347.780493719
input datafile file number=00073 name=+DATA/ccbs/datafile/indx.350.780852893
input datafile file number=00076 name=+DATA/ccbs/datafile/indx.353.780853327
input datafile file number=00079 name=+DATA/ccbs/datafile/users.356.780853583
input datafile file number=00082 name=+DATA/ccbs/datafile/users.359.780853645
input datafile file number=00085 name=+DATA/ccbs/datafile/users.362.780853743
input datafile file number=00088 name=+DATA/ccbs/datafile/users.365.780853919
input datafile file number=00091 name=+DATA/ccbs/datafile/users.368.780853979
input datafile file number=00094 name=+DATA/ccbs/datafile/users.371.780854093
input datafile file number=00097 name=+DATA/ccbs/datafile/users.374.780854327
input datafile file number=00100 name=+DATA/ccbs/datafile/users.377.780854429
input datafile file number=00103 name=+DATA/ccbs/datafile/indx.386.819597557
input datafile file number=00123 name=+DATA/ccbs/datafile/indx.416.843228721
input datafile file number=00126 name=+DATA/ccbs/datafile/indx.419.843228767
input datafile file number=00111 name=+DATA/ccbs/datafile/indx.404.843228463
input datafile file number=00114 name=+DATA/ccbs/datafile/indx.407.843228483
input datafile file number=00117 name=+DATA/ccbs/datafile/indx.410.843228505
input datafile file number=00120 name=+DATA/ccbs/datafile/indx.413.843228553
channel ORA_DISK_2: starting piece 1 at 02/11/2014 21:00:14
channel ORA_DISK_1: finished piece 1 at 02/11/2014 21:22:39 with 2 copies and tag MONTHLY_LEVEL_1
piece handle=+RECO/rman/level1_02_20141102_c0pmkles_1_1 comment=NONE
piece handle=/mnt/nfs52100/RMAN/level1_02_20141102_c0pmkles_1_2 comment=NONE
channel ORA_DISK_1: backup set complete, elapsed time: 00:22:27
channel ORA_DISK_1: starting compressed incremental level 1 datafile backup set
channel ORA_DISK_1: specifying datafile(s) in backup set
input datafile file number=00106 name=+DATA/ccbs/datafile/sysaux.389.822699397
input datafile file number=00127 name=+DATA/ccbs/datafile/undotbs1_02.455.857385555
input datafile file number=00128 name=+DATA/ccbs/datafile/undotbs1_02.425.857385591
input datafile file number=00131 name=+DATA/ccbs/datafile/undotbs2_02.423.857385961
input datafile file number=00134 name=+DATA/ccbs/datafile/undotbs2_02.485.857386063
input datafile file number=00005 name=+DATA/ccbs/datafile/users.269.772710879
input datafile file number=00008 name=+DATA/ccbs/datafile/users.283.774527719
input datafile file number=00011 name=+DATA/ccbs/datafile/tbs_others.288.774531157
input datafile file number=00014 name=+DATA/ccbs/datafile/indx.291.774541763
input datafile file number=00017 name=+DATA/ccbs/datafile/indx.294.774541943
input datafile file number=00020 name=+DATA/ccbs/datafile/users.297.774542019
input datafile file number=00023 name=+DATA/ccbs/datafile/users.300.774543249
input datafile file number=00026 name=+DATA/ccbs/datafile/users.303.774543375
input datafile file number=00029 name=+DATA/ccbs/datafile/users.306.774543465
input datafile file number=00032 name=+DATA/ccbs/datafile/users.309.774543697
input datafile file number=00035 name=+DATA/ccbs/datafile/users.312.775873715
input datafile file number=00038 name=+DATA/ccbs/datafile/users.315.775996699
input datafile file number=00041 name=+DATA/ccbs/datafile/users.318.775997657
input datafile file number=00044 name=+DATA/ccbs/datafile/users.321.775997721
input datafile file number=00047 name=+DATA/ccbs/datafile/users.324.775997821
input datafile file number=00050 name=+DATA/ccbs/datafile/users.327.775997915
input datafile file number=00053 name=+DATA/ccbs/datafile/users.330.775998311
input datafile file number=00056 name=+DATA/ccbs/datafile/users.333.776000415
input datafile file number=00059 name=+DATA/ccbs/datafile/tbs_others.336.776001499
input datafile file number=00063 name=+DATA/ccbs/datafile/users.340.780491785
input datafile file number=00066 name=+DATA/ccbs/datafile/users.343.780492321
input datafile file number=00069 name=+DATA/ccbs/datafile/users.346.780493683
input datafile file number=00072 name=+DATA/ccbs/datafile/indx.349.780852847
input datafile file number=00075 name=+DATA/ccbs/datafile/indx.352.780853165
input datafile file number=00078 name=+DATA/ccbs/datafile/users.355.780853553
input datafile file number=00081 name=+DATA/ccbs/datafile/users.358.780853623
input datafile file number=00084 name=+DATA/ccbs/datafile/users.361.780853717
input datafile file number=00087 name=+DATA/ccbs/datafile/users.364.780853901
input datafile file number=00090 name=+DATA/ccbs/datafile/users.367.780853961
input datafile file number=00093 name=+DATA/ccbs/datafile/users.370.780854023
input datafile file number=00096 name=+DATA/ccbs/datafile/users.373.780854307
input datafile file number=00099 name=+DATA/ccbs/datafile/users.376.780854365
input datafile file number=00102 name=+DATA/ccbs/datafile/indx.284.819597493
input datafile file number=00122 name=+DATA/ccbs/datafile/indx.415.843228705
input datafile file number=00125 name=+DATA/ccbs/datafile/indx.418.843228751
input datafile file number=00110 name=+DATA/ccbs/datafile/indx.403.843228457
input datafile file number=00113 name=+DATA/ccbs/datafile/indx.406.843228475
input datafile file number=00116 name=+DATA/ccbs/datafile/indx.409.843228497
input datafile file number=00119 name=+DATA/ccbs/datafile/indx.412.843228547
channel ORA_DISK_1: starting piece 1 at 02/11/2014 21:22:40
channel ORA_DISK_2: finished piece 1 at 02/11/2014 21:22:40 with 2 copies and tag MONTHLY_LEVEL_1
piece handle=+RECO/rman/level1_02_20141102_c1pmkles_1_1 comment=NONE
piece handle=/mnt/nfs52100/RMAN/level1_02_20141102_c1pmkles_1_2 comment=NONE
channel ORA_DISK_2: backup set complete, elapsed time: 00:22:26
channel ORA_DISK_2: starting compressed incremental level 1 datafile backup set
channel ORA_DISK_2: specifying datafile(s) in backup set
including current control file in backup set
channel ORA_DISK_2: starting piece 1 at 02/11/2014 21:22:47
channel ORA_DISK_2: finished piece 1 at 02/11/2014 21:22:54 with 2 copies and tag MONTHLY_LEVEL_1
piece handle=+RECO/rman/level1_02_20141102_c3pmkmp0_1_1 comment=NONE
piece handle=/mnt/nfs52100/RMAN/level1_02_20141102_c3pmkmp0_1_2 comment=NONE
channel ORA_DISK_2: backup set complete, elapsed time: 00:00:07
channel ORA_DISK_1: finished piece 1 at 02/11/2014 21:43:43 with 2 copies and tag MONTHLY_LEVEL_1
piece handle=+RECO/rman/level1_02_20141102_c2pmkmov_1_1 comment=NONE
piece handle=/mnt/nfs52100/RMAN/level1_02_20141102_c2pmkmov_1_2 comment=NONE
channel ORA_DISK_1: backup set complete, elapsed time: 00:21:03
Finished backup at 02/11/2014 21:43:43

Starting Control File and SPFILE Autobackup at 02/11/2014 21:43:43
piece handle=+RECO/rman/c-271141816-20141102-01 comment=NONE
Finished Control File and SPFILE Autobackup at 02/11/2014 21:43:46

sql statement: ALTER SYSTEM ARCHIVE LOG CURRENT

Starting backup at 02/11/2014 21:43:55
current log archived
using channel ORA_DISK_1
using channel ORA_DISK_2
skipping archived log file +RECO/ccbs/archivelog/2014_10_31/thread_1_seq_18421.3050.862414379; already backed up 2 time(s)
skipping archived log file +RECO/ccbs/archivelog/2014_10_31/thread_1_seq_18422.3022.862420097; already backed up 2 time(s)
skipping archived log file +RECO/ccbs/archivelog/2014_10_31/thread_1_seq_18423.336.862420393; already backed up 2 time(s)
skipping archived log file +RECO/ccbs/archivelog/2014_10_31/thread_1_seq_18424.3877.862422115; already backed up 2 time(s)
skipping archived log file +RECO/ccbs/archivelog/2014_10_31/thread_1_seq_18425.2366.862422729; already backed up 2 time(s)
skipping archived log file +RECO/ccbs/archivelog/2014_10_31/thread_1_seq_18426.2989.862423089; already backed up 2 time(s)
skipping archived log file +RECO/ccbs/archivelog/2014_10_31/thread_1_seq_18427.2220.862423201; already backed up 2 time(s)
skipping archived log file +RECO/ccbs/archivelog/2014_10_31/thread_1_seq_18428.2928.862423669; already backed up 2 time(s)
skipping archived log file +RECO/ccbs/archivelog/2014_10_31/thread_1_seq_18429.2932.862423763; already backed up 2 time(s)
skipping archived log file +RECO/ccbs/archivelog/2014_10_31/thread_1_seq_18430.3983.862423871; already backed up 2 time(s)
skipping archived log file +RECO/ccbs/archivelog/2014_10_31/thread_1_seq_18431.3402.862423949; already backed up 2 time(s)
skipping archived log file +RECO/ccbs/archivelog/2014_10_31/thread_1_seq_18432.3377.862436147; already backed up 2 time(s)
skipping archived log file +RECO/ccbs/archivelog/2014_10_31/thread_1_seq_18433.3200.862436153; already backed up 2 time(s)
skipping archived log file +RECO/ccbs/archivelog/2014_10_31/thread_2_seq_15059.3190.862414393; already backed up 2 time(s)
skipping archived log file +RECO/ccbs/archivelog/2014_10_31/thread_2_seq_15060.311.862420409; already backed up 2 time(s)
skipping archived log file +RECO/ccbs/archivelog/2014_10_31/thread_2_seq_15061.3303.862423105; already backed up 2 time(s)
skipping archived log file +RECO/ccbs/archivelog/2014_10_31/thread_2_seq_15062.2985.862423789; already backed up 2 time(s)
skipping archived log file +RECO/ccbs/archivelog/2014_10_31/thread_2_seq_15063.3204.862436161; already backed up 2 time(s)
skipping archived log file +RECO/ccbs/archivelog/2014_10_31/thread_2_seq_15064.3174.862436167; already backed up 2 time(s)
channel ORA_DISK_1: starting compressed archived log backup set
channel ORA_DISK_1: specifying archived log(s) in backup set
input archived log thread=1 sequence=18434 RECID=50798 STAMP=862445119
input archived log thread=2 sequence=15065 RECID=50800 STAMP=862473663
input archived log thread=1 sequence=18435 RECID=50803 STAMP=862473739
input archived log thread=2 sequence=15066 RECID=50802 STAMP=862473711
input archived log thread=2 sequence=15067 RECID=50804 STAMP=862473759
input archived log thread=2 sequence=15068 RECID=50806 STAMP=862473808
input archived log thread=1 sequence=18436 RECID=50808 STAMP=862473886
input archived log thread=2 sequence=15069 RECID=50807 STAMP=862473859
input archived log thread=2 sequence=15070 RECID=50810 STAMP=862473909
input archived log thread=2 sequence=15071 RECID=50811 STAMP=862473965
input archived log thread=1 sequence=18437 RECID=50815 STAMP=862474445
input archived log thread=2 sequence=15072 RECID=50812 STAMP=862474212
input archived log thread=2 sequence=15073 RECID=50817 STAMP=862474492
input archived log thread=2 sequence=15074 RECID=50824 STAMP=862485019
input archived log thread=1 sequence=18438 RECID=50828 STAMP=862513270
input archived log thread=2 sequence=15075 RECID=50829 STAMP=862513290
input archived log thread=2 sequence=15076 RECID=50833 STAMP=862558872
input archived log thread=1 sequence=18439 RECID=50830 STAMP=862531512
input archived log thread=1 sequence=18440 RECID=50834 STAMP=862579770
input archived log thread=2 sequence=15077 RECID=50840 STAMP=862584063
input archived log thread=1 sequence=18441 RECID=50836 STAMP=862583469
input archived log thread=1 sequence=18442 RECID=50841 STAMP=862584051
input archived log thread=1 sequence=18443 RECID=50843 STAMP=862584603
channel ORA_DISK_1: starting piece 1 at 02/11/2014 21:44:03
channel ORA_DISK_2: starting compressed archived log backup set
channel ORA_DISK_2: specifying archived log(s) in backup set
input archived log thread=2 sequence=15078 RECID=50846 STAMP=862585328
input archived log thread=1 sequence=18444 RECID=50845 STAMP=862585116
input archived log thread=1 sequence=18445 RECID=50848 STAMP=862585325
input archived log thread=1 sequence=18446 RECID=50849 STAMP=862585365
input archived log thread=2 sequence=15079 RECID=50853 STAMP=862585898
input archived log thread=1 sequence=18447 RECID=50852 STAMP=862585852
input archived log thread=1 sequence=18448 RECID=50856 STAMP=862585894
input archived log thread=1 sequence=18449 RECID=50857 STAMP=862585938
input archived log thread=2 sequence=15080 RECID=50859 STAMP=862586222
input archived log thread=1 sequence=18450 RECID=50858 STAMP=862585979
input archived log thread=1 sequence=18451 RECID=50861 STAMP=862586220
input archived log thread=1 sequence=18452 RECID=50862 STAMP=862586316
input archived log thread=2 sequence=15081 RECID=50866 STAMP=862586666
input archived log thread=1 sequence=18453 RECID=50865 STAMP=862586479
input archived log thread=1 sequence=18454 RECID=50868 STAMP=862586664
input archived log thread=1 sequence=18455 RECID=50870 STAMP=862586800
input archived log thread=2 sequence=15082 RECID=50874 STAMP=862587090
input archived log thread=1 sequence=18456 RECID=50871 STAMP=862586953
input archived log thread=1 sequence=18457 RECID=50877 STAMP=862587086
input archived log thread=1 sequence=18458 RECID=50880 STAMP=862587520
input archived log thread=2 sequence=15083 RECID=50879 STAMP=862587518
input archived log thread=2 sequence=15084 RECID=50891 STAMP=862609448
input archived log thread=1 sequence=18459 RECID=50886 STAMP=862594770
input archived log thread=1 sequence=18460 RECID=50889 STAMP=862609428
input archived log thread=1 sequence=18461 RECID=50893 STAMP=862609437
channel ORA_DISK_2: starting piece 1 at 02/11/2014 21:44:03
channel ORA_DISK_1: finished piece 1 at 02/11/2014 22:03:48 with 2 copies and tag MONTHLY_ARCH
piece handle=+DATA/rman/archi_02_20141102_c5pmko13_1_1 comment=NONE
piece handle=/u03/rman_ccbs_ftp5/RMAN/archi_02_20141102_c5pmko13_1_2 comment=NONE
channel ORA_DISK_1: starting piece 2 at 02/11/2014 22:03:48
channel ORA_DISK_2: finished piece 1 at 02/11/2014 22:03:48 with 2 copies and tag MONTHLY_ARCH
piece handle=+DATA/rman/archi_02_20141102_c6pmko13_1_1 comment=NONE
piece handle=/u03/rman_ccbs_ftp5/RMAN/archi_02_20141102_c6pmko13_1_2 comment=NONE
channel ORA_DISK_2: starting piece 2 at 02/11/2014 22:03:48
channel ORA_DISK_2: finished piece 2 at 02/11/2014 22:22:34 with 2 copies and tag MONTHLY_ARCH
piece handle=+DATA/rman/archi_02_20141102_c6pmko13_2_1 comment=NONE
piece handle=/u03/rman_ccbs_ftp5/RMAN/archi_02_20141102_c6pmko13_2_2 comment=NONE
channel ORA_DISK_2: backup set complete, elapsed time: 00:38:31
channel ORA_DISK_2: deleting archived log(s)
archived log file name=+RECO/ccbs/archivelog/2014_11_02/thread_2_seq_15078.3881.862585327 RECID=50846 STAMP=862585328
archived log file name=+RECO/ccbs/archivelog/2014_11_02/thread_1_seq_18444.3888.862585105 RECID=50845 STAMP=862585116
archived log file name=+RECO/ccbs/archivelog/2014_11_02/thread_1_seq_18445.3886.862585311 RECID=50848 STAMP=862585325
archived log file name=+RECO/ccbs/archivelog/2014_11_02/thread_1_seq_18446.3880.862585355 RECID=50849 STAMP=862585365
archived log file name=+RECO/ccbs/archivelog/2014_11_02/thread_2_seq_15079.580.862585899 RECID=50853 STAMP=862585898
archived log file name=+RECO/ccbs/archivelog/2014_11_02/thread_1_seq_18447.3873.862585841 RECID=50852 STAMP=862585852
archived log file name=+RECO/ccbs/archivelog/2014_11_02/thread_1_seq_18448.575.862585883 RECID=50856 STAMP=862585894
archived log file name=+RECO/ccbs/archivelog/2014_11_02/thread_1_seq_18449.353.862585925 RECID=50857 STAMP=862585938
archived log file name=+RECO/ccbs/archivelog/2014_11_02/thread_2_seq_15080.507.862586223 RECID=50859 STAMP=862586222
archived log file name=+RECO/ccbs/archivelog/2014_11_02/thread_1_seq_18450.394.862585969 RECID=50858 STAMP=862585979
archived log file name=+RECO/ccbs/archivelog/2014_11_02/thread_1_seq_18451.271.862586209 RECID=50861 STAMP=862586220
archived log file name=+RECO/ccbs/archivelog/2014_11_02/thread_1_seq_18452.465.862586305 RECID=50862 STAMP=862586316
archived log file name=+RECO/ccbs/archivelog/2014_11_02/thread_2_seq_15081.881.862586667 RECID=50866 STAMP=862586666
archived log file name=+RECO/ccbs/archivelog/2014_11_02/thread_1_seq_18453.783.862586467 RECID=50865 STAMP=862586479
archived log file name=+RECO/ccbs/archivelog/2014_11_02/thread_1_seq_18454.352.862586653 RECID=50868 STAMP=862586664
archived log file name=+RECO/ccbs/archivelog/2014_11_02/thread_1_seq_18455.827.862586789 RECID=50870 STAMP=862586800
archived log file name=+RECO/ccbs/archivelog/2014_11_02/thread_2_seq_15082.2306.862587091 RECID=50874 STAMP=862587090
archived log file name=+RECO/ccbs/archivelog/2014_11_02/thread_1_seq_18456.1203.862586941 RECID=50871 STAMP=862586953
archived log file name=+RECO/ccbs/archivelog/2014_11_02/thread_1_seq_18457.1193.862587073 RECID=50877 STAMP=862587086
archived log file name=+RECO/ccbs/archivelog/2014_11_02/thread_1_seq_18458.2005.862587509 RECID=50880 STAMP=862587520
archived log file name=+RECO/ccbs/archivelog/2014_11_02/thread_2_seq_15083.2238.862587507 RECID=50879 STAMP=862587518
RMAN-08120: WARNING: archived log not deleted, not yet applied by standby
archived log file name=+RECO/ccbs/archivelog/2014_11_02/thread_2_seq_15084.693.862609441 thread=2 sequence=15084
archived log file name=+RECO/ccbs/archivelog/2014_11_02/thread_1_seq_18459.2258.862594757 RECID=50886 STAMP=862594770
RMAN-08120: WARNING: archived log not deleted, not yet applied by standby
archived log file name=+RECO/ccbs/archivelog/2014_11_02/thread_1_seq_18460.440.862609427 thread=1 sequence=18460
RMAN-08120: WARNING: archived log not deleted, not yet applied by standby
archived log file name=+RECO/ccbs/archivelog/2014_11_02/thread_1_seq_18461.518.862609437 thread=1 sequence=18461
channel ORA_DISK_2: starting compressed archived log backup set
channel ORA_DISK_2: specifying archived log(s) in backup set
input archived log thread=2 sequence=15085 RECID=50892 STAMP=862609451
channel ORA_DISK_2: starting piece 1 at 02/11/2014 22:22:37
channel ORA_DISK_2: finished piece 1 at 02/11/2014 22:22:38 with 2 copies and tag MONTHLY_ARCH
piece handle=+DATA/rman/archi_02_20141102_c7pmkq9d_1_1 comment=NONE
piece handle=/u03/rman_ccbs_ftp5/RMAN/archi_02_20141102_c7pmkq9d_1_2 comment=NONE
channel ORA_DISK_2: backup set complete, elapsed time: 00:00:01
channel ORA_DISK_2: deleting archived log(s)
RMAN-08120: WARNING: archived log not deleted, not yet applied by standby
archived log file name=+RECO/ccbs/archivelog/2014_11_02/thread_2_seq_15085.530.862609451 thread=2 sequence=15085
channel ORA_DISK_2: deleting archived log(s)
archived log file name=+RECO/ccbs/archivelog/2014_10_31/thread_1_seq_18421.3050.862414379 RECID=50762 STAMP=862414384
archived log file name=+RECO/ccbs/archivelog/2014_10_31/thread_1_seq_18422.3022.862420097 RECID=50764 STAMP=862420109
archived log file name=+RECO/ccbs/archivelog/2014_10_31/thread_1_seq_18423.336.862420393 RECID=50767 STAMP=862420406
archived log file name=+RECO/ccbs/archivelog/2014_10_31/thread_1_seq_18424.3877.862422115 RECID=50770 STAMP=862422126
archived log file name=+RECO/ccbs/archivelog/2014_10_31/thread_1_seq_18425.2366.862422729 RECID=50772 STAMP=862422741
archived log file name=+RECO/ccbs/archivelog/2014_10_31/thread_1_seq_18426.2989.862423089 RECID=50776 STAMP=862423102
archived log file name=+RECO/ccbs/archivelog/2014_10_31/thread_1_seq_18427.2220.862423201 RECID=50777 STAMP=862423212
archived log file name=+RECO/ccbs/archivelog/2014_10_31/thread_1_seq_18428.2928.862423669 RECID=50780 STAMP=862423681
archived log file name=+RECO/ccbs/archivelog/2014_10_31/thread_1_seq_18429.2932.862423763 RECID=50782 STAMP=862423774
archived log file name=+RECO/ccbs/archivelog/2014_10_31/thread_1_seq_18430.3983.862423871 RECID=50785 STAMP=862423884
archived log file name=+RECO/ccbs/archivelog/2014_10_31/thread_1_seq_18431.3402.862423949 RECID=50787 STAMP=862423960
archived log file name=+RECO/ccbs/archivelog/2014_10_31/thread_1_seq_18432.3377.862436147 RECID=50790 STAMP=862436147
archived log file name=+RECO/ccbs/archivelog/2014_10_31/thread_1_seq_18433.3200.862436153 RECID=50792 STAMP=862436152
archived log file name=+RECO/ccbs/archivelog/2014_10_31/thread_2_seq_15059.3190.862414393 RECID=50763 STAMP=862414404
archived log file name=+RECO/ccbs/archivelog/2014_10_31/thread_2_seq_15060.311.862420409 RECID=50766 STAMP=862420417
archived log file name=+RECO/ccbs/archivelog/2014_10_31/thread_2_seq_15061.3303.862423105 RECID=50775 STAMP=862423107
archived log file name=+RECO/ccbs/archivelog/2014_10_31/thread_2_seq_15062.2985.862423789 RECID=50783 STAMP=862423788
archived log file name=+RECO/ccbs/archivelog/2014_10_31/thread_2_seq_15063.3204.862436161 RECID=50791 STAMP=862436163
archived log file name=+RECO/ccbs/archivelog/2014_10_31/thread_2_seq_15064.3174.862436167 RECID=50793 STAMP=862436166
channel ORA_DISK_1: finished piece 2 at 02/11/2014 22:23:14 with 2 copies and tag MONTHLY_ARCH
piece handle=+DATA/rman/archi_02_20141102_c5pmko13_2_1 comment=NONE
piece handle=/u03/rman_ccbs_ftp5/RMAN/archi_02_20141102_c5pmko13_2_2 comment=NONE
channel ORA_DISK_1: starting piece 3 at 02/11/2014 22:23:14
channel ORA_DISK_1: finished piece 3 at 02/11/2014 22:26:39 with 2 copies and tag MONTHLY_ARCH
piece handle=+DATA/rman/archi_02_20141102_c5pmko13_3_1 comment=NONE
piece handle=/u03/rman_ccbs_ftp5/RMAN/archi_02_20141102_c5pmko13_3_2 comment=NONE
channel ORA_DISK_1: backup set complete, elapsed time: 00:42:36
channel ORA_DISK_1: deleting archived log(s)
archived log file name=+RECO/ccbs/archivelog/2014_11_01/thread_1_seq_18434.2838.862445109 RECID=50798 STAMP=862445119
archived log file name=+RECO/ccbs/archivelog/2014_11_01/thread_2_seq_15065.428.862473653 RECID=50800 STAMP=862473663
archived log file name=+RECO/ccbs/archivelog/2014_11_01/thread_1_seq_18435.3295.862473737 RECID=50803 STAMP=862473739
archived log file name=+RECO/ccbs/archivelog/2014_11_01/thread_2_seq_15066.3906.862473699 RECID=50802 STAMP=862473711
archived log file name=+RECO/ccbs/archivelog/2014_11_01/thread_2_seq_15067.3330.862473747 RECID=50804 STAMP=862473759
archived log file name=+RECO/ccbs/archivelog/2014_11_01/thread_2_seq_15068.3879.862473795 RECID=50806 STAMP=862473808
archived log file name=+RECO/ccbs/archivelog/2014_11_01/thread_1_seq_18436.3142.862473887 RECID=50808 STAMP=862473886
archived log file name=+RECO/ccbs/archivelog/2014_11_01/thread_2_seq_15069.3016.862473847 RECID=50807 STAMP=862473859
archived log file name=+RECO/ccbs/archivelog/2014_11_01/thread_2_seq_15070.3160.862473897 RECID=50810 STAMP=862473909
archived log file name=+RECO/ccbs/archivelog/2014_11_01/thread_2_seq_15071.276.862473953 RECID=50811 STAMP=862473965
archived log file name=+RECO/ccbs/archivelog/2014_11_01/thread_1_seq_18437.3067.862474445 RECID=50815 STAMP=862474445
archived log file name=+RECO/ccbs/archivelog/2014_11_01/thread_2_seq_15072.3134.862474201 RECID=50812 STAMP=862474212
archived log file name=+RECO/ccbs/archivelog/2014_11_01/thread_2_seq_15073.3129.862474457 RECID=50817 STAMP=862474492
archived log file name=+RECO/ccbs/archivelog/2014_11_01/thread_2_seq_15074.1621.862485007 RECID=50824 STAMP=862485019
archived log file name=+RECO/ccbs/archivelog/2014_11_01/thread_1_seq_18438.917.862513269 RECID=50828 STAMP=862513270
archived log file name=+RECO/ccbs/archivelog/2014_11_01/thread_2_seq_15075.2844.862513283 RECID=50829 STAMP=862513290
archived log file name=+RECO/ccbs/archivelog/2014_11_02/thread_2_seq_15076.3915.862558861 RECID=50833 STAMP=862558872
archived log file name=+RECO/ccbs/archivelog/2014_11_02/thread_1_seq_18439.3572.862531501 RECID=50830 STAMP=862531512
archived log file name=+RECO/ccbs/archivelog/2014_11_02/thread_1_seq_18440.3914.862579757 RECID=50834 STAMP=862579770
archived log file name=+RECO/ccbs/archivelog/2014_11_02/thread_2_seq_15077.3905.862584055 RECID=50840 STAMP=862584063
archived log file name=+RECO/ccbs/archivelog/2014_11_02/thread_1_seq_18441.3916.862583457 RECID=50836 STAMP=862583469
archived log file name=+RECO/ccbs/archivelog/2014_11_02/thread_1_seq_18442.3912.862584039 RECID=50841 STAMP=862584051
archived log file name=+RECO/ccbs/archivelog/2014_11_02/thread_1_seq_18443.3903.862584591 RECID=50843 STAMP=862584603
Finished backup at 02/11/2014 22:26:41

Starting Control File and SPFILE Autobackup at 02/11/2014 22:26:41
piece handle=+RECO/rman/c-271141816-20141102-02 comment=NONE
Finished Control File and SPFILE Autobackup at 02/11/2014 22:26:44

Recovery Manager complete.
