
Recovery Manager: Release 11.2.0.2.0 - Production on Sun Feb 1 19:00:01 2015

Copyright (c) 1982, 2009, Oracle and/or its affiliates.  All rights reserved.

connected to target database: CCBS (DBID=271141816)

RMAN> #CONFIGURE RETENTION POLICY TO REDUNDANCY 1;	#updated 20/3/2014 
2> #CONFIGURE BACKUP OPTIMIZATION ON;
3> #CONFIGURE DEFAULT DEVICE TYPE TO DISK; # default
4> #CONFIGURE CONTROLFILE AUTOBACKUP OFF;
5> #CONFIGURE CONTROLFILE AUTOBACKUP FORMAT FOR DEVICE TYPE DISK TO '+RECO/RMAN/%F';
6> #CONFIGURE DEVICE TYPE DISK PARALLELISM 2 BACKUP TYPE TO COMPRESSED BACKUPSET;
7> #CONFIGURE DATAFILE BACKUP COPIES FOR DEVICE TYPE DISK TO 1; # default
8> #CONFIGURE ARCHIVELOG BACKUP COPIES FOR DEVICE TYPE DISK TO 1; # default
9> #CONFIGURE CHANNEL DEVICE TYPE DISK MAXPIECESIZE 4 G;	#updated 24/3/2014
10> #CONFIGURE MAXSETSIZE TO UNLIMITED;
11> #CONFIGURE ENCRYPTION FOR DATABASE OFF; # default
12> #CONFIGURE ENCRYPTION ALGORITHM 'AES128'; # default
13> #CONFIGURE COMPRESSION ALGORITHM 'BASIC' AS OF RELEASE 'DEFAULT' OPTIMIZE FOR LOAD TRUE ; # default
14> #Chi khi nao cac archive da duoc apply tren cac standby thi moi cho delete.
15> #CONFIGURE ARCHIVELOG DELETION POLICY TO APPLIED ON ALL STANDBY;
16> #CONFIGURE SNAPSHOT CONTROLFILE NAME TO '/u01/app/oracle/product/11.2.0.2/dbhome_1/dbs/snapcf_ccbs1.f'; # default
17> 
18> 
19> #updated 20/8/2014
20> # Ngay 1:
21> #	Xoa cac backup obsolete: Giu lai backupset hien tai, xoa cac ban backupset truoc do.
22> #	Backup level0 vao +RECO	tag MONTHLY_LEVEL_0_day1
23> # 	copy ban level0 thu 2 vao o dia /mnt/nfs52100/RMAN	copy_MONTHLY_LEVEL_0_day1
24> # Ngay 2-15:
25> #	Backup copies 2 level1 vao +RECO,/mnt/nfs52100/RMAN
26> #	Backup copies 2 archived vao +RECO,/mnt/nfs52100/RMAN
27> #	Delete archived all
28> 
29> # Ngay 16:
30> #	Xoa cac backup obsolete: Giu lai backupset hien tai, xoa cac ban backupset truoc do.
31> #	Backup level0 vao +RECO	tag MONTHLY_LEVEL_0_day16
32> # 	copy ban level0 thu 2 vao o dia /mnt/nfs52100/RMAN	tag copy_MONTHLY_LEVEL_0_day16
33> # Ngay 17-31:
34> #	Backup copies 2 level1 vao +RECO,/mnt/nfs52100/RMAN	
35> #	Backup copies 2 archived vao +RECO,/mnt/nfs52100/RMAN
36> #	Delete archived all
37> 
38> run
39> {
40> 	crosscheck backup;
41> 	delete noprompt obsolete;
42> 	sql 'ALTER SYSTEM ARCHIVE LOG CURRENT';
43> 	#backup ngay 1 
44> 	backup incremental level 0 format '+RECO/RMAN/level0_%D_%T_%U' tag MON_LV0_day1 database plus archivelog;
45> 
46> 	#copy qua /mnt/nfs52100/RMAN/
47> 	backup copies 2 backupset completed between "sysdate-2" AND "sysdate" format '/mnt/nfs52100/RMAN/level0_%D_%T_%U' tag copy_MON_LV0_day1;
48> }
49> 
using target database control file instead of recovery catalog
allocated channel: ORA_DISK_1
channel ORA_DISK_1: SID=855 instance=ccbs1 device type=DISK
allocated channel: ORA_DISK_2
channel ORA_DISK_2: SID=927 instance=ccbs1 device type=DISK
crosschecked backup piece: found to be 'AVAILABLE'
backup piece handle=+RECO/rman/level0_01_20150101_rnprl9ui_1_1 RECID=20124 STAMP=867870675
crosschecked backup piece: found to be 'AVAILABLE'
backup piece handle=+RECO/rman/level0_01_20150101_rnprl9ui_2_1 RECID=20125 STAMP=867871195
crosschecked backup piece: found to be 'AVAILABLE'
backup piece handle=+RECO/rman/level0_01_20150101_rnprl9ui_3_1 RECID=20126 STAMP=867871703
crosschecked backup piece: found to be 'AVAILABLE'
backup piece handle=+RECO/rman/level0_01_20150101_rnprl9ui_4_1 RECID=20127 STAMP=867872208
crosschecked backup piece: found to be 'AVAILABLE'
backup piece handle=+RECO/rman/level0_01_20150101_rnprl9ui_5_1 RECID=20128 STAMP=867872733
crosschecked backup piece: found to be 'AVAILABLE'
backup piece handle=+RECO/rman/level0_01_20150101_rnprl9ui_6_1 RECID=20129 STAMP=867873244
crosschecked backup piece: found to be 'AVAILABLE'
backup piece handle=+RECO/rman/level0_01_20150101_rnprl9ui_7_1 RECID=20130 STAMP=867873744
crosschecked backup piece: found to be 'AVAILABLE'
backup piece handle=+RECO/rman/level0_01_20150101_rnprl9ui_8_1 RECID=20131 STAMP=867874214
crosschecked backup piece: found to be 'AVAILABLE'
backup piece handle=+RECO/rman/level0_01_20150101_rnprl9ui_9_1 RECID=20132 STAMP=867874654
crosschecked backup piece: found to be 'AVAILABLE'
backup piece handle=+RECO/rman/level0_01_20150101_rnprl9ui_10_1 RECID=20133 STAMP=867875074
crosschecked backup piece: found to be 'AVAILABLE'
backup piece handle=+RECO/rman/level0_01_20150101_rnprl9ui_11_1 RECID=20134 STAMP=867875484
crosschecked backup piece: found to be 'AVAILABLE'
backup piece handle=+RECO/rman/level0_01_20150101_rnprl9ui_12_1 RECID=20135 STAMP=867875894
crosschecked backup piece: found to be 'AVAILABLE'
backup piece handle=+RECO/rman/level0_01_20150101_rnprl9ui_13_1 RECID=20136 STAMP=867876324
crosschecked backup piece: found to be 'AVAILABLE'
backup piece handle=+RECO/rman/level0_01_20150101_rnprl9ui_14_1 RECID=20137 STAMP=867876764
crosschecked backup piece: found to be 'AVAILABLE'
backup piece handle=+RECO/rman/level0_01_20150101_rnprl9ui_15_1 RECID=20138 STAMP=867877195
crosschecked backup piece: found to be 'AVAILABLE'
backup piece handle=+RECO/rman/level0_01_20150101_rnprl9ui_16_1 RECID=20139 STAMP=867877635
crosschecked backup piece: found to be 'AVAILABLE'
backup piece handle=+RECO/rman/level0_01_20150101_rnprl9ui_17_1 RECID=20140 STAMP=867878065
crosschecked backup piece: found to be 'AVAILABLE'
backup piece handle=+RECO/rman/level0_01_20150101_rnprl9ui_18_1 RECID=20141 STAMP=867878485
crosschecked backup piece: found to be 'AVAILABLE'
backup piece handle=+RECO/rman/level0_01_20150101_rnprl9ui_19_1 RECID=20142 STAMP=867878905
crosschecked backup piece: found to be 'AVAILABLE'
backup piece handle=+RECO/rman/level0_01_20150101_rnprl9ui_20_1 RECID=20143 STAMP=867879345
crosschecked backup piece: found to be 'AVAILABLE'
backup piece handle=+RECO/rman/level0_01_20150101_rnprl9ui_21_1 RECID=20144 STAMP=867879765
crosschecked backup piece: found to be 'AVAILABLE'
backup piece handle=+RECO/rman/level0_01_20150101_rnprl9ui_22_1 RECID=20145 STAMP=867880195
crosschecked backup piece: found to be 'AVAILABLE'
backup piece handle=+RECO/rman/level0_01_20150101_rnprl9ui_23_1 RECID=20146 STAMP=867880625
crosschecked backup piece: found to be 'AVAILABLE'
backup piece handle=+RECO/rman/level0_01_20150101_rnprl9ui_24_1 RECID=20147 STAMP=867881065
crosschecked backup piece: found to be 'AVAILABLE'
backup piece handle=+RECO/rman/level0_01_20150101_rnprl9ui_25_1 RECID=20148 STAMP=867881496
crosschecked backup piece: found to be 'AVAILABLE'
backup piece handle=+RECO/rman/level0_01_20150101_rnprl9ui_26_1 RECID=20149 STAMP=867881936
crosschecked backup piece: found to be 'AVAILABLE'
backup piece handle=+RECO/rman/level0_01_20150101_rnprl9ui_27_1 RECID=20150 STAMP=867882376
crosschecked backup piece: found to be 'AVAILABLE'
backup piece handle=+RECO/rman/level0_01_20150101_rnprl9ui_28_1 RECID=20151 STAMP=867882816
crosschecked backup piece: found to be 'AVAILABLE'
backup piece handle=+RECO/rman/level0_01_20150101_rnprl9ui_29_1 RECID=20152 STAMP=867883256
crosschecked backup piece: found to be 'AVAILABLE'
backup piece handle=+RECO/rman/level0_01_20150101_rnprl9ui_30_1 RECID=20153 STAMP=867883706
crosschecked backup piece: found to be 'AVAILABLE'
backup piece handle=+RECO/rman/level0_01_20150101_rnprl9ui_31_1 RECID=20154 STAMP=867884136
crosschecked backup piece: found to be 'AVAILABLE'
backup piece handle=+RECO/rman/level0_01_20150101_rnprl9ui_32_1 RECID=20155 STAMP=867884566
crosschecked backup piece: found to be 'AVAILABLE'
backup piece handle=+RECO/rman/level0_01_20150101_rnprl9ui_33_1 RECID=20156 STAMP=867885016
crosschecked backup piece: found to be 'AVAILABLE'
backup piece handle=+RECO/rman/level0_01_20150101_rnprl9ui_34_1 RECID=20157 STAMP=867885476
crosschecked backup piece: found to be 'AVAILABLE'
backup piece handle=+RECO/rman/level0_01_20150101_rnprl9ui_35_1 RECID=20158 STAMP=867885927
crosschecked backup piece: found to be 'AVAILABLE'
backup piece handle=+RECO/rman/level0_01_20150101_rnprl9ui_36_1 RECID=20159 STAMP=867886397
crosschecked backup piece: found to be 'AVAILABLE'
backup piece handle=+RECO/rman/level0_01_20150101_rnprl9ui_37_1 RECID=20160 STAMP=867886857
crosschecked backup piece: found to be 'AVAILABLE'
backup piece handle=+RECO/rman/level0_01_20150101_rnprl9ui_38_1 RECID=20161 STAMP=867887317
crosschecked backup piece: found to be 'AVAILABLE'
backup piece handle=+RECO/rman/level0_01_20150101_rnprl9ui_39_1 RECID=20162 STAMP=867887777
crosschecked backup piece: found to be 'AVAILABLE'
backup piece handle=+RECO/rman/level0_02_20150102_rnprl9ui_40_1 RECID=20163 STAMP=867888212
crosschecked backup piece: found to be 'AVAILABLE'
backup piece handle=+RECO/rman/level0_02_20150102_rnprl9ui_41_1 RECID=20164 STAMP=867888652
crosschecked backup piece: found to be 'AVAILABLE'
backup piece handle=+RECO/rman/level0_02_20150102_rnprl9ui_42_1 RECID=20165 STAMP=867889112
crosschecked backup piece: found to be 'AVAILABLE'
backup piece handle=+RECO/rman/level0_02_20150102_rnprl9ui_43_1 RECID=20166 STAMP=867889585
crosschecked backup piece: found to be 'AVAILABLE'
backup piece handle=+RECO/rman/level0_02_20150102_rnprl9ui_44_1 RECID=20167 STAMP=867890075
crosschecked backup piece: found to be 'AVAILABLE'
backup piece handle=+RECO/rman/level0_02_20150102_rnprl9ui_45_1 RECID=20168 STAMP=867890566
crosschecked backup piece: found to be 'AVAILABLE'
backup piece handle=+RECO/rman/level0_02_20150102_rnprl9ui_46_1 RECID=20169 STAMP=867891038
crosschecked backup piece: found to be 'AVAILABLE'
backup piece handle=+RECO/rman/level0_02_20150102_rnprl9ui_47_1 RECID=20170 STAMP=867891520
crosschecked backup piece: found to be 'AVAILABLE'
backup piece handle=+RECO/rman/level0_01_20150101_rmprl9ui_1_1 RECID=20171 STAMP=867870675
crosschecked backup piece: found to be 'AVAILABLE'
backup piece handle=+RECO/rman/level0_01_20150101_rmprl9ui_2_1 RECID=20172 STAMP=867871180
crosschecked backup piece: found to be 'AVAILABLE'
backup piece handle=+RECO/rman/level0_01_20150101_rmprl9ui_3_1 RECID=20173 STAMP=867871700
crosschecked backup piece: found to be 'AVAILABLE'
backup piece handle=+RECO/rman/level0_01_20150101_rmprl9ui_4_1 RECID=20174 STAMP=867872208
crosschecked backup piece: found to be 'AVAILABLE'
backup piece handle=+RECO/rman/level0_01_20150101_rmprl9ui_5_1 RECID=20175 STAMP=867872748
crosschecked backup piece: found to be 'AVAILABLE'
backup piece handle=+RECO/rman/level0_01_20150101_rmprl9ui_6_1 RECID=20176 STAMP=867873269
crosschecked backup piece: found to be 'AVAILABLE'
backup piece handle=+RECO/rman/level0_01_20150101_rmprl9ui_7_1 RECID=20177 STAMP=867873789
crosschecked backup piece: found to be 'AVAILABLE'
backup piece handle=+RECO/rman/level0_01_20150101_rmprl9ui_8_1 RECID=20178 STAMP=867874299
crosschecked backup piece: found to be 'AVAILABLE'
backup piece handle=+RECO/rman/level0_01_20150101_rmprl9ui_9_1 RECID=20179 STAMP=867874779
crosschecked backup piece: found to be 'AVAILABLE'
backup piece handle=+RECO/rman/level0_01_20150101_rmprl9ui_10_1 RECID=20180 STAMP=867875219
crosschecked backup piece: found to be 'AVAILABLE'
backup piece handle=+RECO/rman/level0_01_20150101_rmprl9ui_11_1 RECID=20181 STAMP=867875649
crosschecked backup piece: found to be 'AVAILABLE'
backup piece handle=+RECO/rman/level0_01_20150101_rmprl9ui_12_1 RECID=20182 STAMP=867876069
crosschecked backup piece: found to be 'AVAILABLE'
backup piece handle=+RECO/rman/level0_01_20150101_rmprl9ui_13_1 RECID=20183 STAMP=867876489
crosschecked backup piece: found to be 'AVAILABLE'
backup piece handle=+RECO/rman/level0_01_20150101_rmprl9ui_14_1 RECID=20184 STAMP=867876909
crosschecked backup piece: found to be 'AVAILABLE'
backup piece handle=+RECO/rman/level0_01_20150101_rmprl9ui_15_1 RECID=20185 STAMP=867877340
crosschecked backup piece: found to be 'AVAILABLE'
backup piece handle=+RECO/rman/level0_01_20150101_rmprl9ui_16_1 RECID=20186 STAMP=867877780
crosschecked backup piece: found to be 'AVAILABLE'
backup piece handle=+RECO/rman/level0_01_20150101_rmprl9ui_17_1 RECID=20187 STAMP=867878220
crosschecked backup piece: found to be 'AVAILABLE'
backup piece handle=+RECO/rman/level0_01_20150101_rmprl9ui_18_1 RECID=20188 STAMP=867878650
crosschecked backup piece: found to be 'AVAILABLE'
backup piece handle=+RECO/rman/level0_01_20150101_rmprl9ui_19_1 RECID=20189 STAMP=867879080
crosschecked backup piece: found to be 'AVAILABLE'
backup piece handle=+RECO/rman/level0_01_20150101_rmprl9ui_20_1 RECID=20190 STAMP=867879500
crosschecked backup piece: found to be 'AVAILABLE'
backup piece handle=+RECO/rman/level0_01_20150101_rmprl9ui_21_1 RECID=20191 STAMP=867879930
crosschecked backup piece: found to be 'AVAILABLE'
backup piece handle=+RECO/rman/level0_01_20150101_rmprl9ui_22_1 RECID=20192 STAMP=867880360
crosschecked backup piece: found to be 'AVAILABLE'
backup piece handle=+RECO/rman/level0_01_20150101_rmprl9ui_23_1 RECID=20193 STAMP=867880790
crosschecked backup piece: found to be 'AVAILABLE'
backup piece handle=+RECO/rman/level0_01_20150101_rmprl9ui_24_1 RECID=20194 STAMP=867881220
crosschecked backup piece: found to be 'AVAILABLE'
backup piece handle=+RECO/rman/level0_01_20150101_rmprl9ui_25_1 RECID=20195 STAMP=867881651
crosschecked backup piece: found to be 'AVAILABLE'
backup piece handle=+RECO/rman/level0_01_20150101_rmprl9ui_26_1 RECID=20196 STAMP=867882081
crosschecked backup piece: found to be 'AVAILABLE'
backup piece handle=+RECO/rman/level0_01_20150101_rmprl9ui_27_1 RECID=20197 STAMP=867882501
crosschecked backup piece: found to be 'AVAILABLE'
backup piece handle=+RECO/rman/level0_01_20150101_rmprl9ui_28_1 RECID=20198 STAMP=867882931
crosschecked backup piece: found to be 'AVAILABLE'
backup piece handle=+RECO/rman/level0_01_20150101_rmprl9ui_29_1 RECID=20199 STAMP=867883361
crosschecked backup piece: found to be 'AVAILABLE'
backup piece handle=+RECO/rman/level0_01_20150101_rmprl9ui_30_1 RECID=20200 STAMP=867883791
crosschecked backup piece: found to be 'AVAILABLE'
backup piece handle=+RECO/rman/level0_01_20150101_rmprl9ui_31_1 RECID=20201 STAMP=867884231
crosschecked backup piece: found to be 'AVAILABLE'
backup piece handle=+RECO/rman/level0_01_20150101_rmprl9ui_32_1 RECID=20202 STAMP=867884661
crosschecked backup piece: found to be 'AVAILABLE'
backup piece handle=+RECO/rman/level0_01_20150101_rmprl9ui_33_1 RECID=20203 STAMP=867885091
crosschecked backup piece: found to be 'AVAILABLE'
backup piece handle=+RECO/rman/level0_01_20150101_rmprl9ui_34_1 RECID=20204 STAMP=867885531
crosschecked backup piece: found to be 'AVAILABLE'
backup piece handle=+RECO/rman/level0_01_20150101_rmprl9ui_35_1 RECID=20205 STAMP=867885982
crosschecked backup piece: found to be 'AVAILABLE'
backup piece handle=+RECO/rman/level0_01_20150101_rmprl9ui_36_1 RECID=20206 STAMP=867886432
crosschecked backup piece: found to be 'AVAILABLE'
backup piece handle=+RECO/rman/level0_01_20150101_rmprl9ui_37_1 RECID=20207 STAMP=867886882
crosschecked backup piece: found to be 'AVAILABLE'
backup piece handle=+RECO/rman/level0_01_20150101_rmprl9ui_38_1 RECID=20208 STAMP=867887332
crosschecked backup piece: found to be 'AVAILABLE'
backup piece handle=+RECO/rman/level0_01_20150101_rmprl9ui_39_1 RECID=20209 STAMP=867887777
crosschecked backup piece: found to be 'AVAILABLE'
backup piece handle=+RECO/rman/level0_02_20150102_rmprl9ui_40_1 RECID=20210 STAMP=867888237
crosschecked backup piece: found to be 'AVAILABLE'
backup piece handle=+RECO/rman/level0_02_20150102_rmprl9ui_41_1 RECID=20211 STAMP=867888687
crosschecked backup piece: found to be 'AVAILABLE'
backup piece handle=+RECO/rman/level0_02_20150102_rmprl9ui_42_1 RECID=20212 STAMP=867889127
crosschecked backup piece: found to be 'AVAILABLE'
backup piece handle=+RECO/rman/level0_02_20150102_rmprl9ui_43_1 RECID=20213 STAMP=867889582
crosschecked backup piece: found to be 'AVAILABLE'
backup piece handle=+RECO/rman/level0_02_20150102_rmprl9ui_44_1 RECID=20214 STAMP=867890060
crosschecked backup piece: found to be 'AVAILABLE'
backup piece handle=+RECO/rman/level0_02_20150102_rmprl9ui_45_1 RECID=20215 STAMP=867890541
crosschecked backup piece: found to be 'AVAILABLE'
backup piece handle=+RECO/rman/level0_02_20150102_rmprl9ui_46_1 RECID=20216 STAMP=867891031
crosschecked backup piece: found to be 'AVAILABLE'
backup piece handle=+RECO/rman/level0_02_20150102_rmprl9ui_47_1 RECID=20217 STAMP=867891513
crosschecked backup piece: found to be 'AVAILABLE'
backup piece handle=+RECO/rman/level0_02_20150102_rmprl9ui_48_1 RECID=20218 STAMP=867892001
crosschecked backup piece: found to be 'AVAILABLE'
backup piece handle=+RECO/rman/level0_02_20150102_roprlubn_1_1 RECID=20220 STAMP=867891576
crosschecked backup piece: found to be 'AVAILABLE'
backup piece handle=+RECO/rman/level0_02_20150102_roprlubn_2_1 RECID=20221 STAMP=867892026
crosschecked backup piece: found to be 'AVAILABLE'
backup piece handle=+RECO/rman/level0_02_20150102_roprlubn_3_1 RECID=20222 STAMP=867892479
crosschecked backup piece: found to be 'AVAILABLE'
backup piece handle=+RECO/rman/level0_02_20150102_roprlubn_4_1 RECID=20223 STAMP=867892924
crosschecked backup piece: found to be 'AVAILABLE'
backup piece handle=+RECO/rman/level0_02_20150102_roprlubn_5_1 RECID=20224 STAMP=867893379
crosschecked backup piece: found to be 'AVAILABLE'
backup piece handle=+RECO/rman/level0_02_20150102_roprlubn_6_1 RECID=20225 STAMP=867893834
crosschecked backup piece: found to be 'AVAILABLE'
backup piece handle=+RECO/rman/level0_02_20150102_roprlubn_7_1 RECID=20226 STAMP=867894299
crosschecked backup piece: found to be 'AVAILABLE'
backup piece handle=+RECO/rman/level0_02_20150102_roprlubn_8_1 RECID=20227 STAMP=867894755
crosschecked backup piece: found to be 'AVAILABLE'
backup piece handle=+RECO/rman/level0_02_20150102_roprlubn_9_1 RECID=20228 STAMP=867895210
crosschecked backup piece: found to be 'AVAILABLE'
backup piece handle=+RECO/rman/level0_02_20150102_roprlubn_10_1 RECID=20229 STAMP=867895665
crosschecked backup piece: found to be 'AVAILABLE'
backup piece handle=+RECO/rman/level0_02_20150102_roprlubn_11_1 RECID=20230 STAMP=867896090
crosschecked backup piece: found to be 'AVAILABLE'
backup piece handle=+RECO/rman/level0_02_20150102_roprlubn_12_1 RECID=20231 STAMP=867896515
crosschecked backup piece: found to be 'AVAILABLE'
backup piece handle=+RECO/rman/level0_02_20150102_roprlubn_13_1 RECID=20232 STAMP=867896940
crosschecked backup piece: found to be 'AVAILABLE'
backup piece handle=+RECO/rman/level0_02_20150102_roprlubn_14_1 RECID=20233 STAMP=867897375
crosschecked backup piece: found to be 'AVAILABLE'
backup piece handle=+RECO/rman/level0_02_20150102_roprlubn_15_1 RECID=20234 STAMP=867897820
crosschecked backup piece: found to be 'AVAILABLE'
backup piece handle=+RECO/rman/level0_02_20150102_roprlubn_16_1 RECID=20235 STAMP=867898275
crosschecked backup piece: found to be 'AVAILABLE'
backup piece handle=+RECO/rman/level0_02_20150102_roprlubn_17_1 RECID=20236 STAMP=867898730
crosschecked backup piece: found to be 'AVAILABLE'
backup piece handle=+RECO/rman/level0_02_20150102_roprlubn_18_1 RECID=20237 STAMP=867899175
crosschecked backup piece: found to be 'AVAILABLE'
backup piece handle=+RECO/rman/level0_02_20150102_roprlubn_19_1 RECID=20238 STAMP=867899590
crosschecked backup piece: found to be 'AVAILABLE'
backup piece handle=+RECO/rman/level0_02_20150102_roprlubn_20_1 RECID=20239 STAMP=867900005
crosschecked backup piece: found to be 'AVAILABLE'
backup piece handle=+RECO/rman/level0_02_20150102_roprlubn_21_1 RECID=20240 STAMP=867900411
crosschecked backup piece: found to be 'AVAILABLE'
backup piece handle=+RECO/rman/level0_02_20150102_roprlubn_22_1 RECID=20241 STAMP=867900826
crosschecked backup piece: found to be 'AVAILABLE'
backup piece handle=+RECO/rman/level0_02_20150102_roprlubn_23_1 RECID=20242 STAMP=867901251
crosschecked backup piece: found to be 'AVAILABLE'
backup piece handle=+RECO/rman/level0_02_20150102_roprlubn_24_1 RECID=20243 STAMP=867901686
crosschecked backup piece: found to be 'AVAILABLE'
backup piece handle=+RECO/rman/level0_02_20150102_roprlubn_25_1 RECID=20244 STAMP=867902121
crosschecked backup piece: found to be 'AVAILABLE'
backup piece handle=+RECO/rman/level0_02_20150102_roprlubn_26_1 RECID=20245 STAMP=867902556
crosschecked backup piece: found to be 'AVAILABLE'
backup piece handle=+RECO/rman/level0_02_20150102_roprlubn_27_1 RECID=20246 STAMP=867902991
crosschecked backup piece: found to be 'AVAILABLE'
backup piece handle=+RECO/rman/level0_02_20150102_roprlubn_28_1 RECID=20247 STAMP=867903436
crosschecked backup piece: found to be 'AVAILABLE'
backup piece handle=+RECO/rman/level0_02_20150102_roprlubn_29_1 RECID=20248 STAMP=867903881
crosschecked backup piece: found to be 'AVAILABLE'
backup piece handle=+RECO/rman/level0_02_20150102_roprlubn_30_1 RECID=20249 STAMP=867904336
crosschecked backup piece: found to be 'AVAILABLE'
backup piece handle=+RECO/rman/level0_02_20150102_roprlubn_31_1 RECID=20250 STAMP=867904791
crosschecked backup piece: found to be 'AVAILABLE'
backup piece handle=+RECO/rman/level0_02_20150102_roprlubn_32_1 RECID=20251 STAMP=867905216
crosschecked backup piece: found to be 'AVAILABLE'
backup piece handle=+RECO/rman/level0_02_20150102_roprlubn_33_1 RECID=20252 STAMP=867905641
crosschecked backup piece: found to be 'AVAILABLE'
backup piece handle=+RECO/rman/level0_02_20150102_roprlubn_34_1 RECID=20253 STAMP=867906087
crosschecked backup piece: found to be 'AVAILABLE'
backup piece handle=+RECO/rman/level0_02_20150102_roprlubn_35_1 RECID=20254 STAMP=867906532
crosschecked backup piece: found to be 'AVAILABLE'
backup piece handle=+RECO/rman/level0_02_20150102_roprlubn_36_1 RECID=20255 STAMP=867906977
crosschecked backup piece: found to be 'AVAILABLE'
backup piece handle=+RECO/rman/level0_02_20150102_roprlubn_37_1 RECID=20256 STAMP=867907432
crosschecked backup piece: found to be 'AVAILABLE'
backup piece handle=+RECO/rman/level0_02_20150102_roprlubn_38_1 RECID=20257 STAMP=867907867
crosschecked backup piece: found to be 'AVAILABLE'
backup piece handle=+RECO/rman/level0_02_20150102_roprlubn_39_1 RECID=20258 STAMP=867908312
crosschecked backup piece: found to be 'AVAILABLE'
backup piece handle=+RECO/rman/level0_02_20150102_roprlubn_40_1 RECID=20259 STAMP=867908757
crosschecked backup piece: found to be 'AVAILABLE'
backup piece handle=+RECO/rman/level0_02_20150102_roprlubn_41_1 RECID=20260 STAMP=867909182
crosschecked backup piece: found to be 'AVAILABLE'
backup piece handle=+RECO/rman/level0_02_20150102_roprlubn_42_1 RECID=20261 STAMP=867909597
crosschecked backup piece: found to be 'AVAILABLE'
backup piece handle=+RECO/rman/level0_02_20150102_roprlubn_43_1 RECID=20262 STAMP=867910052
crosschecked backup piece: found to be 'AVAILABLE'
backup piece handle=+RECO/rman/level0_02_20150102_roprlubn_44_1 RECID=20263 STAMP=867910517
crosschecked backup piece: found to be 'AVAILABLE'
backup piece handle=+RECO/rman/level0_02_20150102_roprlubn_45_1 RECID=20264 STAMP=867910982
crosschecked backup piece: found to be 'AVAILABLE'
backup piece handle=+RECO/rman/level0_02_20150102_roprlubn_46_1 RECID=20265 STAMP=867911457
crosschecked backup piece: found to be 'AVAILABLE'
backup piece handle=+RECO/rman/level0_02_20150102_roprlubn_47_1 RECID=20266 STAMP=867911933
crosschecked backup piece: found to be 'AVAILABLE'
backup piece handle=+RECO/rman/level0_02_20150102_roprlubn_48_1 RECID=20267 STAMP=867912398
crosschecked backup piece: found to be 'AVAILABLE'
backup piece handle=+RECO/rman/level0_02_20150102_roprlubn_49_1 RECID=20268 STAMP=867912893
crosschecked backup piece: found to be 'AVAILABLE'
backup piece handle=+DATA/rman/level1_02_20150102_rrpro4mr_1_1 RECID=20286 STAMP=867963614
crosschecked backup piece: found to be 'AVAILABLE'
backup piece handle=+DATA/rman/level1_02_20150102_rspro5ka_1_1 RECID=20288 STAMP=867964555
crosschecked backup piece: found to be 'AVAILABLE'
backup piece handle=+DATA/rman/level1_02_20150102_rtpro6e4_1_1 RECID=20290 STAMP=867965381
crosschecked backup piece: found to be 'AVAILABLE'
backup piece handle=+DATA/rman/archi_02_20150102_s0pro781_1_1 RECID=20295 STAMP=867966209
crosschecked backup piece: found to be 'AVAILABLE'
backup piece handle=+DATA/rman/archi_02_20150102_s0pro781_2_1 RECID=20297 STAMP=867967024
crosschecked backup piece: found to be 'AVAILABLE'
backup piece handle=+DATA/rman/archi_02_20150102_s0pro781_3_1 RECID=20299 STAMP=867967819
crosschecked backup piece: found to be 'AVAILABLE'
backup piece handle=+DATA/rman/level1_03_20150103_s3prqp2t_1_1 RECID=20302 STAMP=868050019
crosschecked backup piece: found to be 'AVAILABLE'
backup piece handle=+DATA/rman/level1_03_20150103_s3prqp2t_2_1 RECID=20304 STAMP=868051548
crosschecked backup piece: found to be 'AVAILABLE'
backup piece handle=+DATA/rman/level1_03_20150103_s4prqqu9_1_1 RECID=20306 STAMP=868051915
crosschecked backup piece: found to be 'AVAILABLE'
backup piece handle=+DATA/rman/level1_03_20150103_s4prqqu9_2_1 RECID=20308 STAMP=868053459
crosschecked backup piece: found to be 'AVAILABLE'
backup piece handle=+DATA/rman/level1_03_20150103_s5prqsgl_1_1 RECID=20310 STAMP=868053527
crosschecked backup piece: found to be 'AVAILABLE'
backup piece handle=+DATA/rman/level1_03_20150103_s5prqsgl_2_1 RECID=20312 STAMP=868054781
crosschecked backup piece: found to be 'AVAILABLE'
backup piece handle=+DATA/rman/archi_03_20150103_s8prquk9_1_1 RECID=20317 STAMP=868055689
crosschecked backup piece: found to be 'AVAILABLE'
backup piece handle=+DATA/rman/archi_03_20150103_s8prquk9_2_1 RECID=20319 STAMP=868056525
crosschecked backup piece: found to be 'AVAILABLE'
backup piece handle=+DATA/rman/archi_03_20150103_s8prquk9_3_1 RECID=20321 STAMP=868057340
crosschecked backup piece: found to be 'AVAILABLE'
backup piece handle=+DATA/rman/archi_03_20150103_s9prr0qp_1_1 RECID=20323 STAMP=868057946
crosschecked backup piece: found to be 'AVAILABLE'
backup piece handle=+DATA/rman/archi_03_20150103_s9prr0qp_2_1 RECID=20325 STAMP=868058761
crosschecked backup piece: found to be 'AVAILABLE'
backup piece handle=+DATA/rman/archi_03_20150103_s9prr0qp_3_1 RECID=20327 STAMP=868059576
crosschecked backup piece: found to be 'AVAILABLE'
backup piece handle=+DATA/rman/level1_04_20150104_scprtdeu_1_1 RECID=20330 STAMP=868136417
crosschecked backup piece: found to be 'AVAILABLE'
backup piece handle=+DATA/rman/level1_04_20150104_scprtdeu_2_1 RECID=20332 STAMP=868137875
crosschecked backup piece: found to be 'AVAILABLE'
backup piece handle=+DATA/rman/level1_04_20150104_sdprtf22_1_1 RECID=20334 STAMP=868138051
crosschecked backup piece: found to be 'AVAILABLE'
backup piece handle=+DATA/rman/level1_04_20150104_seprtgg7_1_1 RECID=20336 STAMP=868139528
crosschecked backup piece: found to be 'AVAILABLE'
backup piece handle=+DATA/rman/level1_04_20150104_seprtgg7_2_1 RECID=20338 STAMP=868140993
crosschecked backup piece: found to be 'AVAILABLE'
backup piece handle=+DATA/rman/archi_04_20150104_shprti87_1_1 RECID=20343 STAMP=868141319
crosschecked backup piece: found to be 'AVAILABLE'
backup piece handle=+DATA/rman/archi_04_20150104_shprti87_2_1 RECID=20345 STAMP=868142145
crosschecked backup piece: found to be 'AVAILABLE'
backup piece handle=+DATA/rman/archi_04_20150104_shprti87_3_1 RECID=20347 STAMP=868142980
crosschecked backup piece: found to be 'AVAILABLE'
backup piece handle=+DATA/rman/level1_06_20150106_slps2m6t_1_1 RECID=20350 STAMP=868309214
crosschecked backup piece: found to be 'AVAILABLE'
backup piece handle=+DATA/rman/level1_06_20150106_slps2m6t_2_1 RECID=20352 STAMP=868310175
crosschecked backup piece: found to be 'AVAILABLE'
backup piece handle=+DATA/rman/level1_06_20150106_slps2m6t_3_1 RECID=20354 STAMP=868311270
crosschecked backup piece: found to be 'AVAILABLE'
backup piece handle=+DATA/rman/level1_06_20150106_snps2pc7_1_1 RECID=20356 STAMP=868312457
crosschecked backup piece: found to be 'AVAILABLE'
backup piece handle=+DATA/rman/level1_06_20150106_snps2pc7_2_1 RECID=20358 STAMP=868313381
crosschecked backup piece: found to be 'AVAILABLE'
backup piece handle=+DATA/rman/level1_06_20150106_snps2pc7_3_1 RECID=20360 STAMP=868314326
crosschecked backup piece: found to be 'AVAILABLE'
backup piece handle=+DATA/rman/level1_06_20150106_snps2pc7_4_1 RECID=20362 STAMP=868315472
crosschecked backup piece: found to be 'AVAILABLE'
backup piece handle=+DATA/rman/level1_06_20150106_sops2t6p_1_1 RECID=20364 STAMP=868316378
crosschecked backup piece: found to be 'AVAILABLE'
backup piece handle=+DATA/rman/level1_06_20150106_sops2t6p_2_1 RECID=20366 STAMP=868317283
crosschecked backup piece: found to be 'AVAILABLE'
backup piece handle=+DATA/rman/level1_06_20150106_sops2t6p_3_1 RECID=20368 STAMP=868318188
crosschecked backup piece: found to be 'AVAILABLE'
backup piece handle=+DATA/rman/level1_06_20150106_sops2t6p_4_1 RECID=20370 STAMP=868319103
crosschecked backup piece: found to be 'AVAILABLE'
backup piece handle=+DATA/rman/level1_07_20150107_sops2t6p_5_1 RECID=20372 STAMP=868320208
crosschecked backup piece: found to be 'AVAILABLE'
backup piece handle=+DATA/rman/archi_07_20150107_srps31ul_1_1 RECID=20377 STAMP=868321237
crosschecked backup piece: found to be 'AVAILABLE'
backup piece handle=+DATA/rman/archi_07_20150107_srps31ul_2_1 RECID=20379 STAMP=868322042
crosschecked backup piece: found to be 'AVAILABLE'
backup piece handle=+DATA/rman/archi_07_20150107_srps31ul_3_1 RECID=20381 STAMP=868322947
crosschecked backup piece: found to be 'AVAILABLE'
backup piece handle=+DATA/rman/archi_07_20150107_srps31ul_4_1 RECID=20383 STAMP=868323792
crosschecked backup piece: found to be 'AVAILABLE'
backup piece handle=+DATA/rman/archi_07_20150107_srps31ul_5_1 RECID=20385 STAMP=868324598
crosschecked backup piece: found to be 'AVAILABLE'
backup piece handle=+DATA/rman/archi_07_20150107_ssps35qm_1_1 RECID=20387 STAMP=868325207
crosschecked backup piece: found to be 'AVAILABLE'
backup piece handle=+DATA/rman/archi_07_20150107_ssps35qm_2_1 RECID=20389 STAMP=868326032
crosschecked backup piece: found to be 'AVAILABLE'
backup piece handle=+DATA/rman/archi_07_20150107_ssps35qm_3_1 RECID=20391 STAMP=868326847
crosschecked backup piece: found to be 'AVAILABLE'
backup piece handle=+DATA/rman/archi_07_20150107_ssps35qm_4_1 RECID=20393 STAMP=868327682
crosschecked backup piece: found to be 'AVAILABLE'
backup piece handle=+DATA/rman/archi_07_20150107_ssps35qm_5_1 RECID=20395 STAMP=868328517
crosschecked backup piece: found to be 'AVAILABLE'
backup piece handle=+DATA/rman/archi_07_20150107_stps3990_1_1 RECID=20397 STAMP=868328736
crosschecked backup piece: found to be 'AVAILABLE'
backup piece handle=+DATA/rman/archi_07_20150107_stps3990_2_1 RECID=20399 STAMP=868329552
crosschecked backup piece: found to be 'AVAILABLE'
backup piece handle=+DATA/rman/archi_07_20150107_stps3990_3_1 RECID=20401 STAMP=868330367
crosschecked backup piece: found to be 'AVAILABLE'
backup piece handle=+DATA/rman/archi_07_20150107_stps3990_4_1 RECID=20403 STAMP=868331172
crosschecked backup piece: found to be 'AVAILABLE'
backup piece handle=+DATA/rman/archi_07_20150107_stps3990_5_1 RECID=20405 STAMP=868331977
crosschecked backup piece: found to be 'AVAILABLE'
backup piece handle=+DATA/rman/archi_07_20150107_sups3d6b_1_1 RECID=20407 STAMP=868332748
crosschecked backup piece: found to be 'AVAILABLE'
backup piece handle=+DATA/rman/archi_07_20150107_sups3d6b_2_1 RECID=20409 STAMP=868333553
crosschecked backup piece: found to be 'AVAILABLE'
backup piece handle=+DATA/rman/archi_07_20150107_sups3d6b_3_1 RECID=20411 STAMP=868334378
crosschecked backup piece: found to be 'AVAILABLE'
backup piece handle=+DATA/rman/archi_07_20150107_sups3d6b_4_1 RECID=20413 STAMP=868335213
crosschecked backup piece: found to be 'AVAILABLE'
backup piece handle=+DATA/rman/archi_07_20150107_sups3d6b_5_1 RECID=20415 STAMP=868336028
crosschecked backup piece: found to be 'AVAILABLE'
backup piece handle=+DATA/rman/level1_08_20150108_t2ps7uus_1_1 RECID=20418 STAMP=868482014
crosschecked backup piece: found to be 'AVAILABLE'
backup piece handle=+DATA/rman/level1_08_20150108_t2ps7uus_2_1 RECID=20420 STAMP=868483294
crosschecked backup piece: found to be 'AVAILABLE'
backup piece handle=+DATA/rman/level1_08_20150108_t4ps80p8_1_1 RECID=20422 STAMP=868483881
crosschecked backup piece: found to be 'AVAILABLE'
backup piece handle=+DATA/rman/level1_08_20150108_t4ps80p8_2_1 RECID=20424 STAMP=868485095
crosschecked backup piece: found to be 'AVAILABLE'
backup piece handle=+DATA/rman/level1_08_20150108_t5ps82jd_1_1 RECID=20426 STAMP=868485742
crosschecked backup piece: found to be 'AVAILABLE'
backup piece handle=+DATA/rman/level1_08_20150108_t5ps82jd_2_1 RECID=20428 STAMP=868486697
crosschecked backup piece: found to be 'AVAILABLE'
backup piece handle=+DATA/rman/level1_09_20150109_tapsajas_1_1 RECID=20433 STAMP=868568416
crosschecked backup piece: found to be 'AVAILABLE'
backup piece handle=+DATA/rman/level1_09_20150109_tbpsakd0_1_1 RECID=20435 STAMP=868569505
crosschecked backup piece: found to be 'AVAILABLE'
backup piece handle=+DATA/rman/level1_09_20150109_tcpsalea_1_1 RECID=20437 STAMP=868570571
crosschecked backup piece: found to be 'AVAILABLE'
backup piece handle=+RECO/rman/c-271141816-20150109-00 RECID=20441 STAMP=868571784
crosschecked backup piece: found to be 'AVAILABLE'
backup piece handle=+DATA/rman/level0_16_20150116_tkpsss4s_1_1 RECID=20442 STAMP=869167260
crosschecked backup piece: found to be 'AVAILABLE'
backup piece handle=+DATA/rman/level0_16_20150116_tkpsss4s_2_1 RECID=20443 STAMP=869167696
crosschecked backup piece: found to be 'AVAILABLE'
backup piece handle=+DATA/rman/level0_16_20150116_tkpsss4s_3_1 RECID=20444 STAMP=869168141
crosschecked backup piece: found to be 'AVAILABLE'
backup piece handle=+DATA/rman/level0_16_20150116_tkpsss4s_4_1 RECID=20445 STAMP=869168566
crosschecked backup piece: found to be 'AVAILABLE'
backup piece handle=+DATA/rman/level0_16_20150116_tkpsss4s_5_1 RECID=20446 STAMP=869168985
crosschecked backup piece: found to be 'AVAILABLE'
backup piece handle=+DATA/rman/level0_16_20150116_tkpsss4s_6_1 RECID=20447 STAMP=869169400
crosschecked backup piece: found to be 'AVAILABLE'
backup piece handle=+DATA/rman/level0_16_20150116_tlpsss4s_1_1 RECID=20448 STAMP=869167261
crosschecked backup piece: found to be 'AVAILABLE'
backup piece handle=+DATA/rman/level0_16_20150116_tlpsss4s_2_1 RECID=20449 STAMP=869167696
crosschecked backup piece: found to be 'AVAILABLE'
backup piece handle=+DATA/rman/level0_16_20150116_tlpsss4s_3_1 RECID=20450 STAMP=869168141
crosschecked backup piece: found to be 'AVAILABLE'
backup piece handle=+DATA/rman/level0_16_20150116_tlpsss4s_4_1 RECID=20451 STAMP=869168566
crosschecked backup piece: found to be 'AVAILABLE'
backup piece handle=+DATA/rman/level0_16_20150116_tlpsss4s_5_1 RECID=20452 STAMP=869168982
crosschecked backup piece: found to be 'AVAILABLE'
backup piece handle=+DATA/rman/level0_16_20150116_tlpsss4s_6_1 RECID=20453 STAMP=869169407
crosschecked backup piece: found to be 'AVAILABLE'
backup piece handle=+DATA/rman/level0_16_20150116_tmpssugi_1_1 RECID=20454 STAMP=869169683
crosschecked backup piece: found to be 'AVAILABLE'
backup piece handle=+DATA/rman/level0_16_20150116_tmpssugi_2_1 RECID=20455 STAMP=869170133
crosschecked backup piece: found to be 'AVAILABLE'
backup piece handle=+DATA/rman/level0_16_20150116_tmpssugi_3_1 RECID=20456 STAMP=869170573
crosschecked backup piece: found to be 'AVAILABLE'
backup piece handle=+DATA/rman/level0_16_20150116_tmpssugi_4_1 RECID=20457 STAMP=869171004
crosschecked backup piece: found to be 'AVAILABLE'
backup piece handle=+DATA/rman/level0_16_20150116_tmpssugi_5_1 RECID=20458 STAMP=869171444
crosschecked backup piece: found to be 'AVAILABLE'
backup piece handle=+DATA/rman/level0_16_20150116_tmpssugi_6_1 RECID=20459 STAMP=869171874
crosschecked backup piece: found to be 'AVAILABLE'
backup piece handle=+DATA/rman/level0_16_20150116_tnpssuik_1_1 RECID=20460 STAMP=869169748
crosschecked backup piece: found to be 'AVAILABLE'
backup piece handle=+DATA/rman/level0_16_20150116_tnpssuik_2_1 RECID=20461 STAMP=869170168
crosschecked backup piece: found to be 'AVAILABLE'
backup piece handle=+DATA/rman/level0_16_20150116_tnpssuik_3_1 RECID=20462 STAMP=869170599
crosschecked backup piece: found to be 'AVAILABLE'
backup piece handle=+DATA/rman/level0_16_20150116_tnpssuik_4_1 RECID=20463 STAMP=869171039
crosschecked backup piece: found to be 'AVAILABLE'
backup piece handle=+DATA/rman/level0_16_20150116_tnpssuik_5_1 RECID=20464 STAMP=869171469
crosschecked backup piece: found to be 'AVAILABLE'
backup piece handle=+DATA/rman/level0_16_20150116_tnpssuik_6_1 RECID=20465 STAMP=869171889
crosschecked backup piece: found to be 'AVAILABLE'
backup piece handle=+DATA/rman/level0_16_20150116_topst0rk_1_1 RECID=20466 STAMP=869172085
crosschecked backup piece: found to be 'AVAILABLE'
backup piece handle=+DATA/rman/level0_16_20150116_topst0rk_2_1 RECID=20467 STAMP=869172520
crosschecked backup piece: found to be 'AVAILABLE'
backup piece handle=+DATA/rman/level0_16_20150116_topst0rk_3_1 RECID=20468 STAMP=869172945
crosschecked backup piece: found to be 'AVAILABLE'
backup piece handle=+DATA/rman/level0_16_20150116_topst0rk_4_1 RECID=20469 STAMP=869173370
crosschecked backup piece: found to be 'AVAILABLE'
backup piece handle=+DATA/rman/level0_16_20150116_topst0rk_5_1 RECID=20470 STAMP=869173795
crosschecked backup piece: found to be 'AVAILABLE'
backup piece handle=+DATA/rman/level0_16_20150116_topst0rk_6_1 RECID=20471 STAMP=869174210
crosschecked backup piece: found to be 'AVAILABLE'
backup piece handle=+DATA/rman/level0_16_20150116_tqpst33d_1_1 RECID=20472 STAMP=869174382
crosschecked backup piece: found to be 'AVAILABLE'
backup piece handle=+DATA/rman/level0_16_20150116_tqpst33d_2_1 RECID=20473 STAMP=869174932
crosschecked backup piece: found to be 'AVAILABLE'
backup piece handle=+DATA/rman/level0_16_20150116_tqpst33d_3_1 RECID=20474 STAMP=869175452
crosschecked backup piece: found to be 'AVAILABLE'
backup piece handle=+DATA/rman/level0_16_20150116_tqpst33d_4_1 RECID=20475 STAMP=869176002
crosschecked backup piece: found to be 'AVAILABLE'
backup piece handle=+DATA/rman/level0_16_20150116_tqpst33d_5_1 RECID=20476 STAMP=869176572
crosschecked backup piece: found to be 'AVAILABLE'
backup piece handle=+DATA/rman/level0_16_20150116_tqpst33d_6_1 RECID=20477 STAMP=869177122
crosschecked backup piece: found to be 'AVAILABLE'
backup piece handle=+DATA/rman/level0_16_20150116_tqpst33d_7_1 RECID=20478 STAMP=869177597
crosschecked backup piece: found to be 'AVAILABLE'
backup piece handle=+DATA/rman/level0_16_20150116_tqpst33d_8_1 RECID=20479 STAMP=869178027
crosschecked backup piece: found to be 'AVAILABLE'
backup piece handle=+DATA/rman/level0_16_20150116_tqpst33d_9_1 RECID=20480 STAMP=869178437
crosschecked backup piece: found to be 'AVAILABLE'
backup piece handle=+DATA/rman/level0_16_20150116_tqpst33d_10_1 RECID=20481 STAMP=869178848
crosschecked backup piece: found to be 'AVAILABLE'
backup piece handle=+DATA/rman/level0_16_20150116_tqpst33d_11_1 RECID=20482 STAMP=869179268
crosschecked backup piece: found to be 'AVAILABLE'
backup piece handle=+DATA/rman/level0_16_20150116_tqpst33d_12_1 RECID=20483 STAMP=869179728
crosschecked backup piece: found to be 'AVAILABLE'
backup piece handle=+DATA/rman/level0_16_20150116_tqpst33d_13_1 RECID=20484 STAMP=869180168
crosschecked backup piece: found to be 'AVAILABLE'
backup piece handle=+DATA/rman/level0_16_20150116_tqpst33d_14_1 RECID=20485 STAMP=869180608
crosschecked backup piece: found to be 'AVAILABLE'
backup piece handle=+DATA/rman/level0_16_20150116_tqpst33d_15_1 RECID=20486 STAMP=869181048
crosschecked backup piece: found to be 'AVAILABLE'
backup piece handle=+DATA/rman/level0_16_20150116_tqpst33d_16_1 RECID=20487 STAMP=869181488
crosschecked backup piece: found to be 'AVAILABLE'
backup piece handle=+DATA/rman/level0_16_20150116_tqpst33d_17_1 RECID=20488 STAMP=869181918
crosschecked backup piece: found to be 'AVAILABLE'
backup piece handle=+DATA/rman/level0_16_20150116_tqpst33d_18_1 RECID=20489 STAMP=869182338
crosschecked backup piece: found to be 'AVAILABLE'
backup piece handle=+DATA/rman/level0_16_20150116_tqpst33d_19_1 RECID=20490 STAMP=869182758
crosschecked backup piece: found to be 'AVAILABLE'
backup piece handle=+DATA/rman/level0_16_20150116_tqpst33d_20_1 RECID=20491 STAMP=869183178
crosschecked backup piece: found to be 'AVAILABLE'
backup piece handle=+DATA/rman/level0_16_20150116_tqpst33d_21_1 RECID=20492 STAMP=869183619
crosschecked backup piece: found to be 'AVAILABLE'
backup piece handle=+DATA/rman/level0_17_20150117_tqpst33d_22_1 RECID=20493 STAMP=869184059
crosschecked backup piece: found to be 'AVAILABLE'
backup piece handle=+DATA/rman/level0_17_20150117_tqpst33d_23_1 RECID=20494 STAMP=869184509
crosschecked backup piece: found to be 'AVAILABLE'
backup piece handle=+DATA/rman/level0_17_20150117_tqpst33d_24_1 RECID=20495 STAMP=869184949
crosschecked backup piece: found to be 'AVAILABLE'
backup piece handle=+DATA/rman/level0_17_20150117_tqpst33d_25_1 RECID=20496 STAMP=869185389
crosschecked backup piece: found to be 'AVAILABLE'
backup piece handle=+DATA/rman/level0_17_20150117_tqpst33d_26_1 RECID=20497 STAMP=869185839
crosschecked backup piece: found to be 'AVAILABLE'
backup piece handle=+DATA/rman/level0_17_20150117_tqpst33d_27_1 RECID=20498 STAMP=869186281
crosschecked backup piece: found to be 'AVAILABLE'
backup piece handle=+DATA/rman/level0_17_20150117_tqpst33d_28_1 RECID=20499 STAMP=869186721
crosschecked backup piece: found to be 'AVAILABLE'
backup piece handle=+DATA/rman/level0_17_20150117_tqpst33d_29_1 RECID=20500 STAMP=869187161
crosschecked backup piece: found to be 'AVAILABLE'
backup piece handle=+DATA/rman/level0_17_20150117_tqpst33d_30_1 RECID=20501 STAMP=869187591
crosschecked backup piece: found to be 'AVAILABLE'
backup piece handle=+DATA/rman/level0_17_20150117_tqpst33d_31_1 RECID=20502 STAMP=869188041
crosschecked backup piece: found to be 'AVAILABLE'
backup piece handle=+DATA/rman/level0_17_20150117_tqpst33d_32_1 RECID=20503 STAMP=869188502
crosschecked backup piece: found to be 'AVAILABLE'
backup piece handle=+DATA/rman/level0_17_20150117_tqpst33d_33_1 RECID=20504 STAMP=869188962
crosschecked backup piece: found to be 'AVAILABLE'
backup piece handle=+DATA/rman/level0_17_20150117_tqpst33d_34_1 RECID=20505 STAMP=869189442
crosschecked backup piece: found to be 'AVAILABLE'
backup piece handle=+DATA/rman/level0_17_20150117_tqpst33d_35_1 RECID=20506 STAMP=869189902
crosschecked backup piece: found to be 'AVAILABLE'
backup piece handle=+DATA/rman/level0_17_20150117_tqpst33d_36_1 RECID=20507 STAMP=869190362
crosschecked backup piece: found to be 'AVAILABLE'
backup piece handle=+DATA/rman/level0_17_20150117_tqpst33d_37_1 RECID=20508 STAMP=869190802
crosschecked backup piece: found to be 'AVAILABLE'
backup piece handle=+DATA/rman/level0_17_20150117_tqpst33d_38_1 RECID=20509 STAMP=869191232
crosschecked backup piece: found to be 'AVAILABLE'
backup piece handle=+DATA/rman/level0_17_20150117_tqpst33d_39_1 RECID=20510 STAMP=869191692
crosschecked backup piece: found to be 'AVAILABLE'
backup piece handle=+DATA/rman/level0_17_20150117_tqpst33d_40_1 RECID=20511 STAMP=869192172
crosschecked backup piece: found to be 'AVAILABLE'
backup piece handle=+DATA/rman/level0_17_20150117_tqpst33d_41_1 RECID=20512 STAMP=869192662
crosschecked backup piece: found to be 'AVAILABLE'
backup piece handle=+DATA/rman/level0_17_20150117_tqpst33d_42_1 RECID=20513 STAMP=869193153
crosschecked backup piece: found to be 'AVAILABLE'
backup piece handle=+DATA/rman/level0_17_20150117_tqpst33d_43_1 RECID=20514 STAMP=869193623
crosschecked backup piece: found to be 'AVAILABLE'
backup piece handle=+DATA/rman/level0_16_20150116_tppst33c_1_1 RECID=20515 STAMP=869174381
crosschecked backup piece: found to be 'AVAILABLE'
backup piece handle=+DATA/rman/level0_16_20150116_tppst33c_2_1 RECID=20516 STAMP=869174887
crosschecked backup piece: found to be 'AVAILABLE'
backup piece handle=+DATA/rman/level0_16_20150116_tppst33c_3_1 RECID=20517 STAMP=869175417
crosschecked backup piece: found to be 'AVAILABLE'
backup piece handle=+DATA/rman/level0_16_20150116_tppst33c_4_1 RECID=20518 STAMP=869175947
crosschecked backup piece: found to be 'AVAILABLE'
backup piece handle=+DATA/rman/level0_16_20150116_tppst33c_5_1 RECID=20519 STAMP=869176497
crosschecked backup piece: found to be 'AVAILABLE'
backup piece handle=+DATA/rman/level0_16_20150116_tppst33c_6_1 RECID=20520 STAMP=869177067
crosschecked backup piece: found to be 'AVAILABLE'
backup piece handle=+DATA/rman/level0_16_20150116_tppst33c_7_1 RECID=20521 STAMP=869177612
crosschecked backup piece: found to be 'AVAILABLE'
backup piece handle=+DATA/rman/level0_16_20150116_tppst33c_8_1 RECID=20522 STAMP=869178112
crosschecked backup piece: found to be 'AVAILABLE'
backup piece handle=+DATA/rman/level0_16_20150116_tppst33c_9_1 RECID=20523 STAMP=869178562
crosschecked backup piece: found to be 'AVAILABLE'
backup piece handle=+DATA/rman/level0_16_20150116_tppst33c_10_1 RECID=20524 STAMP=869178993
crosschecked backup piece: found to be 'AVAILABLE'
backup piece handle=+DATA/rman/level0_16_20150116_tppst33c_11_1 RECID=20525 STAMP=869179413
crosschecked backup piece: found to be 'AVAILABLE'
backup piece handle=+DATA/rman/level0_16_20150116_tppst33c_12_1 RECID=20526 STAMP=869179833
crosschecked backup piece: found to be 'AVAILABLE'
backup piece handle=+DATA/rman/level0_16_20150116_tppst33c_13_1 RECID=20527 STAMP=869180263
crosschecked backup piece: found to be 'AVAILABLE'
backup piece handle=+DATA/rman/level0_16_20150116_tppst33c_14_1 RECID=20528 STAMP=869180693
crosschecked backup piece: found to be 'AVAILABLE'
backup piece handle=+DATA/rman/level0_16_20150116_tppst33c_15_1 RECID=20529 STAMP=869181133
crosschecked backup piece: found to be 'AVAILABLE'
backup piece handle=+DATA/rman/level0_16_20150116_tppst33c_16_1 RECID=20530 STAMP=869181573
crosschecked backup piece: found to be 'AVAILABLE'
backup piece handle=+DATA/rman/level0_16_20150116_tppst33c_17_1 RECID=20531 STAMP=869182023
crosschecked backup piece: found to be 'AVAILABLE'
backup piece handle=+DATA/rman/level0_16_20150116_tppst33c_18_1 RECID=20532 STAMP=869182443
crosschecked backup piece: found to be 'AVAILABLE'
backup piece handle=+DATA/rman/level0_16_20150116_tppst33c_19_1 RECID=20533 STAMP=869182853
crosschecked backup piece: found to be 'AVAILABLE'
backup piece handle=+DATA/rman/level0_16_20150116_tppst33c_20_1 RECID=20534 STAMP=869183273
crosschecked backup piece: found to be 'AVAILABLE'
backup piece handle=+DATA/rman/level0_16_20150116_tppst33c_21_1 RECID=20535 STAMP=869183694
crosschecked backup piece: found to be 'AVAILABLE'
backup piece handle=+DATA/rman/level0_17_20150117_tppst33c_22_1 RECID=20536 STAMP=869184124
crosschecked backup piece: found to be 'AVAILABLE'
backup piece handle=+DATA/rman/level0_17_20150117_tppst33c_23_1 RECID=20537 STAMP=869184554
crosschecked backup piece: found to be 'AVAILABLE'
backup piece handle=+DATA/rman/level0_17_20150117_tppst33c_24_1 RECID=20538 STAMP=869184984
crosschecked backup piece: found to be 'AVAILABLE'
backup piece handle=+DATA/rman/level0_17_20150117_tppst33c_25_1 RECID=20539 STAMP=869185414
crosschecked backup piece: found to be 'AVAILABLE'
backup piece handle=+DATA/rman/level0_17_20150117_tppst33c_26_1 RECID=20540 STAMP=869185839
crosschecked backup piece: found to be 'AVAILABLE'
backup piece handle=+DATA/rman/level0_17_20150117_tppst33c_27_1 RECID=20541 STAMP=869186274
crosschecked backup piece: found to be 'AVAILABLE'
backup piece handle=+DATA/rman/level0_17_20150117_tppst33c_28_1 RECID=20542 STAMP=869186706
crosschecked backup piece: found to be 'AVAILABLE'
backup piece handle=+DATA/rman/level0_17_20150117_tppst33c_29_1 RECID=20543 STAMP=869187136
crosschecked backup piece: found to be 'AVAILABLE'
backup piece handle=+DATA/rman/level0_17_20150117_tppst33c_30_1 RECID=20544 STAMP=869187566
crosschecked backup piece: found to be 'AVAILABLE'
backup piece handle=+DATA/rman/level0_17_20150117_tppst33c_31_1 RECID=20545 STAMP=869187996
crosschecked backup piece: found to be 'AVAILABLE'
backup piece handle=+DATA/rman/level0_17_20150117_tppst33c_32_1 RECID=20546 STAMP=869188427
crosschecked backup piece: found to be 'AVAILABLE'
backup piece handle=+DATA/rman/level0_17_20150117_tppst33c_33_1 RECID=20547 STAMP=869188867
crosschecked backup piece: found to be 'AVAILABLE'
backup piece handle=+DATA/rman/level0_17_20150117_tppst33c_34_1 RECID=20548 STAMP=869189317
crosschecked backup piece: found to be 'AVAILABLE'
backup piece handle=+DATA/rman/level0_17_20150117_tppst33c_35_1 RECID=20549 STAMP=869189777
crosschecked backup piece: found to be 'AVAILABLE'
backup piece handle=+DATA/rman/level0_17_20150117_tppst33c_36_1 RECID=20550 STAMP=869190227
crosschecked backup piece: found to be 'AVAILABLE'
backup piece handle=+DATA/rman/level0_17_20150117_tppst33c_37_1 RECID=20551 STAMP=869190677
crosschecked backup piece: found to be 'AVAILABLE'
backup piece handle=+DATA/rman/level0_17_20150117_tppst33c_38_1 RECID=20552 STAMP=869191137
crosschecked backup piece: found to be 'AVAILABLE'
backup piece handle=+DATA/rman/level0_17_20150117_tppst33c_39_1 RECID=20553 STAMP=869191567
crosschecked backup piece: found to be 'AVAILABLE'
backup piece handle=+DATA/rman/level0_17_20150117_tppst33c_40_1 RECID=20554 STAMP=869192007
crosschecked backup piece: found to be 'AVAILABLE'
backup piece handle=+DATA/rman/level0_17_20150117_tppst33c_41_1 RECID=20555 STAMP=869192457
crosschecked backup piece: found to be 'AVAILABLE'
backup piece handle=+DATA/rman/level0_17_20150117_tppst33c_42_1 RECID=20556 STAMP=869192947
crosschecked backup piece: found to be 'AVAILABLE'
backup piece handle=+DATA/rman/level0_17_20150117_tppst33c_43_1 RECID=20557 STAMP=869193448
crosschecked backup piece: found to be 'AVAILABLE'
backup piece handle=+DATA/rman/level0_17_20150117_tppst33c_44_1 RECID=20558 STAMP=869193938
crosschecked backup piece: found to be 'AVAILABLE'
backup piece handle=+DATA/rman/level0_17_20150117_tppst33c_45_1 RECID=20559 STAMP=869194419
crosschecked backup piece: found to be 'AVAILABLE'
backup piece handle=+DATA/rman/level0_17_20150117_trpstm97_1_1 RECID=20560 STAMP=869194024
crosschecked backup piece: found to be 'AVAILABLE'
backup piece handle=+DATA/rman/level0_17_20150117_trpstm97_2_1 RECID=20561 STAMP=869194474
crosschecked backup piece: found to be 'AVAILABLE'
backup piece handle=+DATA/rman/level0_17_20150117_trpstm97_3_1 RECID=20562 STAMP=869194929
crosschecked backup piece: found to be 'AVAILABLE'
backup piece handle=+DATA/rman/level0_17_20150117_trpstm97_4_1 RECID=20563 STAMP=869195384
crosschecked backup piece: found to be 'AVAILABLE'
backup piece handle=+DATA/rman/level0_17_20150117_trpstm97_5_1 RECID=20564 STAMP=869195849
crosschecked backup piece: found to be 'AVAILABLE'
backup piece handle=+DATA/rman/level0_17_20150117_trpstm97_6_1 RECID=20565 STAMP=869196324
crosschecked backup piece: found to be 'AVAILABLE'
backup piece handle=+DATA/rman/level0_17_20150117_trpstm97_7_1 RECID=20566 STAMP=869196789
crosschecked backup piece: found to be 'AVAILABLE'
backup piece handle=+DATA/rman/level0_17_20150117_trpstm97_8_1 RECID=20567 STAMP=869197254
crosschecked backup piece: found to be 'AVAILABLE'
backup piece handle=+DATA/rman/level0_17_20150117_trpstm97_9_1 RECID=20568 STAMP=869197699
crosschecked backup piece: found to be 'AVAILABLE'
backup piece handle=+DATA/rman/level0_17_20150117_trpstm97_10_1 RECID=20569 STAMP=869198115
crosschecked backup piece: found to be 'AVAILABLE'
backup piece handle=+DATA/rman/level0_17_20150117_trpstm97_11_1 RECID=20570 STAMP=869198530
crosschecked backup piece: found to be 'AVAILABLE'
backup piece handle=+DATA/rman/level0_17_20150117_trpstm97_12_1 RECID=20571 STAMP=869198955
crosschecked backup piece: found to be 'AVAILABLE'
backup piece handle=+DATA/rman/level0_17_20150117_trpstm97_13_1 RECID=20572 STAMP=869199400
crosschecked backup piece: found to be 'AVAILABLE'
backup piece handle=+DATA/rman/level0_17_20150117_trpstm97_14_1 RECID=20573 STAMP=869199865
crosschecked backup piece: found to be 'AVAILABLE'
backup piece handle=+DATA/rman/level0_17_20150117_trpstm97_15_1 RECID=20574 STAMP=869200320
crosschecked backup piece: found to be 'AVAILABLE'
backup piece handle=+DATA/rman/level0_17_20150117_trpstm97_16_1 RECID=20575 STAMP=869200775
crosschecked backup piece: found to be 'AVAILABLE'
backup piece handle=+DATA/rman/level0_17_20150117_trpstm97_17_1 RECID=20576 STAMP=869201230
crosschecked backup piece: found to be 'AVAILABLE'
backup piece handle=+DATA/rman/level0_17_20150117_trpstm97_18_1 RECID=20577 STAMP=869201655
crosschecked backup piece: found to be 'AVAILABLE'
backup piece handle=+DATA/rman/level0_17_20150117_trpstm97_19_1 RECID=20578 STAMP=869202070
crosschecked backup piece: found to be 'AVAILABLE'
backup piece handle=+DATA/rman/level0_17_20150117_trpstm97_20_1 RECID=20579 STAMP=869202475
crosschecked backup piece: found to be 'AVAILABLE'
backup piece handle=+DATA/rman/level0_17_20150117_trpstm97_21_1 RECID=20580 STAMP=869202900
crosschecked backup piece: found to be 'AVAILABLE'
backup piece handle=+DATA/rman/level0_17_20150117_trpstm97_22_1 RECID=20581 STAMP=869203335
crosschecked backup piece: found to be 'AVAILABLE'
backup piece handle=+DATA/rman/level0_17_20150117_trpstm97_23_1 RECID=20582 STAMP=869203780
crosschecked backup piece: found to be 'AVAILABLE'
backup piece handle=+DATA/rman/level0_17_20150117_trpstm97_24_1 RECID=20583 STAMP=869204226
crosschecked backup piece: found to be 'AVAILABLE'
backup piece handle=+DATA/rman/level0_17_20150117_trpstm97_25_1 RECID=20584 STAMP=869204661
crosschecked backup piece: found to be 'AVAILABLE'
backup piece handle=+DATA/rman/level0_17_20150117_trpstm97_26_1 RECID=20585 STAMP=869205106
crosschecked backup piece: found to be 'AVAILABLE'
backup piece handle=+DATA/rman/level0_17_20150117_trpstm97_27_1 RECID=20586 STAMP=869205561
crosschecked backup piece: found to be 'AVAILABLE'
backup piece handle=+DATA/rman/level0_17_20150117_trpstm97_28_1 RECID=20587 STAMP=869206016
crosschecked backup piece: found to be 'AVAILABLE'
backup piece handle=+DATA/rman/level0_17_20150117_trpstm97_29_1 RECID=20588 STAMP=869206461
crosschecked backup piece: found to be 'AVAILABLE'
backup piece handle=+DATA/rman/level0_17_20150117_trpstm97_30_1 RECID=20589 STAMP=869206896
crosschecked backup piece: found to be 'AVAILABLE'
backup piece handle=+DATA/rman/level0_17_20150117_trpstm97_31_1 RECID=20590 STAMP=869207341
crosschecked backup piece: found to be 'AVAILABLE'
backup piece handle=+DATA/rman/level0_17_20150117_trpstm97_32_1 RECID=20591 STAMP=869207786
crosschecked backup piece: found to be 'AVAILABLE'
backup piece handle=+DATA/rman/level0_17_20150117_trpstm97_33_1 RECID=20592 STAMP=869208241
crosschecked backup piece: found to be 'AVAILABLE'
backup piece handle=+DATA/rman/level0_17_20150117_trpstm97_34_1 RECID=20593 STAMP=869208696
crosschecked backup piece: found to be 'AVAILABLE'
backup piece handle=+DATA/rman/level0_17_20150117_trpstm97_35_1 RECID=20594 STAMP=869209151
crosschecked backup piece: found to be 'AVAILABLE'
backup piece handle=+DATA/rman/level0_17_20150117_trpstm97_36_1 RECID=20595 STAMP=869209596
crosschecked backup piece: found to be 'AVAILABLE'
backup piece handle=+DATA/rman/level0_17_20150117_trpstm97_37_1 RECID=20596 STAMP=869210042
crosschecked backup piece: found to be 'AVAILABLE'
backup piece handle=+DATA/rman/level0_17_20150117_trpstm97_38_1 RECID=20597 STAMP=869210487
crosschecked backup piece: found to be 'AVAILABLE'
backup piece handle=+DATA/rman/level0_17_20150117_trpstm97_39_1 RECID=20598 STAMP=869210922
crosschecked backup piece: found to be 'AVAILABLE'
backup piece handle=+DATA/rman/level0_17_20150117_trpstm97_40_1 RECID=20599 STAMP=869211377
crosschecked backup piece: found to be 'AVAILABLE'
backup piece handle=+DATA/rman/level0_17_20150117_trpstm97_41_1 RECID=20600 STAMP=869211842
crosschecked backup piece: found to be 'AVAILABLE'
backup piece handle=+DATA/rman/level0_17_20150117_trpstm97_42_1 RECID=20601 STAMP=869212317
crosschecked backup piece: found to be 'AVAILABLE'
backup piece handle=+DATA/rman/level0_17_20150117_trpstm97_43_1 RECID=20602 STAMP=869212792
crosschecked backup piece: found to be 'AVAILABLE'
backup piece handle=+DATA/rman/level0_17_20150117_trpstm97_44_1 RECID=20603 STAMP=869213277
crosschecked backup piece: found to be 'AVAILABLE'
backup piece handle=+DATA/rman/level0_17_20150117_trpstm97_45_1 RECID=20604 STAMP=869213762
crosschecked backup piece: found to be 'AVAILABLE'
backup piece handle=+DATA/rman/level0_17_20150117_ttpsu9vi_1_1 RECID=20605 STAMP=869214194
crosschecked backup piece: found to be 'AVAILABLE'
backup piece handle=+DATA/rman/level0_17_20150117_tspsu9vi_1_1 RECID=20606 STAMP=869214194
crosschecked backup piece: found to be 'AVAILABLE'
backup piece handle=+DATA/rman/level1_17_20150117_tvpsvmar_1_1 RECID=20694 STAMP=869259612
crosschecked backup piece: found to be 'AVAILABLE'
backup piece handle=+DATA/rman/level1_17_20150117_tupsvmaq_1_1 RECID=20696 STAMP=869259611
crosschecked backup piece: found to be 'AVAILABLE'
backup piece handle=+DATA/rman/level1_17_20150117_u1psvnb4_1_1 RECID=20698 STAMP=869260647
crosschecked backup piece: found to be 'AVAILABLE'
backup piece handle=+DATA/rman/level1_17_20150117_u0psvnaj_1_1 RECID=20701 STAMP=869260630
crosschecked backup piece: found to be 'AVAILABLE'
backup piece handle=+RECO/rman/c-271141816-20150117-00 RECID=20703 STAMP=869261374
crosschecked backup piece: found to be 'AVAILABLE'
backup piece handle=+DATA/rman/level1_18_20150118_u5pt2amq_1_1 RECID=20771 STAMP=869346011
crosschecked backup piece: found to be 'AVAILABLE'
backup piece handle=+DATA/rman/level1_18_20150118_u6pt2amq_1_1 RECID=20773 STAMP=869346014
crosschecked backup piece: found to be 'AVAILABLE'
backup piece handle=+DATA/rman/level1_18_20150118_u8pt2bjj_1_1 RECID=20775 STAMP=869346938
crosschecked backup piece: found to be 'AVAILABLE'
backup piece handle=+DATA/rman/level1_18_20150118_u7pt2bjf_1_1 RECID=20777 STAMP=869346929
crosschecked backup piece: found to be 'AVAILABLE'
backup piece handle=+RECO/rman/c-271141816-20150118-00 RECID=20779 STAMP=869347665
crosschecked backup piece: found to be 'AVAILABLE'
backup piece handle=+DATA/rman/level1_19_20150119_ucpt4v2r_1_1 RECID=20780 STAMP=869432412
crosschecked backup piece: found to be 'AVAILABLE'
backup piece handle=+DATA/rman/level1_19_20150119_udpt4v2r_1_1 RECID=20782 STAMP=869432414
crosschecked backup piece: found to be 'AVAILABLE'
backup piece handle=+DATA/rman/level1_19_20150119_ufpt5020_1_1 RECID=20784 STAMP=869433416
crosschecked backup piece: found to be 'AVAILABLE'
backup piece handle=+DATA/rman/level1_19_20150119_ugpt509t_1_1 RECID=20786 STAMP=869433662
crosschecked backup piece: found to be 'AVAILABLE'
backup piece handle=+RECO/rman/c-271141816-20150119-00 RECID=20788 STAMP=869434499
crosschecked backup piece: found to be 'AVAILABLE'
backup piece handle=+DATA/rman/level1_20_20150120_ukpt7jer_1_1 RECID=20789 STAMP=869518816
crosschecked backup piece: found to be 'AVAILABLE'
backup piece handle=+DATA/rman/level1_20_20150120_ulpt7kfd_1_1 RECID=20791 STAMP=869519855
crosschecked backup piece: found to be 'AVAILABLE'
backup piece handle=+DATA/rman/level1_20_20150120_umpt7lcv_1_1 RECID=20793 STAMP=869520801
crosschecked backup piece: found to be 'AVAILABLE'
backup piece handle=+DATA/rman/level1_20_20150120_unpt7mgf_1_1 RECID=20795 STAMP=869521939
crosschecked backup piece: found to be 'AVAILABLE'
backup piece handle=+RECO/rman/c-271141816-20150120-00 RECID=20797 STAMP=869521943
crosschecked backup piece: found to be 'AVAILABLE'
backup piece handle=+DATA/rman/level1_21_20150121_uqpta7qr_1_1 RECID=20798 STAMP=869605212
crosschecked backup piece: found to be 'AVAILABLE'
backup piece handle=+DATA/rman/level1_21_20150121_uspta8i2_1_1 RECID=20800 STAMP=869605955
crosschecked backup piece: found to be 'AVAILABLE'
backup piece handle=+DATA/rman/level1_21_20150121_utpta992_1_1 RECID=20802 STAMP=869606691
crosschecked backup piece: found to be 'AVAILABLE'
backup piece handle=+DATA/rman/level1_21_20150121_uuptaa10_1_1 RECID=20804 STAMP=869607459
crosschecked backup piece: found to be 'AVAILABLE'
backup piece handle=+RECO/rman/c-271141816-20150121-00 RECID=20806 STAMP=869607464
crosschecked backup piece: found to be 'AVAILABLE'
backup piece handle=+DATA/rman/level1_22_20150122_v1ptbjau_1_1 RECID=20807 STAMP=869649763
crosschecked backup piece: found to be 'AVAILABLE'
backup piece handle=+DATA/rman/level1_22_20150122_v3ptbk0m_1_1 RECID=20809 STAMP=869650455
crosschecked backup piece: found to be 'AVAILABLE'
backup piece handle=+DATA/rman/level1_22_20150122_v4ptbklg_1_1 RECID=20811 STAMP=869651122
crosschecked backup piece: found to be 'AVAILABLE'
backup piece handle=+DATA/rman/level1_22_20150122_v5ptblb8_1_1 RECID=20813 STAMP=869651819
crosschecked backup piece: found to be 'AVAILABLE'
backup piece handle=+RECO/rman/c-271141816-20150122-00 RECID=20815 STAMP=869651824
crosschecked backup piece: found to be 'AVAILABLE'
backup piece handle=+DATA/rman/archi_22_20150122_v7ptblbu_1_1 RECID=20816 STAMP=869651838
crosschecked backup piece: found to be 'AVAILABLE'
backup piece handle=+DATA/rman/archi_22_20150122_v7ptblbu_2_1 RECID=20817 STAMP=869652273
crosschecked backup piece: found to be 'AVAILABLE'
backup piece handle=+DATA/rman/archi_22_20150122_v7ptblbu_3_1 RECID=20818 STAMP=869652698
crosschecked backup piece: found to be 'AVAILABLE'
backup piece handle=+DATA/rman/archi_22_20150122_v7ptblbu_4_1 RECID=20819 STAMP=869653113
crosschecked backup piece: found to be 'AVAILABLE'
backup piece handle=+DATA/rman/archi_22_20150122_v7ptblbu_5_1 RECID=20820 STAMP=869653528
crosschecked backup piece: found to be 'AVAILABLE'
backup piece handle=+RECO/rman/c-271141816-20150122-01 RECID=20821 STAMP=869653972
crosschecked backup piece: found to be 'AVAILABLE'
backup piece handle=+DATA/rman/level1_22_20150122_v9ptcs6r_1_1 RECID=20822 STAMP=869691612
crosschecked backup piece: found to be 'AVAILABLE'
backup piece handle=+DATA/rman/level1_22_20150122_vbptcsu2_1_1 RECID=20824 STAMP=869692355
crosschecked backup piece: found to be 'AVAILABLE'
backup piece handle=+DATA/rman/level1_22_20150122_vcptctk4_1_1 RECID=20826 STAMP=869693061
crosschecked backup piece: found to be 'AVAILABLE'
backup piece handle=+DATA/rman/level1_22_20150122_vdptcubo_1_1 RECID=20828 STAMP=869693819
crosschecked backup piece: found to be 'AVAILABLE'
backup piece handle=+RECO/rman/c-271141816-20150122-02 RECID=20830 STAMP=869693824
crosschecked backup piece: found to be 'AVAILABLE'
backup piece handle=+DATA/rman/archi_22_20150122_vfptcucd_1_1 RECID=20831 STAMP=869693837
crosschecked backup piece: found to be 'AVAILABLE'
backup piece handle=+RECO/rman/c-271141816-20150122-03 RECID=20832 STAMP=869694034
crosschecked backup piece: found to be 'AVAILABLE'
backup piece handle=+DATA/rman/level1_26_20150126_voptndmt_1_1 RECID=20833 STAMP=870037216
crosschecked backup piece: found to be 'AVAILABLE'
backup piece handle=+DATA/rman/level1_26_20150126_voptndmt_2_1 RECID=20835 STAMP=870038424
RMAN-00571: ===========================================================
RMAN-00569: =============== ERROR MESSAGE STACK FOLLOWS ===============
RMAN-00571: ===========================================================
RMAN-03009: failure of crosscheck command on ORA_DISK_1 channel at 02/01/2015 19:00:31
ORA-19501: read error on file "/mnt/nfs52100/RMAN/level1_26_20150126_voptndmt_1_2", block number 1 (block size=8192)
ORA-27072: File I/O error
Linux-x86_64 Error: 5: Input/output error
Additional information: 4
Additional information: 1
Additional information: -1

Recovery Manager complete.
