
Recovery Manager: Release 11.2.0.2.0 - Production on Mon Mar 30 21:00:01 2015

Copyright (c) 1982, 2009, Oracle and/or its affiliates.  All rights reserved.

connected to target database: CCBS (DBID=271141816)

RMAN> #CONFIGURE RETENTION POLICY TO REDUNDANCY 1;	#updated 20/3/2014 
2> #CONFIGURE BACKUP OPTIMIZATION ON;
3> #CONFIGURE DEFAULT DEVICE TYPE TO DISK; # default
4> #CONFIGURE CONTROLFILE AUTOBACKUP OFF;
5> #CONFIGURE CONTROLFILE AUTOBACKUP FORMAT FOR DEVICE TYPE DISK TO '+RECO/RMAN/%F';
6> #CONFIGURE DEVICE TYPE DISK PARALLELISM 2 BACKUP TYPE TO COMPRESSED BACKUPSET;
7> #CONFIGURE DATAFILE BACKUP COPIES FOR DEVICE TYPE DISK TO 1; # default
8> #CONFIGURE ARCHIVELOG BACKUP COPIES FOR DEVICE TYPE DISK TO 1; # default
9> #CONFIGURE CHANNEL DEVICE TYPE DISK MAXPIECESIZE 4 G;	#updated 24/3/2014
10> #CONFIGURE MAXSETSIZE TO UNLIMITED;
11> #CONFIGURE ENCRYPTION FOR DATABASE OFF; # default
12> #CONFIGURE ENCRYPTION ALGORITHM 'AES128'; # default
13> #CONFIGURE COMPRESSION ALGORITHM 'BASIC' AS OF RELEASE 'DEFAULT' OPTIMIZE FOR LOAD TRUE ; # default
14> #Chi khi nao cac archive da duoc apply tren cac standby thi moi cho delete.
15> #CONFIGURE ARCHIVELOG DELETION POLICY TO APPLIED ON ALL STANDBY;
16> #CONFIGURE SNAPSHOT CONTROLFILE NAME TO '/u01/app/oracle/product/11.2.0.2/dbhome_1/dbs/snapcf_ccbs1.f'; # default
17> 
18> 
19> #updated 20/8/2014
20> # Ngay 1:
21> #	Xoa cac backup obsolete: Giu lai backupset hien tai, xoa cac ban backupset truoc do.
22> #	Backup level0 vao +RECO	tag MONTHLY_LEVEL_0_day1
23> # 	copy ban level0 thu 2 vao o dia /mnt/nfs52100/RMAN	copy_MONTHLY_LEVEL_0_day1
24> # Ngay 2-15:
25> #	Backup copies 2 level1 vao +RECO,/mnt/nfs52100/RMAN
26> #	Backup copies 2 archived vao +RECO,/mnt/nfs52100/RMAN
27> #	Delete archived all
28> 
29> # Ngay 16:
30> #	Xoa cac backup obsolete: Giu lai backupset hien tai, xoa cac ban backupset truoc do.
31> #	Backup level0 vao +RECO	tag MONTHLY_LEVEL_0_day16
32> # 	copy ban level0 thu 2 vao o dia /mnt/nfs52100/RMAN	tag copy_MONTHLY_LEVEL_0_day16
33> # Ngay 17-31:
34> #	Backup copies 2 level1 vao +RECO,/mnt/nfs52100/RMAN	
35> #	Backup copies 2 archived vao +RECO,/mnt/nfs52100/RMAN
36> #	Delete archived all
37> 
38> run
39> {
40> #	backup incremental level 1 copies 2 format '+DATA/RMAN/level1_%D_%T_%U','/mnt/nfs52100/RMAN/level1_%D_%T_%U' tag MON_LV1_17_31 
41> #  database include current controlfile;
42> backup incremental level 1 format '+DATA/RMAN/level1_%D_%T_%U' tag MON_LV1_17_31 database include current controlfile;
43> 	sql 'ALTER SYSTEM ARCHIVE LOG CURRENT';
44> #	backup as compressed backupset copies 2 archivelog all format '+DATA/RMAN/archi_%D_%T_%U','/u03/rman_ccbs_ftp5/RMAN/archi_%D_%T_%U'
45> #  tag monthly_arch_17_31 delete input;
46> 	backup as compressed backupset archivelog all format '+DATA/RMAN/archi_%D_%T_%U'  tag monthly_arch_17_31 delete input;
47> }
48> 
Starting backup at 30/03/2015 21:00:03
using target database control file instead of recovery catalog
allocated channel: ORA_DISK_1
channel ORA_DISK_1: SID=1683 instance=ccbs1 device type=DISK
allocated channel: ORA_DISK_2
channel ORA_DISK_2: SID=1608 instance=ccbs1 device type=DISK
channel ORA_DISK_1: starting compressed incremental level 1 datafile backup set
channel ORA_DISK_1: specifying datafile(s) in backup set
input datafile file number=00105 name=+DATA/ccbs/datafile/sysaux.388.822699379
input datafile file number=00108 name=+DATA/ccbs/datafile/sysaux.391.822699673
input datafile file number=00129 name=+DATA/ccbs/datafile/undotbs1_02.468.857385623
input datafile file number=00132 name=+DATA/ccbs/datafile/undotbs2_02.538.857385993
input datafile file number=00135 name=+DATA/ccbs/datafile/undotbs2_02.633.857386105
input datafile file number=00006 name=+DATA/ccbs/datafile/indx.285.774530247
input datafile file number=00009 name=+DATA/ccbs/datafile/indx.286.774530435
input datafile file number=00012 name=+DATA/ccbs/datafile/tbs_others.289.774531237
input datafile file number=00015 name=+DATA/ccbs/datafile/indx.292.774541795
input datafile file number=00018 name=+DATA/ccbs/datafile/indx.295.774541965
input datafile file number=00021 name=+DATA/ccbs/datafile/users.298.774543045
input datafile file number=00024 name=+DATA/ccbs/datafile/users.301.774543271
input datafile file number=00027 name=+DATA/ccbs/datafile/users.304.774543419
input datafile file number=00030 name=+DATA/ccbs/datafile/users.307.774543485
input datafile file number=00033 name=+DATA/ccbs/datafile/users.310.775873623
input datafile file number=00036 name=+DATA/ccbs/datafile/users.313.775873743
input datafile file number=00039 name=+DATA/ccbs/datafile/users.316.775996723
input datafile file number=00042 name=+DATA/ccbs/datafile/users.319.775997681
input datafile file number=00045 name=+DATA/ccbs/datafile/users.322.775997741
input datafile file number=00048 name=+DATA/ccbs/datafile/users.325.775997857
input datafile file number=00051 name=+DATA/ccbs/datafile/users.328.775997951
input datafile file number=00054 name=+DATA/ccbs/datafile/users.331.775998423
input datafile file number=00057 name=+DATA/ccbs/datafile/users.334.776000867
input datafile file number=00060 name=+DATA/ccbs/datafile/tbs_others.337.776001527
input datafile file number=00064 name=+DATA/ccbs/datafile/users.341.780492153
input datafile file number=00067 name=+DATA/ccbs/datafile/users.344.780492429
input datafile file number=00070 name=+DATA/ccbs/datafile/users.347.780493719
input datafile file number=00073 name=+DATA/ccbs/datafile/indx.350.780852893
input datafile file number=00076 name=+DATA/ccbs/datafile/indx.353.780853327
input datafile file number=00079 name=+DATA/ccbs/datafile/users.356.780853583
input datafile file number=00082 name=+DATA/ccbs/datafile/users.359.780853645
input datafile file number=00085 name=+DATA/ccbs/datafile/users.362.780853743
input datafile file number=00088 name=+DATA/ccbs/datafile/users.365.780853919
input datafile file number=00091 name=+DATA/ccbs/datafile/users.368.780853979
input datafile file number=00094 name=+DATA/ccbs/datafile/users.371.780854093
input datafile file number=00097 name=+DATA/ccbs/datafile/users.374.780854327
input datafile file number=00100 name=+DATA/ccbs/datafile/users.377.780854429
input datafile file number=00103 name=+DATA/ccbs/datafile/indx.386.819597557
input datafile file number=00123 name=+DATA/ccbs/datafile/indx.416.843228721
input datafile file number=00126 name=+DATA/ccbs/datafile/indx.419.843228767
input datafile file number=00136 name=+DATA/ccbs/datafile/users.711.870969071
input datafile file number=00139 name=+DATA/ccbs/datafile/indx.704.870969125
input datafile file number=00142 name=+DATA/ccbs/datafile/indx.700.870969205
input datafile file number=00145 name=+DATA/ccbs/datafile/gg_data.762.870969269
input datafile file number=00148 name=+DATA/ccbs/datafile/undotbs2_02.932.870969393
input datafile file number=00109 name=+DATA/ccbs/datafile/indx.402.843228399
input datafile file number=00110 name=+DATA/ccbs/datafile/indx.403.843228457
input datafile file number=00113 name=+DATA/ccbs/datafile/indx.406.843228475
input datafile file number=00116 name=+DATA/ccbs/datafile/indx.409.843228497
input datafile file number=00119 name=+DATA/ccbs/datafile/indx.412.843228547
input datafile file number=00121 name=+DATA/ccbs/datafile/indx.414.843228559
channel ORA_DISK_1: starting piece 1 at 30/03/2015 21:00:13
channel ORA_DISK_2: starting compressed incremental level 1 datafile backup set
channel ORA_DISK_2: specifying datafile(s) in backup set
input datafile file number=00002 name=+DATA/ccbs/datafile/sysaux.258.772710837
input datafile file number=00107 name=+DATA/ccbs/datafile/sysaux.390.822699669
input datafile file number=00130 name=+DATA/ccbs/datafile/undotbs1_02.426.857385663
input datafile file number=00133 name=+DATA/ccbs/datafile/undotbs2_02.516.857386025
input datafile file number=00001 name=+DATA/ccbs/datafile/system.271.772710825
input datafile file number=00061 name=+DATA/ccbs/datafile/gg_data.338.779148549
input datafile file number=00007 name=+DATA/ccbs/datafile/users.282.774527471
input datafile file number=00010 name=+DATA/ccbs/datafile/indx.287.774530539
input datafile file number=00013 name=+DATA/ccbs/datafile/indx.290.774541697
input datafile file number=00016 name=+DATA/ccbs/datafile/indx.293.774541877
input datafile file number=00019 name=+DATA/ccbs/datafile/indx.296.774541987
input datafile file number=00022 name=+DATA/ccbs/datafile/users.299.774543191
input datafile file number=00025 name=+DATA/ccbs/datafile/users.302.774543327
input datafile file number=00028 name=+DATA/ccbs/datafile/users.305.774543443
input datafile file number=00031 name=+DATA/ccbs/datafile/users.308.774543671
input datafile file number=00034 name=+DATA/ccbs/datafile/users.311.775873655
input datafile file number=00037 name=+DATA/ccbs/datafile/users.314.775996677
input datafile file number=00040 name=+DATA/ccbs/datafile/users.317.775996743
input datafile file number=00043 name=+DATA/ccbs/datafile/users.320.775997701
input datafile file number=00046 name=+DATA/ccbs/datafile/users.323.775997787
input datafile file number=00049 name=+DATA/ccbs/datafile/users.326.775997875
input datafile file number=00052 name=+DATA/ccbs/datafile/users.329.775998289
input datafile file number=00055 name=+DATA/ccbs/datafile/users.332.776000393
input datafile file number=00058 name=+DATA/ccbs/datafile/users.335.776001375
input datafile file number=00062 name=+DATA/ccbs/datafile/users.339.780491723
input datafile file number=00065 name=+DATA/ccbs/datafile/users.342.780492259
input datafile file number=00068 name=+DATA/ccbs/datafile/users.345.780493063
input datafile file number=00071 name=+DATA/ccbs/datafile/users.348.780493937
input datafile file number=00074 name=+DATA/ccbs/datafile/indx.351.780853091
input datafile file number=00077 name=+DATA/ccbs/datafile/indx.354.780853419
input datafile file number=00080 name=+DATA/ccbs/datafile/users.357.780853601
input datafile file number=00083 name=+DATA/ccbs/datafile/users.360.780853693
input datafile file number=00086 name=+DATA/ccbs/datafile/users.363.780853829
input datafile file number=00089 name=+DATA/ccbs/datafile/users.366.780853939
input datafile file number=00092 name=+DATA/ccbs/datafile/users.369.780853997
input datafile file number=00095 name=+DATA/ccbs/datafile/users.372.780854143
input datafile file number=00098 name=+DATA/ccbs/datafile/users.375.780854347
input datafile file number=00101 name=+DATA/ccbs/datafile/tbs_others.267.792772437
input datafile file number=00104 name=+DATA/ccbs/datafile/indx.387.819597647
input datafile file number=00124 name=+DATA/ccbs/datafile/indx.417.843228737
input datafile file number=00003 name=+DATA/ccbs/datafile/system.709.870969027
input datafile file number=00137 name=+DATA/ccbs/datafile/users.713.870969093
input datafile file number=00140 name=+DATA/ccbs/datafile/indx.708.870969149
input datafile file number=00143 name=+DATA/ccbs/datafile/users.763.870969217
input datafile file number=00146 name=+DATA/ccbs/datafile/undotbs1_02.930.870969365
input datafile file number=00149 name=+DATA/ccbs/datafile/undotbs2_02.933.870969415
input datafile file number=00111 name=+DATA/ccbs/datafile/indx.404.843228463
input datafile file number=00114 name=+DATA/ccbs/datafile/indx.407.843228483
input datafile file number=00117 name=+DATA/ccbs/datafile/indx.410.843228505
input datafile file number=00120 name=+DATA/ccbs/datafile/indx.413.843228553
channel ORA_DISK_2: starting piece 1 at 30/03/2015 21:00:17
channel ORA_DISK_1: finished piece 1 at 30/03/2015 21:17:02
piece handle=+DATA/rman/level1_30_20150330_i9q35ees_1_1 tag=MON_LV1_17_31 comment=NONE
channel ORA_DISK_1: backup set complete, elapsed time: 00:16:49
channel ORA_DISK_1: starting compressed incremental level 1 datafile backup set
channel ORA_DISK_1: specifying datafile(s) in backup set
input datafile file number=00106 name=+DATA/ccbs/datafile/sysaux.389.822699397
input datafile file number=00127 name=+DATA/ccbs/datafile/undotbs1_02.455.857385555
input datafile file number=00128 name=+DATA/ccbs/datafile/undotbs1_02.425.857385591
input datafile file number=00131 name=+DATA/ccbs/datafile/undotbs2_02.423.857385961
input datafile file number=00134 name=+DATA/ccbs/datafile/undotbs2_02.485.857386063
input datafile file number=00005 name=+DATA/ccbs/datafile/users.269.772710879
input datafile file number=00008 name=+DATA/ccbs/datafile/users.283.774527719
input datafile file number=00011 name=+DATA/ccbs/datafile/tbs_others.288.774531157
input datafile file number=00014 name=+DATA/ccbs/datafile/indx.291.774541763
input datafile file number=00017 name=+DATA/ccbs/datafile/indx.294.774541943
input datafile file number=00020 name=+DATA/ccbs/datafile/users.297.774542019
input datafile file number=00023 name=+DATA/ccbs/datafile/users.300.774543249
input datafile file number=00026 name=+DATA/ccbs/datafile/users.303.774543375
input datafile file number=00029 name=+DATA/ccbs/datafile/users.306.774543465
input datafile file number=00032 name=+DATA/ccbs/datafile/users.309.774543697
input datafile file number=00035 name=+DATA/ccbs/datafile/users.312.775873715
input datafile file number=00038 name=+DATA/ccbs/datafile/users.315.775996699
input datafile file number=00041 name=+DATA/ccbs/datafile/users.318.775997657
input datafile file number=00044 name=+DATA/ccbs/datafile/users.321.775997721
input datafile file number=00047 name=+DATA/ccbs/datafile/users.324.775997821
input datafile file number=00050 name=+DATA/ccbs/datafile/users.327.775997915
input datafile file number=00053 name=+DATA/ccbs/datafile/users.330.775998311
input datafile file number=00056 name=+DATA/ccbs/datafile/users.333.776000415
input datafile file number=00059 name=+DATA/ccbs/datafile/tbs_others.336.776001499
input datafile file number=00063 name=+DATA/ccbs/datafile/users.340.780491785
input datafile file number=00066 name=+DATA/ccbs/datafile/users.343.780492321
input datafile file number=00069 name=+DATA/ccbs/datafile/users.346.780493683
input datafile file number=00072 name=+DATA/ccbs/datafile/indx.349.780852847
input datafile file number=00075 name=+DATA/ccbs/datafile/indx.352.780853165
input datafile file number=00078 name=+DATA/ccbs/datafile/users.355.780853553
input datafile file number=00081 name=+DATA/ccbs/datafile/users.358.780853623
input datafile file number=00084 name=+DATA/ccbs/datafile/users.361.780853717
input datafile file number=00087 name=+DATA/ccbs/datafile/users.364.780853901
input datafile file number=00090 name=+DATA/ccbs/datafile/users.367.780853961
input datafile file number=00093 name=+DATA/ccbs/datafile/users.370.780854023
input datafile file number=00096 name=+DATA/ccbs/datafile/users.373.780854307
input datafile file number=00099 name=+DATA/ccbs/datafile/users.376.780854365
input datafile file number=00102 name=+DATA/ccbs/datafile/indx.284.819597493
input datafile file number=00122 name=+DATA/ccbs/datafile/indx.415.843228705
input datafile file number=00125 name=+DATA/ccbs/datafile/indx.418.843228751
input datafile file number=00004 name=+DATA/ccbs/datafile/system.714.870969047
input datafile file number=00138 name=+DATA/ccbs/datafile/users.715.870969105
input datafile file number=00141 name=+DATA/ccbs/datafile/indx.707.870969167
input datafile file number=00144 name=+DATA/ccbs/datafile/tbs_others.645.870969247
input datafile file number=00147 name=+DATA/ccbs/datafile/undotbs1_02.931.870969377
input datafile file number=00151 name=+DATA/ccbs/datafile/tbs_others.975.875279887
input datafile file number=00112 name=+DATA/ccbs/datafile/indx.405.843228469
input datafile file number=00115 name=+DATA/ccbs/datafile/indx.408.843228491
input datafile file number=00118 name=+DATA/ccbs/datafile/indx.411.843228541
input datafile file number=00150 name=+DATA/ccbs/datafile/tbs_others.1094.873913903
channel ORA_DISK_1: starting piece 1 at 30/03/2015 21:17:04
channel ORA_DISK_2: finished piece 1 at 30/03/2015 21:17:04
piece handle=+DATA/rman/level1_30_20150330_iaq35eet_1_1 tag=MON_LV1_17_31 comment=NONE
channel ORA_DISK_2: backup set complete, elapsed time: 00:16:47
channel ORA_DISK_2: starting compressed incremental level 1 datafile backup set
channel ORA_DISK_2: specifying datafile(s) in backup set
including current control file in backup set
channel ORA_DISK_2: starting piece 1 at 30/03/2015 21:17:11
channel ORA_DISK_2: finished piece 1 at 30/03/2015 21:17:14
piece handle=+DATA/rman/level1_30_20150330_icq35feg_1_1 tag=MON_LV1_17_31 comment=NONE
channel ORA_DISK_2: backup set complete, elapsed time: 00:00:03
channel ORA_DISK_1: finished piece 1 at 30/03/2015 21:32:36
piece handle=+DATA/rman/level1_30_20150330_ibq35fef_1_1 tag=MON_LV1_17_31 comment=NONE
channel ORA_DISK_1: backup set complete, elapsed time: 00:15:32
Finished backup at 30/03/2015 21:32:36

Starting Control File and SPFILE Autobackup at 30/03/2015 21:32:36
piece handle=+RECO/rman/c-271141816-20150330-00 comment=NONE
Finished Control File and SPFILE Autobackup at 30/03/2015 21:32:39

sql statement: ALTER SYSTEM ARCHIVE LOG CURRENT

Starting backup at 30/03/2015 21:32:50
current log archived
using channel ORA_DISK_1
using channel ORA_DISK_2
skipping archived log file +RECO/ccbs/archivelog/2015_03_27/thread_1_seq_21518.1911.875405603; already backed up 1 time(s)
skipping archived log file +RECO/ccbs/archivelog/2015_03_27/thread_1_seq_21519.3440.875437073; already backed up 1 time(s)
skipping archived log file +RECO/ccbs/archivelog/2015_03_27/thread_1_seq_21520.2360.875437091; already backed up 1 time(s)
skipping archived log file +RECO/ccbs/archivelog/2015_03_27/thread_1_seq_21521.627.875438289; already backed up 1 time(s)
skipping archived log file +RECO/ccbs/archivelog/2015_03_27/thread_1_seq_21522.2619.875444559; already backed up 1 time(s)
skipping archived log file +RECO/ccbs/archivelog/2015_03_27/thread_1_seq_21523.1808.875458389; already backed up 1 time(s)
skipping archived log file +RECO/ccbs/archivelog/2015_03_27/thread_1_seq_21524.3955.875482175; already backed up 1 time(s)
skipping archived log file +RECO/ccbs/archivelog/2015_03_27/thread_1_seq_21525.1369.875482183; already backed up 1 time(s)
skipping archived log file +RECO/ccbs/archivelog/2015_03_28/thread_1_seq_21526.3478.875568419; already backed up 1 time(s)
skipping archived log file +RECO/ccbs/archivelog/2015_03_28/thread_1_seq_21527.3505.875568429; already backed up 1 time(s)
skipping archived log file +RECO/ccbs/archivelog/2015_03_29/thread_1_seq_21528.4226.875577907; already backed up 1 time(s)
skipping archived log file +RECO/ccbs/archivelog/2015_03_29/thread_1_seq_21529.1205.875578023; already backed up 1 time(s)
skipping archived log file +RECO/ccbs/archivelog/2015_03_29/thread_1_seq_21530.2969.875614185; already backed up 1 time(s)
skipping archived log file +RECO/ccbs/archivelog/2015_03_29/thread_1_seq_21531.3902.875627023; already backed up 1 time(s)
skipping archived log file +RECO/ccbs/archivelog/2015_03_29/thread_1_seq_21532.538.875632147; already backed up 1 time(s)
skipping archived log file +RECO/ccbs/archivelog/2015_03_29/thread_1_seq_21533.4242.875649905; already backed up 1 time(s)
skipping archived log file +RECO/ccbs/archivelog/2015_03_29/thread_1_seq_21534.856.875654915; already backed up 1 time(s)
skipping archived log file +RECO/ccbs/archivelog/2015_03_29/thread_1_seq_21535.3533.875654921; already backed up 1 time(s)
skipping archived log file +RECO/ccbs/archivelog/2015_03_26/thread_2_seq_17857.1830.875395745; already backed up 1 time(s)
skipping archived log file +RECO/ccbs/archivelog/2015_03_27/thread_2_seq_17858.548.875437135; already backed up 1 time(s)
skipping archived log file +RECO/ccbs/archivelog/2015_03_27/thread_2_seq_17859.338.875456485; already backed up 1 time(s)
skipping archived log file +RECO/ccbs/archivelog/2015_03_27/thread_2_seq_17860.1315.875482215; already backed up 1 time(s)
skipping archived log file +RECO/ccbs/archivelog/2015_03_27/thread_2_seq_17861.1520.875482225; already backed up 1 time(s)
skipping archived log file +RECO/ccbs/archivelog/2015_03_28/thread_2_seq_17862.3144.875522471; already backed up 1 time(s)
skipping archived log file +RECO/ccbs/archivelog/2015_03_28/thread_2_seq_17863.1444.875568459; already backed up 1 time(s)
skipping archived log file +RECO/ccbs/archivelog/2015_03_28/thread_2_seq_17864.1464.875568471; already backed up 1 time(s)
skipping archived log file +RECO/ccbs/archivelog/2015_03_29/thread_2_seq_17865.3809.875614227; already backed up 1 time(s)
skipping archived log file +RECO/ccbs/archivelog/2015_03_29/thread_2_seq_17866.1333.875649949; already backed up 1 time(s)
skipping archived log file +RECO/ccbs/archivelog/2015_03_29/thread_2_seq_17867.4029.875654959; already backed up 1 time(s)
skipping archived log file +RECO/ccbs/archivelog/2015_03_29/thread_2_seq_17868.2842.875654963; already backed up 1 time(s)
channel ORA_DISK_1: starting compressed archived log backup set
channel ORA_DISK_1: specifying archived log(s) in backup set
input archived log thread=2 sequence=17869 RECID=58738 STAMP=875665014
input archived log thread=1 sequence=21536 RECID=58737 STAMP=875664149
input archived log thread=1 sequence=21537 RECID=58739 STAMP=875664981
input archived log thread=1 sequence=21538 RECID=58740 STAMP=875691482
input archived log thread=2 sequence=17870 RECID=58741 STAMP=875696282
input archived log thread=1 sequence=21539 RECID=58745 STAMP=875696678
input archived log thread=2 sequence=17871 RECID=58742 STAMP=875696606
input archived log thread=2 sequence=17872 RECID=58747 STAMP=875696720
input archived log thread=2 sequence=17873 RECID=58771 STAMP=875697783
input archived log thread=1 sequence=21540 RECID=58773 STAMP=875697755
input archived log thread=2 sequence=17874 RECID=58786 STAMP=875699788
input archived log thread=1 sequence=21541 RECID=58787 STAMP=875699753
channel ORA_DISK_1: starting piece 1 at 30/03/2015 21:32:56
channel ORA_DISK_2: starting compressed archived log backup set
channel ORA_DISK_2: specifying archived log(s) in backup set
input archived log thread=2 sequence=17875 RECID=58792 STAMP=875701552
input archived log thread=1 sequence=21542 RECID=58790 STAMP=875701480
input archived log thread=1 sequence=21543 RECID=58795 STAMP=875702864
input archived log thread=2 sequence=17876 RECID=58794 STAMP=875702900
input archived log thread=2 sequence=17877 RECID=58798 STAMP=875704335
input archived log thread=1 sequence=21544 RECID=58800 STAMP=875709685
input archived log thread=2 sequence=17878 RECID=58799 STAMP=875704480
input archived log thread=2 sequence=17879 RECID=58801 STAMP=875709735
input archived log thread=2 sequence=17880 RECID=58804 STAMP=875716800
input archived log thread=1 sequence=21545 RECID=58802 STAMP=875713267
input archived log thread=1 sequence=21546 RECID=58803 STAMP=875716758
input archived log thread=2 sequence=17881 RECID=58814 STAMP=875718424
input archived log thread=1 sequence=21547 RECID=58812 STAMP=875718370
input archived log thread=1 sequence=21548 RECID=58818 STAMP=875741570
input archived log thread=2 sequence=17882 RECID=58816 STAMP=875726533
channel ORA_DISK_2: starting piece 1 at 30/03/2015 21:32:56
channel ORA_DISK_1: finished piece 1 at 30/03/2015 21:39:51
piece handle=+DATA/rman/archi_30_20150330_ieq35gc8_1_1 tag=MONTHLY_ARCH_17_31 comment=NONE
channel ORA_DISK_1: backup set complete, elapsed time: 00:06:55
channel ORA_DISK_1: deleting archived log(s)
RMAN-08120: WARNING: archived log not deleted, not yet applied by standby
archived log file name=+RECO/ccbs/archivelog/2015_03_30/thread_2_seq_17869.3139.875665013 thread=2 sequence=17869
RMAN-08120: WARNING: archived log not deleted, not yet applied by standby
archived log file name=+RECO/ccbs/archivelog/2015_03_30/thread_1_seq_21536.4173.875664135 thread=1 sequence=21536
RMAN-08120: WARNING: archived log not deleted, not yet applied by standby
archived log file name=+RECO/ccbs/archivelog/2015_03_30/thread_1_seq_21537.3216.875664971 thread=1 sequence=21537
RMAN-08120: WARNING: archived log not deleted, not yet applied by standby
archived log file name=+RECO/ccbs/archivelog/2015_03_30/thread_1_seq_21538.3264.875691471 thread=1 sequence=21538
RMAN-08120: WARNING: archived log not deleted, not yet applied by standby
archived log file name=+RECO/ccbs/archivelog/2015_03_30/thread_2_seq_17870.3055.875696271 thread=2 sequence=17870
RMAN-08120: WARNING: archived log not deleted, not yet applied by standby
archived log file name=+RECO/ccbs/archivelog/2015_03_30/thread_1_seq_21539.4289.875696669 thread=1 sequence=21539
RMAN-08120: WARNING: archived log not deleted, not yet applied by standby
archived log file name=+RECO/ccbs/archivelog/2015_03_30/thread_2_seq_17871.2132.875696595 thread=2 sequence=17871
RMAN-08120: WARNING: archived log not deleted, not yet applied by standby
archived log file name=+RECO/ccbs/archivelog/2015_03_30/thread_2_seq_17872.3315.875696709 thread=2 sequence=17872
RMAN-08120: WARNING: archived log not deleted, not yet applied by standby
archived log file name=+RECO/ccbs/archivelog/2015_03_30/thread_2_seq_17873.2348.875697771 thread=2 sequence=17873
RMAN-08120: WARNING: archived log not deleted, not yet applied by standby
archived log file name=+RECO/ccbs/archivelog/2015_03_30/thread_1_seq_21540.3749.875697755 thread=1 sequence=21540
RMAN-08120: WARNING: archived log not deleted, not yet applied by standby
archived log file name=+RECO/ccbs/archivelog/2015_03_30/thread_2_seq_17874.3769.875699783 thread=2 sequence=17874
RMAN-08120: WARNING: archived log not deleted, not yet applied by standby
archived log file name=+RECO/ccbs/archivelog/2015_03_30/thread_1_seq_21541.3785.875699751 thread=1 sequence=21541
channel ORA_DISK_1: starting compressed archived log backup set
channel ORA_DISK_1: specifying archived log(s) in backup set
input archived log thread=2 sequence=17883 RECID=58817 STAMP=875741605
input archived log thread=1 sequence=21549 RECID=58819 STAMP=875741570
input archived log thread=2 sequence=17884 RECID=58820 STAMP=875741613
channel ORA_DISK_1: starting piece 1 at 30/03/2015 21:39:52
channel ORA_DISK_2: finished piece 1 at 30/03/2015 21:39:55
piece handle=+DATA/rman/archi_30_20150330_ifq35gc8_1_1 tag=MONTHLY_ARCH_17_31 comment=NONE
channel ORA_DISK_2: backup set complete, elapsed time: 00:06:59
channel ORA_DISK_2: deleting archived log(s)
RMAN-08120: WARNING: archived log not deleted, not yet applied by standby
archived log file name=+RECO/ccbs/archivelog/2015_03_30/thread_2_seq_17875.3773.875701551 thread=2 sequence=17875
RMAN-08120: WARNING: archived log not deleted, not yet applied by standby
archived log file name=+RECO/ccbs/archivelog/2015_03_30/thread_1_seq_21542.3793.875701481 thread=1 sequence=21542
RMAN-08120: WARNING: archived log not deleted, not yet applied by standby
archived log file name=+RECO/ccbs/archivelog/2015_03_30/thread_1_seq_21543.2176.875702865 thread=1 sequence=21543
RMAN-08120: WARNING: archived log not deleted, not yet applied by standby
archived log file name=+RECO/ccbs/archivelog/2015_03_30/thread_2_seq_17876.3797.875702895 thread=2 sequence=17876
RMAN-08120: WARNING: archived log not deleted, not yet applied by standby
archived log file name=+RECO/ccbs/archivelog/2015_03_30/thread_2_seq_17877.2154.875704323 thread=2 sequence=17877
RMAN-08120: WARNING: archived log not deleted, not yet applied by standby
archived log file name=+RECO/ccbs/archivelog/2015_03_30/thread_1_seq_21544.1845.875709683 thread=1 sequence=21544
RMAN-08120: WARNING: archived log not deleted, not yet applied by standby
archived log file name=+RECO/ccbs/archivelog/2015_03_30/thread_2_seq_17878.3596.875704467 thread=2 sequence=17878
RMAN-08120: WARNING: archived log not deleted, not yet applied by standby
archived log file name=+RECO/ccbs/archivelog/2015_03_30/thread_2_seq_17879.2685.875709723 thread=2 sequence=17879
RMAN-08120: WARNING: archived log not deleted, not yet applied by standby
archived log file name=+RECO/ccbs/archivelog/2015_03_30/thread_2_seq_17880.2716.875716789 thread=2 sequence=17880
RMAN-08120: WARNING: archived log not deleted, not yet applied by standby
archived log file name=+RECO/ccbs/archivelog/2015_03_30/thread_1_seq_21545.2364.875713255 thread=1 sequence=21545
RMAN-08120: WARNING: archived log not deleted, not yet applied by standby
archived log file name=+RECO/ccbs/archivelog/2015_03_30/thread_1_seq_21546.3262.875716755 thread=1 sequence=21546
RMAN-08120: WARNING: archived log not deleted, not yet applied by standby
archived log file name=+RECO/ccbs/archivelog/2015_03_30/thread_2_seq_17881.3386.875718421 thread=2 sequence=17881
RMAN-08120: WARNING: archived log not deleted, not yet applied by standby
archived log file name=+RECO/ccbs/archivelog/2015_03_30/thread_1_seq_21547.2712.875718371 thread=1 sequence=21547
RMAN-08120: WARNING: archived log not deleted, not yet applied by standby
archived log file name=+RECO/ccbs/archivelog/2015_03_30/thread_1_seq_21548.3258.875741561 thread=1 sequence=21548
RMAN-08120: WARNING: archived log not deleted, not yet applied by standby
archived log file name=+RECO/ccbs/archivelog/2015_03_30/thread_2_seq_17882.1881.875726523 thread=2 sequence=17882
channel ORA_DISK_2: deleting archived log(s)
RMAN-08120: WARNING: archived log not deleted, not yet applied by standby
archived log file name=+RECO/ccbs/archivelog/2015_03_27/thread_1_seq_21518.1911.875405603 thread=1 sequence=21518
RMAN-08120: WARNING: archived log not deleted, not yet applied by standby
archived log file name=+RECO/ccbs/archivelog/2015_03_27/thread_1_seq_21519.3440.875437073 thread=1 sequence=21519
RMAN-08120: WARNING: archived log not deleted, not yet applied by standby
archived log file name=+RECO/ccbs/archivelog/2015_03_27/thread_1_seq_21520.2360.875437091 thread=1 sequence=21520
RMAN-08120: WARNING: archived log not deleted, not yet applied by standby
archived log file name=+RECO/ccbs/archivelog/2015_03_27/thread_1_seq_21521.627.875438289 thread=1 sequence=21521
RMAN-08120: WARNING: archived log not deleted, not yet applied by standby
archived log file name=+RECO/ccbs/archivelog/2015_03_27/thread_1_seq_21522.2619.875444559 thread=1 sequence=21522
RMAN-08120: WARNING: archived log not deleted, not yet applied by standby
archived log file name=+RECO/ccbs/archivelog/2015_03_27/thread_1_seq_21523.1808.875458389 thread=1 sequence=21523
RMAN-08120: WARNING: archived log not deleted, not yet applied by standby
archived log file name=+RECO/ccbs/archivelog/2015_03_27/thread_1_seq_21524.3955.875482175 thread=1 sequence=21524
RMAN-08120: WARNING: archived log not deleted, not yet applied by standby
archived log file name=+RECO/ccbs/archivelog/2015_03_27/thread_1_seq_21525.1369.875482183 thread=1 sequence=21525
RMAN-08120: WARNING: archived log not deleted, not yet applied by standby
archived log file name=+RECO/ccbs/archivelog/2015_03_28/thread_1_seq_21526.3478.875568419 thread=1 sequence=21526
RMAN-08120: WARNING: archived log not deleted, not yet applied by standby
archived log file name=+RECO/ccbs/archivelog/2015_03_28/thread_1_seq_21527.3505.875568429 thread=1 sequence=21527
RMAN-08120: WARNING: archived log not deleted, not yet applied by standby
archived log file name=+RECO/ccbs/archivelog/2015_03_29/thread_1_seq_21528.4226.875577907 thread=1 sequence=21528
RMAN-08120: WARNING: archived log not deleted, not yet applied by standby
archived log file name=+RECO/ccbs/archivelog/2015_03_29/thread_1_seq_21529.1205.875578023 thread=1 sequence=21529
RMAN-08120: WARNING: archived log not deleted, not yet applied by standby
archived log file name=+RECO/ccbs/archivelog/2015_03_29/thread_1_seq_21530.2969.875614185 thread=1 sequence=21530
RMAN-08120: WARNING: archived log not deleted, not yet applied by standby
archived log file name=+RECO/ccbs/archivelog/2015_03_29/thread_1_seq_21531.3902.875627023 thread=1 sequence=21531
RMAN-08120: WARNING: archived log not deleted, not yet applied by standby
archived log file name=+RECO/ccbs/archivelog/2015_03_29/thread_1_seq_21532.538.875632147 thread=1 sequence=21532
RMAN-08120: WARNING: archived log not deleted, not yet applied by standby
archived log file name=+RECO/ccbs/archivelog/2015_03_29/thread_1_seq_21533.4242.875649905 thread=1 sequence=21533
RMAN-08120: WARNING: archived log not deleted, not yet applied by standby
archived log file name=+RECO/ccbs/archivelog/2015_03_29/thread_1_seq_21534.856.875654915 thread=1 sequence=21534
RMAN-08120: WARNING: archived log not deleted, not yet applied by standby
archived log file name=+RECO/ccbs/archivelog/2015_03_29/thread_1_seq_21535.3533.875654921 thread=1 sequence=21535
RMAN-08120: WARNING: archived log not deleted, not yet applied by standby
archived log file name=+RECO/ccbs/archivelog/2015_03_26/thread_2_seq_17857.1830.875395745 thread=2 sequence=17857
RMAN-08120: WARNING: archived log not deleted, not yet applied by standby
archived log file name=+RECO/ccbs/archivelog/2015_03_27/thread_2_seq_17858.548.875437135 thread=2 sequence=17858
RMAN-08120: WARNING: archived log not deleted, not yet applied by standby
archived log file name=+RECO/ccbs/archivelog/2015_03_27/thread_2_seq_17859.338.875456485 thread=2 sequence=17859
RMAN-08120: WARNING: archived log not deleted, not yet applied by standby
archived log file name=+RECO/ccbs/archivelog/2015_03_27/thread_2_seq_17860.1315.875482215 thread=2 sequence=17860
RMAN-08120: WARNING: archived log not deleted, not yet applied by standby
archived log file name=+RECO/ccbs/archivelog/2015_03_27/thread_2_seq_17861.1520.875482225 thread=2 sequence=17861
RMAN-08120: WARNING: archived log not deleted, not yet applied by standby
archived log file name=+RECO/ccbs/archivelog/2015_03_28/thread_2_seq_17862.3144.875522471 thread=2 sequence=17862
RMAN-08120: WARNING: archived log not deleted, not yet applied by standby
archived log file name=+RECO/ccbs/archivelog/2015_03_28/thread_2_seq_17863.1444.875568459 thread=2 sequence=17863
RMAN-08120: WARNING: archived log not deleted, not yet applied by standby
archived log file name=+RECO/ccbs/archivelog/2015_03_28/thread_2_seq_17864.1464.875568471 thread=2 sequence=17864
RMAN-08120: WARNING: archived log not deleted, not yet applied by standby
archived log file name=+RECO/ccbs/archivelog/2015_03_29/thread_2_seq_17865.3809.875614227 thread=2 sequence=17865
RMAN-08120: WARNING: archived log not deleted, not yet applied by standby
archived log file name=+RECO/ccbs/archivelog/2015_03_29/thread_2_seq_17866.1333.875649949 thread=2 sequence=17866
RMAN-08120: WARNING: archived log not deleted, not yet applied by standby
archived log file name=+RECO/ccbs/archivelog/2015_03_29/thread_2_seq_17867.4029.875654959 thread=2 sequence=17867
RMAN-08120: WARNING: archived log not deleted, not yet applied by standby
archived log file name=+RECO/ccbs/archivelog/2015_03_29/thread_2_seq_17868.2842.875654963 thread=2 sequence=17868
channel ORA_DISK_1: finished piece 1 at 30/03/2015 21:39:59
piece handle=+DATA/rman/archi_30_20150330_igq35gp8_1_1 tag=MONTHLY_ARCH_17_31 comment=NONE
channel ORA_DISK_1: backup set complete, elapsed time: 00:00:07
channel ORA_DISK_1: deleting archived log(s)
RMAN-08120: WARNING: archived log not deleted, not yet applied by standby
archived log file name=+RECO/ccbs/archivelog/2015_03_30/thread_2_seq_17883.2537.875741605 thread=2 sequence=17883
RMAN-08120: WARNING: archived log not deleted, not yet applied by standby
archived log file name=+RECO/ccbs/archivelog/2015_03_30/thread_1_seq_21549.2505.875741571 thread=1 sequence=21549
RMAN-08120: WARNING: archived log not deleted, not yet applied by standby
archived log file name=+RECO/ccbs/archivelog/2015_03_30/thread_2_seq_17884.3184.875741613 thread=2 sequence=17884
Finished backup at 30/03/2015 21:39:59

Starting Control File and SPFILE Autobackup at 30/03/2015 21:40:00
piece handle=+RECO/rman/c-271141816-20150330-01 comment=NONE
Finished Control File and SPFILE Autobackup at 30/03/2015 21:40:03

Recovery Manager complete.
