;;; 
Export: Release 11.2.0.2.0 - Production on Fri Jul 3 14:43:26 2015

Copyright (c) 1982, 2009, Oracle and/or its affiliates.  All rights reserved.
;;; 
Connected to: Oracle Database 11g Enterprise Edition Release 11.2.0.2.0 - 64bit Production
With the Partitioning, Real Application Clusters, Automatic Storage Management, OLAP,
Data Mining and Real Application Testing options
Starting "SYSTEM"."SYS_EXPORT_SCHEMA_12":  system/********@sxkd1 DIRECTORY=MYDPUMP_DIR dumpfile=css_hcm%U.dmp filesize=4G schemas=css_hcm logfile=css_hcm_exp.log 
Estimate in progress using BLOCKS method...
Processing object type SCHEMA_EXPORT/TABLE/TABLE_DATA
Total estimation using BLOCKS method: 4.827 GB
Processing object type SCHEMA_EXPORT/USER
Processing object type SCHEMA_EXPORT/SYSTEM_GRANT
Processing object type SCHEMA_EXPORT/ROLE_GRANT
Processing object type SCHEMA_EXPORT/DEFAULT_ROLE
Processing object type SCHEMA_EXPORT/PRE_SCHEMA/PROCACT_SCHEMA
Processing object type SCHEMA_EXPORT/TYPE/TYPE_SPEC
Processing object type SCHEMA_EXPORT/DB_LINK
Processing object type SCHEMA_EXPORT/SEQUENCE/SEQUENCE
Processing object type SCHEMA_EXPORT/TABLE/TABLE
Processing object type SCHEMA_EXPORT/TABLE/GRANT/OWNER_GRANT/OBJECT_GRANT
Processing object type SCHEMA_EXPORT/TABLE/INDEX/INDEX
Processing object type SCHEMA_EXPORT/TABLE/CONSTRAINT/CONSTRAINT
Processing object type SCHEMA_EXPORT/TABLE/INDEX/STATISTICS/INDEX_STATISTICS
Processing object type SCHEMA_EXPORT/TABLE/COMMENT
Processing object type SCHEMA_EXPORT/PACKAGE/PACKAGE_SPEC
Processing object type SCHEMA_EXPORT/FUNCTION/FUNCTION
Processing object type SCHEMA_EXPORT/FUNCTION/GRANT/OWNER_GRANT/OBJECT_GRANT
Processing object type SCHEMA_EXPORT/PROCEDURE/PROCEDURE
Processing object type SCHEMA_EXPORT/PROCEDURE/GRANT/OWNER_GRANT/OBJECT_GRANT
Processing object type SCHEMA_EXPORT/PACKAGE/COMPILE_PACKAGE/PACKAGE_SPEC/ALTER_PACKAGE_SPEC
Processing object type SCHEMA_EXPORT/FUNCTION/ALTER_FUNCTION
Processing object type SCHEMA_EXPORT/PROCEDURE/ALTER_PROCEDURE
Processing object type SCHEMA_EXPORT/VIEW/VIEW
Processing object type SCHEMA_EXPORT/PACKAGE/PACKAGE_BODY
Processing object type SCHEMA_EXPORT/TABLE/CONSTRAINT/REF_CONSTRAINT
Processing object type SCHEMA_EXPORT/TABLE/TRIGGER
Processing object type SCHEMA_EXPORT/TABLE/INDEX/FUNCTIONAL_AND_BITMAP/INDEX
Processing object type SCHEMA_EXPORT/TABLE/INDEX/STATISTICS/FUNCTIONAL_AND_BITMAP/INDEX_STATISTICS
Processing object type SCHEMA_EXPORT/TABLE/STATISTICS/TABLE_STATISTICS
. . exported "CSS_HCM"."DB_KHACHHANG"                    528.7 MB 2739140 rows
. . exported "CSS_HCM"."DB_THANHTOAN"                    494.1 MB 2883636 rows
. . exported "CSS_HCM"."DIACHI"                          530.5 MB 8693673 rows
. . exported "CSS_HCM"."DB_THUEBAO"                      226.0 MB 1231459 rows
. . exported "CSS_HCM"."BIENDONG_TB"                     197.8 KB    4057 rows
. . exported "CSS_HCM"."SUDUNG_DVKHAC"                   66.33 MB 2941686 rows
. . exported "CSS_HCM"."KHOSO_CD"                        46.18 MB 1401890 rows
. . exported "CSS_HCM"."KHOSO_TAM"                       719.8 KB   61000 rows
. . exported "CSS_HCM"."KHOSO_AO"                        21.28 MB  706088 rows
. . exported "CSS_HCM"."PORT_LHTB"                       72.04 MB 6309178 rows
. . exported "CSS_HCM"."KHOSO_GP"                        5.332 MB  161696 rows
. . exported "CSS_HCM"."DBTB_DV"                         66.84 MB 3656905 rows
. . exported "CSS_HCM"."DAUSO_PX"                        20.54 MB  840416 rows
. . exported "CSS_HCM"."BD_THUEBAO"                      2.720 MB   14876 rows
. . exported "CSS_HCM"."DIACHI_BS_PHUONG"                68.57 MB 1059380 rows
. . exported "CSS_HCM"."CAMKET_DBTB"                     7.695 KB       2 rows
. . exported "CSS_HCM"."CAMKET_HDTB"                     8.281 KB      18 rows
. . exported "CSS_HCM"."DB_CD"                           61.78 MB  800207 rows
. . exported "CSS_HCM"."BD_KHACHHANG"                    205.7 KB     569 rows
. . exported "CSS_HCM"."BD_THANHTOAN"                    138.3 KB     569 rows
. . exported "CSS_HCM"."DIACHI_TT"                       42.90 MB 2870269 rows
. . exported "CSS_HCM"."DB_ADSL"                         45.17 MB  347981 rows
. . exported "CSS_HCM"."HD_KHACHHANG"                    3.534 MB   16178 rows
. . exported "CSS_HCM"."DIACHI_KH"                       40.61 MB 2725773 rows
. . exported "CSS_HCM"."HD_THUEBAO"                      4.047 MB   17620 rows
. . exported "CSS_HCM"."THUTU_IN"                        37.40 MB 2827394 rows
. . exported "CSS_HCM"."BIENDONG_DVGT"                   105.6 KB    2381 rows
. . exported "CSS_HCM"."SONE"                            35.09 MB 1409934 rows
. . exported "CSS_HCM"."PORT"                            26.49 MB  509520 rows
. . exported "CSS_HCM"."BIENDONG_CTB"                    10.15 KB       6 rows
. . exported "CSS_HCM"."DB_MIG"                          2.752 MB   43468 rows
. . exported "CSS_HCM"."HD_THANHTOAN"                    537.8 KB    1922 rows
. . exported "CSS_HCM"."DIACHI_TB"                       24.95 MB 1217427 rows
. . exported "CSS_HCM"."TB_KHUYENMAI"                    19.36 MB  226434 rows
. . exported "CSS_HCM"."SUDUNG_DVGT"                     13.08 MB  647988 rows
. . exported "CSS_HCM"."GIAOPHIEU"                       2.916 MB   28859 rows
. . exported "CSS_HCM"."PORT_VCI_VPI"                    15.02 MB  602833 rows
. . exported "CSS_HCM"."GIAOPHIEU_NV"                    12.58 MB  295416 rows
. . exported "CSS_HCM"."QUANLY_ACC_ADSL"                 6.189 MB  348466 rows
. . exported "CSS_HCM"."DB_DATCOC"                       10.04 MB   96879 rows
. . exported "CSS_HCM"."HDTB_DV"                         10.54 MB  594132 rows
. . exported "CSS_HCM"."VCI_VPI"                         4.785 MB  107793 rows
. . exported "CSS_HCM"."PHIEUTT_HD"                      448.1 KB    2158 rows
. . exported "CSS_HCM"."DIACHI_MIG"                      631.5 KB   43468 rows
. . exported "CSS_HCM"."CT_TIENHD"                       838.0 KB   28116 rows
. . exported "CSS_HCM"."DOICHUGOI"                       5.153 MB  145131 rows
. . exported "CSS_HCM"."HDTB_CD"                         1.184 MB   15694 rows
. . exported "CSS_HCM"."DONVI_PX"                        3.384 MB  115886 rows
. . exported "CSS_HCM"."PORT_TMP"                        31.71 KB     308 rows
. . exported "CSS_HCM"."BDTB_ADSL"                       64.39 KB     315 rows
. . exported "CSS_HCM"."BDTB_CD"                         40.64 KB     363 rows
. . exported "CSS_HCM"."BD_LYDOHUY"                          8 KB      47 rows
. . exported "CSS_HCM"."DANGKY_DVK"                      85.42 KB    2698 rows
. . exported "CSS_HCM"."DB_LIENHE"                       2.890 MB   47180 rows
. . exported "CSS_HCM"."DUONGPHOS_NEO"                   3.204 MB  101372 rows
. . exported "CSS_HCM"."HDTB_ADSL"                       223.5 KB    1334 rows
. . exported "CSS_HCM"."CT_KHUYENMAI"                    1.473 MB    2507 rows
. . exported "CSS_HCM"."CT_PHIEUTT"                      432.7 KB   19481 rows
. . exported "CSS_HCM"."CUOC_NH"                         5.640 KB       8 rows
. . exported "CSS_HCM"."DANGKY_DVGT"                     95.62 KB    3217 rows
. . exported "CSS_HCM"."DIACHI_HDTB"                     71.21 KB    3194 rows
. . exported "CSS_HCM"."LOAI_CAP"                        5.515 KB       3 rows
. . exported "CSS_HCM"."LYDOHUY_DBTB"                    983.1 KB   45626 rows
. . exported "CSS_HCM"."LYDOHUY_HDTB"                    503.2 KB   13837 rows
. . exported "CSS_HCM"."PREFIX_LHTB"                     2.378 MB  178529 rows
. . exported "CSS_HCM"."SUDUNG_DVGT_TMP"                 93.03 KB    2782 rows
. . exported "CSS_HCM"."THONGTIN_TT"                     413.9 KB   17225 rows
. . exported "CSS_HCM"."BDTB_DV"                         784.5 KB   44364 rows
. . exported "CSS_HCM"."BD_GOI_DADV"                     1.111 MB   35375 rows
. . exported "CSS_HCM"."DB_EMAIL"                        885.2 KB   19269 rows
. . exported "CSS_HCM"."DB_GP"                           1.384 MB   52196 rows
. . exported "CSS_HCM"."DB_MGWAN"                        1.620 MB   12171 rows
. . exported "CSS_HCM"."DB_TSL"                          1.473 MB    9736 rows
. . exported "CSS_HCM"."DB_TTLH"                         820.7 KB   47180 rows
. . exported "CSS_HCM"."DIACHI_HDKH"                     32.20 KB    1833 rows
. . exported "CSS_HCM"."DIACHI_HDMIG"                    5.539 KB       2 rows
. . exported "CSS_HCM"."DIACHI_HDTT"                     33.17 KB    1922 rows
. . exported "CSS_HCM"."KHUVUC_PX"                       892.1 KB   42375 rows
. . exported "CSS_HCM"."PREFIX"                          430.7 KB   20614 rows
. . exported "CSS_HCM"."TB_DAIDIEN"                      5.429 KB       1 rows
. . exported "CSS_HCM"."KHUYENMAI_DBTB"                  15.37 KB     129 rows
. . exported "CSS_HCM"."BD_DVGT"                         631.9 KB   25737 rows
. . exported "CSS_HCM"."HDTB_GP"                         13.20 KB     197 rows
. . exported "CSS_HCM"."HUONGGIAO"                       481.7 KB     364 rows
. . exported "CSS_HCM"."QUYTRINH_LHTB"                   573.8 KB   36752 rows
. . exported "CSS_HCM"."THONGTIN_CSKH"                   16.32 KB       3 rows
. . exported "CSS_HCM"."BDTB_GP"                         9.296 KB      60 rows
. . exported "CSS_HCM"."HDTB_DATCOC"                     11.68 KB      37 rows
. . exported "CSS_HCM"."TUYENTHU_PX"                     322.5 KB   13095 rows
. . exported "CSS_HCM"."KHUYENMAI"                         417 KB     729 rows
. . exported "CSS_HCM"."PHUONGS_NEO"                     417.5 KB   16158 rows
. . exported "CSS_HCM"."TIEN_HDTB_TC"                    262.6 KB   14438 rows
. . exported "CSS_HCM"."A_THU"                           90.57 KB      36 rows
. . exported "CSS_HCM"."SUDUNG_TBI"                      123.4 KB    3925 rows
. . exported "CSS_HCM"."DB_EMAIL_KH"                     336.1 KB   19269 rows
. . exported "CSS_HCM"."VDC_LIST_ATTR"                   340.3 KB   13329 rows
. . exported "CSS_HCM"."LUONG_DV"                        258.9 KB   22180 rows
. . exported "CSS_HCM"."SOPHIEU_NV"                      264.3 KB   13216 rows
. . exported "CSS_HCM"."TAOBANG_CMD"                     194.8 KB     419 rows
. . exported "CSS_HCM"."BD_KHUYENMAI"                    8.328 KB      62 rows
. . exported "CSS_HCM"."CTKM_LHTB"                       198.2 KB   11447 rows
. . exported "CSS_HCM"."DONVI_PX_LAM"                    231.5 KB    8808 rows
. . exported "CSS_HCM"."DSLAM"                           213.8 KB    1933 rows
. . exported "CSS_HCM"."KM_DT"                           180.2 KB   16342 rows
. . exported "CSS_HCM"."PHIEUHUY_HD"                     126.4 KB     768 rows
. . exported "CSS_HCM"."TIEN_DBTB_TC"                    36.27 KB    2124 rows
. . exported "CSS_HCM"."HDTB_GOI_DADV"                   12.23 KB     264 rows
. . exported "CSS_HCM"."KHUYENMAI_HDTB"                  21.91 KB     352 rows
. . exported "CSS_HCM"."MA_PHO"                          144.3 KB   11997 rows
. . exported "CSS_HCM"."THOA_TEST"                       7.953 KB       1 rows
. . exported "CSS_HCM"."BD_DVK"                          31.95 KB     870 rows
. . exported "CSS_HCM"."CT_MUA_TBI"                      13.53 KB     150 rows
. . exported "CSS_HCM"."GOI_DADV_DT"                     7.242 KB     178 rows
. . exported "CSS_HCM"."GOI_DADV_LHTB"                   68.23 KB    1150 rows
. . exported "CSS_HCM"."GOI_DADV_TC"                     18.64 KB     226 rows
. . exported "CSS_HCM"."HOSO_KH"                         10.53 KB       1 rows
. . exported "CSS_HCM"."KM_GOI_DADV"                     9.398 KB     362 rows
. . exported "CSS_HCM"."KM_LHTB"                         104.5 KB    5843 rows
. . exported "CSS_HCM"."KM_TRANGBI"                      14.77 KB     865 rows
. . exported "CSS_HCM"."MCTB_DT"                         22.78 KB    1741 rows
. . exported "CSS_HCM"."MCTB_KV"                         6.468 KB     108 rows
. . exported "CSS_HCM"."MCTB_LHTB"                       6.906 KB     142 rows
. . exported "CSS_HCM"."PHO"                             134.7 KB    3650 rows
. . exported "CSS_HCM"."SOTHICH_KH"                      5.562 KB       5 rows
. . exported "CSS_HCM"."SO_NAP"                          117.1 KB    6384 rows
. . exported "CSS_HCM"."TUYENTHU"                        75.49 KB     646 rows
. . exported "CSS_HCM"."BG_DOITUONG"                     18.35 KB    1284 rows
. . exported "CSS_HCM"."BG_TRANGBI"                      8.789 KB     328 rows
. . exported "CSS_HCM"."DANTOC"                          7.679 KB      54 rows
. . exported "CSS_HCM"."DIACHI_TEMP"                     32.83 KB     274 rows
. . exported "CSS_HCM"."DSLAM_CARD"                      37.86 KB    1846 rows
. . exported "CSS_HCM"."DSLAM_RACK"                      49.25 KB    4093 rows
. . exported "CSS_HCM"."GIAOPHIEU_TBI"                   16.24 KB     301 rows
. . exported "CSS_HCM"."HDTB_TSL"                        40.97 KB     102 rows
. . exported "CSS_HCM"."KHUYENMAI_TMP"                   60.63 KB     110 rows
. . exported "CSS_HCM"."KM_KLD"                          15.91 KB     957 rows
. . exported "CSS_HCM"."KM_LHTB_KEM"                     10.63 KB     258 rows
. . exported "CSS_HCM"."LYDOHUY_LHTB"                    46.78 KB    4206 rows
. . exported "CSS_HCM"."LYDOTRA_TC"                      7.867 KB      57 rows
. . exported "CSS_HCM"."QUYTRINH"                        56.84 KB     119 rows
. . exported "CSS_HCM"."SOCONGVAN"                       53.50 KB     200 rows
. . exported "CSS_HCM"."TAOBANG"                         44.36 KB      61 rows
. . exported "CSS_HCM"."TDTT_DB_ADSL"                    57.30 KB     308 rows
. . exported "CSS_HCM"."TINHS_NEO"                       8.367 KB      64 rows
. . exported "CSS_HCM"."A_TRANGTHAI_INDEX"               27.78 KB     245 rows
. . exported "CSS_HCM"."BANGGIA"                         17.42 KB      88 rows
. . exported "CSS_HCM"."BAOCAO_BDTB"                     20.25 KB      12 rows
. . exported "CSS_HCM"."BDTB_IMS"                        15.00 KB       2 rows
. . exported "CSS_HCM"."BDTB_MGWAN"                      24.55 KB      20 rows
. . exported "CSS_HCM"."BDTB_TSL"                        22.00 KB      14 rows
. . exported "CSS_HCM"."BD_EMAIL"                        6.679 KB       8 rows
. . exported "CSS_HCM"."BD_EMAIL_KH"                     6.570 KB       8 rows
. . exported "CSS_HCM"."BD_LIENHE"                       11.21 KB      43 rows
. . exported "CSS_HCM"."BD_TTLH"                         7.335 KB      43 rows
. . exported "CSS_HCM"."BG_KIEULD"                       7.890 KB     227 rows
. . exported "CSS_HCM"."BG_LHTB"                         8.187 KB     269 rows
. . exported "CSS_HCM"."BG_TBI_DC"                       7.210 KB     169 rows
. . exported "CSS_HCM"."BG_TRATRUOC"                     7.515 KB      11 rows
. . exported "CSS_HCM"."BRAS"                            6.390 KB      20 rows
. . exported "CSS_HCM"."CHARACTER_SET_MAP"               7.210 KB       4 rows
. . exported "CSS_HCM"."CHECK_INSERT"                    7.718 KB      92 rows
. . exported "CSS_HCM"."CHUQUAN"                         6.109 KB       5 rows
. . exported "CSS_HCM"."CHUYENMANG"                      16.24 KB     312 rows
. . exported "CSS_HCM"."CTKM_LOAI_TBI"                   10.63 KB      74 rows
. . exported "CSS_HCM"."CTKM_TRAGOP_TBI"                 6.890 KB       2 rows
. . exported "CSS_HCM"."CUSINFO_VDC"                     6.039 KB       6 rows
. . exported "CSS_HCM"."DACDIEM"                         7.804 KB     123 rows
. . exported "CSS_HCM"."DACDIEM_DD"                      16.38 KB     755 rows
. . exported "CSS_HCM"."DAISO"                           15.50 KB     198 rows
. . exported "CSS_HCM"."DAISONE"                         7.593 KB       2 rows
. . exported "CSS_HCM"."DB_IMS"                          15.64 KB       4 rows
. . exported "CSS_HCM"."DIADANH_TOQL"                    38.16 KB     372 rows
. . exported "CSS_HCM"."DICHVU_GT"                       22.24 KB     112 rows
. . exported "CSS_HCM"."DICHVU_KHAC"                     9.492 KB      15 rows
. . exported "CSS_HCM"."DICHVU_VT"                       6.531 KB      11 rows
. . exported "CSS_HCM"."DOITAC"                          6.085 KB       3 rows
. . exported "CSS_HCM"."DOITUONG"                        9.187 KB      46 rows
. . exported "CSS_HCM"."DOITUONG_CS"                     5.687 KB       9 rows
. . exported "CSS_HCM"."DOITUONG_NEO"                    7.007 KB      19 rows
. . exported "CSS_HCM"."DOITUONG_VDC"                    6.203 KB      16 rows
. . exported "CSS_HCM"."DONVI_NEO"                       6.367 KB       1 rows
. . exported "CSS_HCM"."DONVI_TBI"                         5.5 KB       3 rows
. . exported "CSS_HCM"."DS_KM_FTTH"                      22.32 KB     425 rows
. . exported "CSS_HCM"."DS_LOI_CONVERT"                  9.296 KB       5 rows
. . exported "CSS_HCM"."DS_LOI_CONVERT_HCM"              11.78 KB      13 rows
. . exported "CSS_HCM"."DS_QUYEN_TAM"                    25.32 KB     134 rows
. . exported "CSS_HCM"."DVGT_LHTB"                       10.56 KB     482 rows
. . exported "CSS_HCM"."DV_KHAC_LHTB"                    6.343 KB      85 rows
. . exported "CSS_HCM"."GHEP_MAKH"                       13.59 KB      56 rows
. . exported "CSS_HCM"."GHEP_MAKH_TMP"                   9.382 KB       7 rows
. . exported "CSS_HCM"."GOICUOC_DD"                      7.671 KB      29 rows
. . exported "CSS_HCM"."GOITICHHOP"                      7.148 KB       7 rows
. . exported "CSS_HCM"."GOI_DADV"                        36.68 KB      53 rows
. . exported "CSS_HCM"."GOI_DADV_CK"                      8.75 KB      25 rows
. . exported "CSS_HCM"."GOI_DADV_CV"                     9.039 KB       2 rows
. . exported "CSS_HCM"."HDTB_HEN"                        25.46 KB     355 rows
. . exported "CSS_HCM"."HDTB_IMS"                        23.27 KB      71 rows
. . exported "CSS_HCM"."HDTB_MGWAN"                      35.67 KB     101 rows
. . exported "CSS_HCM"."HD_EMAIL"                        6.382 KB       1 rows
. . exported "CSS_HCM"."HD_EMAIL_KH"                     6.460 KB       4 rows
. . exported "CSS_HCM"."HD_LIENHE"                       8.945 KB       6 rows
. . exported "CSS_HCM"."HD_MIG"                          7.421 KB       2 rows
. . exported "CSS_HCM"."HD_TTLH"                         6.507 KB       7 rows
. . exported "CSS_HCM"."HINHTHUC_TRA"                    6.875 KB       6 rows
. . exported "CSS_HCM"."HINHTHUC_TT"                     7.835 KB       4 rows
. . exported "CSS_HCM"."HUONGGIAO_LDV"                   15.69 KB     357 rows
. . exported "CSS_HCM"."HUONGGOI"                        5.523 KB       3 rows
. . exported "CSS_HCM"."KENHTHU"                         5.609 KB       6 rows
. . exported "CSS_HCM"."KHOANMUC_TT"                      8.75 KB      25 rows
. . exported "CSS_HCM"."KHOI_CN"                         6.570 KB       8 rows
. . exported "CSS_HCM"."KHUVUC"                          8.281 KB      37 rows
. . exported "CSS_HCM"."KHUVUC_LKV"                      6.164 KB      68 rows
. . exported "CSS_HCM"."KIEULD_LHTB"                     9.765 KB     400 rows
. . exported "CSS_HCM"."KIEUTRA"                         6.351 KB       2 rows
. . exported "CSS_HCM"."KIEU_BD"                         6.593 KB      26 rows
. . exported "CSS_HCM"."KIEU_DB"                         5.984 KB       5 rows
. . exported "CSS_HCM"."KIEU_KM"                         5.945 KB       2 rows
. . exported "CSS_HCM"."KIEU_LD"                         25.73 KB     251 rows
. . exported "CSS_HCM"."KIEU_LD_LHTB"                    18.41 KB    1241 rows
. . exported "CSS_HCM"."KIEU_SD"                         9.046 KB      20 rows
. . exported "CSS_HCM"."KIEU_SO"                         7.976 KB       5 rows
. . exported "CSS_HCM"."KIEU_SO_DVVT"                    5.609 KB      10 rows
. . exported "CSS_HCM"."KIEU_TBI"                        5.507 KB       3 rows
. . exported "CSS_HCM"."KIEU_TT"                         6.382 KB       4 rows
. . exported "CSS_HCM"."KMTT_KIEULD"                     14.77 KB     674 rows
. . exported "CSS_HCM"."KM_KV"                           15.04 KB     951 rows
. . exported "CSS_HCM"."KM_LOAI_TBI"                     6.562 KB      10 rows
. . exported "CSS_HCM"."LICHSU"                          12.59 KB      49 rows
. . exported "CSS_HCM"."LICHSU_EPG_TMP"                  9.109 KB      10 rows
. . exported "CSS_HCM"."LOAIHINH_TB"                     10.50 KB      54 rows
. . exported "CSS_HCM"."LOAIHINH_TB_MAP_NEO"             7.890 KB      54 rows
. . exported "CSS_HCM"."LOAIKH_NEO"                      7.187 KB      10 rows
. . exported "CSS_HCM"."LOAITIEN"                        6.296 KB       1 rows
. . exported "CSS_HCM"."LOAITIENTRA_TC"                  6.070 KB       3 rows
. . exported "CSS_HCM"."LOAI_CARD"                       5.515 KB       5 rows
. . exported "CSS_HCM"."LOAI_DSLAM"                      6.062 KB      10 rows
. . exported "CSS_HCM"."LOAI_GT"                         7.046 KB       9 rows
. . exported "CSS_HCM"."LOAI_GT_NEO"                     10.71 KB      45 rows
. . exported "CSS_HCM"."LOAI_HD"                         7.804 KB      25 rows
. . exported "CSS_HCM"."LOAI_HOADON"                     7.617 KB      20 rows
. . exported "CSS_HCM"."LOAI_KENH"                       6.601 KB       7 rows
. . exported "CSS_HCM"."LOAI_KH"                         8.671 KB      13 rows
. . exported "CSS_HCM"."LOAI_KHL"                        8.773 KB       6 rows
. . exported "CSS_HCM"."LOAI_KHL_NEO"                    7.039 KB       8 rows
. . exported "CSS_HCM"."LOAI_KH_KHL"                     5.632 KB      13 rows
. . exported "CSS_HCM"."LOAI_KV"                         5.562 KB       3 rows
. . exported "CSS_HCM"."LOAI_MODEM"                      5.890 KB       2 rows
. . exported "CSS_HCM"."LOAI_PHIEUTRA"                   5.953 KB       4 rows
. . exported "CSS_HCM"."LOAI_SO"                         5.921 KB       3 rows
. . exported "CSS_HCM"."LOAI_TBI"                        21.42 KB     187 rows
. . exported "CSS_HCM"."LOAI_TBI_LHTB"                   9.335 KB     373 rows
. . exported "CSS_HCM"."LUONG_THAOTAC"                   19.92 KB    1052 rows
. . exported "CSS_HCM"."LYDOHUY"                         17.09 KB     150 rows
. . exported "CSS_HCM"."MA_FONTS"                        9.515 KB     256 rows
. . exported "CSS_HCM"."MA_GHEP"                         5.554 KB       4 rows
. . exported "CSS_HCM"."MUCCUOC"                         6.351 KB       2 rows
. . exported "CSS_HCM"."MUCCUOC_TB"                      17.33 KB     108 rows
. . exported "CSS_HCM"."MUCCUOC_TBCD"                    5.914 KB       2 rows
. . exported "CSS_HCM"."MUC_SD"                          7.460 KB       4 rows
. . exported "CSS_HCM"."NGANHANG"                        27.61 KB     266 rows
. . exported "CSS_HCM"."NGANHANG_NEO"                    28.21 KB     339 rows
. . exported "CSS_HCM"."NGANHNGHE"                       6.375 KB      14 rows
. . exported "CSS_HCM"."NGUON_KM"                        6.023 KB       4 rows
. . exported "CSS_HCM"."NHOMSO_CK"                       6.851 KB       4 rows
. . exported "CSS_HCM"."NHOM_DATCOC"                     6.023 KB       3 rows
. . exported "CSS_HCM"."NHOM_DSLAM"                      5.484 KB       2 rows
. . exported "CSS_HCM"."NHOM_KM"                         6.671 KB      12 rows
. . exported "CSS_HCM"."NHOM_KMAI"                       5.992 KB       3 rows
. . exported "CSS_HCM"."NHOM_PHO"                        5.546 KB       4 rows
. . exported "CSS_HCM"."NHOM_QT"                         5.554 KB       3 rows
. . exported "CSS_HCM"."NHOM_SO"                         6.054 KB       5 rows
. . exported "CSS_HCM"."NHOM_TBI"                        6.515 KB      16 rows
. . exported "CSS_HCM"."OPERATION_VDC"                   5.953 KB       3 rows
. . exported "CSS_HCM"."PE"                              5.468 KB       2 rows
. . exported "CSS_HCM"."PHANVUNG_DD"                     7.210 KB      71 rows
. . exported "CSS_HCM"."PHUONG"                          21.05 KB     372 rows
. . exported "CSS_HCM"."PROFILE_ADSL"                    11.43 KB      62 rows
. . exported "CSS_HCM"."QT_CHUDEKN"                      6.023 KB      48 rows
. . exported "CSS_HCM"."QUAN"                            10.49 KB      92 rows
. . exported "CSS_HCM"."QUANLY_MIG"                      6.085 KB      38 rows
. . exported "CSS_HCM"."QUANS_NEO"                       25.92 KB     724 rows
. . exported "CSS_HCM"."QUOCTICH"                        13.53 KB     205 rows
. . exported "CSS_HCM"."QUYTRINH_KCN"                    6.468 KB       4 rows
. . exported "CSS_HCM"."QUYTRINH_KIEULD"                 8.343 KB     268 rows
. . exported "CSS_HCM"."RACK"                            6.132 KB      26 rows
. . exported "CSS_HCM"."SERI_HD"                         6.289 KB      28 rows
. . exported "CSS_HCM"."SOTHICH"                         5.734 KB      14 rows
. . exported "CSS_HCM"."SO_AFAN"                         6.617 KB      18 rows
. . exported "CSS_HCM"."SQLN_EXPLAIN_PLAN"               17.80 KB      42 rows
. . exported "CSS_HCM"."SQL_TEMP"                        11.79 KB       5 rows
. . exported "CSS_HCM"."TBI_DAUCUOI"                     6.804 KB      21 rows
. . exported "CSS_HCM"."TB_HETHAN_TMP"                   10.38 KB       2 rows
. . exported "CSS_HCM"."TDTT_DB_CD"                      23.74 KB      28 rows
. . exported "CSS_HCM"."THANGTRA"                        5.906 KB       1 rows
. . exported "CSS_HCM"."THAOTAC"                         8.656 KB      42 rows
. . exported "CSS_HCM"."THAOTAC_CONTROL"                 8.242 KB      89 rows
. . exported "CSS_HCM"."THIETBI_IMS"                     5.976 KB       6 rows
. . exported "CSS_HCM"."THOIGIAN_THU"                    5.656 KB       7 rows
. . exported "CSS_HCM"."THOIHAN"                           5.5 KB       2 rows
. . exported "CSS_HCM"."THONGTIN_KH"                     5.554 KB       3 rows
. . exported "CSS_HCM"."THUNGAN_THIEU"                   40.25 KB     430 rows
. . exported "CSS_HCM"."TIEUCHI_CKG"                     5.554 KB       4 rows
. . exported "CSS_HCM"."TIEUNGANH_C1"                    7.390 KB      25 rows
. . exported "CSS_HCM"."TIEUNGANH_C2"                    9.679 KB      55 rows
. . exported "CSS_HCM"."TIEUNGANH_C3"                    38.56 KB     133 rows
. . exported "CSS_HCM"."TINH"                            8.320 KB      65 rows
. . exported "CSS_HCM"."TOCDO_ADSL"                      20.90 KB      98 rows
. . exported "CSS_HCM"."TOCDO_ADSL_CHUAN"                16.46 KB      75 rows
. . exported "CSS_HCM"."TOCDO_KENH"                      17.10 KB     208 rows
. . exported "CSS_HCM"."TOCDO_KENH_TMP"                  9.781 KB      12 rows
. . exported "CSS_HCM"."TRANGBI"                         5.578 KB       4 rows
. . exported "CSS_HCM"."TRANGTHAI_HD"                    6.164 KB      11 rows
. . exported "CSS_HCM"."TRANGTHAI_PH"                    5.945 KB       4 rows
. . exported "CSS_HCM"."TRANGTHAI_PORT"                  6.023 KB       6 rows
. . exported "CSS_HCM"."TRANGTHAI_SO"                    6.382 KB       5 rows
. . exported "CSS_HCM"."TRANGTHAI_TB"                    6.531 KB      10 rows
. . exported "CSS_HCM"."TRUNGTAM_VT_TOQL"                8.867 KB      11 rows
. . exported "CSS_HCM"."TT_CAPSO"                        5.929 KB       3 rows
. . exported "CSS_HCM"."TUYENTHU_PX_TMP_TMP"             7.851 KB      26 rows
. . exported "CSS_HCM"."VDC_ACTION_LIST"                 12.03 KB     120 rows
. . exported "CSS_HCM"."BAOCAO_LDM"                          0 KB       0 rows
. . exported "CSS_HCM"."BDDV_TMP"                            0 KB       0 rows
. . exported "CSS_HCM"."BDTB_DATCOC"                         0 KB       0 rows
. . exported "CSS_HCM"."BDTB_DD"                             0 KB       0 rows
. . exported "CSS_HCM"."BDTB_TMP"                            0 KB       0 rows
. . exported "CSS_HCM"."BD_GHEP_MATT"                        0 KB       0 rows
. . exported "CSS_HCM"."BD_USER"                             0 KB       0 rows
. . exported "CSS_HCM"."BGDOI_LTB_ADSL"                      0 KB       0 rows
. . exported "CSS_HCM"."BGDOI_TD_ADSL"                       0 KB       0 rows
. . exported "CSS_HCM"."BGDOI_TD_MGWAN"                      0 KB       0 rows
. . exported "CSS_HCM"."BIENDONG_DVGT_TEMP"                  0 KB       0 rows
. . exported "CSS_HCM"."BIENDONG_TB_TMP"                     0 KB       0 rows
. . exported "CSS_HCM"."CHIETKHAU_TT"                        0 KB       0 rows
. . exported "CSS_HCM"."CHITIETGOI_CD"                       0 KB       0 rows
. . exported "CSS_HCM"."CTKM_DVGT"                           0 KB       0 rows
. . exported "CSS_HCM"."DANGKY_GTH"                          0 KB       0 rows
. . exported "CSS_HCM"."DANGKY_QHKH"                         0 KB       0 rows
. . exported "CSS_HCM"."DBTT_USER"                           0 KB       0 rows
. . exported "CSS_HCM"."DB_DD"                               0 KB       0 rows
. . exported "CSS_HCM"."DB_MANG_KH"                          0 KB       0 rows
. . exported "CSS_HCM"."DB_USER"                             0 KB       0 rows
. . exported "CSS_HCM"."DONGBO_PORT"                         0 KB       0 rows
. . exported "CSS_HCM"."DSLAM_TRAMVT"                        0 KB       0 rows
. . exported "CSS_HCM"."DSSM_SAI_CUOCDV"                     0 KB       0 rows
. . exported "CSS_HCM"."DSSM_SAI_CUOCTB"                     0 KB       0 rows
. . exported "CSS_HCM"."DS_SAICUOC"                          0 KB       0 rows
. . exported "CSS_HCM"."GHEP_MATT"                           0 KB       0 rows
. . exported "CSS_HCM"."GIAOPHIEU_HD"                        0 KB       0 rows
. . exported "CSS_HCM"."GIAOPHIEU_KN"                        0 KB       0 rows
. . exported "CSS_HCM"."GOICUOC_CD"                          0 KB       0 rows
. . exported "CSS_HCM"."GOI_DADV_DVGT"                       0 KB       0 rows
. . exported "CSS_HCM"."GOI_DADV_TCDV"                       0 KB       0 rows
. . exported "CSS_HCM"."HDKH_TN"                             0 KB       0 rows
. . exported "CSS_HCM"."HDTB_DD"                             0 KB       0 rows
. . exported "CSS_HCM"."HDTB_INT"                            0 KB       0 rows
. . exported "CSS_HCM"."HDTT_USER"                           0 KB       0 rows
. . exported "CSS_HCM"."HD_USER"                             0 KB       0 rows
. . exported "CSS_HCM"."HOSO_BS"                             0 KB       0 rows
. . exported "CSS_HCM"."KHOI_CN_LDV"                         0 KB       0 rows
. . exported "CSS_HCM"."KHOSO_DD"                            0 KB       0 rows
. . exported "CSS_HCM"."KHOSO_TMP"                           0 KB       0 rows
. . exported "CSS_HCM"."KHUYENMAI_DBBS"                      0 KB       0 rows
. . exported "CSS_HCM"."KHUYENMAI_DKBS"                      0 KB       0 rows
. . exported "CSS_HCM"."KM_DVGT"                             0 KB       0 rows
. . exported "CSS_HCM"."KM_LKHL"                             0 KB       0 rows
. . exported "CSS_HCM"."LICHSU_EPG"                          0 KB       0 rows
. . exported "CSS_HCM"."LOAIHS_BS"                           0 KB       0 rows
. . exported "CSS_HCM"."LOAI_QHKH"                           0 KB       0 rows
. . exported "CSS_HCM"."LS_SUDUNG_TBI"                       0 KB       0 rows
. . exported "CSS_HCM"."LYDOTON_TC"                          0 KB       0 rows
. . exported "CSS_HCM"."MA_AP"                               0 KB       0 rows
. . exported "CSS_HCM"."MA_KHU"                              0 KB       0 rows
. . exported "CSS_HCM"."PHIEU_YEUCAU"                        0 KB       0 rows
. . exported "CSS_HCM"."PLSQL_PROFILER_RUNS"                 0 KB       0 rows
. . exported "CSS_HCM"."PLSQL_PROFILER_UNITS"                0 KB       0 rows
. . exported "CSS_HCM"."QUANLY_ACC_INT"                      0 KB       0 rows
. . exported "CSS_HCM"."QUANLY_ID_SYNC"                      0 KB       0 rows
. . exported "CSS_HCM"."QUYTRINH_LDV"                        0 KB       0 rows
. . exported "CSS_HCM"."SQLN_PROF_ANB"                       0 KB       0 rows
. . exported "CSS_HCM"."SQLN_PROF_PROFILES"                  0 KB       0 rows
. . exported "CSS_HCM"."SQLN_PROF_RUNS"                      0 KB       0 rows
. . exported "CSS_HCM"."SQLN_PROF_SESS"                      0 KB       0 rows
. . exported "CSS_HCM"."SQLN_PROF_UNITS"                     0 KB       0 rows
. . exported "CSS_HCM"."SQLN_PROF_UNIT_HASH"                 0 KB       0 rows
. . exported "CSS_HCM"."TB_UUDAI"                            0 KB       0 rows
. . exported "CSS_HCM"."TDTT_DB_MGWAN"                       0 KB       0 rows
. . exported "CSS_HCM"."TRUNG_SO_GT"                         0 KB       0 rows
. . exported "CSS_HCM"."TUYENTHU_TMP"                        0 KB       0 rows
Master table "SYSTEM"."SYS_EXPORT_SCHEMA_12" successfully loaded/unloaded
******************************************************************************
Dump file set for SYSTEM.SYS_EXPORT_SCHEMA_12 is:
  /u01/app/export_2015/dumpfile/css_hcm01.dmp
Job "SYSTEM"."SYS_EXPORT_SCHEMA_12" successfully completed at 14:45:58
