;;; 
Export: Release 11.2.0.2.0 - Production on Thu Aug 6 01:00:35 2015

Copyright (c) 1982, 2009, Oracle and/or its affiliates.  All rights reserved.
;;; 
Connected to: Oracle Database 11g Enterprise Edition Release 11.2.0.2.0 - 64bit Production
With the Partitioning, Real Application Clusters, Automatic Storage Management, OLAP,
Data Mining and Real Application Testing options
Starting "EXPDHSX"."SYS_EXPORT_TABLE_01":  /********@sxkd1 parfile=data_css_hcm.par 
Estimate in progress using BLOCKS method...
Processing object type TABLE_EXPORT/TABLE/TABLE_DATA
Total estimation using BLOCKS method: 545.5 MB
Processing object type TABLE_EXPORT/TABLE/TABLE
Processing object type TABLE_EXPORT/TABLE/GRANT/OWNER_GRANT/OBJECT_GRANT
Processing object type TABLE_EXPORT/TABLE/INDEX/INDEX
Processing object type TABLE_EXPORT/TABLE/CONSTRAINT/CONSTRAINT
Processing object type TABLE_EXPORT/TABLE/INDEX/STATISTICS/INDEX_STATISTICS
Processing object type TABLE_EXPORT/TABLE/COMMENT
Processing object type TABLE_EXPORT/TABLE/CONSTRAINT/REF_CONSTRAINT
Processing object type TABLE_EXPORT/TABLE/STATISTICS/TABLE_STATISTICS
. . exported "CSS_HCM"."KHOSO_CD"                        46.26 MB 1401889 rows
. . exported "CSS_HCM"."KHOSO_AO"                        21.28 MB  706088 rows
. . exported "CSS_HCM"."KHOSO_GP"                        5.336 MB  161696 rows
. . exported "CSS_HCM"."PORT_LHTB"                       46.14 MB 4007737 rows
. . exported "CSS_HCM"."PORT"                            32.43 MB  616904 rows
. . exported "CSS_HCM"."VCI_VPI"                         4.736 MB  106788 rows
. . exported "CSS_HCM"."DONVI_PX"                        2.990 MB  102196 rows
. . exported "CSS_HCM"."CT_KHUYENMAI"                    1.465 MB    2497 rows
. . exported "CSS_HCM"."PREFIX_LHTB"                     2.355 MB  176152 rows
. . exported "CSS_HCM"."KHUVUC_PX"                       892.1 KB   42375 rows
. . exported "CSS_HCM"."PREFIX"                          503.5 KB   20273 rows
. . exported "CSS_HCM"."DSLAM"                           554.2 KB    4615 rows
. . exported "CSS_HCM"."TUYENTHU_PX"                     322.5 KB   13095 rows
. . exported "CSS_HCM"."CTKM_LHTB"                       162.4 KB    9258 rows
. . exported "CSS_HCM"."KM_DT"                           178.5 KB   16184 rows
. . exported "CSS_HCM"."KM_LHTB"                         109.3 KB    6136 rows
. . exported "CSS_HCM"."MA_PHO"                          144.3 KB   11997 rows
. . exported "CSS_HCM"."CT_MUA_TBI"                      16.41 KB     234 rows
. . exported "CSS_HCM"."KM_GOI_DADV"                     8.562 KB     284 rows
. . exported "CSS_HCM"."KM_KLD"                          18.71 KB    1209 rows
. . exported "CSS_HCM"."KM_TRANGBI"                      16.74 KB    1048 rows
. . exported "CSS_HCM"."PHO"                             134.7 KB    3650 rows
. . exported "CSS_HCM"."TUYENTHU"                        75.49 KB     646 rows
. . exported "CSS_HCM"."BG_DOITUONG"                     24.63 KB    1874 rows
. . exported "CSS_HCM"."BG_TRANGBI"                      9.398 KB     384 rows
. . exported "CSS_HCM"."DSLAM_CARD"                      81.45 KB    4485 rows
. . exported "CSS_HCM"."DSLAM_RACK"                      46.62 KB    3846 rows
. . exported "CSS_HCM"."KM_LHTB_KEM"                     10.08 KB     225 rows
. . exported "CSS_HCM"."BANGGIA"                         18.75 KB      98 rows
. . exported "CSS_HCM"."BG_KIEULD"                       8.164 KB     251 rows
. . exported "CSS_HCM"."BG_LHTB"                         32.35 KB    1646 rows
. . exported "CSS_HCM"."BG_TBI_DC"                       9.312 KB     371 rows
. . exported "CSS_HCM"."BG_TRATRUOC"                     7.515 KB      11 rows
. . exported "CSS_HCM"."BRAS"                            7.070 KB      19 rows
. . exported "CSS_HCM"."CTKM_DVGT"                       10.18 KB      34 rows
. . exported "CSS_HCM"."CTKM_LOAI_TBI"                   11.25 KB      99 rows
. . exported "CSS_HCM"."DACDIEM"                         7.804 KB     123 rows
. . exported "CSS_HCM"."DACDIEM_DD"                      16.38 KB     755 rows
. . exported "CSS_HCM"."KHUVUC"                          8.281 KB      37 rows
. . exported "CSS_HCM"."KHUVUC_LKV"                      6.164 KB      68 rows
. . exported "CSS_HCM"."KMTT_KIEULD"                     14.85 KB     692 rows
. . exported "CSS_HCM"."KM_KV"                           16.00 KB    1044 rows
. . exported "CSS_HCM"."KM_LOAI_TBI"                     6.562 KB      10 rows
. . exported "CSS_HCM"."PHUONG"                          21.05 KB     372 rows
. . exported "CSS_HCM"."QUAN"                            10.49 KB      92 rows
. . exported "CSS_HCM"."RACK"                            6.273 KB      39 rows
. . exported "CSS_HCM"."TOCDO_ADSL"                      20.71 KB      98 rows
. . exported "CSS_HCM"."TOCDO_KENH"                      19.27 KB     226 rows
. . exported "CSS_HCM"."DSLAM_TRAMVT"                        0 KB       0 rows
. . exported "CSS_HCM"."KHOSO_DD"                            0 KB       0 rows
. . exported "CSS_HCM"."KM_DVGT"                             0 KB       0 rows
. . exported "CSS_HCM"."KM_LKHL"                             0 KB       0 rows
ORA-39166: Object EXPDHSX.{ was not found.
ORA-39166: Object EXPDHSX.} was not found.
Master table "EXPDHSX"."SYS_EXPORT_TABLE_01" successfully loaded/unloaded
******************************************************************************
Dump file set for EXPDHSX.SYS_EXPORT_TABLE_01 is:
  /u01/app/export_2015/dumpfile/css_hcm01.dmp
Job "EXPDHSX"."SYS_EXPORT_TABLE_01" completed with 2 error(s) at 01:00:44
