;;; 
Export: Release 11.2.0.2.0 - Production on Mon Jul 13 01:00:33 2015

Copyright (c) 1982, 2009, Oracle and/or its affiliates.  All rights reserved.
;;; 
Connected to: Oracle Database 11g Enterprise Edition Release 11.2.0.2.0 - 64bit Production
With the Partitioning, Real Application Clusters, Automatic Storage Management, OLAP,
Data Mining and Real Application Testing options
Starting "EXPDHSX"."SYS_EXPORT_TABLE_01":  /********@sxkd1 parfile=data_css_hcm.par 
Estimate in progress using BLOCKS method...
Processing object type TABLE_EXPORT/TABLE/TABLE_DATA
Total estimation using BLOCKS method: 609.0 MB
Processing object type TABLE_EXPORT/TABLE/TABLE
Processing object type TABLE_EXPORT/TABLE/GRANT/OWNER_GRANT/OBJECT_GRANT
Processing object type TABLE_EXPORT/TABLE/INDEX/INDEX
Processing object type TABLE_EXPORT/TABLE/CONSTRAINT/CONSTRAINT
Processing object type TABLE_EXPORT/TABLE/INDEX/STATISTICS/INDEX_STATISTICS
Processing object type TABLE_EXPORT/TABLE/COMMENT
Processing object type TABLE_EXPORT/TABLE/CONSTRAINT/REF_CONSTRAINT
Processing object type TABLE_EXPORT/TABLE/STATISTICS/TABLE_STATISTICS
. . exported "CSS_HCM"."KHOSO_CD"                        46.26 MB 1401889 rows
. . exported "CSS_HCM"."KHOSO_AO"                        21.28 MB  706088 rows
. . exported "CSS_HCM"."PORT_LHTB"                       72.04 MB 6309226 rows
. . exported "CSS_HCM"."KHOSO_GP"                        5.335 MB  161696 rows
. . exported "CSS_HCM"."PORT"                            26.49 MB  509568 rows
. . exported "CSS_HCM"."VCI_VPI"                         4.785 MB  107796 rows
. . exported "CSS_HCM"."DONVI_PX"                        3.384 MB  115886 rows
. . exported "CSS_HCM"."CT_KHUYENMAI"                    1.523 MB    2640 rows
. . exported "CSS_HCM"."PREFIX_LHTB"                     2.358 MB  176310 rows
. . exported "CSS_HCM"."KHUVUC_PX"                       892.1 KB   42375 rows
. . exported "CSS_HCM"."PREFIX"                          425.0 KB   20283 rows
. . exported "CSS_HCM"."TUYENTHU_PX"                     322.5 KB   13095 rows
. . exported "CSS_HCM"."CTKM_LHTB"                       164.9 KB    9391 rows
. . exported "CSS_HCM"."DSLAM"                           214.1 KB    1935 rows
. . exported "CSS_HCM"."KM_DT"                           188.1 KB   17074 rows
. . exported "CSS_HCM"."KM_LHTB"                         113.3 KB    6359 rows
. . exported "CSS_HCM"."MA_PHO"                          144.3 KB   11997 rows
. . exported "CSS_HCM"."CT_MUA_TBI"                      13.58 KB     152 rows
. . exported "CSS_HCM"."KM_GOI_DADV"                         9 KB     325 rows
. . exported "CSS_HCM"."KM_KLD"                          16.60 KB    1018 rows
. . exported "CSS_HCM"."KM_TRANGBI"                      15.44 KB     927 rows
. . exported "CSS_HCM"."PHO"                             134.7 KB    3650 rows
. . exported "CSS_HCM"."TUYENTHU"                        75.49 KB     646 rows
. . exported "CSS_HCM"."BG_DOITUONG"                     24.24 KB    1837 rows
. . exported "CSS_HCM"."BG_TRANGBI"                      9.390 KB     384 rows
. . exported "CSS_HCM"."DSLAM_CARD"                      37.88 KB    1847 rows
. . exported "CSS_HCM"."DSLAM_RACK"                      49.25 KB    4093 rows
. . exported "CSS_HCM"."KM_LHTB_KEM"                     10.32 KB     239 rows
. . exported "CSS_HCM"."BANGGIA"                         18.85 KB      99 rows
. . exported "CSS_HCM"."BG_KIEULD"                       8.468 KB     278 rows
. . exported "CSS_HCM"."BG_LHTB"                         29.39 KB    1468 rows
. . exported "CSS_HCM"."BG_TBI_DC"                       8.656 KB     306 rows
. . exported "CSS_HCM"."BG_TRATRUOC"                     7.515 KB      11 rows
. . exported "CSS_HCM"."BRAS"                            6.390 KB      20 rows
. . exported "CSS_HCM"."CTKM_LOAI_TBI"                   11.13 KB      93 rows
. . exported "CSS_HCM"."DACDIEM"                         7.804 KB     123 rows
. . exported "CSS_HCM"."DACDIEM_DD"                      16.38 KB     755 rows
. . exported "CSS_HCM"."KHUVUC"                          8.281 KB      37 rows
. . exported "CSS_HCM"."KHUVUC_LKV"                      6.164 KB      68 rows
. . exported "CSS_HCM"."KMTT_KIEULD"                     14.77 KB     674 rows
. . exported "CSS_HCM"."KM_KV"                           15.25 KB     975 rows
. . exported "CSS_HCM"."KM_LOAI_TBI"                     6.562 KB      10 rows
. . exported "CSS_HCM"."PHUONG"                          21.05 KB     372 rows
. . exported "CSS_HCM"."QUAN"                            10.49 KB      92 rows
. . exported "CSS_HCM"."RACK"                            6.132 KB      26 rows
. . exported "CSS_HCM"."TOCDO_ADSL"                      20.90 KB      98 rows
. . exported "CSS_HCM"."TOCDO_KENH"                      18.72 KB     208 rows
. . exported "CSS_HCM"."CTKM_DVGT"                           0 KB       0 rows
. . exported "CSS_HCM"."DSLAM_TRAMVT"                        0 KB       0 rows
. . exported "CSS_HCM"."KHOSO_DD"                            0 KB       0 rows
. . exported "CSS_HCM"."KM_DVGT"                             0 KB       0 rows
. . exported "CSS_HCM"."KM_LKHL"                             0 KB       0 rows
ORA-39166: Object EXPDHSX.{ was not found.
ORA-39166: Object EXPDHSX.} was not found.
Master table "EXPDHSX"."SYS_EXPORT_TABLE_01" successfully loaded/unloaded
******************************************************************************
Dump file set for EXPDHSX.SYS_EXPORT_TABLE_01 is:
  /u01/app/export_2015/dumpfile/css_hcm01.dmp
Job "EXPDHSX"."SYS_EXPORT_TABLE_01" completed with 2 error(s) at 01:00:42
