TO REVIEW COLLECTED DATA FROM DM01DB02 - CCBS DATABASE - VKTM PRIORITY 



F S UID        PID  PPID  C PRI  NI ADDR SZ WCHAN  STIME TTY          TIME CMD
0 S oracle    6378     1  0  75   0 - 10544350 ?   10:29 ?        00:00:00 ora_w002_ccbs2
0 S oracle    6483     1  0  75   0 - 10545376 ?   10:55 ?        00:00:00 ora_p000_ccbs2
0 S oracle    6485     1  0  75   0 - 10545377 ?   10:55 ?        00:00:00 ora_p001_ccbs2
0 S oracle    6487     1  0  75   0 - 10545374 ?   10:55 ?        00:00:00 ora_p002_ccbs2
0 S oracle    6489     1  0  75   0 - 10545375 ?   10:55 ?        00:00:00 ora_p003_ccbs2
0 S oracle    6491     1  0  75   0 - 10545376 ?   10:55 ?        00:00:00 ora_p004_ccbs2
0 S oracle    6493     1  0  75   0 - 10545374 ?   10:55 ?        00:00:00 ora_p005_ccbs2
0 S oracle    6495     1  0  75   0 - 10545377 ?   10:55 ?        00:00:00 ora_p006_ccbs2
0 S oracle    6497     1  0  75   0 - 10545378 ?   10:55 ?        00:00:00 ora_p007_ccbs2
0 S oracle    6499     1  0  75   0 - 10545377 ?   10:55 ?        00:00:00 ora_p008_ccbs2
0 S oracle    6553     1  0  75   0 - 10545374 ?   10:55 ?        00:00:00 ora_p009_ccbs2
0 S oracle    6578     1  0  75   0 - 10545375 ?   10:55 ?        00:00:00 ora_p010_ccbs2
0 S oracle    6580     1  0  75   0 - 10545379 ?   10:55 ?        00:00:00 ora_p011_ccbs2
0 S oracle    6582     1  0  75   0 - 10545374 ?   10:55 ?        00:00:00 ora_p012_ccbs2
0 S oracle    6585     1  0  75   0 - 10545377 ?   10:55 ?        00:00:00 ora_p013_ccbs2
0 S oracle    6587     1  0  75   0 - 10545374 ?   10:55 ?        00:00:00 ora_p014_ccbs2
0 S oracle    6589     1  0  75   0 - 10545376 ?   10:55 ?        00:00:00 ora_p015_ccbs2
0 S oracle    6591     1  0  75   0 - 10545376 ?   10:55 ?        00:00:00 ora_p016_ccbs2
0 S oracle    6593     1  0  75   0 - 10545374 ?   10:55 ?        00:00:00 ora_p017_ccbs2
0 S oracle    6595     1  0  75   0 - 10545676 ?   10:55 ?        00:00:00 ora_p018_ccbs2
0 S oracle    6597     1  0  75   0 - 10545378 ?   10:55 ?        00:00:00 ora_p019_ccbs2
0 S oracle    6599     1  0  75   0 - 10545377 ?   10:55 ?        00:00:00 ora_p020_ccbs2
0 S oracle    6601     1  0  75   0 - 10545378 ?   10:55 ?        00:00:00 ora_p021_ccbs2
0 S oracle    6603     1  0  75   0 - 10545374 ?   10:55 ?        00:00:00 ora_p022_ccbs2
0 S oracle    6609     1  0  75   0 - 10545378 ?   10:55 ?        00:00:00 ora_p023_ccbs2
0 S oracle    6612     1  0  75   0 - 10545374 ?   10:55 ?        00:00:00 ora_p024_ccbs2
0 S oracle    6614     1  0  75   0 - 10545674 ?   10:55 ?        00:00:00 ora_p025_ccbs2
0 S oracle    6616     1  0  75   0 - 10545378 ?   10:55 ?        00:00:00 ora_p026_ccbs2
0 S oracle    6618     1  0  75   0 - 10545374 ?   10:55 ?        00:00:00 ora_p027_ccbs2
0 S oracle    6620     1  0  75   0 - 10545676 ?   10:55 ?        00:00:00 ora_p028_ccbs2
0 S oracle    6622     1  0  75   0 - 10545374 ?   10:55 ?        00:00:00 ora_p029_ccbs2
0 S oracle    6624     1  0  75   0 - 10545376 ?   10:55 ?        00:00:00 ora_p030_ccbs2
0 S oracle    6627     1  0  75   0 - 10545376 ?   10:55 ?        00:00:00 ora_p031_ccbs2
0 S oracle    6629     1  0  75   0 - 10545375 ?   10:55 ?        00:00:00 ora_p032_ccbs2
0 S oracle    6631     1  0  75   0 - 10545374 ?   10:55 ?        00:00:00 ora_p033_ccbs2
0 S oracle    6643     1  0  75   0 - 10545378 ?   10:55 ?        00:00:00 ora_p034_ccbs2
0 S oracle    6647     1  0  75   0 - 10545374 ?   10:55 ?        00:00:00 ora_p035_ccbs2
0 S oracle    6649     1  0  75   0 - 10545379 ?   10:55 ?        00:00:00 ora_p036_ccbs2
0 S oracle    6651     1  0  75   0 - 10545374 ?   10:55 ?        00:00:00 ora_p037_ccbs2
0 S oracle    6653     1  0  75   0 - 10545374 ?   10:55 ?        00:00:00 ora_p038_ccbs2
0 S oracle    6655     1  0  75   0 - 10545377 ?   10:55 ?        00:00:00 ora_p039_ccbs2
0 S oracle    6657     1  0  75   0 - 10545377 ?   10:55 ?        00:00:00 ora_p040_ccbs2
0 S oracle    6659     1  0  75   0 - 10545374 ?   10:55 ?        00:00:00 ora_p041_ccbs2
0 S oracle    6661     1  0  75   0 - 10545376 ?   10:55 ?        00:00:00 ora_p042_ccbs2
0 S oracle    6663     1  0  75   0 - 10545377 ?   10:55 ?        00:00:00 ora_p043_ccbs2
0 S oracle    6665     1  0  75   0 - 10545678 ?   10:55 ?        00:00:00 ora_p044_ccbs2
0 S oracle    6667     1  0  75   0 - 10545379 ?   10:55 ?        00:00:00 ora_p045_ccbs2
0 S oracle    6669     1  0  75   0 - 10545379 ?   10:55 ?        00:00:00 ora_p046_ccbs2
0 S oracle    6671     1  0  75   0 - 10545376 ?   10:55 ?        00:00:00 ora_p047_ccbs2
0 S oracle    6693     1  0  75   0 - 10546144 ?   10:55 ?        00:00:01 ora_p048_ccbs2
0 S oracle    6695     1  0  75   0 - 10546401 ?   10:55 ?        00:00:01 ora_p049_ccbs2
0 S oracle    6698     1  0  75   0 - 10546144 ?   10:55 ?        00:00:00 ora_p050_ccbs2
0 S oracle    6701     1  0  75   0 - 10546400 ?   10:55 ?        00:00:00 ora_p051_ccbs2
0 S oracle    6703     1  0  75   0 - 10546144 ?   10:55 ?        00:00:00 ora_p052_ccbs2
0 S oracle    6705     1  0  75   0 - 10546400 ?   10:55 ?        00:00:00 ora_p053_ccbs2
0 S oracle    6707     1  0  75   0 - 10546148 ?   10:55 ?        00:00:00 ora_p054_ccbs2
0 S oracle    6709     1  0  75   0 - 10546145 ?   10:55 ?        00:00:01 ora_p055_ccbs2
0 S oracle    6711     1  0  75   0 - 10546148 ?   10:55 ?        00:00:00 ora_p056_ccbs2
0 S oracle    6714     1  0  75   0 - 10546144 ?   10:55 ?        00:00:00 ora_p057_ccbs2
0 S oracle    6716     1  0  75   0 - 10546144 ?   10:55 ?        00:00:00 ora_p058_ccbs2
0 S oracle    6718     1  0  75   0 - 10546145 ?   10:55 ?        00:00:00 ora_p059_ccbs2
0 S oracle    6721     1  0  75   0 - 10546144 ?   10:55 ?        00:00:00 ora_p060_ccbs2
0 S oracle    6799     1  0  75   0 - 10546444 ?   10:55 ?        00:00:00 ora_p061_ccbs2
0 S oracle    6801     1  0  75   0 - 10546144 ?   10:55 ?        00:00:00 ora_p062_ccbs2
0 S oracle    6803     1  0  75   0 - 10546144 ?   10:55 ?        00:00:00 ora_p063_ccbs2
0 S oracle    6806     1  0  75   0 - 10546144 ?   10:55 ?        00:00:00 ora_p064_ccbs2
0 S oracle    6808     1  0  75   0 - 10546147 ?   10:55 ?        00:00:01 ora_p065_ccbs2
0 S oracle    6810     1  0  75   0 - 10546145 ?   10:55 ?        00:00:00 ora_p066_ccbs2
0 S oracle    6851     1  0  75   0 - 10546144 ?   10:55 ?        00:00:00 ora_p067_ccbs2
0 S oracle    6853     1  0  75   0 - 10546144 ?   10:55 ?        00:00:00 ora_p068_ccbs2
0 S oracle    6859     1  0  75   0 - 10546149 ?   10:55 ?        00:00:00 ora_p069_ccbs2
0 S oracle    6861     1  0  75   0 - 10546144 ?   10:55 ?        00:00:00 ora_p070_ccbs2
0 S oracle    6863     1  0  75   0 - 10546148 ?   10:55 ?        00:00:01 ora_p071_ccbs2
0 S oracle    6865     1  0  75   0 - 10546148 ?   10:55 ?        00:00:00 ora_p072_ccbs2
0 S oracle    6867     1  0  75   0 - 10546148 ?   10:55 ?        00:00:00 ora_p073_ccbs2
0 S oracle    6869     1  0  75   0 - 10546144 ?   10:55 ?        00:00:00 ora_p074_ccbs2
0 S oracle    6871     1  0  75   0 - 10546144 ?   10:55 ?        00:00:00 ora_p075_ccbs2
0 S oracle    6873     1  0  75   0 - 10546144 ?   10:55 ?        00:00:00 ora_p076_ccbs2
0 S oracle    6875     1  0  75   0 - 10546444 ?   10:55 ?        00:00:01 ora_p077_ccbs2
0 S oracle    6877     1  0  75   0 - 10546145 ?   10:55 ?        00:00:00 ora_p078_ccbs2
0 S oracle    6879     1  0  75   0 - 10546144 ?   10:55 ?        00:00:00 ora_p079_ccbs2
0 S oracle    6881     1  0  75   0 - 10546144 ?   10:55 ?        00:00:01 ora_p080_ccbs2
0 S oracle    6883     1  0  75   0 - 10546144 ?   10:55 ?        00:00:00 ora_p081_ccbs2
0 S oracle    6885     1  0  75   0 - 10546145 ?   10:55 ?        00:00:00 ora_p082_ccbs2
0 S oracle    6888     1  0  75   0 - 10546144 ?   10:55 ?        00:00:00 ora_p083_ccbs2
0 S oracle    6890     1  0  75   0 - 10546149 ?   10:55 ?        00:00:01 ora_p084_ccbs2
0 S oracle    6893     1  0  75   0 - 10546144 ?   10:55 ?        00:00:00 ora_p085_ccbs2
0 S oracle    6895     1  0  75   0 - 10546400 ?   10:55 ?        00:00:00 ora_p086_ccbs2
0 S oracle    6897     1  0  75   0 - 10546400 ?   10:55 ?        00:00:00 ora_p087_ccbs2
0 S oracle    6899     1  0  75   0 - 10546145 ?   10:55 ?        00:00:00 ora_p088_ccbs2
0 S oracle    6901     1  0  75   0 - 10546147 ?   10:55 ?        00:00:00 ora_p089_ccbs2
0 S oracle    6903     1  0  75   0 - 10546153 ?   10:55 ?        00:00:01 ora_p090_ccbs2
0 S oracle    6905     1  0  75   0 - 10546144 ?   10:55 ?        00:00:01 ora_p091_ccbs2
0 S oracle    6907     1  0  75   0 - 10546144 ?   10:55 ?        00:00:00 ora_p092_ccbs2
0 S oracle    6909     1  0  75   0 - 10546152 ?   10:55 ?        00:00:00 ora_p093_ccbs2
0 S oracle    6911     1  0  75   0 - 10546404 ?   10:55 ?        00:00:01 ora_p094_ccbs2
0 S oracle    6913     1  0  75   0 - 10546145 ?   10:56 ?        00:00:01 ora_p095_ccbs2
0 S oracle   15030     1  0  75   0 - 10544890 ?   Sep06 ?        00:00:07 ora_pmon_ccbs2
0 S oracle   15032     1  0  75   0 - 10544336 ?   Sep06 ?        00:00:05 ora_psp0_ccbs2
0 S oracle   15044     1  0  58   - - 10544222 ?   Sep06 ?        00:00:00 ora_vktm_ccbs2
0 S oracle   15048     1  0  75   0 - 10544570 ?   Sep06 ?        00:00:00 ora_gen0_ccbs2
0 S oracle   15050     1  0  75   0 - 10545760 ?   Sep06 ?        00:00:00 ora_diag_ccbs2
0 S oracle   15052     1  0  75   0 - 10544738 ?   Sep06 ?        00:00:00 ora_dbrm_ccbs2
0 S oracle   15054     1  0  75   0 - 10544222 ?   Sep06 ?        00:00:01 ora_ping_ccbs2
0 S oracle   15056     1  0  78   0 - 10544222 ?   Sep06 ?        00:00:00 ora_acms_ccbs2
0 S oracle   15058     1  0  75   0 - 10544444 ?   Sep06 ?        00:00:12 ora_dskm_ccbs2
0 S oracle   15060     1  0  75   0 - 10548080 ?   Sep06 ?        00:09:30 ora_dia0_ccbs2
0 S oracle   15062     1  0  75   0 - 10547353 ?   Sep06 ?        00:02:48 ora_lmon_ccbs2
0 S oracle   15064     1  0  75   0 - 10548298 ?   Sep06 ?        00:00:54 ora_lmd0_ccbs2
0 S oracle   15067     1  0  58   - - 10548062 ?   Sep06 ?        00:20:19 ora_lms0_ccbs2
0 S oracle   15071     1  0  58   - - 10548062 ?   Sep06 ?        00:20:00 ora_lms1_ccbs2
0 S oracle   15075     1  0  75   0 - 10544776 ?   Sep06 ?        00:00:00 ora_rms0_ccbs2
0 S oracle   15077     1  0  75   0 - 10544368 ?   Sep06 ?        00:00:00 ora_lmhb_ccbs2
0 S oracle   15079     1  0  75   0 - 10544222 ?   Sep06 ?        00:00:03 ora_mman_ccbs2
0 S oracle   15081     1  0  75   0 - 10551708 ?   Sep06 ?        00:01:58 ora_dbw0_ccbs2
0 S oracle   15083     1  0  75   0 - 10549703 ?   Sep06 ?        00:02:11 ora_dbw1_ccbs2
0 S oracle   15085     1  0  75   0 - 10550758 ?   Sep06 ?        00:01:47 ora_dbw2_ccbs2
0 S oracle   15087     1  0  75   0 - 10550628 ?   Sep06 ?        00:33:28 ora_lgwr_ccbs2
0 S oracle   15089     1  0  76   0 - 10547276 ?   Sep06 ?        00:02:25 ora_ckpt_ccbs2
0 S oracle   15091     1  0  75   0 - 10546160 ?   Sep06 ?        00:06:21 ora_smon_ccbs2
0 S oracle   15093     1  0  75   0 - 10544981 ?   Sep06 ?        00:00:00 ora_reco_ccbs2
0 S oracle   15095     1  0  75   0 - 10544499 ?   Sep06 ?        00:00:00 ora_rbal_ccbs2
0 S oracle   15097     1  0  78   0 - 10544699 pipe_w Sep06 ?     00:00:10 ora_asmb_ccbs2
0 S oracle   15099     1  0  75   0 - 10546469 ?   Sep06 ?        00:00:17 ora_mmon_ccbs2
0 S oracle   15101     1  0  75   0 - 10544656 ?   Sep06 ?        00:00:50 ora_mmnl_ccbs2
0 S oracle   15103     1  0  75   0 - 124002 ?     Sep06 ?        00:00:00 oracle+ASM2_asmb_ccbs2 (DESCRIPTION=(LOCAL=YES)(ADDRESS=(PROTOCOL=beq)))
0 S oracle   15105     1  0  75   0 - 10546163 ?   Sep06 ?        00:00:00 ora_mark_ccbs2
0 S oracle   15111     1  0  75   0 - 10545520 ?   Sep06 ?        00:00:46 ora_lck0_ccbs2
0 S oracle   15113     1  0  75   0 - 10545726 ?   Sep06 ?        00:00:00 ora_rsmn_ccbs2
0 S oracle   15319     1  0  75   0 - 10568886 ?   Sep06 ?        00:00:03 ora_arc0_ccbs2
0 S oracle   15377     1  0  75   0 - 10568886 ?   Sep06 ?        00:00:03 ora_arc1_ccbs2
0 S oracle   15379     1  0  75   0 - 10568913 ?   Sep06 ?        00:00:04 ora_arc2_ccbs2
0 S oracle   15381     1  0  75   0 - 10556447 ?   Sep06 ?        00:00:07 ora_arc3_ccbs2
0 S oracle   15383     1  0  75   0 - 10568909 ?   Sep06 ?        00:00:04 ora_arc4_ccbs2
0 S oracle   15385     1  0  75   0 - 10568888 ?   Sep06 ?        00:00:05 ora_arc5_ccbs2
0 S oracle   15387     1  0  75   0 - 10568888 ?   Sep06 ?        00:00:04 ora_arc6_ccbs2
0 S oracle   15389     1  0  75   0 - 10568899 ?   Sep06 ?        00:00:04 ora_arc7_ccbs2
0 S oracle   15391     1  0  75   0 - 10568893 ?   Sep06 ?        00:00:04 ora_arc8_ccbs2
0 S oracle   15393     1  0  75   0 - 10568881 ?   Sep06 ?        00:00:04 ora_arc9_ccbs2
0 S oracle   15395     1  0  75   0 - 10568891 ?   Sep06 ?        00:00:03 ora_arca_ccbs2
0 S oracle   15397     1  0  75   0 - 10568913 ?   Sep06 ?        00:00:04 ora_arcb_ccbs2
0 S oracle   15399     1  0  75   0 - 10568888 ?   Sep06 ?        00:00:05 ora_arcc_ccbs2
0 S oracle   15401     1  0  75   0 - 10568892 ?   Sep06 ?        00:00:04 ora_arcd_ccbs2
0 S oracle   15403     1  0  75   0 - 10568889 ?   Sep06 ?        00:00:04 ora_arce_ccbs2
0 S oracle   15405     1  0  75   0 - 10568887 ?   Sep06 ?        00:00:04 ora_arcf_ccbs2
0 S oracle   15407     1  0  75   0 - 10568891 ?   Sep06 ?        00:00:04 ora_arcg_ccbs2
0 S oracle   15409     1  0  75   0 - 10568904 ?   Sep06 ?        00:00:03 ora_arch_ccbs2
0 S oracle   15411     1  0  75   0 - 10568892 ?   Sep06 ?        00:00:03 ora_arci_ccbs2
0 S oracle   15413     1  0  75   0 - 10568888 ?   Sep06 ?        00:00:02 ora_arcj_ccbs2
0 S oracle   15415     1  0  75   0 - 10568887 ?   Sep06 ?        00:00:02 ora_arck_ccbs2
0 S oracle   15417     1  0  75   0 - 10568891 ?   Sep06 ?        00:00:02 ora_arcl_ccbs2
0 S oracle   15419     1  0  75   0 - 10568896 ?   Sep06 ?        00:00:02 ora_arcm_ccbs2
0 S oracle   15421     1  0  75   0 - 10568888 ?   Sep06 ?        00:00:02 ora_arcn_ccbs2
0 S oracle   15423     1  0  75   0 - 10568893 ?   Sep06 ?        00:00:03 ora_arco_ccbs2
0 S oracle   15425     1  0  75   0 - 10568906 ?   Sep06 ?        00:00:03 ora_arcp_ccbs2
0 S oracle   15427     1  0  75   0 - 10568891 ?   Sep06 ?        00:00:04 ora_arcq_ccbs2
0 S oracle   15429     1  0  75   0 - 10568893 ?   Sep06 ?        00:00:03 ora_arcr_ccbs2
0 S oracle   15431     1  0  75   0 - 10568891 ?   Sep06 ?        00:00:04 ora_arcs_ccbs2
0 S oracle   15433     1  0  75   0 - 10568887 ?   Sep06 ?        00:00:02 ora_arct_ccbs2
0 S oracle   15492     1  0  75   0 - 10544222 ?   Sep06 ?        00:00:00 ora_gtx0_ccbs2
0 S oracle   15494     1  0  75   0 - 10544229 ?   Sep06 ?        00:00:00 ora_rcbg_ccbs2
0 S oracle   15502     1  0  75   0 - 10544222 ?   Sep06 ?        00:00:00 ora_qmnc_ccbs2
0 S oracle   15534     1  0  75   0 - 10547078 ?   Sep06 ?        00:00:15 ora_cjq0_ccbs2
0 S oracle   15627     1  0  75   0 - 10546103 ?   Sep06 ?        00:00:04 ora_q001_ccbs2
0 S oracle   16368     1  0  75   0 - 10545139 ?   10:40 ?        00:00:00 ora_pz99_ccbs2
0 S oracle   20359     1  0  75   0 - 10544222 ?   Sep06 ?        00:00:00 ora_smco_ccbs2
0 S oracle   20489     1  0  75   0 - 10544572 ?   07:30 ?        00:00:00 ora_o000_ccbs2
0 S oracle   20491     1  0  76   0 - 124437 pipe_w 07:30 ?       00:00:00 oracle+ASM2_o000_ccbs2 (DESCRIPTION=(LOCAL=YES)(ADDRESS=(PROTOCOL=beq)))
0 S oracle   22896     1  0  78   0 - 10544221 ?   09:33 ?        00:00:00 ora_q002_ccbs2
TO REVIEW COLLECTED DATA FROM DM01DB02 - FSDB DATABASE - VKTM PRIORITY 



F S UID        PID  PPID  C PRI  NI ADDR SZ WCHAN  STIME TTY          TIME CMD
0 S oracle    7434     1  0  78   0 - 2159135 ?    10:56 ?        00:00:00 ora_w000_fsdb2
0 S oracle    9611     1  0  75   0 - 2159266 ?    Sep08 ?        00:00:00 ora_q002_fsdb2
0 S oracle   10912     1  0  75   0 - 2160027 ?    10:34 ?        00:00:00 ora_pz99_fsdb2
0 S oracle   12682     1  0  75   0 - 2159803 ?    Sep06 ?        00:00:01 ora_pmon_fsdb2
0 S oracle   12684     1  0  75   0 - 2159249 ?    Sep06 ?        00:00:04 ora_psp0_fsdb2
0 S oracle   12750     1  0  58   - - 2159135 ?    Sep06 ?        00:00:00 ora_vktm_fsdb2
0 S oracle   12754     1  0  75   0 - 2159483 ?    Sep06 ?        00:00:00 ora_gen0_fsdb2
0 S oracle   12757     1  0  75   0 - 2160673 ?    Sep06 ?        00:00:00 ora_diag_fsdb2
0 S oracle   12760     1  0  75   0 - 2159664 ?    Sep06 ?        00:00:00 ora_dbrm_fsdb2
0 S oracle   12762     1  0  75   0 - 2159135 ?    Sep06 ?        00:00:02 ora_ping_fsdb2
0 S oracle   12764     1  0  75   0 - 2159135 ?    Sep06 ?        00:00:00 ora_acms_fsdb2
0 S oracle   12766     1  0  75   0 - 2159357 ?    Sep06 ?        00:00:00 ora_dskm_fsdb2
0 S oracle   12768     1  0  75   0 - 2161969 ?    Sep06 ?        00:04:42 ora_dia0_fsdb2
0 S oracle   12770     1  0  75   0 - 2162266 ?    Sep06 ?        00:02:14 ora_lmon_fsdb2
0 S oracle   12772     1  0  75   0 - 2163147 ?    Sep06 ?        00:00:25 ora_lmd0_fsdb2
0 S oracle   12775     1  0  58   - - 2162847 ?    Sep06 ?        00:00:06 ora_lms0_fsdb2
0 S oracle   12779     1  0  58   - - 2162847 ?    Sep06 ?        00:00:08 ora_lms1_fsdb2
0 S oracle   12783     1  0  75   0 - 2159651 ?    Sep06 ?        00:00:00 ora_rms0_fsdb2
0 S oracle   12785     1  0  75   0 - 2159281 ?    Sep06 ?        00:00:00 ora_lmhb_fsdb2
0 S oracle   12787     1  0  75   0 - 2159135 ?    Sep06 ?        00:00:00 ora_mman_fsdb2
0 S oracle   12789     1  0  75   0 - 2162758 ?    Sep06 ?        00:00:06 ora_dbw0_fsdb2
0 S oracle   12791     1  0  75   0 - 2162562 ?    Sep06 ?        00:00:05 ora_dbw1_fsdb2
0 S oracle   12793     1  0  75   0 - 2162556 ?    Sep06 ?        00:00:05 ora_dbw2_fsdb2
0 S oracle   12795     1  0  75   0 - 2165443 ?    Sep06 ?        00:00:11 ora_lgwr_fsdb2
0 S oracle   12815     1  0  75   0 - 2160039 ?    Sep06 ?        00:00:47 ora_ckpt_fsdb2
0 S oracle   12817     1  0  75   0 - 2161073 ?    Sep06 ?        00:00:13 ora_smon_fsdb2
0 S oracle   12822     1  0  75   0 - 2159636 ?    Sep06 ?        00:00:00 ora_reco_fsdb2
0 S oracle   12824     1  0  75   0 - 2159412 ?    Sep06 ?        00:00:00 ora_rbal_fsdb2
0 S oracle   12826     1  0  78   0 - 2159614 pipe_w Sep06 ?      00:00:09 ora_asmb_fsdb2
0 S oracle   12870     1  0  75   0 - 2160851 ?    Sep06 ?        00:02:18 ora_mmon_fsdb2
0 S oracle   12873     1  0  75   0 - 2159569 ?    Sep06 ?        00:00:32 ora_mmnl_fsdb2
0 S oracle   12875     1  0  75   0 - 123896 ?     Sep06 ?        00:00:00 oracle+ASM2_asmb_fsdb2 (DESCRIPTION=(LOCAL=YES)(ADDRESS=(PROTOCOL=beq)))
0 S oracle   12877     1  0  78   0 - 2160693 ?    Sep06 ?        00:00:00 ora_d000_fsdb2
0 S oracle   12885     1  0  78   0 - 2159434 ?    Sep06 ?        00:00:00 ora_s000_fsdb2
0 S oracle   12889     1  0  78   0 - 2161076 ?    Sep06 ?        00:00:00 ora_mark_fsdb2
0 S oracle   12899     1  0  75   0 - 2159665 ?    Sep06 ?        00:00:52 ora_lck0_fsdb2
0 S oracle   12979     1  0  75   0 - 2160639 ?    Sep06 ?        00:00:00 ora_rsmn_fsdb2
0 S oracle   13293     1  0  78   0 - 2159135 ?    Sep06 ?        00:00:00 ora_gtx0_fsdb2
0 S oracle   13295     1  0  78   0 - 2159279 ?    Sep06 ?        00:00:00 ora_rcbg_fsdb2
0 S oracle   13301     1  0  75   0 - 2159135 ?    Sep06 ?        00:00:00 ora_qmnc_fsdb2
0 S oracle   13334     1  0  75   0 - 2163024 ?    Sep06 ?        00:01:24 ora_cjq0_fsdb2
0 S oracle   13502     1  0  75   0 - 2161194 ?    Sep06 ?        00:00:02 ora_q001_fsdb2
0 S oracle   17311     1  0  75   0 - 2159135 ?    Sep06 ?        00:00:00 ora_smco_fsdb2
0 S oracle   26443     1  0  75   0 - 2159484 ?    Sep06 ?        00:00:00 ora_o000_fsdb2
0 S oracle   26445     1  0  78   0 - 123788 pipe_w Sep06 ?       00:00:05 oracle+ASM2_o000_fsdb2 (DESCRIPTION=(LOCAL=YES)(ADDRESS=(PROTOCOL=beq)))
