TO REVIEW COLLECTED DATA FOR CCBS FOR NON-AUTOEXTENSIBLE DATA AND TEMP FILES 




+DATA/ccbs/datafile/indx.284.819597493                                          
+DATA/ccbs/datafile/indx.285.774530247                                          
+DATA/ccbs/datafile/indx.286.774530435                                          
+DATA/ccbs/datafile/indx.287.774530539                                          
+DATA/ccbs/datafile/indx.290.774541697                                          
+DATA/ccbs/datafile/indx.291.774541763                                          
+DATA/ccbs/datafile/indx.292.774541795                                          
+DATA/ccbs/datafile/indx.293.774541877                                          
+DATA/ccbs/datafile/indx.294.774541943                                          
+DATA/ccbs/datafile/indx.295.774541965                                          
+DATA/ccbs/datafile/indx.296.774541987                                          
+DATA/ccbs/datafile/indx.349.780852847                                          
+DATA/ccbs/datafile/indx.350.780852893                                          

+DATA/ccbs/datafile/indx.351.780853091                                          
+DATA/ccbs/datafile/indx.352.780853165                                          
+DATA/ccbs/datafile/indx.353.780853327                                          
+DATA/ccbs/datafile/indx.354.780853419                                          
+DATA/ccbs/datafile/indx.386.819597557                                          
+DATA/ccbs/datafile/indx.387.819597647                                          
+DATA/ccbs/datafile/tbs_others.267.792772437                                    
+DATA/ccbs/datafile/tbs_others.288.774531157                                    
+DATA/ccbs/datafile/tbs_others.289.774531237                                    
+DATA/ccbs/datafile/tbs_others.336.776001499                                    
+DATA/ccbs/datafile/tbs_others.337.776001527                                    
+DATA/ccbs/datafile/users.269.772710879                                         
+DATA/ccbs/datafile/users.282.774527471                                         

+DATA/ccbs/datafile/users.283.774527719                                         
+DATA/ccbs/datafile/users.297.774542019                                         
+DATA/ccbs/datafile/users.298.774543045                                         
+DATA/ccbs/datafile/users.299.774543191                                         
+DATA/ccbs/datafile/users.300.774543249                                         
+DATA/ccbs/datafile/users.301.774543271                                         
+DATA/ccbs/datafile/users.302.774543327                                         
+DATA/ccbs/datafile/users.303.774543375                                         
+DATA/ccbs/datafile/users.304.774543419                                         
+DATA/ccbs/datafile/users.305.774543443                                         
+DATA/ccbs/datafile/users.306.774543465                                         
+DATA/ccbs/datafile/users.307.774543485                                         
+DATA/ccbs/datafile/users.308.774543671                                         

+DATA/ccbs/datafile/users.309.774543697                                         
+DATA/ccbs/datafile/users.310.775873623                                         
+DATA/ccbs/datafile/users.311.775873655                                         
+DATA/ccbs/datafile/users.312.775873715                                         
+DATA/ccbs/datafile/users.313.775873743                                         
+DATA/ccbs/datafile/users.314.775996677                                         
+DATA/ccbs/datafile/users.315.775996699                                         
+DATA/ccbs/datafile/users.316.775996723                                         
+DATA/ccbs/datafile/users.317.775996743                                         
+DATA/ccbs/datafile/users.318.775997657                                         
+DATA/ccbs/datafile/users.319.775997681                                         
+DATA/ccbs/datafile/users.320.775997701                                         
+DATA/ccbs/datafile/users.321.775997721                                         

+DATA/ccbs/datafile/users.322.775997741                                         
+DATA/ccbs/datafile/users.323.775997787                                         
+DATA/ccbs/datafile/users.324.775997821                                         
+DATA/ccbs/datafile/users.325.775997857                                         
+DATA/ccbs/datafile/users.326.775997875                                         
+DATA/ccbs/datafile/users.327.775997915                                         
+DATA/ccbs/datafile/users.328.775997951                                         
+DATA/ccbs/datafile/users.329.775998289                                         
+DATA/ccbs/datafile/users.330.775998311                                         
+DATA/ccbs/datafile/users.331.775998423                                         
+DATA/ccbs/datafile/users.332.776000393                                         
+DATA/ccbs/datafile/users.333.776000415                                         
+DATA/ccbs/datafile/users.334.776000867                                         

+DATA/ccbs/datafile/users.335.776001375                                         
+DATA/ccbs/datafile/users.339.780491723                                         
+DATA/ccbs/datafile/users.340.780491785                                         
+DATA/ccbs/datafile/users.341.780492153                                         
+DATA/ccbs/datafile/users.342.780492259                                         
+DATA/ccbs/datafile/users.343.780492321                                         
+DATA/ccbs/datafile/users.344.780492429                                         
+DATA/ccbs/datafile/users.345.780493063                                         
+DATA/ccbs/datafile/users.346.780493683                                         
+DATA/ccbs/datafile/users.347.780493719                                         
+DATA/ccbs/datafile/users.348.780493937                                         
+DATA/ccbs/datafile/users.355.780853553                                         
+DATA/ccbs/datafile/users.356.780853583                                         

+DATA/ccbs/datafile/users.357.780853601                                         
+DATA/ccbs/datafile/users.358.780853623                                         
+DATA/ccbs/datafile/users.359.780853645                                         
+DATA/ccbs/datafile/users.360.780853693                                         
+DATA/ccbs/datafile/users.361.780853717                                         
+DATA/ccbs/datafile/users.362.780853743                                         
+DATA/ccbs/datafile/users.363.780853829                                         
+DATA/ccbs/datafile/users.364.780853901                                         
+DATA/ccbs/datafile/users.365.780853919                                         
+DATA/ccbs/datafile/users.366.780853939                                         
+DATA/ccbs/datafile/users.367.780853961                                         
+DATA/ccbs/datafile/users.368.780853979                                         
+DATA/ccbs/datafile/users.369.780853997                                         

+DATA/ccbs/datafile/users.370.780854023                                         
+DATA/ccbs/datafile/users.371.780854093                                         
+DATA/ccbs/datafile/users.372.780854143                                         
+DATA/ccbs/datafile/users.373.780854307                                         
+DATA/ccbs/datafile/users.374.780854327                                         
+DATA/ccbs/datafile/users.375.780854347                                         
+DATA/ccbs/datafile/users.376.780854365                                         
+DATA/ccbs/datafile/users.377.780854429                                         
+DATA/ccbs/tempfile/temp.378.780861295                                          
+DATA/ccbs/tempfile/temp.379.780861311                                          
+DATA/ccbs/tempfile/temp.380.780861323                                          
+DATA/ccbs/tempfile/temp.381.780861335                                          
+DATA/ccbs/tempfile/temp.382.780861343                                          

+DATA/ccbs/tempfile/temp.383.780861351                                          
+DATA/ccbs/tempfile/temp.384.780861361                                          
+DATA/ccbs/tempfile/temp.385.780861371                                          
