
ASM DATA.template.FLASHBACK.redun = 18                                          
ASM DATA.template.FLASHBACK.prima = 0                                           
ASM DATA.template.FLASHBACK.mirro = 0                                           
ASM DATA.template.DATAGUARDCONFIG = 0                                           
ASM DATA.template.DATAGUARDCONFIG = 18                                          
ASM DATA.template.DATAGUARDCONFIG = 0                                           
ASM DATA.template.DATAGUARDCONFIG = 0                                           
ASM DATA.template.OCRFILE.stripe = 0                                            
ASM DATA.template.OCRFILE.redunda = 18                                          
ASM DATA.template.OCRFILE.primary = 0                                           
ASM DATA.template.OCRFILE.mirror_ = 0                                           
ASM DATA.idp.type = dynamic                                                     
ASM DATA.idp.boundary = auto                                                    

ASM DATA.disk_repair_time = 3.6h                                                
ASM DATA.au_size = 4194304                                                      
ASM DATA.sector_size = 512                                                      
ASM DATA.compatible.asm = 11.2.0.2.0                                            
ASM DATA.compatible.rdbms = 11.2.0.2.0                                          
ASM DATA.cell.smart_scan_capable = TRUE                                         
ASM DATA.access_control.enabled = FALSE                                         
ASM DATA.access_control.umask = 066                                             
ASM DATA.template_version = 186646528                                           
ASM DATA.template.PARAMETERFILE.s = 0                                           
ASM DATA.template.PARAMETERFILE.r = 18                                          
ASM DATA.template.PARAMETERFILE.p = 0                                           
ASM DATA.template.PARAMETERFILE.m = 0                                           

ASM DATA.template.ASMPARAMETERFIL = 0                                           
ASM DATA.template.ASMPARAMETERFIL = 18                                          
ASM DATA.template.ASMPARAMETERFIL = 0                                           
ASM DATA.template.ASMPARAMETERFIL = 0                                           
ASM DATA.template.DUMPSET.stripe = 0                                            
ASM DATA.template.DUMPSET.redunda = 18                                          
ASM DATA.template.DUMPSET.primary = 0                                           
ASM DATA.template.DUMPSET.mirror_ = 0                                           
ASM DATA.template.CONTROLFILE.str = 1                                           
ASM DATA.template.CONTROLFILE.red = 19                                          
ASM DATA.template.CONTROLFILE.pri = 0                                           
ASM DATA.template.CONTROLFILE.mir = 0                                           
ASM DATA.template.FLASHFILE.strip = 0                                           

ASM DATA.template.FLASHFILE.redun = 18                                          
ASM DATA.template.FLASHFILE.prima = 0                                           
ASM DATA.template.FLASHFILE.mirro = 0                                           
ASM DATA.template.ARCHIVELOG.stri = 0                                           
ASM DATA.template.ARCHIVELOG.redu = 18                                          
ASM DATA.template.ARCHIVELOG.prim = 0                                           
ASM DATA.template.ARCHIVELOG.mirr = 0                                           
ASM DATA.template.ONLINELOG.strip = 0                                           
ASM DATA.template.ONLINELOG.redun = 18                                          
ASM DATA.template.ONLINELOG.prima = 0                                           
ASM DATA.template.ONLINELOG.mirro = 0                                           
ASM DATA.template.DATAFILE.stripe = 0                                           
ASM DATA.template.DATAFILE.redund = 18                                          

ASM DATA.template.DATAFILE.primar = 0                                           
ASM DATA.template.DATAFILE.mirror = 0                                           
ASM DATA.template.TEMPFILE.stripe = 0                                           
ASM DATA.template.TEMPFILE.redund = 18                                          
ASM DATA.template.TEMPFILE.primar = 0                                           
ASM DATA.template.TEMPFILE.mirror = 0                                           
ASM DATA.template.BACKUPSET.strip = 0                                           
ASM DATA.template.BACKUPSET.redun = 18                                          
ASM DATA.template.BACKUPSET.prima = 0                                           
ASM DATA.template.BACKUPSET.mirro = 0                                           
ASM DATA.template.AUTOBACKUP.stri = 0                                           
ASM DATA.template.AUTOBACKUP.redu = 18                                          
ASM DATA.template.AUTOBACKUP.prim = 0                                           

ASM DATA.template.AUTOBACKUP.mirr = 0                                           
ASM DATA.template.XTRANSPORT.stri = 0                                           
ASM DATA.template.XTRANSPORT.redu = 18                                          
ASM DATA.template.XTRANSPORT.prim = 0                                           
ASM DATA.template.XTRANSPORT.mirr = 0                                           
ASM DATA.template.CHANGETRACKING. = 0                                           
ASM DATA.template.CHANGETRACKING. = 18                                          
ASM DATA.template.CHANGETRACKING. = 0                                           
ASM DATA.template.CHANGETRACKING. = 0                                           
ASM DATA.template.FLASHBACK.strip = 0                                           
ASM DBFS_DG.disk_repair_time = 3.6h                                             
ASM DBFS_DG.au_size = 4194304                                                   
ASM DBFS_DG.sector_size = 512                                                   

ASM DBFS_DG.compatible.asm = 11.2.0.2.0                                         
ASM DBFS_DG.compatible.rdbms = 11.2.0.2                                         
ASM DBFS_DG.cell.smart_scan_capable = TRUE                                      
ASM DBFS_DG.access_control.enabled = FALSE                                      
ASM DBFS_DG.access_control.umask = 066                                          
ASM DBFS_DG.template_version = 186646528                                        
ASM DBFS_DG.template.PARAMETERFILE.s = 0                                        
ASM DBFS_DG.template.PARAMETERFILE.r = 18                                       
ASM DBFS_DG.template.PARAMETERFILE.p = 0                                        
ASM DBFS_DG.template.PARAMETERFILE.m = 0                                        
ASM DBFS_DG.template.ASMPARAMETERFIL = 0                                        
ASM DBFS_DG.template.ASMPARAMETERFIL = 18                                       
ASM DBFS_DG.template.ASMPARAMETERFIL = 0                                        

ASM DBFS_DG.template.ASMPARAMETERFIL = 0                                        
ASM DBFS_DG.template.DUMPSET.stripe = 0                                         
ASM DBFS_DG.template.DUMPSET.redunda = 18                                       
ASM DBFS_DG.template.DUMPSET.primary = 0                                        
ASM DBFS_DG.template.DUMPSET.mirror_ = 0                                        
ASM DBFS_DG.template.CONTROLFILE.str = 1                                        
ASM DBFS_DG.template.CONTROLFILE.red = 19                                       
ASM DBFS_DG.template.CONTROLFILE.pri = 0                                        
ASM DBFS_DG.template.CONTROLFILE.mir = 0                                        
ASM DBFS_DG.template.FLASHFILE.strip = 0                                        
ASM DBFS_DG.template.FLASHFILE.redun = 18                                       
ASM DBFS_DG.template.FLASHFILE.prima = 0                                        
ASM DBFS_DG.template.FLASHFILE.mirro = 0                                        

ASM DBFS_DG.template.ARCHIVELOG.stri = 0                                        
ASM DBFS_DG.template.ARCHIVELOG.redu = 18                                       
ASM DBFS_DG.template.ARCHIVELOG.prim = 0                                        
ASM DBFS_DG.template.ARCHIVELOG.mirr = 0                                        
ASM DBFS_DG.template.ONLINELOG.strip = 0                                        
ASM DBFS_DG.template.ONLINELOG.redun = 18                                       
ASM DBFS_DG.template.ONLINELOG.prima = 0                                        
ASM DBFS_DG.template.ONLINELOG.mirro = 0                                        
ASM DBFS_DG.template.DATAFILE.stripe = 0                                        
ASM DBFS_DG.template.DATAFILE.redund = 18                                       
ASM DBFS_DG.template.DATAFILE.primar = 0                                        
ASM DBFS_DG.template.DATAFILE.mirror = 0                                        
ASM DBFS_DG.template.TEMPFILE.stripe = 0                                        

ASM DBFS_DG.template.TEMPFILE.redund = 18                                       
ASM DBFS_DG.template.TEMPFILE.primar = 0                                        
ASM DBFS_DG.template.TEMPFILE.mirror = 0                                        
ASM DBFS_DG.template.BACKUPSET.strip = 0                                        
ASM DBFS_DG.template.BACKUPSET.redun = 18                                       
ASM DBFS_DG.template.BACKUPSET.prima = 0                                        
ASM DBFS_DG.template.BACKUPSET.mirro = 0                                        
ASM DBFS_DG.template.AUTOBACKUP.stri = 0                                        
ASM DBFS_DG.template.AUTOBACKUP.redu = 18                                       
ASM DBFS_DG.template.AUTOBACKUP.prim = 0                                        
ASM DBFS_DG.template.AUTOBACKUP.mirr = 0                                        
ASM DBFS_DG.template.XTRANSPORT.stri = 0                                        
ASM DBFS_DG.template.XTRANSPORT.redu = 18                                       

ASM DBFS_DG.template.XTRANSPORT.prim = 0                                        
ASM DBFS_DG.template.XTRANSPORT.mirr = 0                                        
ASM DBFS_DG.template.CHANGETRACKING. = 0                                        
ASM DBFS_DG.template.CHANGETRACKING. = 18                                       
ASM DBFS_DG.template.CHANGETRACKING. = 0                                        
ASM DBFS_DG.template.CHANGETRACKING. = 0                                        
ASM DBFS_DG.template.FLASHBACK.strip = 0                                        
ASM DBFS_DG.template.FLASHBACK.redun = 18                                       
ASM DBFS_DG.template.FLASHBACK.prima = 0                                        
ASM DBFS_DG.template.FLASHBACK.mirro = 0                                        
ASM DBFS_DG.template.DATAGUARDCONFIG = 0                                        
ASM DBFS_DG.template.DATAGUARDCONFIG = 18                                       
ASM DBFS_DG.template.DATAGUARDCONFIG = 0                                        

ASM DBFS_DG.template.DATAGUARDCONFIG = 0                                        
ASM DBFS_DG.template.OCRFILE.stripe = 0                                         
ASM DBFS_DG.template.OCRFILE.redunda = 18                                       
ASM DBFS_DG.template.OCRFILE.primary = 0                                        
ASM DBFS_DG.template.OCRFILE.mirror_ = 0                                        
ASM DBFS_DG.idp.type = dynamic                                                  
ASM DBFS_DG.idp.boundary = auto                                                 
ASM RECO.template.FLASHBACK.redun = 18                                          
ASM RECO.template.FLASHBACK.prima = 0                                           
ASM RECO.template.FLASHBACK.mirro = 0                                           
ASM RECO.template.DATAGUARDCONFIG = 0                                           
ASM RECO.template.DATAGUARDCONFIG = 18                                          
ASM RECO.template.DATAGUARDCONFIG = 0                                           

ASM RECO.template.DATAGUARDCONFIG = 0                                           
ASM RECO.template.OCRFILE.stripe = 0                                            
ASM RECO.template.OCRFILE.redunda = 18                                          
ASM RECO.template.OCRFILE.primary = 0                                           
ASM RECO.template.OCRFILE.mirror_ = 0                                           
ASM RECO.idp.type = dynamic                                                     
ASM RECO.idp.boundary = auto                                                    
ASM RECO.disk_repair_time = 3.6h                                                
ASM RECO.au_size = 4194304                                                      
ASM RECO.sector_size = 512                                                      
ASM RECO.compatible.asm = 11.2.0.2.0                                            
ASM RECO.compatible.rdbms = 11.2.0.2.0                                          
ASM RECO.cell.smart_scan_capable = TRUE                                         

ASM RECO.access_control.enabled = FALSE                                         
ASM RECO.access_control.umask = 066                                             
ASM RECO.template_version = 186646528                                           
ASM RECO.template.PARAMETERFILE.s = 0                                           
ASM RECO.template.PARAMETERFILE.r = 18                                          
ASM RECO.template.PARAMETERFILE.p = 0                                           
ASM RECO.template.PARAMETERFILE.m = 0                                           
ASM RECO.template.ASMPARAMETERFIL = 0                                           
ASM RECO.template.ASMPARAMETERFIL = 18                                          
ASM RECO.template.ASMPARAMETERFIL = 0                                           
ASM RECO.template.ASMPARAMETERFIL = 0                                           
ASM RECO.template.DUMPSET.stripe = 0                                            
ASM RECO.template.DUMPSET.redunda = 18                                          

ASM RECO.template.DUMPSET.primary = 0                                           
ASM RECO.template.DUMPSET.mirror_ = 0                                           
ASM RECO.template.CONTROLFILE.str = 1                                           
ASM RECO.template.CONTROLFILE.red = 19                                          
ASM RECO.template.CONTROLFILE.pri = 0                                           
ASM RECO.template.CONTROLFILE.mir = 0                                           
ASM RECO.template.FLASHFILE.strip = 0                                           
ASM RECO.template.FLASHFILE.redun = 18                                          
ASM RECO.template.FLASHFILE.prima = 0                                           
ASM RECO.template.FLASHFILE.mirro = 0                                           
ASM RECO.template.ARCHIVELOG.stri = 0                                           
ASM RECO.template.ARCHIVELOG.redu = 18                                          
ASM RECO.template.ARCHIVELOG.prim = 0                                           

ASM RECO.template.ARCHIVELOG.mirr = 0                                           
ASM RECO.template.ONLINELOG.strip = 0                                           
ASM RECO.template.ONLINELOG.redun = 18                                          
ASM RECO.template.ONLINELOG.prima = 0                                           
ASM RECO.template.ONLINELOG.mirro = 0                                           
ASM RECO.template.DATAFILE.stripe = 0                                           
ASM RECO.template.DATAFILE.redund = 18                                          
ASM RECO.template.DATAFILE.primar = 0                                           
ASM RECO.template.DATAFILE.mirror = 0                                           
ASM RECO.template.TEMPFILE.stripe = 0                                           
ASM RECO.template.TEMPFILE.redund = 18                                          
ASM RECO.template.TEMPFILE.primar = 0                                           
ASM RECO.template.TEMPFILE.mirror = 0                                           

ASM RECO.template.BACKUPSET.strip = 0                                           
ASM RECO.template.BACKUPSET.redun = 18                                          
ASM RECO.template.BACKUPSET.prima = 0                                           
ASM RECO.template.BACKUPSET.mirro = 0                                           
ASM RECO.template.AUTOBACKUP.stri = 0                                           
ASM RECO.template.AUTOBACKUP.redu = 18                                          
ASM RECO.template.AUTOBACKUP.prim = 0                                           
ASM RECO.template.AUTOBACKUP.mirr = 0                                           
ASM RECO.template.XTRANSPORT.stri = 0                                           
ASM RECO.template.XTRANSPORT.redu = 18                                          
ASM RECO.template.XTRANSPORT.prim = 0                                           
ASM RECO.template.XTRANSPORT.mirr = 0                                           
ASM RECO.template.CHANGETRACKING. = 0                                           

ASM RECO.template.CHANGETRACKING. = 18                                          
ASM RECO.template.CHANGETRACKING. = 0                                           
ASM RECO.template.CHANGETRACKING. = 0                                           
ASM RECO.template.FLASHBACK.strip = 0                                           
