
+ASM1.asm_diskgroups = DATA, RECO                                               
+ASM2.asm_diskgroups = DATA, RECO                                               
+ASM1.asm_diskstring = o/*/*                                                    
+ASM2.asm_diskstring = o/*/*                                                    
+ASM1.asm_power_limit = 1                                                       
+ASM2.asm_power_limit = 1                                                       
+ASM1.asm_preferred_read_failure_groups =                                       
+ASM2.asm_preferred_read_failure_groups =                                       
+ASM1.audit_file_dest = /u01/app/11.2.0.2/grid/rdbms/audit                      
+ASM2.audit_file_dest = /u01/app/11.2.0.2/grid/rdbms/audit                      
+ASM1.audit_sys_operations = FALSE                                              
+ASM2.audit_sys_operations = FALSE                                              
+ASM1.audit_syslog_level =                                                      

+ASM2.audit_syslog_level =                                                      
+ASM1.background_core_dump = partial                                            
+ASM2.background_core_dump = partial                                            
+ASM1.background_dump_dest = /u01/app/oracle/diag/asm/+asm/+ASM1/trace          
+ASM2.background_dump_dest = /u01/app/oracle/diag/asm/+asm/+ASM2/trace          
+ASM1.cluster_database = TRUE                                                   
+ASM2.cluster_database = TRUE                                                   
+ASM1.cluster_database_instances = 4                                            
+ASM2.cluster_database_instances = 4                                            
+ASM1.cluster_interconnects = 192.168.10.1                                      
+ASM2.cluster_interconnects = 192.168.10.2                                      
+ASM1.core_dump_dest = /u01/app/oracle/diag/asm/+asm/+ASM1/cdump                
+ASM2.core_dump_dest = /u01/app/oracle/diag/asm/+asm/+ASM2/cdump                

+ASM1.db_cache_size = 0                                                         
+ASM2.db_cache_size = 0                                                         
+ASM1.db_ultra_safe = OFF                                                       
+ASM2.db_ultra_safe = OFF                                                       
+ASM1.db_unique_name = +ASM                                                     
+ASM2.db_unique_name = +ASM                                                     
+ASM1.diagnostic_dest = /u01/app/oracle                                         
+ASM2.diagnostic_dest = /u01/app/oracle                                         
+ASM1.event =                                                                   
+ASM2.event =                                                                   
+ASM1.file_mapping = FALSE                                                      
+ASM2.file_mapping = FALSE                                                      
+ASM1.filesystemio_options = none                                               

+ASM2.filesystemio_options = none                                               
+ASM1.ifile =                                                                   
+ASM2.ifile =                                                                   
+ASM1.instance_name = +ASM1                                                     
+ASM2.instance_name = +ASM2                                                     
+ASM1.instance_number = 1                                                       
+ASM2.instance_number = 2                                                       
+ASM1.instance_type = asm                                                       
+ASM2.instance_type = asm                                                       
+ASM1.large_pool_size = 12582912                                                
+ASM2.large_pool_size = 12582912                                                
+ASM1.ldap_directory_sysauth = no                                               
+ASM2.ldap_directory_sysauth = no                                               

+ASM1.listener_networks =                                                       
+ASM2.listener_networks =                                                       
+ASM1.local_listener = (DESCRIPTION=(ADDRESS_LIST=(ADDRESS=(PROTOCOL=TCP)(HOST=1
0.70.52.62)(PORT=1521))))                                                       
                                                                                
+ASM2.local_listener = (DESCRIPTION=(ADDRESS_LIST=(ADDRESS=(PROTOCOL=TCP)(HOST=1
0.70.52.63)(PORT=1521))))                                                       
                                                                                
+ASM1.lock_name_space =                                                         
+ASM2.lock_name_space =                                                         
+ASM1.lock_sga = FALSE                                                          
+ASM2.lock_sga = FALSE                                                          
+ASM1.max_dump_file_size = unlimited                                            

+ASM2.max_dump_file_size = unlimited                                            
+ASM1.memory_max_target = 285212672                                             
+ASM2.memory_max_target = 285212672                                             
+ASM1.memory_target = 285212672                                                 
+ASM2.memory_target = 285212672                                                 
+ASM1.nls_calendar =                                                            
+ASM2.nls_calendar =                                                            
+ASM1.nls_comp = BINARY                                                         
+ASM2.nls_comp = BINARY                                                         
+ASM1.nls_currency =                                                            
+ASM2.nls_currency =                                                            
+ASM1.nls_date_format =                                                         
+ASM2.nls_date_format =                                                         

+ASM1.nls_date_language =                                                       
+ASM2.nls_date_language =                                                       
+ASM1.nls_dual_currency =                                                       
+ASM2.nls_dual_currency =                                                       
+ASM1.nls_iso_currency =                                                        
+ASM2.nls_iso_currency =                                                        
+ASM1.nls_language = AMERICAN                                                   
+ASM2.nls_language = AMERICAN                                                   
+ASM1.nls_length_semantics = BYTE                                               
+ASM2.nls_length_semantics = BYTE                                               
+ASM1.nls_nchar_conv_excp = FALSE                                               
+ASM2.nls_nchar_conv_excp = FALSE                                               
+ASM1.nls_numeric_characters =                                                  

+ASM2.nls_numeric_characters =                                                  
+ASM1.nls_sort =                                                                
+ASM2.nls_sort =                                                                
+ASM1.nls_territory = AMERICA                                                   
+ASM2.nls_territory = AMERICA                                                   
+ASM1.nls_time_format =                                                         
+ASM2.nls_time_format =                                                         
+ASM1.nls_time_tz_format =                                                      
+ASM2.nls_time_tz_format =                                                      
+ASM1.nls_timestamp_format =                                                    
+ASM2.nls_timestamp_format =                                                    
+ASM1.nls_timestamp_tz_format =                                                 
+ASM2.nls_timestamp_tz_format =                                                 

+ASM1.os_authent_prefix = ops$                                                  
+ASM2.os_authent_prefix = ops$                                                  
+ASM1.os_roles = FALSE                                                          
+ASM2.os_roles = FALSE                                                          
+ASM1.pga_aggregate_target = 0                                                  
+ASM2.pga_aggregate_target = 0                                                  
+ASM1.processes = 100                                                           
+ASM2.processes = 100                                                           
+ASM1.remote_listener =                                                         
+ASM2.remote_listener =                                                         
+ASM1.remote_login_passwordfile = EXCLUSIVE                                     
+ASM2.remote_login_passwordfile = EXCLUSIVE                                     
+ASM1.remote_os_authent = FALSE                                                 

+ASM2.remote_os_authent = FALSE                                                 
+ASM1.remote_os_roles = FALSE                                                   
+ASM2.remote_os_roles = FALSE                                                   
+ASM1.service_names = +ASM                                                      
+ASM2.service_names = +ASM                                                      
+ASM1.sessions = 192                                                            
+ASM2.sessions = 192                                                            
+ASM1.sga_max_size = 285212672                                                  
+ASM2.sga_max_size = 285212672                                                  
+ASM1.sga_target = 0                                                            
+ASM2.sga_target = 0                                                            
+ASM1.shadow_core_dump = partial                                                
+ASM2.shadow_core_dump = partial                                                

+ASM1.shared_pool_reserved_size = 7969177                                       
+ASM2.shared_pool_reserved_size = 7969177                                       
+ASM1.shared_pool_size = 0                                                      
+ASM2.shared_pool_size = 0                                                      
+ASM1.sort_area_size = 65536                                                    
+ASM2.sort_area_size = 65536                                                    
+ASM1.spfile = +DBFS_DG/dm01-cluster/asmparameterfile/registry.253.772305801    
+ASM2.spfile = +DBFS_DG/dm01-cluster/asmparameterfile/registry.253.772305801    
+ASM1.sql_trace = FALSE                                                         
+ASM2.sql_trace = FALSE                                                         
+ASM1.statistics_level = TYPICAL                                                
+ASM2.statistics_level = TYPICAL                                                
+ASM1.timed_os_statistics = 0                                                   

+ASM2.timed_os_statistics = 0                                                   
+ASM1.timed_statistics = TRUE                                                   
+ASM2.timed_statistics = TRUE                                                   
+ASM1.trace_enabled = TRUE                                                      
+ASM2.trace_enabled = TRUE                                                      
+ASM1.use_large_pages = TRUE                                                    
+ASM2.use_large_pages = TRUE                                                    
+ASM1.user_dump_dest = /u01/app/oracle/diag/asm/+asm/+ASM1/trace                
+ASM2.user_dump_dest = /u01/app/oracle/diag/asm/+asm/+ASM2/trace                
+ASM1.workarea_size_policy = AUTO                                               
+ASM2.workarea_size_policy = AUTO                                               
