TO REVIEW COLLECTED DATA FROM DM01DB02 - CLUSTERWARE STATUS 



--------------------------------------------------------------------------------
NAME           TARGET  STATE        SERVER                   STATE_DETAILS       
--------------------------------------------------------------------------------
Local Resources
--------------------------------------------------------------------------------
dbfs_mount
               OFFLINE OFFLINE      dm01db01                                     
               OFFLINE OFFLINE      dm01db02                                     
ora.DATA.dg
               ONLINE  ONLINE       dm01db01                                     
               ONLINE  ONLINE       dm01db02                                     
ora.DBFS_DG.dg
               ONLINE  ONLINE       dm01db01                                     
               ONLINE  ONLINE       dm01db02                                     
ora.LISTENER.lsnr
               ONLINE  ONLINE       dm01db01                                     
               ONLINE  ONLINE       dm01db02                                     
ora.RECO.dg
               ONLINE  ONLINE       dm01db01                                     
               ONLINE  ONLINE       dm01db02                                     
ora.asm
               ONLINE  ONLINE       dm01db01                                     
               ONLINE  ONLINE       dm01db02                                     
ora.gsd
               OFFLINE OFFLINE      dm01db01                                     
               OFFLINE OFFLINE      dm01db02                                     
ora.net1.network
               ONLINE  ONLINE       dm01db01                                     
               ONLINE  ONLINE       dm01db02                                     
ora.ons
               ONLINE  ONLINE       dm01db01                                     
               ONLINE  ONLINE       dm01db02                                     
ora.registry.acfs
               ONLINE  ONLINE       dm01db01                                     
               ONLINE  ONLINE       dm01db02                                     
--------------------------------------------------------------------------------
Cluster Resources
--------------------------------------------------------------------------------
ora.LISTENER_SCAN1.lsnr
      1        ONLINE  ONLINE       dm01db01                                     
ora.LISTENER_SCAN2.lsnr
      1        ONLINE  ONLINE       dm01db02                                     
ora.LISTENER_SCAN3.lsnr
      1        ONLINE  ONLINE       dm01db02                                     
ora.ccbs.db
      1        ONLINE  ONLINE       dm01db01                 Open                
      2        ONLINE  ONLINE       dm01db02                 Open                
ora.cvu
      1        OFFLINE OFFLINE                                                   
ora.dm01db01.vip
      1        ONLINE  ONLINE       dm01db01                                     
ora.dm01db02.vip
      1        ONLINE  ONLINE       dm01db02                                     
ora.fsdb.db
      1        ONLINE  ONLINE       dm01db01                 Open                
      2        ONLINE  ONLINE       dm01db02                 Open                
ora.oc4j
      1        ONLINE  ONLINE       dm01db02                                     
ora.scan1.vip
      1        ONLINE  ONLINE       dm01db01                                     
ora.scan2.vip
      1        ONLINE  ONLINE       dm01db02                                     
ora.scan3.vip
      1        ONLINE  ONLINE       dm01db02                                     
