TO REVIEW COLLECTED DATA FROM DM01CEL01 FOR EXADATA STORAGE SERVER SYSTEM MODEL NUMBER 



Connected. Use ^D to exit.
-> show /SP system_description

  /SP
    Properties:
        system_description = SUN FIRE X4270 M2 SERVER, ILOM v3.0.16.10, r65138


-> Session closed
Disconnected 


Total Memory on dm01cel01 = 23955




TO REVIEW COLLECTED DATA FROM DM01CEL02 FOR EXADATA STORAGE SERVER SYSTEM MODEL NUMBER 



Connected. Use ^D to exit.
-> show /SP system_description

  /SP
    Properties:
        system_description = SUN FIRE X4270 M2 SERVER, ILOM v3.0.16.10, r65138


-> Session closed
Disconnected 


Total Memory on dm01cel02 = 23955




TO REVIEW COLLECTED DATA FROM DM01CEL03 FOR EXADATA STORAGE SERVER SYSTEM MODEL NUMBER 



Connected. Use ^D to exit.
-> show /SP system_description

  /SP
    Properties:
        system_description = SUN FIRE X4270 M2 SERVER, ILOM v3.0.16.10, r65138


-> Session closed
Disconnected 


Total Memory on dm01cel03 = 23955




