dm01db01.CRS_INSTALLED = 1
CRS_HOME = /u01/app/11.2.0.2/grid
dm01db02.CRS_INSTALLED = 1
dm01db01.ASM_INSTALLED = 1
dm01db02.ASM_INSTALLED = 1
RDBMS_ORACLE_HOME = /u01/app/oracle/product/11.2.0.2/dbhome_1|112020|oracle
dm01db01.RDBMS_INSTALLED = 1
dm01db02.RDBMS_INSTALLED = 1
SINGLE_INSTANCE_RUN = 0
PRINT_SCORE_IN_REPORT = 1
CURRENT_USER = oracle
TARGET_VERSION = 
MULTIPLE_DATABASE = 1
dm01db01.CRS_STATUS = 1
dm01db01.CRS_ACTIVE_VERSION = 11.2.0.2.0
dm01db01.ASM_STATUS = 1
dm01db01.ASM_INSTANCE = +ASM1
dm01db01.ASM_HOME = 
dm01db01.ACFS_STATUS = 1
dm01db01.ccbs.INSTANCE_NAME = ccbs1
dm01db01.ccbs.INSTANCE_MODE = 3
dm01db01.ccbs.INSTANCE_VERSION = 112020
dm01db01.fsdb.INSTANCE_NAME = fsdb1
dm01db01.fsdb.INSTANCE_MODE = 3
dm01db01.fsdb.INSTANCE_VERSION = 112020
dm01db02.CRS_STATUS = 1
dm01db02.CRS_ACTIVE_VERSION = 11.2.0.2.0
dm01db02.ASM_STATUS = 1
dm01db02.ASM_INSTANCE = +ASM2
dm01db02.ASM_HOME = 
dm01db02.ACFS_STATUS = 1
dm01db02.ccbs.INSTANCE_NAME = ccbs2
dm01db02.ccbs.INSTANCE_MODE = 3
dm01db02.ccbs.INSTANCE_VERSION = 112020
dm01db02.fsdb.INSTANCE_NAME = fsdb2
dm01db02.fsdb.INSTANCE_MODE = 3
dm01db02.fsdb.INSTANCE_VERSION = 112020
ccbs.CHECKED_NODE = dm01db01
fsdb.CHECKED_NODE = dm01db01
HOST_ROLE = GENERIC
HOST_TYPE = BAREMETAL
VM_TYPE = NONE
ORACLE_DATABASE_APPLIANCE = 0
grp_str = LINUXX8664OELRHEL5_112020
dm01db01.+ASM1.VERSION = 11.2.0.2.0
dm01db02.+ASM2.VERSION = 11.2.0.2.0
CELL_PASSWORD_OPTION = 1
ZFS_PASSWORD_OPTION = 
CURRENT_EXADATA_VERSION = 112242
dm01db01.EXADATA_COMPUTE = 1
dm01db01.EXADATA_DBMV1 = 0
dm01db01.EXADATA_DBMV2 = 0
dm01db01.EXADATA_DBM_X2_2 = 1
dm01db01.EXADATA_DBM_X2_8 = 0
dm01db01.EXADATA_DBM_X3_2 = 0
dm01db01.EXADATA_RACK = QUARTER
dm01db01.EXADATA_VERSION = X2-2
dm01db01.IT_IS_RAC = 0
dm01db01.COMPONENTS = NONE:X2-2:MAA
dm01db01.IS_AVM_MACHINE = 0
ROOT_OPTION = 1
EXACHK_VERSION = 2.2.2.1_20130617
IBSWITCH_PASSWORD_OPTION = 1
FILE_ID = DF6136931BB66192E04313C0E50A54D1 ÿ
FILE_DATE = 17-Jun-2013 14:25:50
FILE_SIG = 46C40115700EFB00E0401490CACF67C6
DB_PLATFORM = LINUX X86-64
OS_DISTRO = OELRHEL
OS_VERSION = 5
OS_KERNEL = 2.6.18-238.12.2.0.2.el5
COLLECTION DATE = 10-Sep-2013 10:47:27
SILENT = 0
SWITCH = -a
ASM_HOME = 
fsdb1_UP = 1
SOMEDB_UP = 
LOCALNODE = dm01db01
CLUSTER_NAME = dm01-cluster
DB_NAME = ccbs|11.2.0.2.0|/u01/app/oracle/product/11.2.0.2/dbhome_1
ccbs.DATABASE_ROLE = PRIMARY
ccbs.DATABASE_TYPE = NORMAL
CCBS.PHYSICAL_STANDBY = 0
CCBS.LOGICAL_STANDBY = 0
DB_NAME = fsdb|11.2.0.2.0|/u01/app/oracle/product/11.2.0.2/dbhome_1
fsdb.DATABASE_ROLE = PRIMARY
fsdb.DATABASE_TYPE = NORMAL
FSDB.PHYSICAL_STANDBY = 0
FSDB.LOGICAL_STANDBY = 0
dm01db02.EXADATA_COMPUTE = 1
dm01db02.EXADATA_DBMV1 = 0
dm01db02.EXADATA_DBMV2 = 0
dm01db02.EXADATA_DBM_X2_2 = 1
dm01db02.EXADATA_DBM_X2_8 = 0
dm01db02.EXADATA_DBM_X3_2 = 0
dm01db02.EXADATA_RACK = QUARTER
dm01db02.EXADATA_VERSION = X2-2
dm01db02.IT_IS_RAC = 0
dm01db02.COMPONENTS = NONE:X2-2:MAA
dm01db02.IS_AVM_MACHINE = 0
