ccbs1|9AC756552BAE5EA4E040E50A1EC0475E|TYPICAL
ccbs1|9AD35EF4C40B493AE040E50A1EC0562E|60
ccbs1|9AD36B555DE9A9C4E040E50A1EC035C2|70
9AEAA18170BDAD67E040E50A1EC0194C|0
9AEC773863DD7767E040E50A1EC07703|11202
ccbs1|9B7D18667DE524ACE040E50A1EC07F2B|NONE
9EC7304AE67CDC2DE040E50A1EC07772|10000
9EC835C8E11DDE5BE040E50A1EC01CA0|0
9EC93390FB32FDD3E040E50A1EC04ADF|0
9EC9FBCFEC52DF9DE040E50A1EC0633E|1000
9ECBA2152E92F6B1E040E50A1EC00DFB|107
ccbs1|A97A01C7F17307CFE040E50A1EC06C63|TYPICAL
ccbs1|A97A01C7F17407CFE040E50A1EC06C63|FALSE
ccbs1|A987A96AC4904D1BE040E50A1EC04C36|50M
ccbs1|A9897193A08184A3E040E50A1EC0366D|TRUE
ccbs1|A9899781F867286AE040E50A1EC03854|FALSE
ccbs1|A98A14A7D1CB386DE040E50A1EC01EBD|2
ccbs1|A98AC77CA837A489E040E50A1EC014A6|1
ccbs1|A98AD732FD4FF308E040E50A1EC01B2C|3000
ccbs1|A98AD732FD50F308E040E50A1EC01B2C|TRUE
ccbs1|A98B0EBCBD6D9EADE040E50A1EC02600|TRUE
ccbs1|A98B3A121DE84636E040E50A1EC031F9|16384
B09D194B9AEF0F10E0431EC0E50ADE87|NO
B166BC500DA37235E0431EC0E50A94E2|2
ccbs1|B16B9310FB504695E0431EC0E50A880B|1
ccbs1|B16C9847624E1B5AE0431EC0E50AE353|0
ccbs1|B9BCC54F3A901F18E0431EC0E50AC1A0|ON
C33B66906DA21665E0431EC0E50A0759|0
ccbs1|CB9509FA4B081892E0431EC0E50AB07D|0
CB95A1BF5B1160ACE0431EC0E50A12EE|1
CCAD9945F7797A3FE0431EC0E50A856B|ARCHIVELOG
CCAD995A4067776EE0431EC0E50AD00E|1
CCADBFBF2F077638E0431EC0E50A9E9D|0
CCAECE9BB07579D8E0431EC0E50A9209|0
CD4D51B78F692408E0431EC0E50A3077|0
ccbs1|A979F210F9BCA8A1E040E50A1EC06671|134217728
C31B975819621D1CE0431EC0E50AC731|8
B09E9D165FF85A7DE0431EC0E50A348B|0
ccbs1|DC3BD42DE3422247E04312C0E50A0CB7|2000
ccbs1|DCB1CEA9CF6875BEE04312C0E50A4571|1024
DC223BE507001B0AE04313C0E50A359D|99
