
fsdb1.O7_DICTIONARY_ACCESSIBILITY = FALSE                                       
fsdb2.O7_DICTIONARY_ACCESSIBILITY = FALSE                                       
fsdb1.active_instance_count =                                                   
fsdb2.active_instance_count =                                                   
fsdb1.aq_tm_processes = 0                                                       
fsdb2.aq_tm_processes = 0                                                       
fsdb1.archive_lag_target = 0                                                    
fsdb2.archive_lag_target = 0                                                    
fsdb1.asm_diskgroups =                                                          
fsdb2.asm_diskgroups =                                                          
fsdb1.asm_diskstring =                                                          
fsdb2.asm_diskstring =                                                          
fsdb1.asm_power_limit = 1                                                       

fsdb2.asm_power_limit = 1                                                       
fsdb1.asm_preferred_read_failure_groups =                                       
fsdb2.asm_preferred_read_failure_groups =                                       
fsdb1.audit_file_dest = /u01/app/oracle/admin/fsdb/adump                        
fsdb2.audit_file_dest = /u01/app/oracle/admin/fsdb/adump                        
fsdb1.audit_sys_operations = FALSE                                              
fsdb2.audit_sys_operations = FALSE                                              
fsdb1.audit_syslog_level =                                                      
fsdb2.audit_syslog_level =                                                      
fsdb1.audit_trail = DB                                                          
fsdb2.audit_trail = DB                                                          
fsdb1.background_core_dump = partial                                            
fsdb2.background_core_dump = partial                                            

fsdb1.background_dump_dest = /u01/app/oracle/diag/rdbms/fsdb/fsdb1/trace        
fsdb2.background_dump_dest = /u01/app/oracle/diag/rdbms/fsdb/fsdb2/trace        
fsdb1.backup_tape_io_slaves = FALSE                                             
fsdb2.backup_tape_io_slaves = FALSE                                             
fsdb1.bitmap_merge_area_size = 1048576                                          
fsdb2.bitmap_merge_area_size = 1048576                                          
fsdb1.blank_trimming = FALSE                                                    
fsdb2.blank_trimming = FALSE                                                    
fsdb1.buffer_pool_keep =                                                        
fsdb2.buffer_pool_keep =                                                        
fsdb1.buffer_pool_recycle =                                                     
fsdb2.buffer_pool_recycle =                                                     
fsdb1.cell_offload_compaction = ADAPTIVE                                        

fsdb2.cell_offload_compaction = ADAPTIVE                                        
fsdb1.cell_offload_decryption = TRUE                                            
fsdb2.cell_offload_decryption = TRUE                                            
fsdb1.cell_offload_parameters =                                                 
fsdb2.cell_offload_parameters =                                                 
fsdb1.cell_offload_plan_display = AUTO                                          
fsdb2.cell_offload_plan_display = AUTO                                          
fsdb1.cell_offload_processing = TRUE                                            
fsdb2.cell_offload_processing = TRUE                                            
fsdb1.circuits =                                                                
fsdb2.circuits =                                                                
fsdb1.client_result_cache_lag = 3000                                            
fsdb2.client_result_cache_lag = 3000                                            

fsdb1.client_result_cache_size = 0                                              
fsdb2.client_result_cache_size = 0                                              
fsdb1.cluster_database = TRUE                                                   
fsdb2.cluster_database = TRUE                                                   
fsdb1.cluster_database_instances = 2                                            
fsdb2.cluster_database_instances = 2                                            
fsdb1.cluster_interconnects =                                                   
fsdb2.cluster_interconnects =                                                   
fsdb1.commit_logging =                                                          
fsdb2.commit_logging =                                                          
fsdb1.commit_point_strength = 1                                                 
fsdb2.commit_point_strength = 1                                                 
fsdb1.commit_wait =                                                             

fsdb2.commit_wait =                                                             
fsdb1.commit_write =                                                            
fsdb2.commit_write =                                                            
fsdb1.compatible = 11.2.0.2.0                                                   
fsdb2.compatible = 11.2.0.2.0                                                   
fsdb1.control_file_record_keep_time = 7                                         
fsdb2.control_file_record_keep_time = 7                                         
fsdb1.control_files = +DBFS_DG/fsdb/controlfile/current.260.772449433           
fsdb2.control_files = +DBFS_DG/fsdb/controlfile/current.260.772449433           
fsdb1.control_management_pack_access = DIAGNOSTIC+TUNING                        
fsdb2.control_management_pack_access = DIAGNOSTIC+TUNING                        
fsdb1.core_dump_dest = /u01/app/oracle/diag/rdbms/fsdb/fsdb1/cdump              
fsdb2.core_dump_dest = /u01/app/oracle/diag/rdbms/fsdb/fsdb2/cdump              

fsdb1.cpu_count = 24                                                            
fsdb2.cpu_count = 24                                                            
fsdb1.create_bitmap_area_size = 8388608                                         
fsdb2.create_bitmap_area_size = 8388608                                         
fsdb1.create_stored_outlines =                                                  
fsdb2.create_stored_outlines =                                                  
fsdb1.cursor_bind_capture_destination = memory+disk                             
fsdb2.cursor_bind_capture_destination = memory+disk                             
fsdb1.cursor_sharing = EXACT                                                    
fsdb2.cursor_sharing = EXACT                                                    
fsdb1.cursor_space_for_time = FALSE                                             
fsdb2.cursor_space_for_time = FALSE                                             
fsdb1.db_16k_cache_size = 0                                                     

fsdb2.db_16k_cache_size = 0                                                     
fsdb1.db_2k_cache_size = 0                                                      
fsdb2.db_2k_cache_size = 0                                                      
fsdb1.db_32k_cache_size = 0                                                     
fsdb2.db_32k_cache_size = 0                                                     
fsdb1.db_4k_cache_size = 0                                                      
fsdb2.db_4k_cache_size = 0                                                      
fsdb1.db_8k_cache_size = 0                                                      
fsdb2.db_8k_cache_size = 0                                                      
fsdb1.db_block_buffers = 0                                                      
fsdb2.db_block_buffers = 0                                                      
fsdb1.db_block_checking = FALSE                                                 
fsdb2.db_block_checking = FALSE                                                 

fsdb1.db_block_checksum = TYPICAL                                               
fsdb2.db_block_checksum = TYPICAL                                               
fsdb1.db_block_size = 8192                                                      
fsdb2.db_block_size = 8192                                                      
fsdb1.db_cache_advice = ON                                                      
fsdb2.db_cache_advice = ON                                                      
fsdb1.db_cache_size = 0                                                         
fsdb2.db_cache_size = 0                                                         
fsdb1.db_create_file_dest = +DBFS_DG                                            
fsdb2.db_create_file_dest = +DBFS_DG                                            
fsdb1.db_create_online_log_dest_1 =                                             
fsdb2.db_create_online_log_dest_1 =                                             
fsdb1.db_create_online_log_dest_2 =                                             

fsdb2.db_create_online_log_dest_2 =                                             
fsdb1.db_create_online_log_dest_3 =                                             
fsdb2.db_create_online_log_dest_3 =                                             
fsdb1.db_create_online_log_dest_4 =                                             
fsdb2.db_create_online_log_dest_4 =                                             
fsdb1.db_create_online_log_dest_5 =                                             
fsdb2.db_create_online_log_dest_5 =                                             
fsdb1.db_domain =                                                               
fsdb2.db_domain =                                                               
fsdb1.db_file_multiblock_read_count = 128                                       
fsdb2.db_file_multiblock_read_count = 128                                       
fsdb1.db_file_name_convert =                                                    
fsdb2.db_file_name_convert =                                                    

fsdb1.db_files = 200                                                            
fsdb2.db_files = 200                                                            
fsdb1.db_flash_cache_file =                                                     
fsdb2.db_flash_cache_file =                                                     
fsdb1.db_flash_cache_size = 0                                                   
fsdb2.db_flash_cache_size = 0                                                   
fsdb1.db_flashback_retention_target = 1440                                      
fsdb2.db_flashback_retention_target = 1440                                      
fsdb1.db_keep_cache_size = 0                                                    
fsdb2.db_keep_cache_size = 0                                                    
fsdb1.db_lost_write_protect = NONE                                              
fsdb2.db_lost_write_protect = NONE                                              
fsdb1.db_name = fsdb                                                            

fsdb2.db_name = fsdb                                                            
fsdb1.db_recovery_file_dest =                                                   
fsdb2.db_recovery_file_dest =                                                   
fsdb1.db_recovery_file_dest_size = 0                                            
fsdb2.db_recovery_file_dest_size = 0                                            
fsdb1.db_recycle_cache_size = 0                                                 
fsdb2.db_recycle_cache_size = 0                                                 
fsdb1.db_securefile = PERMITTED                                                 
fsdb2.db_securefile = PERMITTED                                                 
fsdb1.db_ultra_safe = OFF                                                       
fsdb2.db_ultra_safe = OFF                                                       
fsdb1.db_unique_name = fsdb                                                     
fsdb2.db_unique_name = fsdb                                                     

fsdb1.db_unrecoverable_scn_tracking = TRUE                                      
fsdb2.db_unrecoverable_scn_tracking = TRUE                                      
fsdb1.db_writer_processes = 3                                                   
fsdb2.db_writer_processes = 3                                                   
fsdb1.dbwr_io_slaves = 0                                                        
fsdb2.dbwr_io_slaves = 0                                                        
fsdb1.ddl_lock_timeout = 0                                                      
fsdb2.ddl_lock_timeout = 0                                                      
fsdb1.deferred_segment_creation = TRUE                                          
fsdb2.deferred_segment_creation = TRUE                                          
fsdb1.dg_broker_config_file1 = /u01/app/oracle/product/11.2.0.2/dbhome_1/dbs/dr1
fsdb.dat                                                                        
                                                                                

fsdb2.dg_broker_config_file1 = /u01/app/oracle/product/11.2.0.2/dbhome_1/dbs/dr1
fsdb.dat                                                                        
                                                                                
fsdb1.dg_broker_config_file2 = /u01/app/oracle/product/11.2.0.2/dbhome_1/dbs/dr2
fsdb.dat                                                                        
                                                                                
fsdb2.dg_broker_config_file2 = /u01/app/oracle/product/11.2.0.2/dbhome_1/dbs/dr2
fsdb.dat                                                                        
                                                                                
fsdb1.dg_broker_start = FALSE                                                   
fsdb2.dg_broker_start = FALSE                                                   
fsdb1.diagnostic_dest = /u01/app/oracle                                         
fsdb2.diagnostic_dest = /u01/app/oracle                                         

fsdb1.disk_asynch_io = TRUE                                                     
fsdb2.disk_asynch_io = TRUE                                                     
fsdb1.dispatchers = (PROTOCOL=TCP) (SERVICE=fsdbXDB)                            
fsdb2.dispatchers = (PROTOCOL=TCP) (SERVICE=fsdbXDB)                            
fsdb1.distributed_lock_timeout = 60                                             
fsdb2.distributed_lock_timeout = 60                                             
fsdb1.dml_locks = 3484                                                          
fsdb2.dml_locks = 3484                                                          
fsdb1.dst_upgrade_insert_conv = TRUE                                            
fsdb2.dst_upgrade_insert_conv = TRUE                                            
fsdb1.enable_ddl_logging = FALSE                                                
fsdb2.enable_ddl_logging = FALSE                                                
fsdb1.event =                                                                   

fsdb2.event =                                                                   
fsdb1.fal_client =                                                              
fsdb2.fal_client =                                                              
fsdb1.fal_server =                                                              
fsdb2.fal_server =                                                              
fsdb1.fast_start_io_target = 0                                                  
fsdb2.fast_start_io_target = 0                                                  
fsdb1.fast_start_mttr_target = 0                                                
fsdb2.fast_start_mttr_target = 0                                                
fsdb1.fast_start_parallel_rollback = LOW                                        
fsdb2.fast_start_parallel_rollback = LOW                                        
fsdb1.file_mapping = FALSE                                                      
fsdb2.file_mapping = FALSE                                                      

fsdb1.fileio_network_adapters =                                                 
fsdb2.fileio_network_adapters =                                                 
fsdb1.filesystemio_options = none                                               
fsdb2.filesystemio_options = none                                               
fsdb1.fixed_date =                                                              
fsdb2.fixed_date =                                                              
fsdb1.gcs_server_processes = 2                                                  
fsdb2.gcs_server_processes = 2                                                  
fsdb1.global_context_pool_size =                                                
fsdb2.global_context_pool_size =                                                
fsdb1.global_names = FALSE                                                      
fsdb2.global_names = FALSE                                                      
fsdb1.global_txn_processes = 1                                                  

fsdb2.global_txn_processes = 1                                                  
fsdb1.hash_area_size = 131072                                                   
fsdb2.hash_area_size = 131072                                                   
fsdb1.hi_shared_memory_address = 0                                              
fsdb2.hi_shared_memory_address = 0                                              
fsdb1.hs_autoregister = TRUE                                                    
fsdb2.hs_autoregister = TRUE                                                    
fsdb1.ifile =                                                                   
fsdb2.ifile =                                                                   
fsdb1.instance_groups =                                                         
fsdb2.instance_groups =                                                         
fsdb1.instance_name = fsdb1                                                     
fsdb2.instance_name = fsdb2                                                     

fsdb1.instance_number = 1                                                       
fsdb2.instance_number = 2                                                       
fsdb1.instance_type = RDBMS                                                     
fsdb2.instance_type = RDBMS                                                     
fsdb1.java_jit_enabled = TRUE                                                   
fsdb2.java_jit_enabled = TRUE                                                   
fsdb1.java_max_sessionspace_size = 0                                            
fsdb2.java_max_sessionspace_size = 0                                            
fsdb1.java_pool_size = 0                                                        
fsdb2.java_pool_size = 0                                                        
fsdb1.java_soft_sessionspace_limit = 0                                          
fsdb2.java_soft_sessionspace_limit = 0                                          
fsdb1.job_queue_processes = 1000                                                

fsdb2.job_queue_processes = 1000                                                
fsdb1.large_pool_size = 0                                                       
fsdb2.large_pool_size = 0                                                       
fsdb1.ldap_directory_access = NONE                                              
fsdb2.ldap_directory_access = NONE                                              
fsdb1.ldap_directory_sysauth = no                                               
fsdb2.ldap_directory_sysauth = no                                               
fsdb1.license_max_sessions = 0                                                  
fsdb2.license_max_sessions = 0                                                  
fsdb1.license_max_users = 0                                                     
fsdb2.license_max_users = 0                                                     
fsdb1.license_sessions_warning = 0                                              
fsdb2.license_sessions_warning = 0                                              

fsdb1.listener_networks =                                                       
fsdb2.listener_networks =                                                       
fsdb1.local_listener = (DESCRIPTION=(ADDRESS_LIST=(ADDRESS=(PROTOCOL=TCP)(HOST=1
0.70.52.62)(PORT=1521))))                                                       
                                                                                
fsdb2.local_listener = (DESCRIPTION=(ADDRESS_LIST=(ADDRESS=(PROTOCOL=TCP)(HOST=1
0.70.52.63)(PORT=1521))))                                                       
                                                                                
fsdb1.lock_name_space =                                                         
fsdb2.lock_name_space =                                                         
fsdb1.lock_sga = FALSE                                                          
fsdb2.lock_sga = FALSE                                                          
fsdb1.log_archive_config =                                                      

fsdb2.log_archive_config =                                                      
fsdb1.log_archive_dest =                                                        
fsdb2.log_archive_dest =                                                        
fsdb1.log_archive_dest_1 =                                                      
fsdb2.log_archive_dest_1 =                                                      
fsdb1.log_archive_dest_10 =                                                     
fsdb2.log_archive_dest_10 =                                                     
fsdb1.log_archive_dest_11 =                                                     
fsdb2.log_archive_dest_11 =                                                     
fsdb1.log_archive_dest_12 =                                                     
fsdb2.log_archive_dest_12 =                                                     
fsdb1.log_archive_dest_13 =                                                     
fsdb2.log_archive_dest_13 =                                                     

fsdb1.log_archive_dest_14 =                                                     
fsdb2.log_archive_dest_14 =                                                     
fsdb1.log_archive_dest_15 =                                                     
fsdb2.log_archive_dest_15 =                                                     
fsdb1.log_archive_dest_16 =                                                     
fsdb2.log_archive_dest_16 =                                                     
fsdb1.log_archive_dest_17 =                                                     
fsdb2.log_archive_dest_17 =                                                     
fsdb1.log_archive_dest_18 =                                                     
fsdb2.log_archive_dest_18 =                                                     
fsdb1.log_archive_dest_19 =                                                     
fsdb2.log_archive_dest_19 =                                                     
fsdb1.log_archive_dest_2 =                                                      

fsdb2.log_archive_dest_2 =                                                      
fsdb1.log_archive_dest_20 =                                                     
fsdb2.log_archive_dest_20 =                                                     
fsdb1.log_archive_dest_21 =                                                     
fsdb2.log_archive_dest_21 =                                                     
fsdb1.log_archive_dest_22 =                                                     
fsdb2.log_archive_dest_22 =                                                     
fsdb1.log_archive_dest_23 =                                                     
fsdb2.log_archive_dest_23 =                                                     
fsdb1.log_archive_dest_24 =                                                     
fsdb2.log_archive_dest_24 =                                                     
fsdb1.log_archive_dest_25 =                                                     
fsdb2.log_archive_dest_25 =                                                     

fsdb1.log_archive_dest_26 =                                                     
fsdb2.log_archive_dest_26 =                                                     
fsdb1.log_archive_dest_27 =                                                     
fsdb2.log_archive_dest_27 =                                                     
fsdb1.log_archive_dest_28 =                                                     
fsdb2.log_archive_dest_28 =                                                     
fsdb1.log_archive_dest_29 =                                                     
fsdb2.log_archive_dest_29 =                                                     
fsdb1.log_archive_dest_3 =                                                      
fsdb2.log_archive_dest_3 =                                                      
fsdb1.log_archive_dest_30 =                                                     
fsdb2.log_archive_dest_30 =                                                     
fsdb1.log_archive_dest_31 =                                                     

fsdb2.log_archive_dest_31 =                                                     
fsdb1.log_archive_dest_4 =                                                      
fsdb2.log_archive_dest_4 =                                                      
fsdb1.log_archive_dest_5 =                                                      
fsdb2.log_archive_dest_5 =                                                      
fsdb1.log_archive_dest_6 =                                                      
fsdb2.log_archive_dest_6 =                                                      
fsdb1.log_archive_dest_7 =                                                      
fsdb2.log_archive_dest_7 =                                                      
fsdb1.log_archive_dest_8 =                                                      
fsdb2.log_archive_dest_8 =                                                      
fsdb1.log_archive_dest_9 =                                                      
fsdb2.log_archive_dest_9 =                                                      

fsdb1.log_archive_dest_state_1 = enable                                         
fsdb2.log_archive_dest_state_1 = enable                                         
fsdb1.log_archive_dest_state_10 = enable                                        
fsdb2.log_archive_dest_state_10 = enable                                        
fsdb1.log_archive_dest_state_11 = enable                                        
fsdb2.log_archive_dest_state_11 = enable                                        
fsdb1.log_archive_dest_state_12 = enable                                        
fsdb2.log_archive_dest_state_12 = enable                                        
fsdb1.log_archive_dest_state_13 = enable                                        
fsdb2.log_archive_dest_state_13 = enable                                        
fsdb1.log_archive_dest_state_14 = enable                                        
fsdb2.log_archive_dest_state_14 = enable                                        
fsdb1.log_archive_dest_state_15 = enable                                        

fsdb2.log_archive_dest_state_15 = enable                                        
fsdb1.log_archive_dest_state_16 = enable                                        
fsdb2.log_archive_dest_state_16 = enable                                        
fsdb1.log_archive_dest_state_17 = enable                                        
fsdb2.log_archive_dest_state_17 = enable                                        
fsdb1.log_archive_dest_state_18 = enable                                        
fsdb2.log_archive_dest_state_18 = enable                                        
fsdb1.log_archive_dest_state_19 = enable                                        
fsdb2.log_archive_dest_state_19 = enable                                        
fsdb1.log_archive_dest_state_2 = enable                                         
fsdb2.log_archive_dest_state_2 = enable                                         
fsdb1.log_archive_dest_state_20 = enable                                        
fsdb2.log_archive_dest_state_20 = enable                                        

fsdb1.log_archive_dest_state_21 = enable                                        
fsdb2.log_archive_dest_state_21 = enable                                        
fsdb1.log_archive_dest_state_22 = enable                                        
fsdb2.log_archive_dest_state_22 = enable                                        
fsdb1.log_archive_dest_state_23 = enable                                        
fsdb2.log_archive_dest_state_23 = enable                                        
fsdb1.log_archive_dest_state_24 = enable                                        
fsdb2.log_archive_dest_state_24 = enable                                        
fsdb1.log_archive_dest_state_25 = enable                                        
fsdb2.log_archive_dest_state_25 = enable                                        
fsdb1.log_archive_dest_state_26 = enable                                        
fsdb2.log_archive_dest_state_26 = enable                                        
fsdb1.log_archive_dest_state_27 = enable                                        

fsdb2.log_archive_dest_state_27 = enable                                        
fsdb1.log_archive_dest_state_28 = enable                                        
fsdb2.log_archive_dest_state_28 = enable                                        
fsdb1.log_archive_dest_state_29 = enable                                        
fsdb2.log_archive_dest_state_29 = enable                                        
fsdb1.log_archive_dest_state_3 = enable                                         
fsdb2.log_archive_dest_state_3 = enable                                         
fsdb1.log_archive_dest_state_30 = enable                                        
fsdb2.log_archive_dest_state_30 = enable                                        
fsdb1.log_archive_dest_state_31 = enable                                        
fsdb2.log_archive_dest_state_31 = enable                                        
fsdb1.log_archive_dest_state_4 = enable                                         
fsdb2.log_archive_dest_state_4 = enable                                         

fsdb1.log_archive_dest_state_5 = enable                                         
fsdb2.log_archive_dest_state_5 = enable                                         
fsdb1.log_archive_dest_state_6 = enable                                         
fsdb2.log_archive_dest_state_6 = enable                                         
fsdb1.log_archive_dest_state_7 = enable                                         
fsdb2.log_archive_dest_state_7 = enable                                         
fsdb1.log_archive_dest_state_8 = enable                                         
fsdb2.log_archive_dest_state_8 = enable                                         
fsdb1.log_archive_dest_state_9 = enable                                         
fsdb2.log_archive_dest_state_9 = enable                                         
fsdb1.log_archive_duplex_dest =                                                 
fsdb2.log_archive_duplex_dest =                                                 
fsdb1.log_archive_format = %t_%s_%r.dbf                                         

fsdb2.log_archive_format = %t_%s_%r.dbf                                         
fsdb1.log_archive_local_first = TRUE                                            
fsdb2.log_archive_local_first = TRUE                                            
fsdb1.log_archive_max_processes = 4                                             
fsdb2.log_archive_max_processes = 4                                             
fsdb1.log_archive_min_succeed_dest = 1                                          
fsdb2.log_archive_min_succeed_dest = 1                                          
fsdb1.log_archive_start = FALSE                                                 
fsdb2.log_archive_start = FALSE                                                 
fsdb1.log_archive_trace = 0                                                     
fsdb2.log_archive_trace = 0                                                     
fsdb1.log_buffer = 9330688                                                      
fsdb2.log_buffer = 9330688                                                      

fsdb1.log_checkpoint_interval = 0                                               
fsdb2.log_checkpoint_interval = 0                                               
fsdb1.log_checkpoint_timeout = 1800                                             
fsdb2.log_checkpoint_timeout = 1800                                             
fsdb1.log_checkpoints_to_alert = FALSE                                          
fsdb2.log_checkpoints_to_alert = FALSE                                          
fsdb1.log_file_name_convert =                                                   
fsdb2.log_file_name_convert =                                                   
fsdb1.max_dispatchers =                                                         
fsdb2.max_dispatchers =                                                         
fsdb1.max_dump_file_size = unlimited                                            
fsdb2.max_dump_file_size = unlimited                                            
fsdb1.max_enabled_roles = 150                                                   

fsdb2.max_enabled_roles = 150                                                   
fsdb1.max_shared_servers =                                                      
fsdb2.max_shared_servers =                                                      
fsdb1.memory_max_target = 8589934592                                            
fsdb2.memory_max_target = 8589934592                                            
fsdb1.memory_target = 8589934592                                                
fsdb2.memory_target = 8589934592                                                
fsdb1.nls_calendar =                                                            
fsdb2.nls_calendar =                                                            
fsdb1.nls_comp = BINARY                                                         
fsdb2.nls_comp = BINARY                                                         
fsdb1.nls_currency =                                                            
fsdb2.nls_currency =                                                            

fsdb1.nls_date_format =                                                         
fsdb2.nls_date_format =                                                         
fsdb1.nls_date_language =                                                       
fsdb2.nls_date_language =                                                       
fsdb1.nls_dual_currency =                                                       
fsdb2.nls_dual_currency =                                                       
fsdb1.nls_iso_currency =                                                        
fsdb2.nls_iso_currency =                                                        
fsdb1.nls_language = AMERICAN                                                   
fsdb2.nls_language = AMERICAN                                                   
fsdb1.nls_length_semantics = BYTE                                               
fsdb2.nls_length_semantics = BYTE                                               
fsdb1.nls_nchar_conv_excp = FALSE                                               

fsdb2.nls_nchar_conv_excp = FALSE                                               
fsdb1.nls_numeric_characters =                                                  
fsdb2.nls_numeric_characters =                                                  
fsdb1.nls_sort =                                                                
fsdb2.nls_sort =                                                                
fsdb1.nls_territory = AMERICA                                                   
fsdb2.nls_territory = AMERICA                                                   
fsdb1.nls_time_format =                                                         
fsdb2.nls_time_format =                                                         
fsdb1.nls_time_tz_format =                                                      
fsdb2.nls_time_tz_format =                                                      
fsdb1.nls_timestamp_format =                                                    
fsdb2.nls_timestamp_format =                                                    

fsdb1.nls_timestamp_tz_format =                                                 
fsdb2.nls_timestamp_tz_format =                                                 
fsdb1.object_cache_max_size_percent = 10                                        
fsdb2.object_cache_max_size_percent = 10                                        
fsdb1.object_cache_optimal_size = 102400                                        
fsdb2.object_cache_optimal_size = 102400                                        
fsdb1.olap_page_pool_size = 0                                                   
fsdb2.olap_page_pool_size = 0                                                   
fsdb1.open_cursors = 300                                                        
fsdb2.open_cursors = 300                                                        
fsdb1.open_links = 4                                                            
fsdb2.open_links = 4                                                            
fsdb1.open_links_per_instance = 4                                               

fsdb2.open_links_per_instance = 4                                               
fsdb1.optimizer_capture_sql_plan_baselines = FALSE                              
fsdb2.optimizer_capture_sql_plan_baselines = FALSE                              
fsdb1.optimizer_dynamic_sampling = 2                                            
fsdb2.optimizer_dynamic_sampling = 2                                            
fsdb1.optimizer_features_enable = 11.2.0.2                                      
fsdb2.optimizer_features_enable = 11.2.0.2                                      
fsdb1.optimizer_index_caching = 0                                               
fsdb2.optimizer_index_caching = 0                                               
fsdb1.optimizer_index_cost_adj = 100                                            
fsdb2.optimizer_index_cost_adj = 100                                            
fsdb1.optimizer_mode = ALL_ROWS                                                 
fsdb2.optimizer_mode = ALL_ROWS                                                 

fsdb1.optimizer_secure_view_merging = TRUE                                      
fsdb2.optimizer_secure_view_merging = TRUE                                      
fsdb1.optimizer_use_invisible_indexes = FALSE                                   
fsdb2.optimizer_use_invisible_indexes = FALSE                                   
fsdb1.optimizer_use_pending_statistics = FALSE                                  
fsdb2.optimizer_use_pending_statistics = FALSE                                  
fsdb1.optimizer_use_sql_plan_baselines = TRUE                                   
fsdb2.optimizer_use_sql_plan_baselines = TRUE                                   
fsdb1.os_authent_prefix = ops$                                                  
fsdb2.os_authent_prefix = ops$                                                  
fsdb1.os_roles = FALSE                                                          
fsdb2.os_roles = FALSE                                                          
fsdb1.parallel_adaptive_multi_user = TRUE                                       

fsdb2.parallel_adaptive_multi_user = TRUE                                       
fsdb1.parallel_automatic_tuning = FALSE                                         
fsdb2.parallel_automatic_tuning = FALSE                                         
fsdb1.parallel_degree_limit = CPU                                               
fsdb2.parallel_degree_limit = CPU                                               
fsdb1.parallel_degree_policy = MANUAL                                           
fsdb2.parallel_degree_policy = MANUAL                                           
fsdb1.parallel_execution_message_size = 16384                                   
fsdb2.parallel_execution_message_size = 16384                                   
fsdb1.parallel_force_local = FALSE                                              
fsdb2.parallel_force_local = FALSE                                              
fsdb1.parallel_instance_group =                                                 
fsdb2.parallel_instance_group =                                                 

fsdb1.parallel_io_cap_enabled = FALSE                                           
fsdb2.parallel_io_cap_enabled = FALSE                                           
fsdb1.parallel_max_servers = 485                                                
fsdb2.parallel_max_servers = 485                                                
fsdb1.parallel_min_percent = 0                                                  
fsdb2.parallel_min_percent = 0                                                  
fsdb1.parallel_min_servers = 0                                                  
fsdb2.parallel_min_servers = 0                                                  
fsdb1.parallel_min_time_threshold = AUTO                                        
fsdb2.parallel_min_time_threshold = AUTO                                        
fsdb1.parallel_server = TRUE                                                    
fsdb2.parallel_server = TRUE                                                    
fsdb1.parallel_server_instances = 2                                             

fsdb2.parallel_server_instances = 2                                             
fsdb1.parallel_servers_target = 384                                             
fsdb2.parallel_servers_target = 384                                             
fsdb1.parallel_threads_per_cpu = 2                                              
fsdb2.parallel_threads_per_cpu = 2                                              
fsdb1.permit_92_wrap_format = TRUE                                              
fsdb2.permit_92_wrap_format = TRUE                                              
fsdb1.pga_aggregate_target = 0                                                  
fsdb2.pga_aggregate_target = 0                                                  
fsdb1.plscope_settings = IDENTIFIERS:NONE                                       
fsdb2.plscope_settings = IDENTIFIERS:NONE                                       
fsdb1.plsql_ccflags =                                                           
fsdb2.plsql_ccflags =                                                           

fsdb1.plsql_code_type = INTERPRETED                                             
fsdb2.plsql_code_type = INTERPRETED                                             
fsdb1.plsql_debug = FALSE                                                       
fsdb2.plsql_debug = FALSE                                                       
fsdb1.plsql_optimize_level = 2                                                  
fsdb2.plsql_optimize_level = 2                                                  
fsdb1.plsql_v2_compatibility = FALSE                                            
fsdb2.plsql_v2_compatibility = FALSE                                            
fsdb1.plsql_warnings = DISABLE:ALL                                              
fsdb2.plsql_warnings = DISABLE:ALL                                              
fsdb1.pre_page_sga = FALSE                                                      
fsdb2.pre_page_sga = FALSE                                                      
fsdb1.processes = 500                                                           

fsdb2.processes = 500                                                           
fsdb1.processor_group_name =                                                    
fsdb2.processor_group_name =                                                    
fsdb1.query_rewrite_enabled = TRUE                                              
fsdb2.query_rewrite_enabled = TRUE                                              
fsdb1.query_rewrite_integrity = enforced                                        
fsdb2.query_rewrite_integrity = enforced                                        
fsdb1.rdbms_server_dn =                                                         
fsdb2.rdbms_server_dn =                                                         
fsdb1.read_only_open_delayed = FALSE                                            
fsdb2.read_only_open_delayed = FALSE                                            
fsdb1.recovery_parallelism = 0                                                  
fsdb2.recovery_parallelism = 0                                                  

fsdb1.recyclebin = on                                                           
fsdb2.recyclebin = on                                                           
fsdb1.redo_transport_user =                                                     
fsdb2.redo_transport_user =                                                     
fsdb1.remote_dependencies_mode = TIMESTAMP                                      
fsdb2.remote_dependencies_mode = TIMESTAMP                                      
fsdb1.remote_listener = dm01-scan:1521                                          
fsdb2.remote_listener = dm01-scan:1521                                          
fsdb1.remote_login_passwordfile = EXCLUSIVE                                     
fsdb2.remote_login_passwordfile = EXCLUSIVE                                     
fsdb1.remote_os_authent = FALSE                                                 
fsdb2.remote_os_authent = FALSE                                                 
fsdb1.remote_os_roles = FALSE                                                   

fsdb2.remote_os_roles = FALSE                                                   
fsdb1.replication_dependency_tracking = TRUE                                    
fsdb2.replication_dependency_tracking = TRUE                                    
fsdb1.resource_limit = FALSE                                                    
fsdb2.resource_limit = FALSE                                                    
fsdb1.resource_manager_cpu_allocation = 24                                      
fsdb2.resource_manager_cpu_allocation = 24                                      
fsdb1.resource_manager_plan =                                                   
fsdb2.resource_manager_plan =                                                   
fsdb1.result_cache_max_result = 5                                               
fsdb2.result_cache_max_result = 5                                               
fsdb1.result_cache_max_size = 21495808                                          
fsdb2.result_cache_max_size = 21495808                                          

fsdb1.result_cache_mode = MANUAL                                                
fsdb2.result_cache_mode = MANUAL                                                
fsdb1.result_cache_remote_expiration = 0                                        
fsdb2.result_cache_remote_expiration = 0                                        
fsdb1.resumable_timeout = 0                                                     
fsdb2.resumable_timeout = 0                                                     
fsdb1.rollback_segments =                                                       
fsdb2.rollback_segments =                                                       
fsdb1.sec_case_sensitive_logon = TRUE                                           
fsdb2.sec_case_sensitive_logon = TRUE                                           
fsdb1.sec_max_failed_login_attempts = 10                                        
fsdb2.sec_max_failed_login_attempts = 10                                        
fsdb1.sec_protocol_error_further_action = CONTINUE                              

fsdb2.sec_protocol_error_further_action = CONTINUE                              
fsdb1.sec_protocol_error_trace_action = TRACE                                   
fsdb2.sec_protocol_error_trace_action = TRACE                                   
fsdb1.sec_return_server_release_banner = FALSE                                  
fsdb2.sec_return_server_release_banner = FALSE                                  
fsdb1.serial_reuse = disable                                                    
fsdb2.serial_reuse = disable                                                    
fsdb1.service_names = fsdb                                                      
fsdb2.service_names = fsdb                                                      
fsdb1.session_cached_cursors = 50                                               
fsdb2.session_cached_cursors = 50                                               
fsdb1.session_max_open_files = 10                                               
fsdb2.session_max_open_files = 10                                               

fsdb1.sessions = 792                                                            
fsdb2.sessions = 792                                                            
fsdb1.sga_max_size = 8589934592                                                 
fsdb2.sga_max_size = 8589934592                                                 
fsdb1.sga_target = 0                                                            
fsdb2.sga_target = 0                                                            
fsdb1.shadow_core_dump = partial                                                
fsdb2.shadow_core_dump = partial                                                
fsdb1.shared_memory_address = 0                                                 
fsdb2.shared_memory_address = 0                                                 
fsdb1.shared_pool_reserved_size = 166094438                                     
fsdb2.shared_pool_reserved_size = 123312537                                     
fsdb1.shared_pool_size = 0                                                      

fsdb2.shared_pool_size = 0                                                      
fsdb1.shared_server_sessions =                                                  
fsdb2.shared_server_sessions =                                                  
fsdb1.shared_servers = 1                                                        
fsdb2.shared_servers = 1                                                        
fsdb1.skip_unusable_indexes = TRUE                                              
fsdb2.skip_unusable_indexes = TRUE                                              
fsdb1.smtp_out_server =                                                         
fsdb2.smtp_out_server =                                                         
fsdb1.sort_area_retained_size = 0                                               
fsdb2.sort_area_retained_size = 0                                               
fsdb1.sort_area_size = 65536                                                    
fsdb2.sort_area_size = 65536                                                    

fsdb1.spfile = +DBFS_DG/fsdb/spfilefsdb.ora                                     
fsdb2.spfile = +DBFS_DG/fsdb/spfilefsdb.ora                                     
fsdb1.sql92_security = FALSE                                                    
fsdb2.sql92_security = FALSE                                                    
fsdb1.sql_trace = FALSE                                                         
fsdb2.sql_trace = FALSE                                                         
fsdb1.sqltune_category = DEFAULT                                                
fsdb2.sqltune_category = DEFAULT                                                
fsdb1.standby_archive_dest = ?/dbs/arch                                         
fsdb2.standby_archive_dest = ?/dbs/arch                                         
fsdb1.standby_file_management = MANUAL                                          
fsdb2.standby_file_management = MANUAL                                          
fsdb1.star_transformation_enabled = FALSE                                       

fsdb2.star_transformation_enabled = FALSE                                       
fsdb1.statistics_level = TYPICAL                                                
fsdb2.statistics_level = TYPICAL                                                
fsdb1.streams_pool_size = 0                                                     
fsdb2.streams_pool_size = 0                                                     
fsdb1.tape_asynch_io = TRUE                                                     
fsdb2.tape_asynch_io = TRUE                                                     
fsdb1.thread = 1                                                                
fsdb2.thread = 2                                                                
fsdb1.timed_os_statistics = 0                                                   
fsdb2.timed_os_statistics = 0                                                   
fsdb1.timed_statistics = TRUE                                                   
fsdb2.timed_statistics = TRUE                                                   

fsdb1.trace_enabled = TRUE                                                      
fsdb2.trace_enabled = TRUE                                                      
fsdb1.tracefile_identifier =                                                    
fsdb2.tracefile_identifier =                                                    
fsdb1.transactions = 871                                                        
fsdb2.transactions = 871                                                        
fsdb1.transactions_per_rollback_segment = 5                                     
fsdb2.transactions_per_rollback_segment = 5                                     
fsdb1.undo_management = AUTO                                                    
fsdb2.undo_management = AUTO                                                    
fsdb1.undo_retention = 900                                                      
fsdb2.undo_retention = 900                                                      
fsdb1.undo_tablespace = UNDOTBS1                                                

fsdb2.undo_tablespace = UNDOTBS2                                                
fsdb1.use_indirect_data_buffers = FALSE                                         
fsdb2.use_indirect_data_buffers = FALSE                                         
fsdb1.use_large_pages = TRUE                                                    
fsdb2.use_large_pages = TRUE                                                    
fsdb1.user_dump_dest = /u01/app/oracle/diag/rdbms/fsdb/fsdb1/trace              
fsdb2.user_dump_dest = /u01/app/oracle/diag/rdbms/fsdb/fsdb2/trace              
fsdb1.utl_file_dir =                                                            
fsdb2.utl_file_dir =                                                            
fsdb1.workarea_size_policy = AUTO                                               
fsdb2.workarea_size_policy = AUTO                                               
fsdb1.xml_db_events = enable                                                    
fsdb2.xml_db_events = enable                                                    
