
ccbs1.O7_DICTIONARY_ACCESSIBILITY = FALSE                                       
ccbs2.O7_DICTIONARY_ACCESSIBILITY = FALSE                                       
ccbs1.active_instance_count =                                                   
ccbs2.active_instance_count =                                                   
ccbs1.aq_tm_processes = 0                                                       
ccbs2.aq_tm_processes = 0                                                       
ccbs1.archive_lag_target = 0                                                    
ccbs2.archive_lag_target = 0                                                    
ccbs1.asm_diskgroups =                                                          
ccbs2.asm_diskgroups =                                                          
ccbs1.asm_diskstring =                                                          
ccbs2.asm_diskstring =                                                          
ccbs1.asm_power_limit = 1                                                       

ccbs2.asm_power_limit = 1                                                       
ccbs1.asm_preferred_read_failure_groups =                                       
ccbs2.asm_preferred_read_failure_groups =                                       
ccbs1.audit_file_dest = /u01/app/oracle/admin/ccbs/adump                        
ccbs2.audit_file_dest = /u01/app/oracle/admin/ccbs/adump                        
ccbs1.audit_sys_operations = FALSE                                              
ccbs2.audit_sys_operations = FALSE                                              
ccbs1.audit_syslog_level =                                                      
ccbs2.audit_syslog_level =                                                      
ccbs1.audit_trail = DB_EXTENDED                                                 
ccbs2.audit_trail = DB_EXTENDED                                                 
ccbs1.background_core_dump = partial                                            
ccbs2.background_core_dump = partial                                            

ccbs1.background_dump_dest = /u01/app/oracle/diag/rdbms/ccbs/ccbs1/trace        
ccbs2.background_dump_dest = /u01/app/oracle/diag/rdbms/ccbs/ccbs2/trace        
ccbs1.backup_tape_io_slaves = FALSE                                             
ccbs2.backup_tape_io_slaves = FALSE                                             
ccbs1.bitmap_merge_area_size = 1048576                                          
ccbs2.bitmap_merge_area_size = 1048576                                          
ccbs1.blank_trimming = FALSE                                                    
ccbs2.blank_trimming = FALSE                                                    
ccbs1.buffer_pool_keep =                                                        
ccbs2.buffer_pool_keep =                                                        
ccbs1.buffer_pool_recycle =                                                     
ccbs2.buffer_pool_recycle =                                                     
ccbs1.cell_offload_compaction = ADAPTIVE                                        

ccbs2.cell_offload_compaction = ADAPTIVE                                        
ccbs1.cell_offload_decryption = TRUE                                            
ccbs2.cell_offload_decryption = TRUE                                            
ccbs1.cell_offload_parameters =                                                 
ccbs2.cell_offload_parameters =                                                 
ccbs1.cell_offload_plan_display = AUTO                                          
ccbs2.cell_offload_plan_display = AUTO                                          
ccbs1.cell_offload_processing = TRUE                                            
ccbs2.cell_offload_processing = TRUE                                            
ccbs1.circuits =                                                                
ccbs2.circuits =                                                                
ccbs1.client_result_cache_lag = 3000                                            
ccbs2.client_result_cache_lag = 3000                                            

ccbs1.client_result_cache_size = 0                                              
ccbs2.client_result_cache_size = 0                                              
ccbs1.cluster_database = TRUE                                                   
ccbs2.cluster_database = TRUE                                                   
ccbs1.cluster_database_instances = 2                                            
ccbs2.cluster_database_instances = 2                                            
ccbs1.cluster_interconnects =                                                   
ccbs2.cluster_interconnects =                                                   
ccbs1.commit_logging =                                                          
ccbs2.commit_logging =                                                          
ccbs1.commit_point_strength = 1                                                 
ccbs2.commit_point_strength = 1                                                 
ccbs1.commit_wait =                                                             

ccbs2.commit_wait =                                                             
ccbs1.commit_write =                                                            
ccbs2.commit_write =                                                            
ccbs1.compatible = 11.2.0.2.0                                                   
ccbs2.compatible = 11.2.0.2.0                                                   
ccbs1.control_file_record_keep_time = 7                                         
ccbs2.control_file_record_keep_time = 7                                         
ccbs1.control_files = +DATA/ccbs/controlfile/current.256.772710779, +DATA/ccbs/c
ontrolfile/current.262.772710779                                                
                                                                                
ccbs2.control_files = +DATA/ccbs/controlfile/current.256.772710779, +DATA/ccbs/c
ontrolfile/current.262.772710779                                                
                                                                                

ccbs1.control_management_pack_access = DIAGNOSTIC+TUNING                        
ccbs2.control_management_pack_access = DIAGNOSTIC+TUNING                        
ccbs1.core_dump_dest = /u01/app/oracle/diag/rdbms/ccbs/ccbs1/cdump              
ccbs2.core_dump_dest = /u01/app/oracle/diag/rdbms/ccbs/ccbs2/cdump              
ccbs1.cpu_count = 24                                                            
ccbs2.cpu_count = 24                                                            
ccbs1.create_bitmap_area_size = 8388608                                         
ccbs2.create_bitmap_area_size = 8388608                                         
ccbs1.create_stored_outlines =                                                  
ccbs2.create_stored_outlines =                                                  
ccbs1.cursor_bind_capture_destination = memory+disk                             
ccbs2.cursor_bind_capture_destination = memory+disk                             
ccbs1.cursor_sharing = EXACT                                                    

ccbs2.cursor_sharing = EXACT                                                    
ccbs1.cursor_space_for_time = FALSE                                             
ccbs2.cursor_space_for_time = FALSE                                             
ccbs1.db_16k_cache_size = 0                                                     
ccbs2.db_16k_cache_size = 0                                                     
ccbs1.db_2k_cache_size = 0                                                      
ccbs2.db_2k_cache_size = 0                                                      
ccbs1.db_32k_cache_size = 0                                                     
ccbs2.db_32k_cache_size = 0                                                     
ccbs1.db_4k_cache_size = 0                                                      
ccbs2.db_4k_cache_size = 0                                                      
ccbs1.db_8k_cache_size = 0                                                      
ccbs2.db_8k_cache_size = 0                                                      

ccbs1.db_block_buffers = 0                                                      
ccbs2.db_block_buffers = 0                                                      
ccbs1.db_block_checking = OFF                                                   
ccbs2.db_block_checking = OFF                                                   
ccbs1.db_block_checksum = typical                                               
ccbs2.db_block_checksum = typical                                               
ccbs1.db_block_size = 8192                                                      
ccbs2.db_block_size = 8192                                                      
ccbs1.db_cache_advice = ON                                                      
ccbs2.db_cache_advice = ON                                                      
ccbs1.db_cache_size = 0                                                         
ccbs2.db_cache_size = 0                                                         
ccbs1.db_create_file_dest = +DATA                                               

ccbs2.db_create_file_dest = +DATA                                               
ccbs1.db_create_online_log_dest_1 = +DATA                                       
ccbs2.db_create_online_log_dest_1 = +DATA                                       
ccbs1.db_create_online_log_dest_2 = +DATA                                       
ccbs2.db_create_online_log_dest_2 = +DATA                                       
ccbs1.db_create_online_log_dest_3 =                                             
ccbs2.db_create_online_log_dest_3 =                                             
ccbs1.db_create_online_log_dest_4 =                                             
ccbs2.db_create_online_log_dest_4 =                                             
ccbs1.db_create_online_log_dest_5 =                                             
ccbs2.db_create_online_log_dest_5 =                                             
ccbs1.db_domain =                                                               
ccbs2.db_domain =                                                               

ccbs1.db_file_multiblock_read_count = 128                                       
ccbs2.db_file_multiblock_read_count = 128                                       
ccbs1.db_file_name_convert =                                                    
ccbs2.db_file_name_convert =                                                    
ccbs1.db_files = 2000                                                           
ccbs2.db_files = 2000                                                           
ccbs1.db_flash_cache_file =                                                     
ccbs2.db_flash_cache_file =                                                     
ccbs1.db_flash_cache_size = 0                                                   
ccbs2.db_flash_cache_size = 0                                                   
ccbs1.db_flashback_retention_target = 1440                                      
ccbs2.db_flashback_retention_target = 1440                                      
ccbs1.db_keep_cache_size = 0                                                    

ccbs2.db_keep_cache_size = 0                                                    
ccbs1.db_lost_write_protect = typical                                           
ccbs2.db_lost_write_protect = typical                                           
ccbs1.db_name = ccbs                                                            
ccbs2.db_name = ccbs                                                            
ccbs1.db_recovery_file_dest =                                                   
ccbs2.db_recovery_file_dest =                                                   
ccbs1.db_recovery_file_dest_size = 0                                            
ccbs2.db_recovery_file_dest_size = 0                                            
ccbs1.db_recycle_cache_size = 0                                                 
ccbs2.db_recycle_cache_size = 0                                                 
ccbs1.db_securefile = PERMITTED                                                 
ccbs2.db_securefile = PERMITTED                                                 

ccbs1.db_ultra_safe = OFF                                                       
ccbs2.db_ultra_safe = OFF                                                       
ccbs1.db_unique_name = ccbs                                                     
ccbs2.db_unique_name = ccbs                                                     
ccbs1.db_unrecoverable_scn_tracking = TRUE                                      
ccbs2.db_unrecoverable_scn_tracking = TRUE                                      
ccbs1.db_writer_processes = 3                                                   
ccbs2.db_writer_processes = 3                                                   
ccbs1.dbwr_io_slaves = 0                                                        
ccbs2.dbwr_io_slaves = 0                                                        
ccbs1.ddl_lock_timeout = 0                                                      
ccbs2.ddl_lock_timeout = 0                                                      
ccbs1.deferred_segment_creation = TRUE                                          

ccbs2.deferred_segment_creation = TRUE                                          
ccbs1.dg_broker_config_file1 = /u01/app/oracle/product/11.2.0.2/dbhome_1/dbs/dr1
ccbs.dat                                                                        
                                                                                
ccbs2.dg_broker_config_file1 = /u01/app/oracle/product/11.2.0.2/dbhome_1/dbs/dr1
ccbs.dat                                                                        
                                                                                
ccbs1.dg_broker_config_file2 = /u01/app/oracle/product/11.2.0.2/dbhome_1/dbs/dr2
ccbs.dat                                                                        
                                                                                
ccbs2.dg_broker_config_file2 = /u01/app/oracle/product/11.2.0.2/dbhome_1/dbs/dr2
ccbs.dat                                                                        
                                                                                

ccbs1.dg_broker_start = FALSE                                                   
ccbs2.dg_broker_start = FALSE                                                   
ccbs1.diagnostic_dest = /u01/app/oracle                                         
ccbs2.diagnostic_dest = /u01/app/oracle                                         
ccbs1.disk_asynch_io = TRUE                                                     
ccbs2.disk_asynch_io = TRUE                                                     
ccbs1.dispatchers =                                                             
ccbs2.dispatchers =                                                             
ccbs1.distributed_lock_timeout = 60                                             
ccbs2.distributed_lock_timeout = 60                                             
ccbs1.dml_locks = 6864                                                          
ccbs2.dml_locks = 6864                                                          
ccbs1.dst_upgrade_insert_conv = TRUE                                            

ccbs2.dst_upgrade_insert_conv = TRUE                                            
ccbs1.enable_ddl_logging = FALSE                                                
ccbs2.enable_ddl_logging = FALSE                                                
ccbs1.event =                                                                   
ccbs2.event =                                                                   
ccbs1.fal_client = ccbs                                                         
ccbs2.fal_client = ccbs                                                         
ccbs1.fal_server = stbyccbs                                                     
ccbs2.fal_server = stbyccbs                                                     
ccbs1.fast_start_io_target = 0                                                  
ccbs2.fast_start_io_target = 0                                                  
ccbs1.fast_start_mttr_target = 0                                                
ccbs2.fast_start_mttr_target = 0                                                

ccbs1.fast_start_parallel_rollback = LOW                                        
ccbs2.fast_start_parallel_rollback = LOW                                        
ccbs1.file_mapping = FALSE                                                      
ccbs2.file_mapping = FALSE                                                      
ccbs1.fileio_network_adapters =                                                 
ccbs2.fileio_network_adapters =                                                 
ccbs1.filesystemio_options = none                                               
ccbs2.filesystemio_options = none                                               
ccbs1.fixed_date =                                                              
ccbs2.fixed_date =                                                              
ccbs1.gcs_server_processes = 2                                                  
ccbs2.gcs_server_processes = 2                                                  
ccbs1.global_context_pool_size =                                                

ccbs2.global_context_pool_size =                                                
ccbs1.global_names = FALSE                                                      
ccbs2.global_names = FALSE                                                      
ccbs1.global_txn_processes = 1                                                  
ccbs2.global_txn_processes = 1                                                  
ccbs1.hash_area_size = 131072                                                   
ccbs2.hash_area_size = 131072                                                   
ccbs1.hi_shared_memory_address = 0                                              
ccbs2.hi_shared_memory_address = 0                                              
ccbs1.hs_autoregister = TRUE                                                    
ccbs2.hs_autoregister = TRUE                                                    
ccbs1.ifile =                                                                   
ccbs2.ifile =                                                                   

ccbs1.instance_groups =                                                         
ccbs2.instance_groups =                                                         
ccbs1.instance_name = ccbs1                                                     
ccbs2.instance_name = ccbs2                                                     
ccbs1.instance_number = 1                                                       
ccbs2.instance_number = 2                                                       
ccbs1.instance_type = RDBMS                                                     
ccbs2.instance_type = RDBMS                                                     
ccbs1.java_jit_enabled = TRUE                                                   
ccbs2.java_jit_enabled = TRUE                                                   
ccbs1.java_max_sessionspace_size = 0                                            
ccbs2.java_max_sessionspace_size = 0                                            
ccbs1.java_pool_size = 0                                                        

ccbs2.java_pool_size = 0                                                        
ccbs1.java_soft_sessionspace_limit = 0                                          
ccbs2.java_soft_sessionspace_limit = 0                                          
ccbs1.job_queue_processes = 1000                                                
ccbs2.job_queue_processes = 1000                                                
ccbs1.large_pool_size = 0                                                       
ccbs2.large_pool_size = 0                                                       
ccbs1.ldap_directory_access = NONE                                              
ccbs2.ldap_directory_access = NONE                                              
ccbs1.ldap_directory_sysauth = no                                               
ccbs2.ldap_directory_sysauth = no                                               
ccbs1.license_max_sessions = 0                                                  
ccbs2.license_max_sessions = 0                                                  

ccbs1.license_max_users = 0                                                     
ccbs2.license_max_users = 0                                                     
ccbs1.license_sessions_warning = 0                                              
ccbs2.license_sessions_warning = 0                                              
ccbs1.listener_networks =                                                       
ccbs2.listener_networks =                                                       
ccbs1.local_listener = (DESCRIPTION=(ADDRESS_LIST=(ADDRESS=(PROTOCOL=TCP)(HOST=1
0.70.52.62)(PORT=1521))))                                                       
                                                                                
ccbs2.local_listener = (DESCRIPTION=(ADDRESS_LIST=(ADDRESS=(PROTOCOL=TCP)(HOST=1
0.70.52.63)(PORT=1521))))                                                       
                                                                                
ccbs1.lock_name_space =                                                         

ccbs2.lock_name_space =                                                         
ccbs1.lock_sga = FALSE                                                          
ccbs2.lock_sga = FALSE                                                          
ccbs1.log_archive_config =                                                      
ccbs2.log_archive_config =                                                      
ccbs1.log_archive_dest =                                                        
ccbs2.log_archive_dest =                                                        
ccbs1.log_archive_dest_1 = LOCATION=+RECO                                       
ccbs2.log_archive_dest_1 = LOCATION=+RECO                                       
ccbs1.log_archive_dest_10 =                                                     
ccbs2.log_archive_dest_10 =                                                     
ccbs1.log_archive_dest_11 =                                                     
ccbs2.log_archive_dest_11 =                                                     

ccbs1.log_archive_dest_12 =                                                     
ccbs2.log_archive_dest_12 =                                                     
ccbs1.log_archive_dest_13 =                                                     
ccbs2.log_archive_dest_13 =                                                     
ccbs1.log_archive_dest_14 =                                                     
ccbs2.log_archive_dest_14 =                                                     
ccbs1.log_archive_dest_15 =                                                     
ccbs2.log_archive_dest_15 =                                                     
ccbs1.log_archive_dest_16 =                                                     
ccbs2.log_archive_dest_16 =                                                     
ccbs1.log_archive_dest_17 =                                                     
ccbs2.log_archive_dest_17 =                                                     
ccbs1.log_archive_dest_18 =                                                     

ccbs2.log_archive_dest_18 =                                                     
ccbs1.log_archive_dest_19 =                                                     
ccbs2.log_archive_dest_19 =                                                     
ccbs1.log_archive_dest_2 =                                                      
ccbs2.log_archive_dest_2 =                                                      
ccbs1.log_archive_dest_20 =                                                     
ccbs2.log_archive_dest_20 =                                                     
ccbs1.log_archive_dest_21 =                                                     
ccbs2.log_archive_dest_21 =                                                     
ccbs1.log_archive_dest_22 =                                                     
ccbs2.log_archive_dest_22 =                                                     
ccbs1.log_archive_dest_23 =                                                     
ccbs2.log_archive_dest_23 =                                                     

ccbs1.log_archive_dest_24 =                                                     
ccbs2.log_archive_dest_24 =                                                     
ccbs1.log_archive_dest_25 =                                                     
ccbs2.log_archive_dest_25 =                                                     
ccbs1.log_archive_dest_26 =                                                     
ccbs2.log_archive_dest_26 =                                                     
ccbs1.log_archive_dest_27 =                                                     
ccbs2.log_archive_dest_27 =                                                     
ccbs1.log_archive_dest_28 =                                                     
ccbs2.log_archive_dest_28 =                                                     
ccbs1.log_archive_dest_29 =                                                     
ccbs2.log_archive_dest_29 =                                                     
ccbs1.log_archive_dest_3 =                                                      

ccbs2.log_archive_dest_3 =                                                      
ccbs1.log_archive_dest_30 =                                                     
ccbs2.log_archive_dest_30 =                                                     
ccbs1.log_archive_dest_31 =                                                     
ccbs2.log_archive_dest_31 =                                                     
ccbs1.log_archive_dest_4 =                                                      
ccbs2.log_archive_dest_4 =                                                      
ccbs1.log_archive_dest_5 =                                                      
ccbs2.log_archive_dest_5 =                                                      
ccbs1.log_archive_dest_6 =                                                      
ccbs2.log_archive_dest_6 =                                                      
ccbs1.log_archive_dest_7 =                                                      
ccbs2.log_archive_dest_7 =                                                      

ccbs1.log_archive_dest_8 =                                                      
ccbs2.log_archive_dest_8 =                                                      
ccbs1.log_archive_dest_9 =                                                      
ccbs2.log_archive_dest_9 =                                                      
ccbs1.log_archive_dest_state_1 = enable                                         
ccbs2.log_archive_dest_state_1 = enable                                         
ccbs1.log_archive_dest_state_10 = enable                                        
ccbs2.log_archive_dest_state_10 = enable                                        
ccbs1.log_archive_dest_state_11 = enable                                        
ccbs2.log_archive_dest_state_11 = enable                                        
ccbs1.log_archive_dest_state_12 = enable                                        
ccbs2.log_archive_dest_state_12 = enable                                        
ccbs1.log_archive_dest_state_13 = enable                                        

ccbs2.log_archive_dest_state_13 = enable                                        
ccbs1.log_archive_dest_state_14 = enable                                        
ccbs2.log_archive_dest_state_14 = enable                                        
ccbs1.log_archive_dest_state_15 = enable                                        
ccbs2.log_archive_dest_state_15 = enable                                        
ccbs1.log_archive_dest_state_16 = enable                                        
ccbs2.log_archive_dest_state_16 = enable                                        
ccbs1.log_archive_dest_state_17 = enable                                        
ccbs2.log_archive_dest_state_17 = enable                                        
ccbs1.log_archive_dest_state_18 = enable                                        
ccbs2.log_archive_dest_state_18 = enable                                        
ccbs1.log_archive_dest_state_19 = enable                                        
ccbs2.log_archive_dest_state_19 = enable                                        

ccbs1.log_archive_dest_state_2 = enable                                         
ccbs2.log_archive_dest_state_2 = enable                                         
ccbs1.log_archive_dest_state_20 = enable                                        
ccbs2.log_archive_dest_state_20 = enable                                        
ccbs1.log_archive_dest_state_21 = enable                                        
ccbs2.log_archive_dest_state_21 = enable                                        
ccbs1.log_archive_dest_state_22 = enable                                        
ccbs2.log_archive_dest_state_22 = enable                                        
ccbs1.log_archive_dest_state_23 = enable                                        
ccbs2.log_archive_dest_state_23 = enable                                        
ccbs1.log_archive_dest_state_24 = enable                                        
ccbs2.log_archive_dest_state_24 = enable                                        
ccbs1.log_archive_dest_state_25 = enable                                        

ccbs2.log_archive_dest_state_25 = enable                                        
ccbs1.log_archive_dest_state_26 = enable                                        
ccbs2.log_archive_dest_state_26 = enable                                        
ccbs1.log_archive_dest_state_27 = enable                                        
ccbs2.log_archive_dest_state_27 = enable                                        
ccbs1.log_archive_dest_state_28 = enable                                        
ccbs2.log_archive_dest_state_28 = enable                                        
ccbs1.log_archive_dest_state_29 = enable                                        
ccbs2.log_archive_dest_state_29 = enable                                        
ccbs1.log_archive_dest_state_3 = enable                                         
ccbs2.log_archive_dest_state_3 = enable                                         
ccbs1.log_archive_dest_state_30 = enable                                        
ccbs2.log_archive_dest_state_30 = enable                                        

ccbs1.log_archive_dest_state_31 = enable                                        
ccbs2.log_archive_dest_state_31 = enable                                        
ccbs1.log_archive_dest_state_4 = enable                                         
ccbs2.log_archive_dest_state_4 = enable                                         
ccbs1.log_archive_dest_state_5 = enable                                         
ccbs2.log_archive_dest_state_5 = enable                                         
ccbs1.log_archive_dest_state_6 = enable                                         
ccbs2.log_archive_dest_state_6 = enable                                         
ccbs1.log_archive_dest_state_7 = enable                                         
ccbs2.log_archive_dest_state_7 = enable                                         
ccbs1.log_archive_dest_state_8 = enable                                         
ccbs2.log_archive_dest_state_8 = enable                                         
ccbs1.log_archive_dest_state_9 = enable                                         

ccbs2.log_archive_dest_state_9 = enable                                         
ccbs1.log_archive_duplex_dest =                                                 
ccbs2.log_archive_duplex_dest =                                                 
ccbs1.log_archive_format = %t_%s_%r.dbf                                         
ccbs2.log_archive_format = %t_%s_%r.dbf                                         
ccbs1.log_archive_local_first = TRUE                                            
ccbs2.log_archive_local_first = TRUE                                            
ccbs1.log_archive_max_processes = 30                                            
ccbs2.log_archive_max_processes = 30                                            
ccbs1.log_archive_min_succeed_dest = 1                                          
ccbs2.log_archive_min_succeed_dest = 1                                          
ccbs1.log_archive_start = FALSE                                                 
ccbs2.log_archive_start = FALSE                                                 

ccbs1.log_archive_trace = 0                                                     
ccbs2.log_archive_trace = 0                                                     
ccbs1.log_buffer = 134217728                                                    
ccbs2.log_buffer = 134217728                                                    
ccbs1.log_checkpoint_interval = 0                                               
ccbs2.log_checkpoint_interval = 0                                               
ccbs1.log_checkpoint_timeout = 1800                                             
ccbs2.log_checkpoint_timeout = 1800                                             
ccbs1.log_checkpoints_to_alert = FALSE                                          
ccbs2.log_checkpoints_to_alert = FALSE                                          
ccbs1.log_file_name_convert =                                                   
ccbs2.log_file_name_convert =                                                   
ccbs1.max_dispatchers =                                                         

ccbs2.max_dispatchers =                                                         
ccbs1.max_dump_file_size = unlimited                                            
ccbs2.max_dump_file_size = unlimited                                            
ccbs1.max_enabled_roles = 150                                                   
ccbs2.max_enabled_roles = 150                                                   
ccbs1.max_shared_servers =                                                      
ccbs2.max_shared_servers =                                                      
ccbs1.memory_max_target = 0                                                     
ccbs2.memory_max_target = 0                                                     
ccbs1.memory_target = 0                                                         
ccbs2.memory_target = 0                                                         
ccbs1.nls_calendar =                                                            
ccbs2.nls_calendar =                                                            

ccbs1.nls_comp = BINARY                                                         
ccbs2.nls_comp = BINARY                                                         
ccbs1.nls_currency =                                                            
ccbs2.nls_currency =                                                            
ccbs1.nls_date_format =                                                         
ccbs2.nls_date_format =                                                         
ccbs1.nls_date_language =                                                       
ccbs2.nls_date_language =                                                       
ccbs1.nls_dual_currency =                                                       
ccbs2.nls_dual_currency =                                                       
ccbs1.nls_iso_currency =                                                        
ccbs2.nls_iso_currency =                                                        
ccbs1.nls_language = AMERICAN                                                   

ccbs2.nls_language = AMERICAN                                                   
ccbs1.nls_length_semantics = BYTE                                               
ccbs2.nls_length_semantics = BYTE                                               
ccbs1.nls_nchar_conv_excp = FALSE                                               
ccbs2.nls_nchar_conv_excp = FALSE                                               
ccbs1.nls_numeric_characters =                                                  
ccbs2.nls_numeric_characters =                                                  
ccbs1.nls_sort =                                                                
ccbs2.nls_sort =                                                                
ccbs1.nls_territory = AMERICA                                                   
ccbs2.nls_territory = AMERICA                                                   
ccbs1.nls_time_format =                                                         
ccbs2.nls_time_format =                                                         

ccbs1.nls_time_tz_format =                                                      
ccbs2.nls_time_tz_format =                                                      
ccbs1.nls_timestamp_format =                                                    
ccbs2.nls_timestamp_format =                                                    
ccbs1.nls_timestamp_tz_format =                                                 
ccbs2.nls_timestamp_tz_format =                                                 
ccbs1.object_cache_max_size_percent = 10                                        
ccbs2.object_cache_max_size_percent = 10                                        
ccbs1.object_cache_optimal_size = 102400                                        
ccbs2.object_cache_optimal_size = 102400                                        
ccbs1.olap_page_pool_size = 0                                                   
ccbs2.olap_page_pool_size = 0                                                   
ccbs1.open_cursors = 3000                                                       

ccbs2.open_cursors = 3000                                                       
ccbs1.open_links = 4                                                            
ccbs2.open_links = 4                                                            
ccbs1.open_links_per_instance = 4                                               
ccbs2.open_links_per_instance = 4                                               
ccbs1.optimizer_capture_sql_plan_baselines = FALSE                              
ccbs2.optimizer_capture_sql_plan_baselines = FALSE                              
ccbs1.optimizer_dynamic_sampling = 2                                            
ccbs2.optimizer_dynamic_sampling = 2                                            
ccbs1.optimizer_features_enable = 11.2.0.2                                      
ccbs2.optimizer_features_enable = 11.2.0.2                                      
ccbs1.optimizer_index_caching = 0                                               
ccbs2.optimizer_index_caching = 0                                               

ccbs1.optimizer_index_cost_adj = 100                                            
ccbs2.optimizer_index_cost_adj = 100                                            
ccbs1.optimizer_mode = ALL_ROWS                                                 
ccbs2.optimizer_mode = ALL_ROWS                                                 
ccbs1.optimizer_secure_view_merging = TRUE                                      
ccbs2.optimizer_secure_view_merging = TRUE                                      
ccbs1.optimizer_use_invisible_indexes = FALSE                                   
ccbs2.optimizer_use_invisible_indexes = FALSE                                   
ccbs1.optimizer_use_pending_statistics = FALSE                                  
ccbs2.optimizer_use_pending_statistics = FALSE                                  
ccbs1.optimizer_use_sql_plan_baselines = TRUE                                   
ccbs2.optimizer_use_sql_plan_baselines = TRUE                                   
ccbs1.os_authent_prefix =                                                       

ccbs2.os_authent_prefix =                                                       
ccbs1.os_roles = FALSE                                                          
ccbs2.os_roles = FALSE                                                          
ccbs1.parallel_adaptive_multi_user = TRUE                                       
ccbs2.parallel_adaptive_multi_user = TRUE                                       
ccbs1.parallel_automatic_tuning = FALSE                                         
ccbs2.parallel_automatic_tuning = FALSE                                         
ccbs1.parallel_degree_limit = CPU                                               
ccbs2.parallel_degree_limit = CPU                                               
ccbs1.parallel_degree_policy = MANUAL                                           
ccbs2.parallel_degree_policy = MANUAL                                           
ccbs1.parallel_execution_message_size = 16384                                   
ccbs2.parallel_execution_message_size = 16384                                   

ccbs1.parallel_force_local = FALSE                                              
ccbs2.parallel_force_local = FALSE                                              
ccbs1.parallel_instance_group =                                                 
ccbs2.parallel_instance_group =                                                 
ccbs1.parallel_io_cap_enabled = FALSE                                           
ccbs2.parallel_io_cap_enabled = FALSE                                           
ccbs1.parallel_max_servers = 960                                                
ccbs2.parallel_max_servers = 960                                                
ccbs1.parallel_min_percent = 0                                                  
ccbs2.parallel_min_percent = 0                                                  
ccbs1.parallel_min_servers = 0                                                  
ccbs2.parallel_min_servers = 0                                                  
ccbs1.parallel_min_time_threshold = AUTO                                        

ccbs2.parallel_min_time_threshold = AUTO                                        
ccbs1.parallel_server = TRUE                                                    
ccbs2.parallel_server = TRUE                                                    
ccbs1.parallel_server_instances = 2                                             
ccbs2.parallel_server_instances = 2                                             
ccbs1.parallel_servers_target = 384                                             
ccbs2.parallel_servers_target = 384                                             
ccbs1.parallel_threads_per_cpu = 2                                              
ccbs2.parallel_threads_per_cpu = 2                                              
ccbs1.permit_92_wrap_format = TRUE                                              
ccbs2.permit_92_wrap_format = TRUE                                              
ccbs1.pga_aggregate_target = 8589934592                                         
ccbs2.pga_aggregate_target = 8589934592                                         

ccbs1.plscope_settings = IDENTIFIERS:NONE                                       
ccbs2.plscope_settings = IDENTIFIERS:NONE                                       
ccbs1.plsql_ccflags =                                                           
ccbs2.plsql_ccflags =                                                           
ccbs1.plsql_code_type = INTERPRETED                                             
ccbs2.plsql_code_type = INTERPRETED                                             
ccbs1.plsql_debug = FALSE                                                       
ccbs2.plsql_debug = FALSE                                                       
ccbs1.plsql_optimize_level = 2                                                  
ccbs2.plsql_optimize_level = 2                                                  
ccbs1.plsql_v2_compatibility = FALSE                                            
ccbs2.plsql_v2_compatibility = FALSE                                            
ccbs1.plsql_warnings = DISABLE:ALL                                              

ccbs2.plsql_warnings = DISABLE:ALL                                              
ccbs1.pre_page_sga = FALSE                                                      
ccbs2.pre_page_sga = FALSE                                                      
ccbs1.processes = 1024                                                          
ccbs2.processes = 1024                                                          
ccbs1.processor_group_name =                                                    
ccbs2.processor_group_name =                                                    
ccbs1.query_rewrite_enabled = TRUE                                              
ccbs2.query_rewrite_enabled = TRUE                                              
ccbs1.query_rewrite_integrity = enforced                                        
ccbs2.query_rewrite_integrity = enforced                                        
ccbs1.rdbms_server_dn =                                                         
ccbs2.rdbms_server_dn =                                                         

ccbs1.read_only_open_delayed = FALSE                                            
ccbs2.read_only_open_delayed = FALSE                                            
ccbs1.recovery_parallelism = 0                                                  
ccbs2.recovery_parallelism = 0                                                  
ccbs1.recyclebin = ON                                                           
ccbs2.recyclebin = ON                                                           
ccbs1.redo_transport_user =                                                     
ccbs2.redo_transport_user =                                                     
ccbs1.remote_dependencies_mode = TIMESTAMP                                      
ccbs2.remote_dependencies_mode = TIMESTAMP                                      
ccbs1.remote_listener = dm01-scan:1521                                          
ccbs2.remote_listener = dm01-scan:1521                                          
ccbs1.remote_login_passwordfile = EXCLUSIVE                                     

ccbs2.remote_login_passwordfile = EXCLUSIVE                                     
ccbs1.remote_os_authent = FALSE                                                 
ccbs2.remote_os_authent = FALSE                                                 
ccbs1.remote_os_roles = FALSE                                                   
ccbs2.remote_os_roles = FALSE                                                   
ccbs1.replication_dependency_tracking = TRUE                                    
ccbs2.replication_dependency_tracking = TRUE                                    
ccbs1.resource_limit = FALSE                                                    
ccbs2.resource_limit = FALSE                                                    
ccbs1.resource_manager_cpu_allocation = 24                                      
ccbs2.resource_manager_cpu_allocation = 24                                      
ccbs1.resource_manager_plan =                                                   
ccbs2.resource_manager_plan =                                                   

ccbs1.result_cache_max_result = 5                                               
ccbs2.result_cache_max_result = 5                                               
ccbs1.result_cache_max_size = 204013568                                         
ccbs2.result_cache_max_size = 204013568                                         
ccbs1.result_cache_mode = MANUAL                                                
ccbs2.result_cache_mode = MANUAL                                                
ccbs1.result_cache_remote_expiration = 0                                        
ccbs2.result_cache_remote_expiration = 0                                        
ccbs1.resumable_timeout = 0                                                     
ccbs2.resumable_timeout = 0                                                     
ccbs1.rollback_segments =                                                       
ccbs2.rollback_segments =                                                       
ccbs1.sec_case_sensitive_logon = FALSE                                          

ccbs2.sec_case_sensitive_logon = FALSE                                          
ccbs1.sec_max_failed_login_attempts = 10                                        
ccbs2.sec_max_failed_login_attempts = 10                                        
ccbs1.sec_protocol_error_further_action = CONTINUE                              
ccbs2.sec_protocol_error_further_action = CONTINUE                              
ccbs1.sec_protocol_error_trace_action = TRACE                                   
ccbs2.sec_protocol_error_trace_action = TRACE                                   
ccbs1.sec_return_server_release_banner = FALSE                                  
ccbs2.sec_return_server_release_banner = FALSE                                  
ccbs1.serial_reuse = disable                                                    
ccbs2.serial_reuse = disable                                                    
ccbs1.service_names = ccbs                                                      
ccbs2.service_names = ccbs                                                      

ccbs1.session_cached_cursors = 50                                               
ccbs2.session_cached_cursors = 50                                               
ccbs1.session_max_open_files = 10                                               
ccbs2.session_max_open_files = 10                                               
ccbs1.sessions = 1560                                                           
ccbs2.sessions = 1560                                                           
ccbs1.sga_max_size = 42949672960                                                
ccbs2.sga_max_size = 42949672960                                                
ccbs1.sga_target = 40802189312                                                  
ccbs2.sga_target = 40802189312                                                  
ccbs1.shadow_core_dump = partial                                                
ccbs2.shadow_core_dump = partial                                                
ccbs1.shared_memory_address = 0                                                 

ccbs2.shared_memory_address = 0                                                 
ccbs1.shared_pool_reserved_size = 1603901849                                    
ccbs2.shared_pool_reserved_size = 1389153484                                    
ccbs1.shared_pool_size = 0                                                      
ccbs2.shared_pool_size = 0                                                      
ccbs1.shared_server_sessions =                                                  
ccbs2.shared_server_sessions =                                                  
ccbs1.shared_servers = 0                                                        
ccbs2.shared_servers = 0                                                        
ccbs1.skip_unusable_indexes = TRUE                                              
ccbs2.skip_unusable_indexes = TRUE                                              
ccbs1.smtp_out_server =                                                         
ccbs2.smtp_out_server =                                                         

ccbs1.sort_area_retained_size = 0                                               
ccbs2.sort_area_retained_size = 0                                               
ccbs1.sort_area_size = 65536                                                    
ccbs2.sort_area_size = 65536                                                    
ccbs1.spfile = /u01/app/oracle/product/11.2.0.2/dbhome_1/dbs/spfileccbs1.ora    
ccbs2.spfile = /u01/app/oracle/product/11.2.0.2/dbhome_1/dbs/spfileccbs2.ora    
ccbs1.sql92_security = TRUE                                                     
ccbs2.sql92_security = TRUE                                                     
ccbs1.sql_trace = FALSE                                                         
ccbs2.sql_trace = FALSE                                                         
ccbs1.sqltune_category = DEFAULT                                                
ccbs2.sqltune_category = DEFAULT                                                
ccbs1.standby_archive_dest = ?/dbs/arch                                         

ccbs2.standby_archive_dest = ?/dbs/arch                                         
ccbs1.standby_file_management = MANUAL                                          
ccbs2.standby_file_management = MANUAL                                          
ccbs1.star_transformation_enabled = FALSE                                       
ccbs2.star_transformation_enabled = FALSE                                       
ccbs1.statistics_level = TYPICAL                                                
ccbs2.statistics_level = TYPICAL                                                
ccbs1.streams_pool_size = 0                                                     
ccbs2.streams_pool_size = 0                                                     
ccbs1.tape_asynch_io = TRUE                                                     
ccbs2.tape_asynch_io = TRUE                                                     
ccbs1.thread = 1                                                                
ccbs2.thread = 2                                                                

ccbs1.timed_os_statistics = 0                                                   
ccbs2.timed_os_statistics = 0                                                   
ccbs1.timed_statistics = TRUE                                                   
ccbs2.timed_statistics = TRUE                                                   
ccbs1.trace_enabled = TRUE                                                      
ccbs2.trace_enabled = TRUE                                                      
ccbs1.tracefile_identifier =                                                    
ccbs2.tracefile_identifier =                                                    
ccbs1.transactions = 1716                                                       
ccbs2.transactions = 1716                                                       
ccbs1.transactions_per_rollback_segment = 5                                     
ccbs2.transactions_per_rollback_segment = 5                                     
ccbs1.undo_management = AUTO                                                    

ccbs2.undo_management = AUTO                                                    
ccbs1.undo_retention = 900                                                      
ccbs2.undo_retention = 900                                                      
ccbs1.undo_tablespace = UNDOTBS1                                                
ccbs2.undo_tablespace = UNDOTBS2                                                
ccbs1.use_indirect_data_buffers = FALSE                                         
ccbs2.use_indirect_data_buffers = FALSE                                         
ccbs1.use_large_pages = TRUE                                                    
ccbs2.use_large_pages = TRUE                                                    
ccbs1.user_dump_dest = /u01/app/oracle/diag/rdbms/ccbs/ccbs1/trace              
ccbs2.user_dump_dest = /u01/app/oracle/diag/rdbms/ccbs/ccbs2/trace              
ccbs1.utl_file_dir =                                                            
ccbs2.utl_file_dir =                                                            

ccbs1.workarea_size_policy = AUTO                                               
ccbs2.workarea_size_policy = AUTO                                               
ccbs1.xml_db_events = enable                                                    
ccbs2.xml_db_events = enable                                                    
