TO REVIEW COLLECTED DATA FOR CCBS FOR VERIFY DATA FILES ARE RECOVERABLE 




         5 14-AUG-13            1.2210E+13                                      
         6 14-AUG-13            1.2210E+13                                      
         7 14-AUG-13            1.2210E+13                                      
         8 14-AUG-13            1.2210E+13                                      
         9 14-AUG-13            1.2210E+13                                      
        10 14-AUG-13            1.2210E+13                                      
        11 12-AUG-13            1.2210E+13                                      
        12 12-AUG-13            1.2210E+13                                      
        13 14-AUG-13            1.2210E+13                                      
        14 14-AUG-13            1.2210E+13                                      
        15 14-AUG-13            1.2210E+13                                      
        16 14-AUG-13            1.2210E+13                                      
        17 14-AUG-13            1.2210E+13                                      

        18 14-AUG-13            1.2210E+13                                      
        19 14-AUG-13            1.2210E+13                                      
        20 14-AUG-13            1.2210E+13                                      
        21 14-AUG-13            1.2210E+13                                      
        22 14-AUG-13            1.2210E+13                                      
        23 14-AUG-13            1.2210E+13                                      
        24 14-AUG-13            1.2210E+13                                      
        25 14-AUG-13            1.2210E+13                                      
        26 14-AUG-13            1.2210E+13                                      
        27 14-AUG-13            1.2210E+13                                      
        28 14-AUG-13            1.2210E+13                                      
        29 14-AUG-13            1.2210E+13                                      
        30 14-AUG-13            1.2210E+13                                      

        31 14-AUG-13            1.2210E+13                                      
        32 14-AUG-13            1.2210E+13                                      
        33 14-AUG-13            1.2210E+13                                      
        34 14-AUG-13            1.2210E+13                                      
        35 14-AUG-13            1.2210E+13                                      
        36 14-AUG-13            1.2210E+13                                      
        37 14-AUG-13            1.2210E+13                                      
        38 14-AUG-13            1.2210E+13                                      
        39 14-AUG-13            1.2210E+13                                      
        40 14-AUG-13            1.2210E+13                                      
        41 14-AUG-13            1.2210E+13                                      
        42 14-AUG-13            1.2210E+13                                      
        43 14-AUG-13            1.2210E+13                                      

        44 14-AUG-13            1.2210E+13                                      
        45 14-AUG-13            1.2210E+13                                      
        46 14-AUG-13            1.2210E+13                                      
        47 14-AUG-13            1.2210E+13                                      
        48 14-AUG-13            1.2210E+13                                      
        49 14-AUG-13            1.2210E+13                                      
        50 14-AUG-13            1.2210E+13                                      
        51 14-AUG-13            1.2210E+13                                      
        52 14-AUG-13            1.2210E+13                                      
        53 14-AUG-13            1.2210E+13                                      
        54 14-AUG-13            1.2210E+13                                      
        55 14-AUG-13            1.2210E+13                                      
        56 14-AUG-13            1.2210E+13                                      

        57 14-AUG-13            1.2210E+13                                      
        58 14-AUG-13            1.2210E+13                                      
        59 12-AUG-13            1.2210E+13                                      
        60 12-AUG-13            1.2210E+13                                      
        62 14-AUG-13            1.2210E+13                                      
        63 14-AUG-13            1.2210E+13                                      
        64 14-AUG-13            1.2210E+13                                      
        65 14-AUG-13            1.2210E+13                                      
        66 14-AUG-13            1.2210E+13                                      
        67 14-AUG-13            1.2210E+13                                      
        68 14-AUG-13            1.2210E+13                                      
        69 14-AUG-13            1.2210E+13                                      
        70 14-AUG-13            1.2210E+13                                      

        71 14-AUG-13            1.2210E+13                                      
        72 14-AUG-13            1.2210E+13                                      
        73 14-AUG-13            1.2210E+13                                      
        74 14-AUG-13            1.2210E+13                                      
        75 14-AUG-13            1.2210E+13                                      
        76 14-AUG-13            1.2210E+13                                      
        77 14-AUG-13            1.2210E+13                                      
        78 14-AUG-13            1.2210E+13                                      
        79 14-AUG-13            1.2210E+13                                      
        80 14-AUG-13            1.2210E+13                                      
        81 14-AUG-13            1.2210E+13                                      
        82 14-AUG-13            1.2210E+13                                      
        83 14-AUG-13            1.2210E+13                                      

        84 14-AUG-13            1.2210E+13                                      
        85 14-AUG-13            1.2210E+13                                      
        86 14-AUG-13            1.2210E+13                                      
        87 14-AUG-13            1.2210E+13                                      
        88 14-AUG-13            1.2210E+13                                      
        89 14-AUG-13            1.2210E+13                                      
        90 14-AUG-13            1.2210E+13                                      
        91 14-AUG-13            1.2210E+13                                      
        92 14-AUG-13            1.2210E+13                                      
        93 14-AUG-13            1.2210E+13                                      
        94 14-AUG-13            1.2210E+13                                      
        95 14-AUG-13            1.2210E+13                                      
        96 14-AUG-13            1.2210E+13                                      

        97 14-AUG-13            1.2210E+13                                      
        98 14-AUG-13            1.2210E+13                                      
        99 14-AUG-13            1.2210E+13                                      
       100 14-AUG-13            1.2210E+13                                      
       101 12-AUG-13            1.2210E+13                                      
       102 14-AUG-13            1.2210E+13                                      
       103 14-AUG-13            1.2210E+13                                      
       104 14-AUG-13            1.2210E+13                                      
