SQL parameter db_block_checksum failed for instance fsdb1 on node dm01db01
SQL parameter db_block_checksum failed for instance fsdb1 on node dm01db01
SQL parameter _kill_diagnostics_timeout failed for instance fsdb1 on node dm01db01
SQL parameter _kill_diagnostics_timeout failed for instance fsdb1 on node dm01db01
SQL parameter _lm_rcvr_hang_allow_time failed for instance fsdb1 on node dm01db01
SQL parameter _lm_rcvr_hang_allow_time failed for instance fsdb1 on node dm01db01
SQL parameter filesystemio_options failed for instance fsdb1 on node dm01db01
SQL parameter filesystemio_options failed for instance fsdb1 on node dm01db01
SQL parameter memory_target failed for instance fsdb1 on node dm01db01
SQL parameter db_lost_write_protect failed for instance fsdb1 on node dm01db01
SQL parameter global_names failed for instance fsdb1 on node dm01db01
SQL parameter global_names failed for instance fsdb1 on node dm01db01
SQL parameter _file_size_increase_increment failed for instance fsdb1 on node dm01db01
SQL parameter _file_size_increase_increment failed for instance fsdb1 on node dm01db01
SQL parameter parallel_adaptive_multi_user failed for instance fsdb1 on node dm01db01
SQL parameter parallel_adaptive_multi_user failed for instance fsdb1 on node dm01db01
SQL parameter parallel_threads_per_cpu failed for instance fsdb1 on node dm01db01
SQL parameter parallel_threads_per_cpu failed for instance fsdb1 on node dm01db01
SQL parameter os_authent_prefix failed for instance fsdb1 on node dm01db01
SQL parameter use_large_pages failed for instance fsdb1 on node dm01db01
SQL parameter use_large_pages failed for instance fsdb1 on node dm01db01
SQL parameter sql92_security failed for instance fsdb1 on node dm01db01
SQL parameter asm_power_limit failed for instance fsdb1 on node dm01db01
SQL parameter asm_power_limit failed for instance fsdb1 on node dm01db01
SQL parameter fast_start_mttr_target failed for instance fsdb1 on node dm01db01
SQL parameter fast_start_mttr_target failed for instance fsdb1 on node dm01db01
SQL parameter shared_servers failed for instance fsdb1 on node dm01db01
SQL parameter log_buffer failed for instance fsdb1 on node dm01db01
SQL parameter db_files failed for instance fsdb1 on node dm01db01
SQL parameter db_files failed for instance fsdb1 on node dm01db01
SQL parameter processes failed for instance fsdb1 on node dm01db01
