9AC3FDBB9F8B8500E040E50A1EC06311|0
9AC68A48CF21EDC9E040E50A1EC040A3|0
9AC6EB87F321A478E040E50A1EC03CC3|0
9AC87E1ABB7BE86FE040E50A1EC06F43|0
9AC6B6B6D3A7A60EE040E50A1EC045FC|0
9AC9A4D5DF063E18E040E50A1EC03F24|0
9AD3948CEED6219DE040E50A1EC030AA|60
dm01sw-ib3|9AD56124DDFE9FCCE040E50A1EC038A6|HOSTNAME
dm01sw-ib2|9AD56124DDFE9FCCE040E50A1EC038A6|HOSTNAME
dm01sw-ib3|9AD59DE0898D0513E040E50A1EC03EEA|driftfile
dm01sw-ib2|9AD59DE0898D0513E040E50A1EC03EEA|driftfile
9AD5CB42E2BF2A36E040E50A1EC043EB|1
9AD7779E9B530D17E040E50A1EC00DF0|65520
dm01sw-ib3|9AD8CC2B50B63DEBE040E50A1EC0529A|1000
dm01sw-ib2|9AD8CC2B50B63DEBE040E50A1EC0529A|1000
dm01sw-ib3|9AD8F72CFE0AC95BE040E50A1EC050D0|ftree
dm01sw-ib2|9AD8F72CFE0AC95BE040E50A1EC050D0|ftree
dm01sw-ib3|9ADA623709086DC5E040E50A1EC0168D|0x03
dm01sw-ib2|9ADA623709086DC5E040E50A1EC0168D|0x03
9ADAA0C21F2AE1AEE040E50A1EC0240F|1
dm01sw-ib3|9ADAAD73FF532FE4E040E50A1EC0284E|TRUE
dm01sw-ib2|9ADAAD73FF532FE4E040E50A1EC0284E|TRUE
dm01sw-ib3|9ADAAF3071391E94E040E50A1EC028AF|5
dm01sw-ib2|9ADAAF3071391E94E040E50A1EC028AF|5
9AEA5B4309122458E040E50A1EC00947|11202
ccbs|9AEC070BC6FA9A45E040E50A1EC062CD|0
fsdb|9AEC070BC6FA9A45E040E50A1EC062CD|1
9B41E3682D5292D8E040E50A1EC00FFF|1
9B7BE87049DE5301E040E50A1EC04F71|0
9B7C05C06FBC302BE040E50A1EC04E95|0123456789XYZ
9B7C298DC1446B2EE040E50A1EC053C2|0
9BB4F7BA3329CC94E040E50A1EC073E9|0
9BB4F7BA332BCC94E040E50A1EC073E9|1
9BB83C959994CEE5E040E50A1EC0094E|rds
9BB841F72906ABD5E040E50A1EC00492|38
9BB8CFEE59ECE60DE040E50A1EC01D04|82
9BCBEBEB695E16D6E040E50A1EC0614E|-1
9BCD247F93D54F4DE040E50A1EC01BC8|0
9BCD777EA3CB8221E040E50A1EC02495|0
9BF405331BEF5B5FE040E50A1EC024D9|0
9DEBED7B8DAB583DE040E50A1EC01BA0|0
9DFE593F0B724CBAE040E50A1EC01F9E|0
9DFF1FC5FDFA1D79E040E50A1EC03858|0
9E004BDDCDECD90EE040E50A1EC06302|0
9EB3D82B8232CFAEE040E50A1EC04D89|131072
9EB72ABADE01FED3E040E50A1EC075AF|131072
9EB7E9577DD69A73E040E50A1EC01AF6|131072
9EB7E9577DD79A73E040E50A1EC01AF6|131072
9EB84272626BFF6EE040E50A1EC02AF3|1
9EB848CDD040ACADE040E50A1EC01840|1
9EB87E6D8E55F76BE040E50A1EC035C6|1
9EB883858764342DE040E50A1EC0359A|1
9EB8B170DA93187EE040E50A1EC03D86|1
9EB8CACD50DCE0A3E040E50A1EC040B8|0
9EC835C8E11ADE5BE040E50A1EC01CA0|active-backup
9EC5F80C2B9A9770E040E50A1EC03A49|1
9EC5FC17F153DA56E040E50A1EC04678|1
9EC5FC17F15CDA56E040E50A1EC04678|1
9EC63D75E700717CE040E50A1EC04D03|s
9EC6C5EEC4CF856DE040E50A1EC06B79|1
9EC6FFF48D30AFF3E040E50A1EC0768E|root
9EC6FFF48D31AFF3E040E50A1EC0768E|1
9EC7304AE678DC2DE040E50A1EC07772|Disabled
ccbs|9EC75B0918B88B4DE040E50A1EC07F4F|58
fsdb|9EC75B0918B88B4DE040E50A1EC07F4F|58
ccbs|9EC7CC606D1AD03AE040E50A1EC013F5|58
fsdb|9EC7CC606D1AD03AE040E50A1EC013F5|58
9EC93C7514BF1512E040E50A1EC048DD|active-backup
9EC87FB8BF2E4ED8E040E50A1EC03015|1
9EC87FB8BF304ED8E040E50A1EC03015|9
9EC9301DBE5F0076E040E50A1EC04ABF|1
9EC9684AE522FA71E040E50A1EC0441B|9
9ECAA32F349F9F29E040E50A1EC06B13|1
9ECAF1A9259BF7E5E040E50A1EC07B1D|1
ccbs|9ECAF1A9259FF7E5E040E50A1EC07B1D|1
fsdb|9ECAF1A9259FF7E5E040E50A1EC07B1D|1
9ECB0B5B2A96B1F6E040E50A1EC00888|1
9ECBA743A4BFA2F1E040E50A1EC01F9B|0
ccbs|9F01B445A03D3166E040E50A1EC0214F|1
fsdb|9F01B445A03D3166E040E50A1EC0214F|1
9F163DD00B10E98EE040E50A1EC012D0|0
9F163DD00B11E98EE040E50A1EC012D0|0
9F18B0509C5191C0E040E50A1EC02BAB|0
9F1C57DCE6908FDFE040E50A1EC043E8|0
9F1CF4AE30141CDFE040E50A1EC05E2D|0
A305FE44B37FEC70E040E50A1EC02B37|0
A30824633516E9C9E040E50A1EC02B26|rds
A4C28178C200A9CBE040E50A1EC00952|0
A4C3C4AF0C0A18DCE040E50A1EC04065|0
AE0776FD5781E091E040E50A1EC0271B|112242
D488CCF320B67B3AE0431EC0E50A5F42|0
A6B5F27DE8C9E335E040E50A1EC05BAB|0
A6B5F27DE8CAE335E040E50A1EC05BAB|0
AA53138B0B7D3B86E040E50A1EC07003|0
ccbs|AA53138B0B7E3B86E040E50A1EC07003|1
fsdb|AA53138B0B7E3B86E040E50A1EC07003|1
ccbs|AA8C83A023362C5EE040E50A1EC0146A|0
fsdb|AA8C83A023362C5EE040E50A1EC0146A|0
ccbs|AA9125A029E40EAFE040E50A1EC0620D|0
fsdb|AA9125A029E40EAFE040E50A1EC0620D|0
AA91ECCE954820DAE040E50A1EC01CFB|0
AA92D5836CABACE5E040E50A1EC06A0F|0
AA92D5836CADACE5E040E50A1EC06A0F|0
AA92D5836CAEACE5E040E50A1EC06A0F|0
ccbs|AAA18D72CD2CABDFE040E50A1EC05848|1
fsdb|AAA18D72CD2CABDFE040E50A1EC05848|1
ccbs|AAA5C9B5CD003D01E040E50A1EC05D0D|1
fsdb|AAA5C9B5CD003D01E040E50A1EC05D0D|0
ccbs|AAA80656B22DB08BE040E50A1EC02222|1
fsdb|AAA80656B22DB08BE040E50A1EC02222|1
AACE397A971608F0E040E50A1EC03350|2
AAD0870AA3E4436EE040E50A1EC03479|1
AAE0E055051159D4E040E50A1EC01124|0
ADF1A64F85C95F6CE040E50A1EC057A6|1
ccbs|AE071F58E61C18F0E040E50A1EC01EA8|1
fsdb|AE071F58E61C18F0E040E50A1EC01EA8|1
AE073DCE49594E35E040E50A1EC02FAE|1
AEA7EA48A0E4F51FE040E50A1EC078F3|1
AF0DA16464235D8EE040E50A1EC07A92|8282
9B7A650681382E8FE040E50A1EC01649|364.75G
AFC0655322082E87E0431EC0E50ADD00|1
AFC0B2487B78314CE0431EC0E50A9E80|0123456789XYZ
dm01sw-ib3|B0A0A6141D1A39CCE0431EC0E50AB237|1332
dm01sw-ib2|B0A0A6141D1A39CCE0431EC0E50AB237|1332
dm01sw-ib3|B0A4363CC03E5EA3E0431EC0E50A3489|1
dm01sw-ib2|B0A4363CC03E5EA3E0431EC0E50A3489|1
B0B22ED1E04418E6E0431EC0E50A2DE3|1
B0B3017BC94455B9E0431EC0E50AAA2A|0
B0B3687F575079F9E0431EC0E50AE277|1
B0B4A0BC085D39D9E0431EC0E50A1ECC|1
B12BD323300C7542E0431EC0E50A15D4|1
B12BD323300D7542E0431EC0E50A15D4|1
B12E0F50BB806477E0431EC0E50A0198|1
B12E4BFE753547ECE0431EC0E50A6404|1
B130812F8D1B2E3DE0431EC0E50A6333|IB_SWITCH
dm01sw-ib3|B81546A46C376C14E0431EC0E50A826D|0
dm01sw-ib2|B81546A46C376C14E0431EC0E50A826D|0
B8197381F9783BD7E0431EC0E50AD83A|0
B81B7B06B22B3D3DE0431EC0E50A29D5|0
B868E7E7D4851B61E0431EC0E50AE948|12
B87BBEA5559A432FE0431EC0E50A8B49|0
B87C953BAEB62A14E0431EC0E50AD695|0
B87DE57786D55B9CE0431EC0E50A5DC6|16
9E01C5EEC7F0067BE040E50A1EC01867|0
dm01sw-ib3|C96103014A3B557BE0431EC0E50A02B2|1332
dm01sw-ib2|C96103014A3B557BE0431EC0E50A02B2|1332
BF275334967679AFE0431EC0E50A1F62|0
BF7816B1B3701824E0431EC0E50A99F0|1
C960AF27704F17F7E0431EC0E50AE493|112242
CB959908DA08427CE0431EC0E50AB096|1
9BF409414D4C9657E040E50A1EC02228|3Optimal
B810C657630E258CE0431EC0E50AA78A|3311
B813230DE78F2831E0431EC0E50AEB90|1005400
CCAD9345F6447E79E0431EC0E50ABC8C|1
D1A3911EA17223ADE0431EC0E50A9213|0
D45FD167691E265FE0431EC0E50A4C68|0
D461326889EE4A3DE0431EC0E50ABE4A|0
D464F7E8C91758EDE0431EC0E50AD3A6|0
B12D2AE8A6016FF8E0431EC0E50A7194|1
dm01sw-ib3|9AD95A48A426E029E040E50A1EC062A1|0
dm01sw-ib2|9AD95A48A426E029E040E50A1EC062A1|0
dm01sw-ib3|9ADA9729FCD46EBBE040E50A1EC02350|1
dm01sw-ib2|9ADA9729FCD46EBBE040E50A1EC02350|1
B0B3687F575279F9E0431EC0E50AE277|1
DC3BC14B8F261D14E04312C0E50A2851|1
DC53A23691D2406AE04312C0E50AEED9|1
DC3BD4490DA02247E04312C0E50A0CB7|0123456789XYZ
DCAADC76F3084B92E04313C0E50A1ED8|0
DCAADC76FAFD4B92E04313C0E50A1ED8|0
DCDAA687991C74C1E04312C0E50AB672|0
DCDB11F4CA7C5701E04313C0E50AB5D3|1
