Audit check # -215@ASM allocation unit size for all disk groups@0@0@PASS =>   All disk groups have allocation unit size set to 4MB
Audit check # -215@ASM disk group compatible.rdbms parameter@0@0@PASS =>   All disk groups have compatible.rdbms parameter set to recommended values
Audit check # -215@ASM Cell smart scan@0@0@PASS =>   All disk groups have CELL.SMART_SCAN_CAPABLE parameter set to true
Audit check # -215@ASM disk group compatible.asm parameter@0@0@PASS =>   All disk groups have compatible.asm parameter set to recommended values
Audit check # -214@Verify the database server InfiniBand network is in "connected" mode.@0@0@PASS =>   Database server InfiniBand network is in "connected" mode.
Audit check # -213@db_block_checksum@TYPICAL@FULL@FAIL=>Database parameter DB_BLOCK_CHECKSUM is NOT set to recommended value on ccbs1 instance
Audit check # -213@db_block_checksum@TYPICAL@FULL@FAIL=>Database parameter DB_BLOCK_CHECKSUM is NOT set to recommended value on fsdb1 instance
Audit check # -212@Verify There Are No Storage Server Memory (ECC) Errors@0@0@PASS =>   No Storage Server Memory (ECC) Errors found.
Audit check # -211@_kill_diagnostics_timeout@60@140@FAIL=>Database parameter _kill_diagnostics_timeout is not set to recommended value on ccbs1 instance
Audit check # -211@_kill_diagnostics_timeout@60@140@FAIL=>Database parameter _kill_diagnostics_timeout is not set to recommended value on fsdb1 instance
Audit check # -210@_lm_rcvr_hang_allow_time@70@140@FAIL=>Database parameter _lm_rcvr_hang_allow_time is NOT set to the recommended value on ccbs1 instance
Audit check # -210@_lm_rcvr_hang_allow_time@70@140@FAIL=>Database parameter _lm_rcvr_hang_allow_time is NOT set to the recommended value on fsdb1 instance
Audit check # -209@Verify Cluster Synchronization Services (CSS) misscount = 60@60@60@PASS =>   CSS misscount is set to the recommended value of 60
Audit check # -208@Infiniband switch HOSTNAME configuration@HOSTNAME@HOSTNAME@PASS =>   HOSTNAME is set in /etc/sysconfig/network on infiniband switch dm01sw-ib3
Audit check # -208@Infiniband switch HOSTNAME configuration@HOSTNAME@HOSTNAME@PASS =>   HOSTNAME is set in /etc/sysconfig/network on infiniband switch dm01sw-ib2
Audit check # -207@Infiniband Switch NTP configuration@driftfile@driftfile@PASS =>   NTP configuration has been changed from default on infiniband switch dm01sw-ib3
Audit check # -207@Infiniband Switch NTP configuration@driftfile@driftfile@PASS =>   NTP configuration has been changed from default on infiniband switch dm01sw-ib2
Audit check # -206@Verify Oracle RAC Databases use RDS Protocol over InfiniBand Network. [Cluster Home]@1@1@PASS =>   Clusterware Home is properly linked with RDS library
Audit check # -205@Verify database server InfiniBand network MTU size is 65520@65520@65520@PASS =>   Database Server InfiniBand network MTU size is 65520
Audit check # -203@Infiniband switch sminfo_polling_timeout configuration@1000@1000@PASS =>   sminfo_polling_timeout is set to recommended value of 1000 on infiniband switch dm01sw-ib3
Audit check # -203@Infiniband switch sminfo_polling_timeout configuration@1000@1000@PASS =>   sminfo_polling_timeout is set to recommended value of 1000 on infiniband switch dm01sw-ib2
Audit check # -202@Infiniband switch routing_engine configuration@ftree@ftree@PASS =>   routing_engine is set to recommended value of ftree on infiniband switch dm01sw-ib3
Audit check # -202@Infiniband switch routing_engine configuration@ftree@ftree@PASS =>   routing_engine is set to recommended value of ftree on infiniband switch dm01sw-ib2
Audit check # -201@Infiniband switch log_flags configuration@0x03@0x03@PASS =>   log_flags is set to recommended value of 0x03 on infiniband switch dm01sw-ib3
Audit check # -201@Infiniband switch log_flags configuration@0x03@0x03@PASS =>   log_flags is set to recommended value of 0x03 on infiniband switch dm01sw-ib2
Audit check # -200@Turn NUMA Off [Operating System]@1@0@PASS =>   NUMA is OFF at operating system level.
Audit check # -199@Infiniband switch controlled_handover configuration@TRUE@TRUE@PASS =>   controlled_handover is set to recommended value of TRUE on infiniband switch dm01sw-ib3
Audit check # -199@Infiniband switch controlled_handover configuration@TRUE@TRUE@PASS =>   controlled_handover is set to recommended value of TRUE on infiniband switch dm01sw-ib2
Audit check # -198@Infiniband switch polling_retry_number configuration@5@5@PASS =>   polling_retry_number is set to recommended value of 5 on infiniband switch dm01sw-ib3
Audit check # -198@Infiniband switch polling_retry_number configuration@5@5@PASS =>   polling_retry_number is set to recommended value of 5 on infiniband switch dm01sw-ib2
Audit check # -197@ASM Version@11202@11202@PASS =>   ASM Version is 11.2.0.2 or higher as expected
Audit check # -196@Locally managed tablespaces@0@0@PASS =>   All tablespaces are locally manged tablespace for ccbs
Audit check # -196@Locally managed tablespaces@0@0@PASS =>   All tablespaces are locally manged tablespace for fsdb
Audit check # -195@High Redundancy Controlfile@0@0@PASS =>   A minimum of two controlfiles are stored in high redundancy diskgroups for ccbs
Audit check # -195@High Redundancy Controlfile@1@0@FAIL=>A minimum of two controlfiles are not stored in high redundancy diskgroups for fsdb
Audit check # -194@RDBMS Version@11202@11202@PASS =>   RDBMS Version is 11.2.0.2 or higher as expected for ccbs
Audit check # -194@RDBMS Version@11202@11202@PASS =>   RDBMS Version is 11.2.0.2 or higher as expected for fsdb
Audit check # -193@RAID controller version on storage servers@1@1@PASS =>   RAID controller version matches on all storage servers
Audit check # -192@Exadata celldisk predictive failures@0@0@PASS =>   No celldisks have status of predictive failure
Audit check # -191@Configure Storage Server alerts to be sent via email@0123456789XYZ@0@FAIL=>Storage Server alerts are not configured to be sent via email
Audit check # -190@Verify storage server disk controllers use writeback cache@0@0@PASS =>   All storage server disk controllers use writeback cache
Audit check # -189@filesystemio_options@NONE@SETALL@WARNING=>filesystemio_options is not set to recommended value on ccbs1 instance
Audit check # -189@filesystemio_options@NONE@SETALL@WARNING=>filesystemio_options is not set to recommended value on fsdb1 instance
Audit check # -188@Verify InfiniBand is the Private Network for Oracle Clusterware Communication@0@0@PASS =>   InfiniBand is the Private Network for Oracle Clusterware Communication
Audit check # -187@Verify Oracle RAC Databases use RDS Protocol over InfiniBand Network. [Database Home]@1@1@PASS =>   Database Home is properly linked with RDS library for /u01/app/oracle/product/11.2.0.2/dbhome_1
Audit check # -186@Verify Oracle RAC Databases use RDS Protocol over InfiniBand Network.@rds@rds@PASS =>   Oracle RAC Communication is using RDS protocol on Infiniband Network for /u01/app/oracle/product/11.2.0.2/dbhome_1
Audit check # -185@Exadata storage server root filesystem free space@38@90@PASS =>   All storage servers meet or exceed root(/) filesystem free space recommendation
Audit check # -184@Free space in root file system@82@90@PASS =>   Free space in root(/) filesystem meets or exceeds recommendation.
Audit check # -183@Verify database server boot device maximum mount count@-1@-1@PASS =>   The database server boot device had "Maximum mount count" equal to "-1"
Audit check # -182@Database server system model number@0@0@PASS =>   System model number is correct
Audit check # -181@Exadata storage server system model number@0@0@PASS =>   All Exadata storage server meet system model number requirement
Audit check # -180@DBM FailGroups@0@0@PASS =>   Correct number of FailGroups per ASM DiskGroup are configured
Audit check # -178@Manage ASM Audit File Directory Growth with cron@0@0@PASS =>   ASM Audit file destination file count <= 100,000
Audit check # -177@Verify RAID Controller Battery Temperature [Database Server]@0@0@PASS =>   RAID controller battery temperature is normal [Database Server]
Audit check # -176@Verify RAID Controller Battery Temperature [Storage Server]@0@0@PASS =>   RAID controller battery temperature is normal [Storage Server]
Audit check # -175@Verify Data Network is Separate from Management Network@0@0@PASS =>   Management network is separate from data network
Audit check # -173@GI shell limits soft nofile@131072@1024@PASS =>   Shell limit soft nofile for GI is configured according to recommendation in /etc/security/limits.conf
Audit check # -172@GI shell limits soft nproc@131072@2047@PASS =>   Shell limit soft nproc for GI is configured according to recommendation
Audit check # -171@GI shell limits hard nofile@131072@65536@PASS =>   Shell limit hard nofile for GI is configured according to recommendation
Audit check # -170@GI shell limits hard nproc@131072@16384@PASS =>   Shell limit hard nproc for GI is configured according to recommendation in /etc/security/limits.conf
Audit check # -169@DB shell limits hard nproc@1@1@PASS =>   Shell limit hard nproc for DB is configured according to recommendation
Audit check # -168@DB shell limits soft nofile@1@1@PASS =>   Shell limit soft nofile for DB is configured according to recommendation
Audit check # -167@DB shell limits hard nofile@1@1@PASS =>   Shell limit hard nofile for DB is configured according to recommendation
Audit check # -166@DB shell limits hard stack@1@1@PASS =>   Shell limit hard stack for DB is configured according to recommendation
Audit check # -165@DB shell limits soft nproc@1@1@PASS =>   Shell limit soft nproc for DB is configured according to recommendation
Audit check # -164@GI shell limits hard stack@0@0@PASS =>   Shell limit hard stack for GI is configured according to recommendation
Audit check # -163@NIC Bonding Mode Public@active-backup@balance-alb@PASS =>   NIC bonding mode is not set to Broadcast(3) for public network
Audit check # -162@User Open File Limit@1@0@PASS =>   Open files limit (ulimit -n) for current user is set to recommended value >= 65536 or unlimited
Audit check # -161@VIP NIC bonding config.@1@1@PASS =>   NIC bonding is configured for public network (VIP)
Audit check # -158@ohasd Log File Ownership@1@1@PASS =>   ohasd Log Ownership is Correct (root root)
Audit check # -157@oradism executable permission@s@s@PASS =>   $ORACLE_HOME/bin/oradism setuid bit is set for /u01/app/oracle/product/11.2.0.2/dbhome_1
Audit check # -156@Interconnect NIC bonding config.@1@1@PASS =>   NIC bonding is configured for interconnect
Audit check # -154@oradism executable ownership@root@root@PASS =>   $ORACLE_HOME/bin/oradism ownership is root for /u01/app/oracle/product/11.2.0.2/dbhome_1
Audit check # -153@crsd/orarootagent_root Log File Ownership@1@1@PASS =>   crsd/orarootagent_root Log Ownership is Correct (root root)
Audit check # -152@SELinux status@Disabled@Enforcing@PASS =>   SELinux is not being Enforced.
Audit check # -151@Number of SCAN listners@3@3@PASS =>   Number of SCAN listeners is equal to the recommended number of 3.
Audit check # -150@AUDSES$ sequence cache size@10000@10000@PASS =>   SYS.AUDSES$ sequence cache size >= 10,000 for ccbs
Audit check # -150@AUDSES$ sequence cache size@10000@10000@PASS =>   SYS.AUDSES$ sequence cache size >= 10,000 for fsdb
Audit check # -149@VKTM priority@58@58@PASS =>   VKTM is running in real time scheduling class for ccbs
Audit check # -149@VKTM priority@58@58@PASS =>   VKTM is running in real time scheduling class for fsdb
Audit check # -147@LMS priority@58@58@PASS =>   LMS is running in real time scheduling class for ccbs
Audit check # -147@LMS priority@58@58@PASS =>   LMS is running in real time scheduling class for fsdb
Audit check # -146@NIC Bonding Mode interconnect@active-backup@broadcast@PASS =>   NIC bonding mode is not set to Broadcast(3) for cluster interconnect
Audit check # -145@GC block lost@0@1@PASS =>   GC blocks lost is not occurring for ccbs
Audit check # -145@GC block lost@0@1@PASS =>   GC blocks lost is not occurring for fsdb
Audit check # -143@CRS HOME env variable@@@PASS =>   ORA_CRS_HOME environment variable is not set
Audit check # -141@OSWatcher status@9@1@PASS =>   OSWatcher is running
Audit check # -140@crsd Log File Ownership@1@1@PASS =>   crsd Log Ownership is Correct (root root)
Audit check # -138@Automatic segment storage management@0@0@PASS =>   All tablespaces are using Automatic segment storage management for ccbs
Audit check # -138@Automatic segment storage management@0@0@PASS =>   All tablespaces are using Automatic segment storage management for fsdb
Audit check # -136@OSWatcher status on storage servers@9@0@PASS =>   OSWatcher is running on all storage servers
Audit check # -135@IDGEN$ sequence cache size@1000@1000@PASS =>   SYS.IDGEN1$ sequence cache size >= 1,000 for ccbs
Audit check # -135@IDGEN$ sequence cache size@1000@1000@PASS =>   SYS.IDGEN1$ sequence cache size >= 1,000 for fsdb
Audit check # -134@Non-routable network for interconnect@1@1@PASS =>   Interconnect is configured on non-routable network addresses
Audit check # -132@NTP with correct setting@1@1@PASS =>   NTP is running with correct setting
Audit check # -130@Remote listener set to scan name@1@1@PASS =>   Remote listener is set to SCAN name for ccbs
Audit check # -130@Remote listener set to scan name@1@1@PASS =>   Remote listener is set to SCAN name for fsdb
Audit check # -129@ohasd/orarootagent_root Log File Ownership@1@1@PASS =>   ohasd/orarootagent_root Log Ownership is Correct (root root)
Audit check # -128@Non-autoextensible data and temp files@107@0@FAIL=>Some data or temp files are not autoextensible for ccbs
Audit check # -128@Non-autoextensible data and temp files@0@0@PASS =>   All data and temporary are autoextensible for fsdb
Audit check # -127@Voting disk status@0@0@PASS =>   All voting disks are online
Audit check # -126@Local listener set to node VIP@1@1@PASS =>   Local listener init parameter is set to local node VIP for ccbs
Audit check # -126@Local listener set to node VIP@1@1@PASS =>   Local listener init parameter is set to local node VIP for fsdb
Audit check # -124@Verify Hardware and Firmware on Database and Storage Servers (CheckHWnFWProfile) [Storage Server]@0@0@PASS =>   Hardware and firmware profile check is successful on all storage servers.
Audit check # -123@Verify Software on Storage Servers (CheckSWProfile.sh)@0@0@PASS =>   Software profile check is successful on all storage servers.
Audit check # -122@Verify Hardware and Firmware on Database and Storage Servers (CheckHWnFWProfile) [Database Server]@0@0@PASS =>   Hardware and firmware profile check is successful. [Database Server]
Audit check # -121@Verify InfiniBand Fabric Topology (verify-topology)@0@0@PASS =>   Verify-topology executes without any errors or warning
Audit check # -120@Infiniband Switch counters on all switches@0@0@PASS =>   InfiniBand network error counters are zero
Audit check # -114@Verify database server disk controllers use writeback cache@0@0@PASS =>   Database server disk controllers use writeback cache
Audit check # -113@Verify Oracle ASM instance use RDS Protocol over InfiniBand Network.@rds@rds@PASS =>   Oracle ASM Communication is using RDS protocol on Infiniband Network
Audit check # -112@Ambient Temperature@0@0@PASS =>   Ambient temperature is within the recommended range
Audit check # -111@Data network is separate from management network on storage server@0@0@PASS =>   Management network is separate from data network on all storage servers
Audit check # -110@Minimum exadata version required for ASR@112242@112131@PASS =>   Exadata software version supports Automatic Service Request functionality
Audit check # -110@Verify database server logical volumes maximum mount count@0@0@PASS =>   All database server logical volumes found had "Maximum mount count" equal to "-1"
Audit check # -109@Verify Disk Cache Policy on Storage Server@0@0@PASS =>   Disk cache policy is set to Disabled on all storage server
Audit check # -108@Verify Disk Cache Policy on database server@0@0@PASS =>   Disk cache policy is set to Disabled on database server
Audit check # -107@memory_target@285212672@1090519040@WARNING=>ASM parameter MEMORY_TARGET is NOT set according to recommended value.
Audit check # -106@db_lost_write_protect@TYPICAL@TYPICAL@PASS =>   Database parameter DB_LOST_WRITE_PROTECT is set to recommended value on ccbs1 instance
Audit check # -106@db_lost_write_protect@NONE@TYPICAL@FAIL=>Database parameter DB_LOST_WRITE_PROTECT is NOT set to recommended value on fsdb1 instance
Audit check # -105@global_names@FALSE@TRUE@FAIL=>Database parameter GLOBAL_NAMES is NOT set to recommended value on ccbs1 instance
Audit check # -105@global_names@FALSE@TRUE@FAIL=>Database parameter GLOBAL_NAMES is NOT set to recommended value on fsdb1 instance
Audit check # -104@_file_size_increase_increment@50M@2044M@FAIL=>Database parameter _file_size_increase_increment is NOT set to the recommended value on ccbs1 instance
Audit check # -104@_file_size_increase_increment@50M@2044M@FAIL=>Database parameter _file_size_increase_increment is NOT set to the recommended value on fsdb1 instance
Audit check # -103@parallel_adaptive_multi_user@TRUE@FALSE@FAIL=>Database parameter PARALLEL_ADAPTIVE_MULTI_USER is NOT set to recommended value on ccbs1 instance
Audit check # -103@parallel_adaptive_multi_user@TRUE@FALSE@FAIL=>Database parameter PARALLEL_ADAPTIVE_MULTI_USER is NOT set to recommended value on fsdb1 instance
Audit check # -102@_enable_NUMA_support@FALSE@FALSE@PASS =>   Database parameter _ENABLE_NUMA_SUPPORT is set to recommended value on ccbs1 instance
Audit check # -102@_enable_NUMA_support@FALSE@FALSE@PASS =>   Database parameter _ENABLE_NUMA_SUPPORT is set to recommended value on fsdb1 instance
Audit check # -101@parallel_threads_per_cpu@2@1@FAIL=>Database parameter PARALLEL_THREADS_PER_CPU is NOT set to recommended value on ccbs1 instance
Audit check # -101@parallel_threads_per_cpu@2@1@FAIL=>Database parameter PARALLEL_THREADS_PER_CPU is NOT set to recommended value on fsdb1 instance
Audit check # -100@os_authent_prefix@@@PASS =>   Database parameter OS_AUTHENT_PREFIX is set to recommended value on ccbs1 instance
Audit check # -100@os_authent_prefix@OPS$@@FAIL=>Database parameter OS_AUTHENT_PREFIX is NOT set to recommended value on fsdb1 instance
Audit check # -99@open_cursors@3000@300@PASS =>   Database parameter OPEN_CURSORS is set to recommended value on ccbs1 instance
Audit check # -99@open_cursors@300@300@PASS =>   Database parameter OPEN_CURSORS is set to recommended value on fsdb1 instance
Audit check # -98@use_large_pages@TRUE@ONLY@FAIL=>Database parameter USE_LARGE_PAGES is NOT set to recommended value on ccbs1 instance
Audit check # -98@use_large_pages@TRUE@ONLY@FAIL=>Database parameter USE_LARGE_PAGES is NOT set to recommended value on fsdb1 instance
Audit check # -97@sql92_security@TRUE@TRUE@PASS =>   Database parameter SQL92_SECURITY is set to recommended value on ccbs1 instance
Audit check # -97@sql92_security@FALSE@TRUE@FAIL=>Database parameter SQL92_SECURITY is NOT set to recommended value on fsdb1 instance
Audit check # -96@parallel_execution_message_size@16384@16384@PASS =>   Database parameter PARALLEL_EXECUTION_MESSAGE_SIZE is set to recommended value on ccbs1 instance
Audit check # -96@parallel_execution_message_size@16384@16384@PASS =>   Database parameter PARALLEL_EXECUTION_MESSAGE_SIZE is set to recommended value on fsdb1 instance
Audit check # -90@cluster_interconnects@0@0@PASS =>   ASM parameter CLUSTER_INTERCONNECTS is set to the recommended value
Audit check # -89@cluster_interconnects@1@0@FAIL=>Database parameter CLUSTER_INTERCONNECTS is NOT set to the recommended value for ccbs
Audit check # -89@cluster_interconnects@1@0@FAIL=>Database parameter CLUSTER_INTERCONNECTS is NOT set to the recommended value for fsdb
Audit check # -88@Recovery and Create File Destinations@0@0@PASS =>   Database DB_CREATE_FILE_DEST and DB_RECOVERY_FILE_DEST are in different diskgroups for ccbs
Audit check # -88@Recovery and Create File Destinations@0@0@PASS =>   Database DB_CREATE_FILE_DEST and DB_RECOVERY_FILE_DEST are in different diskgroups for fsdb
Audit check # -87@db_recovery_file_dest_size@0@0@PASS =>   Database parameter db_recovery_file_dest_size is set to recommended value for ccbs
Audit check # -87@db_recovery_file_dest_size@0@0@PASS =>   Database parameter db_recovery_file_dest_size is set to recommended value for fsdb
Audit check # -86@Verify InfiniBand Cable Connection Quality@0@0@PASS =>   All InfiniBand network cables are connected
Audit check # -85@Verify Ethernet Cable Connection Quality on storage servers@0@0@PASS =>   All Ethernet network cables are connected on all Storage Servers
Audit check # -84@Verify Ethernet Cable Connection Quality@0@0@PASS =>   All Ethernet network cables are connected
Audit check # -83@Verify InfiniBand Cable Connection Quality on storage servers@0@0@PASS =>   All InfiniBand network cables are connected on all Storage Servers
Audit check # -81@compatible@1@1@PASS =>   Database parameter COMPATIBLE is set to recommended value for ccbs
Audit check # -81@compatible@1@1@PASS =>   Database parameter COMPATIBLE is set to recommended value for fsdb
Audit check # -80@log_archive_dest_n@1@0@FAIL=>Database parameters log_archive_dest_n with Location attribute are NOT all set to recommended value for ccbs
Audit check # -80@log_archive_dest_n@0@0@PASS =>   Database parameters log_archive_dest_n with Location attribute are all set to recommended value for fsdb
Audit check # -79@High Redundancy Redolog files@1@0@FAIL=>Database parameter Db_create_online_log_dest_n is not set to recommended value for ccbs
Audit check # -79@High Redundancy Redolog files@1@0@FAIL=>Database parameter Db_create_online_log_dest_n is not set to recommended value for fsdb
Audit check # -78@Verify Platform Configuration and Initialization Parameters for Consolidation@2@1@WARNING=>Multiple RDBMS instances discovered, observe database consolidation best practices
Audit check # -77@Verify storage server metric CD_IO_ST_RQ@1@1@PASS =>   No Storage Server conventional or flash disks have a performance problem
Audit check # -76@Verify ASM griddisk,diskgroup and Failure group mapping@0@0@PASS =>   ASM griddisk,diskgroup and Failure group mapping is as recommended
Audit check # -64@Verify imageinfo on storage server@1@1@PASS =>   imageinfo version matches on all storage servers
Audit check # -40@Database init parameter DB_BLOCK_CHECKING@1@0@WARNING=>Database parameter DB_BLOCK_CHECKING on PRIMARY is NOT set to the recommended value. for ccbs
Audit check # -40@Database init parameter DB_BLOCK_CHECKING@1@0@WARNING=>Database parameter DB_BLOCK_CHECKING on PRIMARY is NOT set to the recommended value. for fsdb
Audit check # -37@Verify service exachkcfg autostart status on storage server@1@1@PASS =>   The service exachkcfg is configured to autostart
Audit check # -29@Verify InfiniBand Address Resolution Protocol (ARP) Configuration on Database Servers@1@1@PASS =>   Address Resolution Protocol (ARP) is configured properly on database server.
Audit check # -27@Verify RAID Controller Battery Condition [Storage Server]@0@0@PASS =>   RAID controller battery condition is good on all storage servers
Audit check # -24@Verify RAID Controller Battery Condition [Database Server]@0@0@PASS =>   RAID controller battery condition is good [Database Server]
Audit check # -23@Verify PCI bridge is configured for generation II on storage servers@8282@8282@PASS =>   Peripheral component interconnect (PCI) bridge is configured for generation II on all storage servers
Audit check # -22@Verify Exadata Smart Flash Cache is created@364.75G@364.75G@PASS =>   Storage Server Flash Memory is configured as Exadata Smart Flash Cache
Audit check # -22@Verify Exadata Smart Flash Log is Created@1@1@PASS =>   Smart flash log is created on all storage server
Audit check # -21@Scan storage server alerthistory for open alerts@0123456789XYZ@0@FAIL=>One or more storage server has stateless alerts with null "examinedby" fields.
Audit check # -17@Flashback database on primary@NO@YES@FAIL=>Flashback on PRIMARY is not configured for ccbs
Audit check # -17@Flashback database on primary@NO@YES@FAIL=>Flashback on PRIMARY is not configured for fsdb
Audit check # -14@Switch firmware version@1332@1332@PASS =>   Infiniband switch software version meets the recommendation on infiniband switch dm01sw-ib3
Audit check # -14@Switch firmware version@1332@1332@PASS =>   Infiniband switch software version meets the recommendation on infiniband switch dm01sw-ib2
Audit check # -13@Hostname in /etc/hosts@1@1@PASS =>   Hostname is set in /etc/hosts on infiniband switch dm01sw-ib3
Audit check # -13@Hostname in /etc/hosts@1@1@PASS =>   Hostname is set in /etc/hosts on infiniband switch dm01sw-ib2
Audit check # -12@Operational Best Practices@1@0@INFO=>Operational Best Practices
Audit check # -11@Clusterware status@0@0@PASS =>   Clusterware is running
Audit check # -10@Consolidation Database Practices@1@0@INFO=>Consolidation Database Practices
Audit check # -9@Computer failure prevention best practices@1@0@INFO=>Computer failure prevention best practices
Audit check # -8@Data corruption prevention best practices@1@0@INFO=>Data corruption prevention best practices
Audit check # -7@Logical corruption prevention best practices@1@0@INFO=>Logical corruption prevention best practices
Audit check # -6@Database/Cluster/Site failure prevention best practices@1@0@INFO=>Database/Cluster/Site failure prevention best practices
Audit check # -5@Client failover operational best practices@1@0@INFO=>Client failover operational best practices
Audit check # -4@Verify InfiniBand subnet manager is running on an InfiniBand switch@IB_SWITCH@IB_SWITCH@PASS =>   subnet manager is running on an InfiniBand switch
Audit check # -3@Verify all "BIGFILE" tablespaces have non-default "MAXBYTES" values set@2@0@FAIL=>Some bigfile tablespaces do not have non-default maxbytes values set for ccbs
Audit check # -3@Verify all "BIGFILE" tablespaces have non-default "MAXBYTES" values set@0@0@PASS =>   All bigfile tablespaces have non-default maxbytes values set for fsdb
Audit check # 1@undo_retention@900@@PASS =>   Database parameter UNDO_RETENTION on PRIMARY is not null on ccbs1 instance
Audit check # 1@undo_retention@900@@PASS =>   Database parameter UNDO_RETENTION on PRIMARY is not null on fsdb1 instance
Audit check # 3@fast_start_mttr_target@0@300@WARNING=>fast_start_mttr_target has NOT been changed from default on ccbs1 instance
Audit check # 3@fast_start_mttr_target@0@300@WARNING=>fast_start_mttr_target has NOT been changed from default on fsdb1 instance
Audit check # 41@13343244 13343424 13343447 13696242 14192201 14275621 14727315 16056267@1@1@PASS =>   SCN Headroom is good BUT see IMPORTANT Details about SCN Headroom /u01/app/oracle/product/11.2.0.2/dbhome_1
Audit check # 44@Verify average ping times to DNS nameserver@0@2@PASS =>   DNS Server ping time is in acceptable range on infiniband switch dm01sw-ib3
Audit check # 44@Verify average ping times to DNS nameserver@0@2@PASS =>   DNS Server ping time is in acceptable range on infiniband switch dm01sw-ib2
Audit check # 45@Verify average ping times to DNS nameserver@0@2@PASS =>   DNS Server ping time is in acceptable range on all storage servers
Audit check # 46@Verify average ping times to DNS nameserver@0@2@PASS =>   DNS Server ping time is in acceptable range
Audit check # 50@Verify celldisk configuration on disk drives@12@12@PASS =>   The celldisk configuration on disk drives matches Oracle best practices
Audit check # 51@Verify griddisk ASM status@0@0@PASS =>   The griddisk ASM status matches specification
Audit check # 53@Verify griddisk count matches across all storage servers where a given prefix name exists@0@0@PASS =>   The griddisk count matches across all storage servers where a given prefix name exists
Audit check # 54@Verify celldisk configuration on flash memory devices@16@16@PASS =>   The celldisk configuration on flash memory devices matches Oracle best practices
Audit check # 58@Verify Electronic Storage Module (ESM) Lifetime is within Specification@0@0@PASS =>   Electronic Storage Module (ESM) Lifetime is within specification for all flash cards on all storage servers
Audit check # 61@Exadata software version compatibility with infiniband software version@1332@1332@PASS =>   Infiniband switch firmware version is compatible with Exadata software version on infiniband switch dm01sw-ib3
Audit check # 61@Exadata software version compatibility with infiniband software version@1332@1332@PASS =>   Infiniband switch firmware version is compatible with Exadata software version on infiniband switch dm01sw-ib2
Audit check # 71@recyclebin@ON@ON@PASS =>   RECYCLEBIN on PRIMARY is set to the recommended value on ccbs1 instance
Audit check # 71@recyclebin@ON@ON@PASS =>   RECYCLEBIN on PRIMARY is set to the recommended value on fsdb1 instance
Audit check # 96@Processes parameter for ASM instance@0@2@FAIL=>ASM processes parameter is not set to recommended value
Audit check # 97@13257247@1@1@PASS =>   System is not exposed to Exadata Critical Issue DB11 /u01/app/oracle/product/11.2.0.2/dbhome_1
Audit check # 107@Block Corruptions@0@0@PASS =>   No reported block corruptions in V$DATABASE_BLOCK_CORRUPTIONS for ccbs
Audit check # 107@Block Corruptions@0@0@PASS =>   No reported block corruptions in V$DATABASE_BLOCK_CORRUPTIONS for fsdb
Audit check # 117@Oracle RDBMS software version compatibility with Exadata Software version@112242@112220@PASS =>   Exadata software version is compatible with Oracle RDBMS software version
Audit check # 128@shared_servers@0@0@PASS =>   Shared Servers are not in use on ccbs1 instance
Audit check # 128@shared_servers@1@0@WARNING=>Shared Server are in use - verify they do not do serial full table scans on fsdb1 instance
Audit check # 129@Verify operating system hugepages count satisfies total SGA requirements@1@0@FAIL=>Operating system hugepages count does not satisfy total SGA requirements
Audit check # 130@Verify AUD$ and FGA_LOG$ tables use Automatic Segment Space Management@1@0@FAIL=>Table AUD$[FGA_LOG$] should use Automatic Segment Space Management for ccbs
Audit check # 130@Verify AUD$ and FGA_LOG$ tables use Automatic Segment Space Management@2@0@FAIL=>Table AUD$[FGA_LOG$] should use Automatic Segment Space Management for fsdb
Audit check # 131@Verify Database Server Virtual Drive Configuration@3Optimal@3Optimal@PASS =>   Database Server Virtual Drive Configuration meets recommendation
Audit check # 131@Verify Database Server Physical Drive Configuration@3311@3311@PASS =>   Database Server Physical Drive Configuration meets recommendation
Audit check # 131@Verify Database Server Disk Controller Configuration@1005400@1005400@PASS =>   Database Server Disk Controller Configuration meets recommendation
Audit check # 136@undo_management@AUTO@AUTO@PASS =>   Instance is using Automatic Undo Management on ccbs1 instance
Audit check # 136@undo_management@AUTO@AUTO@PASS =>   Instance is using Automatic Undo Management on fsdb1 instance
Audit check # 137@Database failure prevention best practices@1@0@INFO=>Database failure prevention best practices
Audit check # 139@Archivelog Mode@ARCHIVELOG@ARCHIVELOG@PASS =>   Database Archivelog Mode is set to ARCHIVELOG for ccbs
Audit check # 139@Archivelog Mode@NOARCHIVELOG@ARCHIVELOG@WARNING=>Database Archivelog Mode should be set to ARCHIVELOG for fsdb
Audit check # 140@Default Temporary Tablespace@1@0@PASS =>   Default temporary tablespace is set for ccbs
Audit check # 140@Default Temporary Tablespace@1@0@PASS =>   Default temporary tablespace is set for fsdb
Audit check # 141@Automatic segment storage management@0@0@PASS =>   All tablespaces are using Automatic segment storage management for ccbs
Audit check # 141@Automatic segment storage management@0@0@PASS =>   All tablespaces are using Automatic segment storage management for fsdb
Audit check # 142@Locally managed tablespaces@0@0@PASS =>   All tablespaces are locally managed tablespace for ccbs
Audit check # 142@Locally managed tablespaces@0@0@PASS =>   All tablespaces are locally managed tablespace for fsdb
Audit check # 148@Primary database protection with Data Guard@0@0@FAIL=>Primary database is NOT protected with Data Guard (standby database) for real-time data protection and availability for ccbs
Audit check # 148@Primary database protection with Data Guard@0@0@FAIL=>Primary database is NOT protected with Data Guard (standby database) for real-time data protection and availability for fsdb
Audit check # 153@log_buffer@134217728@134217728@PASS =>   Database parameter LOG_BUFFER is set to recommended value on ccbs1 instance
Audit check # 153@log_buffer@9330688@134217728@FAIL=>Database parameter LOG_BUFFER is NOT set to recommended value on fsdb1 instance
Audit check # 153@Redo Log File Size@8@0@WARNING=>Redo log file size should be >= 4GB for ccbs
Audit check # 153@Redo Log File Size@4@0@WARNING=>Redo log file size should be >= 4GB for fsdb
Audit check # 157@Exadata Critical Issue EX9@0@0@PASS =>   System is not exposed to Exadata Critical Issue EX9
Audit check # 161@Verify no ASM external redundancy diskgroups exist@0@0@PASS =>   There are no ASM external redundancy diskgroups.
Audit check # 162@Verify no ASM unprotected templates exist@0@0@PASS =>   There are no ASM unprotected templates.
Audit check # 163@Verify service exachkcfg autostart status on database server@0@0@PASS =>   The service exachkcfg is not configured to autostart
Audit check # 177@High redundancy diskgroups@0@0@FAIL=>No one high redundancy diskgroup configured for ccbs
Audit check # 177@High redundancy diskgroups@0@0@FAIL=>No one high redundancy diskgroup configured for fsdb
Audit check # 177@Storage failures prevention best practices@1@0@INFO=>Storage failures prevention best practices
Audit check # 178@Disks without Disk Group@0@0@PASS =>   No disks found which are not part of any disk group
Audit check # 180@sm_priority configuration on Infiniband switch@0@0@PASS =>   sm_priority is set to recommended value on infiniband switch dm01sw-ib3
Audit check # 180@sm_priority configuration on Infiniband switch@0@0@PASS =>   sm_priority is set to recommended value on infiniband switch dm01sw-ib2
Audit check # 180@Infiniband subnet manager status@1@1@PASS =>   Subnet manager daemon is running on infiniband switch dm01sw-ib3
Audit check # 180@Infiniband subnet manager status@1@1@PASS =>   Subnet manager daemon is running on infiniband switch dm01sw-ib2
Audit check # 197@Network failure prevention best practices@1@0@INFO=>Network failure prevention best practices
Audit check # 201@Verify release tracking bug on storage servers@1@1@PASS =>   Release tracking bug matches on all storage servers
Audit check # 203@Software maintenance best practices@1@0@INFO=>Software maintenance best practices
Audit check # 205@db_files@2000@1024@FAIL=>Database parameter DB_FILES should be set to recommended value. on ccbs1 instance
Audit check # 205@db_files@200@1024@FAIL=>Database parameter DB_FILES should be set to recommended value. on fsdb1 instance
Audit check # 207@Verify storage server network configuration with ipconf@0123456789XYZ@0@FAIL=>Storage server network should pass ipconf verification checks.
Audit check # 217@Verify InfiniBand subnet manager is not running on storage server@0@0@PASS =>   The InfiniBand subnet manager is not running on storage server
Audit check # 218@Verify InfiniBand subnet manager is not running on database server@0@0@PASS =>   The InfiniBand subnet manager is not running on database server
Audit check # 220@processes@1024@1024@PASS =>   Database parameter PROCESSES is set to recommended value on ccbs1 instance
Audit check # 220@processes@500@1024@FAIL=>Database parameter PROCESSES should be set to recommended value on fsdb1 instance
Audit check # 221@Verify data files are recoverable@99@0@FAIL=>The data files should be recoverable for ccbs
Audit check # 221@Verify data files are recoverable@0@0@PASS =>   The data files are all recoverable for fsdb
Audit check # 223@Verify no ASM corruption is reported@0@0@PASS =>   There was no ASM corruption found.
Audit check # 224@Verify vm.min_free_kbytes@1@0@FAIL=>vm.min_free_kbytes should be set as recommended.
Audit check # -174@Verify Master (Rack) Serial Number is Set [Database Server and storage server]@1@0@PASS =>   Master (Rack) Serial Number matches across database servers and storage servers
Audit check # -160@Root  time zone@1@0@PASS =>   Time zone matches for root user across cluster
Audit check # -159@Grid Infrastructure software owner time zone @1@0@PASS =>   Time zone matches for Grid Infrastructure software owner across cluster
Audit check # -155@RDBMS software owner UID across cluster@1@0@PASS =>   RDBMS software owner UID matches across cluster
Audit check # -148@Kernel version comparison across cluster@1@0@PASS =>   OS Kernel version(uname -r) matches across cluster.
Audit check # -144@Grid Infrastructure - Public interface name check (VIP)@1@0@PASS =>   Public network interface names are the same across cluster
Audit check # -142@RDBMS software version comparison@1@0@PASS =>   RDBMS software version matches across cluster.
Audit check # -139@Grid Infrastructure - Private interconnect interface name check@1@0@PASS =>   Private interconnect interface names are the same across cluster
Audit check # -137@Timezone for current user@1@0@PASS =>   Timezone matches for current user across cluster.
Audit check # -133@UID for GI software owner across cluster@1@0@PASS =>   Grid Infrastructure software owner UID matches across cluster
Audit check # -131@Clusterware version comparison@1@0@PASS =>   Clusterware active version matches across cluster.
Audit check # -67@Imageinfo version comparison across database and storage servers@1@0@PASS =>   Imageinfo version matches across all database and storage servers
Audit check # 193@Verify imageinfo on database server@1@0@PASS =>   Imageinfo matches across cluster on database servers
