Audit check # -214@Verify the database server InfiniBand network is in "connected" mode.@0@0@PASS =>   Database server InfiniBand network is in "connected" mode.
Audit check # -213@db_block_checksum@TYPICAL@FULL@FAIL=>Database parameter DB_BLOCK_CHECKSUM is NOT set to recommended value on ccbs2 instance
Audit check # -213@db_block_checksum@TYPICAL@FULL@FAIL=>Database parameter DB_BLOCK_CHECKSUM is NOT set to recommended value on fsdb2 instance
Audit check # -211@_kill_diagnostics_timeout@60@140@FAIL=>Database parameter _kill_diagnostics_timeout is not set to recommended value on ccbs2 instance
Audit check # -211@_kill_diagnostics_timeout@60@140@FAIL=>Database parameter _kill_diagnostics_timeout is not set to recommended value on fsdb2 instance
Audit check # -210@_lm_rcvr_hang_allow_time@70@140@FAIL=>Database parameter _lm_rcvr_hang_allow_time is NOT set to the recommended value on ccbs2 instance
Audit check # -210@_lm_rcvr_hang_allow_time@70@140@FAIL=>Database parameter _lm_rcvr_hang_allow_time is NOT set to the recommended value on fsdb2 instance
Audit check # -206@Verify Oracle RAC Databases use RDS Protocol over InfiniBand Network. [Cluster Home]@1@1@PASS =>   Clusterware Home is properly linked with RDS library
Audit check # -205@Verify database server InfiniBand network MTU size is 65520@65520@65520@PASS =>   Database Server InfiniBand network MTU size is 65520
Audit check # -200@Turn NUMA Off [Operating System]@1@0@PASS =>   NUMA is OFF at operating system level.
Audit check # -197@ASM Version@11202@11202@PASS =>   ASM Version is 11.2.0.2 or higher as expected
Audit check # -195@High Redundancy Controlfile@0@0@PASS =>   A minimum of two controlfiles are stored in high redundancy diskgroups for ccbs
Audit check # -195@High Redundancy Controlfile@1@0@FAIL=>A minimum of two controlfiles are not stored in high redundancy diskgroups for fsdb
Audit check # -189@filesystemio_options@NONE@SETALL@WARNING=>filesystemio_options is not set to recommended value on ccbs2 instance
Audit check # -189@filesystemio_options@NONE@SETALL@WARNING=>filesystemio_options is not set to recommended value on fsdb2 instance
Audit check # -188@Verify InfiniBand is the Private Network for Oracle Clusterware Communication@0@0@PASS =>   InfiniBand is the Private Network for Oracle Clusterware Communication
Audit check # -187@Verify Oracle RAC Databases use RDS Protocol over InfiniBand Network. [Database Home]@1@1@PASS =>   Database Home is properly linked with RDS library for /u01/app/oracle/product/11.2.0.2/dbhome_1
Audit check # -186@Verify Oracle RAC Databases use RDS Protocol over InfiniBand Network.@rds@rds@PASS =>   Oracle RAC Communication is using RDS protocol on Infiniband Network for /u01/app/oracle/product/11.2.0.2/dbhome_1
Audit check # -184@Free space in root file system@25@90@PASS =>   Free space in root(/) filesystem meets or exceeds recommendation.
Audit check # -183@Verify database server boot device maximum mount count@-1@-1@PASS =>   The database server boot device had "Maximum mount count" equal to "-1"
Audit check # -182@Database server system model number@0@0@PASS =>   System model number is correct
Audit check # -178@Manage ASM Audit File Directory Growth with cron@0@0@PASS =>   ASM Audit file destination file count <= 100,000
Audit check # -177@Verify RAID Controller Battery Temperature [Database Server]@0@0@PASS =>   RAID controller battery temperature is normal [Database Server]
Audit check # -175@Verify Data Network is Separate from Management Network@0@0@PASS =>   Management network is separate from data network
Audit check # -173@GI shell limits soft nofile@131072@1024@PASS =>   Shell limit soft nofile for GI is configured according to recommendation in /etc/security/limits.conf
Audit check # -172@GI shell limits soft nproc@131072@2047@PASS =>   Shell limit soft nproc for GI is configured according to recommendation
Audit check # -171@GI shell limits hard nofile@131072@65536@PASS =>   Shell limit hard nofile for GI is configured according to recommendation
Audit check # -170@GI shell limits hard nproc@131072@16384@PASS =>   Shell limit hard nproc for GI is configured according to recommendation in /etc/security/limits.conf
Audit check # -169@DB shell limits hard nproc@1@1@PASS =>   Shell limit hard nproc for DB is configured according to recommendation
Audit check # -168@DB shell limits soft nofile@1@1@PASS =>   Shell limit soft nofile for DB is configured according to recommendation
Audit check # -167@DB shell limits hard nofile@1@1@PASS =>   Shell limit hard nofile for DB is configured according to recommendation
Audit check # -166@DB shell limits hard stack@1@1@PASS =>   Shell limit hard stack for DB is configured according to recommendation
Audit check # -165@DB shell limits soft nproc@1@1@PASS =>   Shell limit soft nproc for DB is configured according to recommendation
Audit check # -164@GI shell limits hard stack@0@0@PASS =>   Shell limit hard stack for GI is configured according to recommendation
Audit check # -163@NIC Bonding Mode Public@active-backup@balance-alb@PASS =>   NIC bonding mode is not set to Broadcast(3) for public network
Audit check # -162@User Open File Limit@1@0@PASS =>   Open files limit (ulimit -n) for current user is set to recommended value >= 65536 or unlimited
Audit check # -161@VIP NIC bonding config.@1@1@PASS =>   NIC bonding is configured for public network (VIP)
Audit check # -158@ohasd Log File Ownership@1@1@PASS =>   ohasd Log Ownership is Correct (root root)
Audit check # -157@oradism executable permission@s@s@PASS =>   $ORACLE_HOME/bin/oradism setuid bit is set for /u01/app/oracle/product/11.2.0.2/dbhome_1
Audit check # -156@Interconnect NIC bonding config.@1@1@PASS =>   NIC bonding is configured for interconnect
Audit check # -154@oradism executable ownership@root@root@PASS =>   $ORACLE_HOME/bin/oradism ownership is root for /u01/app/oracle/product/11.2.0.2/dbhome_1
Audit check # -153@crsd/orarootagent_root Log File Ownership@1@1@PASS =>   crsd/orarootagent_root Log Ownership is Correct (root root)
Audit check # -152@SELinux status@Disabled@Enforcing@PASS =>   SELinux is not being Enforced.
Audit check # -151@Number of SCAN listners@3@3@PASS =>   Number of SCAN listeners is equal to the recommended number of 3.
Audit check # -149@VKTM priority@58@58@PASS =>   VKTM is running in real time scheduling class for ccbs
Audit check # -149@VKTM priority@58@58@PASS =>   VKTM is running in real time scheduling class for fsdb
Audit check # -147@LMS priority@58@58@PASS =>   LMS is running in real time scheduling class for ccbs
Audit check # -147@LMS priority@58@58@PASS =>   LMS is running in real time scheduling class for fsdb
Audit check # -146@NIC Bonding Mode interconnect@active-backup@broadcast@PASS =>   NIC bonding mode is not set to Broadcast(3) for cluster interconnect
Audit check # -143@CRS HOME env variable@@@PASS =>   ORA_CRS_HOME environment variable is not set
Audit check # -141@OSWatcher status@9@1@PASS =>   OSWatcher is running
Audit check # -140@crsd Log File Ownership@1@1@PASS =>   crsd Log Ownership is Correct (root root)
Audit check # -134@Non-routable network for interconnect@1@1@PASS =>   Interconnect is configured on non-routable network addresses
Audit check # -132@NTP with correct setting@1@1@PASS =>   NTP is running with correct setting
Audit check # -130@Remote listener set to scan name@1@1@PASS =>   Remote listener is set to SCAN name for ccbs
Audit check # -130@Remote listener set to scan name@1@1@PASS =>   Remote listener is set to SCAN name for fsdb
Audit check # -129@ohasd/orarootagent_root Log File Ownership@1@1@PASS =>   ohasd/orarootagent_root Log Ownership is Correct (root root)
Audit check # -126@Local listener set to node VIP@1@1@PASS =>   Local listener init parameter is set to local node VIP for ccbs
Audit check # -126@Local listener set to node VIP@1@1@PASS =>   Local listener init parameter is set to local node VIP for fsdb
Audit check # -122@Verify Hardware and Firmware on Database and Storage Servers (CheckHWnFWProfile) [Database Server]@0@0@PASS =>   Hardware and firmware profile check is successful. [Database Server]
Audit check # -114@Verify database server disk controllers use writeback cache@0@0@PASS =>   Database server disk controllers use writeback cache
Audit check # -113@Verify Oracle ASM instance use RDS Protocol over InfiniBand Network.@rds@rds@PASS =>   Oracle ASM Communication is using RDS protocol on Infiniband Network
Audit check # -110@Minimum exadata version required for ASR@112242@112131@PASS =>   Exadata software version supports Automatic Service Request functionality
Audit check # -110@Verify database server logical volumes maximum mount count@0@0@PASS =>   All database server logical volumes found had "Maximum mount count" equal to "-1"
Audit check # -108@Verify Disk Cache Policy on database server@0@0@PASS =>   Disk cache policy is set to Disabled on database server
Audit check # -107@memory_target@285212672@1090519040@WARNING=>ASM parameter MEMORY_TARGET is NOT set according to recommended value.
Audit check # -106@db_lost_write_protect@TYPICAL@TYPICAL@PASS =>   Database parameter DB_LOST_WRITE_PROTECT is set to recommended value on ccbs2 instance
Audit check # -106@db_lost_write_protect@NONE@TYPICAL@FAIL=>Database parameter DB_LOST_WRITE_PROTECT is NOT set to recommended value on fsdb2 instance
Audit check # -105@global_names@FALSE@TRUE@FAIL=>Database parameter GLOBAL_NAMES is NOT set to recommended value on ccbs2 instance
Audit check # -105@global_names@FALSE@TRUE@FAIL=>Database parameter GLOBAL_NAMES is NOT set to recommended value on fsdb2 instance
Audit check # -104@_file_size_increase_increment@50M@2044M@FAIL=>Database parameter _file_size_increase_increment is NOT set to the recommended value on ccbs2 instance
Audit check # -104@_file_size_increase_increment@50M@2044M@FAIL=>Database parameter _file_size_increase_increment is NOT set to the recommended value on fsdb2 instance
Audit check # -103@parallel_adaptive_multi_user@TRUE@FALSE@FAIL=>Database parameter PARALLEL_ADAPTIVE_MULTI_USER is NOT set to recommended value on ccbs2 instance
Audit check # -103@parallel_adaptive_multi_user@TRUE@FALSE@FAIL=>Database parameter PARALLEL_ADAPTIVE_MULTI_USER is NOT set to recommended value on fsdb2 instance
Audit check # -102@_enable_NUMA_support@FALSE@FALSE@PASS =>   Database parameter _ENABLE_NUMA_SUPPORT is set to recommended value on ccbs2 instance
Audit check # -102@_enable_NUMA_support@FALSE@FALSE@PASS =>   Database parameter _ENABLE_NUMA_SUPPORT is set to recommended value on fsdb2 instance
Audit check # -101@parallel_threads_per_cpu@2@1@FAIL=>Database parameter PARALLEL_THREADS_PER_CPU is NOT set to recommended value on ccbs2 instance
Audit check # -101@parallel_threads_per_cpu@2@1@FAIL=>Database parameter PARALLEL_THREADS_PER_CPU is NOT set to recommended value on fsdb2 instance
Audit check # -100@os_authent_prefix@@@PASS =>   Database parameter OS_AUTHENT_PREFIX is set to recommended value on ccbs2 instance
Audit check # -100@os_authent_prefix@OPS$@@FAIL=>Database parameter OS_AUTHENT_PREFIX is NOT set to recommended value on fsdb2 instance
Audit check # -99@open_cursors@3000@300@PASS =>   Database parameter OPEN_CURSORS is set to recommended value on ccbs2 instance
Audit check # -99@open_cursors@300@300@PASS =>   Database parameter OPEN_CURSORS is set to recommended value on fsdb2 instance
Audit check # -98@use_large_pages@TRUE@ONLY@FAIL=>Database parameter USE_LARGE_PAGES is NOT set to recommended value on ccbs2 instance
Audit check # -98@use_large_pages@TRUE@ONLY@FAIL=>Database parameter USE_LARGE_PAGES is NOT set to recommended value on fsdb2 instance
Audit check # -97@sql92_security@TRUE@TRUE@PASS =>   Database parameter SQL92_SECURITY is set to recommended value on ccbs2 instance
Audit check # -97@sql92_security@FALSE@TRUE@FAIL=>Database parameter SQL92_SECURITY is NOT set to recommended value on fsdb2 instance
Audit check # -96@parallel_execution_message_size@16384@16384@PASS =>   Database parameter PARALLEL_EXECUTION_MESSAGE_SIZE is set to recommended value on ccbs2 instance
Audit check # -96@parallel_execution_message_size@16384@16384@PASS =>   Database parameter PARALLEL_EXECUTION_MESSAGE_SIZE is set to recommended value on fsdb2 instance
Audit check # -90@cluster_interconnects@0@0@PASS =>   ASM parameter CLUSTER_INTERCONNECTS is set to the recommended value
Audit check # -89@cluster_interconnects@1@0@FAIL=>Database parameter CLUSTER_INTERCONNECTS is NOT set to the recommended value for ccbs
Audit check # -89@cluster_interconnects@1@0@FAIL=>Database parameter CLUSTER_INTERCONNECTS is NOT set to the recommended value for fsdb
Audit check # -88@Recovery and Create File Destinations@0@0@PASS =>   Database DB_CREATE_FILE_DEST and DB_RECOVERY_FILE_DEST are in different diskgroups for ccbs
Audit check # -88@Recovery and Create File Destinations@0@0@PASS =>   Database DB_CREATE_FILE_DEST and DB_RECOVERY_FILE_DEST are in different diskgroups for fsdb
Audit check # -87@db_recovery_file_dest_size@0@0@PASS =>   Database parameter db_recovery_file_dest_size is set to recommended value for ccbs
Audit check # -87@db_recovery_file_dest_size@0@0@PASS =>   Database parameter db_recovery_file_dest_size is set to recommended value for fsdb
Audit check # -86@Verify InfiniBand Cable Connection Quality@0@0@PASS =>   All InfiniBand network cables are connected
Audit check # -84@Verify Ethernet Cable Connection Quality@0@0@PASS =>   All Ethernet network cables are connected
Audit check # -81@compatible@1@1@PASS =>   Database parameter COMPATIBLE is set to recommended value for ccbs
Audit check # -81@compatible@1@1@PASS =>   Database parameter COMPATIBLE is set to recommended value for fsdb
Audit check # -80@log_archive_dest_n@1@0@FAIL=>Database parameters log_archive_dest_n with Location attribute are NOT all set to recommended value for ccbs
Audit check # -80@log_archive_dest_n@0@0@PASS =>   Database parameters log_archive_dest_n with Location attribute are all set to recommended value for fsdb
Audit check # -79@High Redundancy Redolog files@1@0@FAIL=>Database parameter Db_create_online_log_dest_n is not set to recommended value for ccbs
Audit check # -79@High Redundancy Redolog files@1@0@FAIL=>Database parameter Db_create_online_log_dest_n is not set to recommended value for fsdb
Audit check # -78@Verify Platform Configuration and Initialization Parameters for Consolidation@2@1@WARNING=>Multiple RDBMS instances discovered, observe database consolidation best practices
Audit check # -40@Database init parameter DB_BLOCK_CHECKING@1@0@WARNING=>Database parameter DB_BLOCK_CHECKING on PRIMARY is NOT set to the recommended value. for ccbs
Audit check # -40@Database init parameter DB_BLOCK_CHECKING@1@0@WARNING=>Database parameter DB_BLOCK_CHECKING on PRIMARY is NOT set to the recommended value. for fsdb
Audit check # -29@Verify InfiniBand Address Resolution Protocol (ARP) Configuration on Database Servers@1@1@PASS =>   Address Resolution Protocol (ARP) is configured properly on database server.
Audit check # -24@Verify RAID Controller Battery Condition [Database Server]@0@0@PASS =>   RAID controller battery condition is good [Database Server]
Audit check # -11@Clusterware status@0@0@PASS =>   Clusterware is running
Audit check # 1@undo_retention@900@@PASS =>   Database parameter UNDO_RETENTION on PRIMARY is not null on ccbs2 instance
Audit check # 1@undo_retention@900@@PASS =>   Database parameter UNDO_RETENTION on PRIMARY is not null on fsdb2 instance
Audit check # 3@fast_start_mttr_target@0@300@WARNING=>fast_start_mttr_target has NOT been changed from default on ccbs2 instance
Audit check # 3@fast_start_mttr_target@0@300@WARNING=>fast_start_mttr_target has NOT been changed from default on fsdb2 instance
Audit check # 41@13343244 13343424 13343447 13696242 14192201 14275621 14727315 16056267@1@1@PASS =>   SCN Headroom is good BUT see IMPORTANT Details about SCN Headroom /u01/app/oracle/product/11.2.0.2/dbhome_1
Audit check # 46@Verify average ping times to DNS nameserver@0@2@PASS =>   DNS Server ping time is in acceptable range
Audit check # 71@recyclebin@ON@ON@PASS =>   RECYCLEBIN on PRIMARY is set to the recommended value on ccbs2 instance
Audit check # 71@recyclebin@ON@ON@PASS =>   RECYCLEBIN on PRIMARY is set to the recommended value on fsdb2 instance
Audit check # 96@Processes parameter for ASM instance@0@2@FAIL=>ASM processes parameter is not set to recommended value
Audit check # 97@13257247@1@1@PASS =>   System is not exposed to Exadata Critical Issue DB11 /u01/app/oracle/product/11.2.0.2/dbhome_1
Audit check # 128@shared_servers@0@0@PASS =>   Shared Servers are not in use on ccbs2 instance
Audit check # 128@shared_servers@1@0@WARNING=>Shared Server are in use - verify they do not do serial full table scans on fsdb2 instance
Audit check # 129@Verify operating system hugepages count satisfies total SGA requirements@1@0@FAIL=>Operating system hugepages count does not satisfy total SGA requirements
Audit check # 131@Verify Database Server Virtual Drive Configuration@3Optimal@3Optimal@PASS =>   Database Server Virtual Drive Configuration meets recommendation
Audit check # 131@Verify Database Server Physical Drive Configuration@3311@3311@PASS =>   Database Server Physical Drive Configuration meets recommendation
Audit check # 131@Verify Database Server Disk Controller Configuration@1005400@1005400@PASS =>   Database Server Disk Controller Configuration meets recommendation
Audit check # 136@undo_management@AUTO@AUTO@PASS =>   Instance is using Automatic Undo Management on ccbs2 instance
Audit check # 136@undo_management@AUTO@AUTO@PASS =>   Instance is using Automatic Undo Management on fsdb2 instance
Audit check # 153@log_buffer@134217728@134217728@PASS =>   Database parameter LOG_BUFFER is set to recommended value on ccbs2 instance
Audit check # 153@log_buffer@9330688@134217728@FAIL=>Database parameter LOG_BUFFER is NOT set to recommended value on fsdb2 instance
Audit check # 161@Verify no ASM external redundancy diskgroups exist@0@0@PASS =>   There are no ASM external redundancy diskgroups.
Audit check # 162@Verify no ASM unprotected templates exist@0@0@PASS =>   There are no ASM unprotected templates.
Audit check # 163@Verify service exachkcfg autostart status on database server@0@0@PASS =>   The service exachkcfg is not configured to autostart
Audit check # 178@Disks without Disk Group@0@0@PASS =>   No disks found which are not part of any disk group
Audit check # 205@db_files@2000@1024@FAIL=>Database parameter DB_FILES should be set to recommended value. on ccbs2 instance
Audit check # 205@db_files@200@1024@FAIL=>Database parameter DB_FILES should be set to recommended value. on fsdb2 instance
Audit check # 218@Verify InfiniBand subnet manager is not running on database server@0@0@PASS =>   The InfiniBand subnet manager is not running on database server
Audit check # 220@processes@1024@1024@PASS =>   Database parameter PROCESSES is set to recommended value on ccbs2 instance
Audit check # 220@processes@500@1024@FAIL=>Database parameter PROCESSES should be set to recommended value on fsdb2 instance
Audit check # 223@Verify no ASM corruption is reported@0@0@PASS =>   There was no ASM corruption found.
Audit check # 224@Verify vm.min_free_kbytes@1@0@FAIL=>vm.min_free_kbytes should be set as recommended.
