   1 | 12/13/2011 | 01:59:51 | System ACPI Power State #0x26 | S5/G2: soft-off | Asserted
   2 | 12/13/2011 | 02:30:45 | System Boot Initiated | System Restart | Asserted
   3 | 12/13/2011 | 02:30:46 | System Boot Initiated | Initiated by hard reset | Asserted
   4 | 12/13/2011 | 02:30:46 | System Firmware Progress | Memory initialization | Asserted
   5 | 12/13/2011 | 02:30:46 | System Firmware Progress | Primary CPU initialization | Asserted
   6 | 12/13/2011 | 02:30:48 | System Boot Initiated | Initiated by warm reset | Asserted
   7 | 12/13/2011 | 02:30:49 | System Firmware Progress | Memory initialization | Asserted
   8 | 12/13/2011 | 02:30:49 | System Firmware Progress | Primary CPU initialization | Asserted
   9 | 12/13/2011 | 02:30:51 | System Boot Initiated | Initiated by warm reset | Asserted
   a | 12/13/2011 | 02:30:52 | System Firmware Progress | Memory initialization | Asserted
   b | 12/13/2011 | 02:30:52 | System Firmware Progress | Primary CPU initialization | Asserted
   c | 12/13/2011 | 02:30:54 | System ACPI Power State #0x26 | S0/G0: working | Asserted
   d | 12/13/2011 | 02:30:54 | System ACPI Power State #0x26 | S5/G2: soft-off | Deasserted
   e | 12/13/2011 | 02:31:29 | System Firmware Progress | Management controller initialization | Asserted
   f | 12/13/2011 | 02:31:29 | System Firmware Progress | Secondary CPU Initialization | Asserted
  10 | 12/13/2011 | 02:31:40 | System Firmware Progress | Video initialization | Asserted
  11 | 12/13/2011 | 02:31:46 | System Firmware Progress | Keyboard controller initialization | Asserted
  12 | 12/13/2011 | 02:31:58 | System Firmware Progress | Option ROM initialization | Asserted
  13 | 12/13/2011 | 02:32:01 | System Firmware Progress | Option ROM initialization | Asserted
  14 | 12/13/2011 | 02:32:04 | System Firmware Progress | Option ROM initialization | Asserted
  15 | 12/13/2011 | 02:32:08 | System Firmware Progress | Option ROM initialization | Asserted
  16 | 12/13/2011 | 02:32:11 | System Firmware Progress | Option ROM initialization | Asserted
  17 | 12/13/2011 | 02:32:26 | System Firmware Progress | Option ROM initialization | Asserted
  18 | 12/13/2011 | 02:32:30 | System Firmware Progress | Option ROM initialization | Asserted
  19 | 12/13/2011 | 02:32:38 | System Firmware Progress | System boot initiated | Asserted
  1a | 12/13/2011 | 03:42:15 | System ACPI Power State #0x26 | S0/G0: working | Deasserted
  1b | 12/13/2011 | 03:42:15 | System ACPI Power State #0x26 | S5/G2: soft-off | Asserted
  1c | 01/05/2012 | 14:09:37 | Voltage #0x6d | Lower Critical going low 
  1d | 01/05/2012 | 14:09:42 | Power Supply #0x65 | State Deasserted
  1e | 01/05/2012 | 14:09:44 | System Boot Initiated | Initiated by hard reset | Asserted
  1f | 01/05/2012 | 14:09:44 | System Firmware Progress | Memory initialization | Asserted
  20 | 01/05/2012 | 14:09:44 | System Firmware Progress | Primary CPU initialization | Asserted
  21 | 01/05/2012 | 14:10:28 | Voltage #0x6d | Lower Critical going high
  22 | 01/05/2012 | 14:10:28 | Power Supply #0x65 | State Asserted
  23 | 01/05/2012 | 16:32:42 | Button | Power Button pressed | Asserted
  24 | 01/05/2012 | 16:32:44 | System Boot Initiated | Initiated by hard reset | Asserted
  25 | 01/05/2012 | 16:32:44 | System Firmware Progress | Memory initialization | Asserted
  26 | 01/05/2012 | 16:32:44 | System Firmware Progress | Primary CPU initialization | Asserted
  27 | 01/05/2012 | 16:32:46 | System Boot Initiated | Initiated by warm reset | Asserted
  28 | 01/05/2012 | 16:32:46 | System Firmware Progress | Memory initialization | Asserted
  29 | 01/05/2012 | 16:32:47 | System Firmware Progress | Primary CPU initialization | Asserted
  2a | 01/05/2012 | 16:32:48 | System Boot Initiated | Initiated by hard reset | Asserted
  2b | 01/05/2012 | 16:32:48 | System Firmware Progress | Memory initialization | Asserted
  2c | 01/05/2012 | 16:32:48 | System Firmware Progress | Primary CPU initialization | Asserted
  2d | 01/05/2012 | 16:32:50 | System ACPI Power State #0x26 | S0/G0: working | Asserted
  2e | 01/05/2012 | 16:32:50 | System ACPI Power State #0x26 | S5/G2: soft-off | Deasserted
  2f | 01/05/2012 | 16:32:51 | System Boot Initiated | Initiated by warm reset | Asserted
  30 | 01/05/2012 | 16:32:51 | System Firmware Progress | Memory initialization | Asserted
  31 | 01/05/2012 | 16:32:51 | System Firmware Progress | Primary CPU initialization | Asserted
  32 | 01/05/2012 | 16:33:27 | System Firmware Progress | Management controller initialization | Asserted
  33 | 01/05/2012 | 16:33:27 | System Firmware Progress | Secondary CPU Initialization | Asserted
  34 | 01/05/2012 | 16:33:37 | System Firmware Progress | Video initialization | Asserted
  35 | 01/05/2012 | 16:33:44 | System Firmware Progress | Keyboard controller initialization | Asserted
  36 | 01/05/2012 | 16:33:56 | System Firmware Progress | Option ROM initialization | Asserted
  37 | 01/05/2012 | 16:33:59 | System Firmware Progress | Option ROM initialization | Asserted
  38 | 01/05/2012 | 16:34:18 | System Firmware Progress | System boot initiated | Asserted
  39 | 01/06/2012 | 11:47:57 | System Boot Initiated | Initiated by warm reset | Asserted
  3a | 01/06/2012 | 11:47:57 | System Firmware Progress | Memory initialization | Asserted
  3b | 01/06/2012 | 11:47:57 | System Firmware Progress | Primary CPU initialization | Asserted
  3c | 01/06/2012 | 11:48:34 | System Firmware Progress | Management controller initialization | Asserted
  3d | 01/06/2012 | 11:48:34 | System Firmware Progress | Secondary CPU Initialization | Asserted
  3e | 01/06/2012 | 11:48:44 | System Firmware Progress | Video initialization | Asserted
  3f | 01/06/2012 | 11:48:50 | System Firmware Progress | Keyboard controller initialization | Asserted
  40 | 01/06/2012 | 11:49:02 | System Firmware Progress | Option ROM initialization | Asserted
  41 | 01/06/2012 | 11:49:06 | System Firmware Progress | Option ROM initialization | Asserted
  42 | 01/06/2012 | 11:49:24 | System Firmware Progress | System boot initiated | Asserted
  43 | 01/06/2012 | 12:41:34 | System Boot Initiated | Initiated by warm reset | Asserted
  44 | 01/06/2012 | 12:41:35 | System Firmware Progress | Memory initialization | Asserted
  45 | 01/06/2012 | 12:41:35 | System Firmware Progress | Primary CPU initialization | Asserted
  46 | 01/06/2012 | 12:42:12 | System Firmware Progress | Management controller initialization | Asserted
  47 | 01/06/2012 | 12:42:12 | System Firmware Progress | Secondary CPU Initialization | Asserted
  48 | 01/06/2012 | 12:42:21 | System Firmware Progress | Video initialization | Asserted
  49 | 01/06/2012 | 12:42:28 | System Firmware Progress | Keyboard controller initialization | Asserted
  4a | 01/06/2012 | 12:42:40 | System Firmware Progress | Option ROM initialization | Asserted
  4b | 01/06/2012 | 12:42:43 | System Firmware Progress | Option ROM initialization | Asserted
  4c | 01/06/2012 | 12:43:02 | System Firmware Progress | System boot initiated | Asserted
  4d | 01/06/2012 | 16:17:30 | System Boot Initiated | Initiated by warm reset | Asserted
  4e | 01/06/2012 | 16:17:30 | System Firmware Progress | Memory initialization | Asserted
  4f | 01/06/2012 | 16:17:30 | System Firmware Progress | Primary CPU initialization | Asserted
  50 | 01/06/2012 | 16:18:08 | System Firmware Progress | Management controller initialization | Asserted
  51 | 01/06/2012 | 16:18:08 | System Firmware Progress | Secondary CPU Initialization | Asserted
  52 | 01/06/2012 | 16:18:17 | System Firmware Progress | Video initialization | Asserted
  53 | 01/06/2012 | 16:18:24 | System Firmware Progress | Keyboard controller initialization | Asserted
  54 | 01/06/2012 | 16:18:36 | System Firmware Progress | Option ROM initialization | Asserted
  55 | 01/06/2012 | 16:18:39 | System Firmware Progress | Option ROM initialization | Asserted
  56 | 01/06/2012 | 16:18:58 | System Firmware Progress | System boot initiated | Asserted
  57 | 01/09/2012 | 12:27:20 | System Boot Initiated | Initiated by warm reset | Asserted
  58 | 01/09/2012 | 12:27:20 | System Firmware Progress | Memory initialization | Asserted
  59 | 01/09/2012 | 12:27:20 | System Firmware Progress | Primary CPU initialization | Asserted
  5a | 01/09/2012 | 12:27:57 | System Firmware Progress | Management controller initialization | Asserted
  5b | 01/09/2012 | 12:27:57 | System Firmware Progress | Secondary CPU Initialization | Asserted
  5c | 01/09/2012 | 12:28:07 | System Firmware Progress | Video initialization | Asserted
  5d | 01/09/2012 | 12:28:14 | System Firmware Progress | Keyboard controller initialization | Asserted
  5e | 01/09/2012 | 12:28:26 | System Firmware Progress | Option ROM initialization | Asserted
  5f | 01/09/2012 | 12:28:29 | System Firmware Progress | Option ROM initialization | Asserted
  60 | 01/09/2012 | 12:28:48 | System Firmware Progress | System boot initiated | Asserted
  61 | 01/09/2012 | 14:30:19 | System Boot Initiated | Initiated by warm reset | Asserted
  62 | 01/09/2012 | 14:30:19 | System Firmware Progress | Memory initialization | Asserted
  63 | 01/09/2012 | 14:30:20 | System Firmware Progress | Primary CPU initialization | Asserted
  64 | 01/09/2012 | 14:30:56 | System Firmware Progress | Management controller initialization | Asserted
  65 | 01/09/2012 | 14:30:56 | System Firmware Progress | Secondary CPU Initialization | Asserted
  66 | 01/09/2012 | 14:31:06 | System Firmware Progress | Video initialization | Asserted
  67 | 01/09/2012 | 14:31:13 | System Firmware Progress | Keyboard controller initialization | Asserted
  68 | 01/09/2012 | 14:31:25 | System Firmware Progress | Option ROM initialization | Asserted
  69 | 01/09/2012 | 14:31:28 | System Firmware Progress | Option ROM initialization | Asserted
  6a | 01/09/2012 | 14:31:47 | System Firmware Progress | System boot initiated | Asserted
  6b | 01/12/2012 | 20:48:54 | System Boot Initiated | Initiated by warm reset | Asserted
  6c | 01/12/2012 | 20:48:55 | System Firmware Progress | Memory initialization | Asserted
  6d | 01/12/2012 | 20:48:55 | System Firmware Progress | Primary CPU initialization | Asserted
  6e | 01/12/2012 | 20:49:35 | System Firmware Progress | Management controller initialization | Asserted
  6f | 01/12/2012 | 20:49:35 | System Firmware Progress | Secondary CPU Initialization | Asserted
  70 | 01/12/2012 | 20:49:44 | System Firmware Progress | Video initialization | Asserted
  71 | 01/12/2012 | 20:49:51 | System Firmware Progress | Keyboard controller initialization | Asserted
  72 | 01/12/2012 | 20:50:03 | System Firmware Progress | Option ROM initialization | Asserted
  73 | 01/12/2012 | 20:50:06 | System Firmware Progress | Option ROM initialization | Asserted
  74 | 01/12/2012 | 20:50:25 | System Firmware Progress | System boot initiated | Asserted
  75 | 01/12/2012 | 21:29:33 | System Boot Initiated | Initiated by warm reset | Asserted
  76 | 01/12/2012 | 21:29:34 | System Firmware Progress | Memory initialization | Asserted
  77 | 01/12/2012 | 21:29:34 | System Firmware Progress | Primary CPU initialization | Asserted
  78 | 01/12/2012 | 21:30:11 | System Firmware Progress | Management controller initialization | Asserted
  79 | 01/12/2012 | 21:30:11 | System Firmware Progress | Secondary CPU Initialization | Asserted
  7a | 01/12/2012 | 21:30:20 | System Firmware Progress | Video initialization | Asserted
  7b | 01/12/2012 | 21:30:27 | System Firmware Progress | Keyboard controller initialization | Asserted
  7c | 01/12/2012 | 21:30:39 | System Firmware Progress | Option ROM initialization | Asserted
  7d | 01/12/2012 | 21:30:42 | System Firmware Progress | Option ROM initialization | Asserted
  7e | 01/12/2012 | 21:31:01 | System Firmware Progress | System boot initiated | Asserted
  7f | 01/12/2012 | 23:47:59 | System Boot Initiated | Initiated by warm reset | Asserted
  80 | 01/12/2012 | 23:47:59 | System Firmware Progress | Memory initialization | Asserted
  81 | 01/12/2012 | 23:47:59 | System Firmware Progress | Primary CPU initialization | Asserted
  82 | 01/12/2012 | 23:48:36 | System Firmware Progress | Management controller initialization | Asserted
  83 | 01/12/2012 | 23:48:36 | System Firmware Progress | Secondary CPU Initialization | Asserted
  84 | 01/12/2012 | 23:48:45 | System Firmware Progress | Video initialization | Asserted
  85 | 01/12/2012 | 23:48:52 | System Firmware Progress | Keyboard controller initialization | Asserted
  86 | 01/12/2012 | 23:49:04 | System Firmware Progress | Option ROM initialization | Asserted
  87 | 01/12/2012 | 23:49:07 | System Firmware Progress | Option ROM initialization | Asserted
  88 | 01/12/2012 | 23:49:26 | System Firmware Progress | System boot initiated | Asserted
  89 | 01/13/2012 | 13:12:39 | System Boot Initiated | Initiated by warm reset | Asserted
  8a | 01/13/2012 | 13:12:39 | System Firmware Progress | Memory initialization | Asserted
  8b | 01/13/2012 | 13:12:39 | System Firmware Progress | Primary CPU initialization | Asserted
  8c | 01/13/2012 | 13:13:24 | System Firmware Progress | Management controller initialization | Asserted
  8d | 01/13/2012 | 13:13:24 | System Firmware Progress | Secondary CPU Initialization | Asserted
  8e | 01/13/2012 | 13:13:33 | System Firmware Progress | Video initialization | Asserted
  8f | 01/13/2012 | 13:13:40 | System Firmware Progress | Keyboard controller initialization | Asserted
  90 | 01/13/2012 | 13:13:52 | System Firmware Progress | Option ROM initialization | Asserted
  91 | 01/13/2012 | 13:13:55 | System Firmware Progress | Option ROM initialization | Asserted
  92 | 01/13/2012 | 13:14:14 | System Firmware Progress | System boot initiated | Asserted
  93 | 01/18/2012 | 10:22:27 | System ACPI Power State #0x26 | S0/G0: working | Deasserted
  94 | 01/18/2012 | 10:22:27 | System ACPI Power State #0x26 | S5/G2: soft-off | Asserted
  95 | 01/19/2012 | 08:17:34 | Voltage #0x6d | Lower Critical going low 
  96 | 01/19/2012 | 08:17:40 | Voltage #0x6d | Lower Non-recoverable going low 
  97 | 02/03/2012 | 08:54:21 | System Boot Initiated | Initiated by hard reset | Asserted
  98 | 02/03/2012 | 08:54:21 | System Firmware Progress | Memory initialization | Asserted
  99 | 02/03/2012 | 08:54:21 | System Firmware Progress | Primary CPU initialization | Asserted
  9a | 02/03/2012 | 09:06:21 | Button | Power Button pressed | Asserted
  9b | 02/03/2012 | 09:06:23 | System Boot Initiated | Initiated by hard reset | Asserted
  9c | 02/03/2012 | 09:06:23 | System Firmware Progress | Memory initialization | Asserted
  9d | 02/03/2012 | 09:06:23 | System Firmware Progress | Primary CPU initialization | Asserted
  9e | 02/03/2012 | 09:07:18 | System Boot Initiated | Initiated by warm reset | Asserted
  9f | 02/03/2012 | 09:07:18 | System Firmware Progress | Memory initialization | Asserted
  a0 | 02/03/2012 | 09:07:18 | System Firmware Progress | Primary CPU initialization | Asserted
  a1 | 02/03/2012 | 09:07:20 | System Boot Initiated | Initiated by hard reset | Asserted
  a2 | 02/03/2012 | 09:07:20 | System Firmware Progress | Memory initialization | Asserted
  a3 | 02/03/2012 | 09:07:20 | System Firmware Progress | Primary CPU initialization | Asserted
  a4 | 02/03/2012 | 09:07:21 | System ACPI Power State #0x26 | S0/G0: working | Asserted
  a5 | 02/03/2012 | 09:07:21 | System ACPI Power State #0x26 | S5/G2: soft-off | Deasserted
  a6 | 02/03/2012 | 09:07:22 | System Boot Initiated | Initiated by warm reset | Asserted
  a7 | 02/03/2012 | 09:07:23 | System Firmware Progress | Memory initialization | Asserted
  a8 | 02/03/2012 | 09:07:23 | System Firmware Progress | Primary CPU initialization | Asserted
  a9 | 02/03/2012 | 09:07:59 | System Firmware Progress | Management controller initialization | Asserted
  aa | 02/03/2012 | 09:07:59 | System Firmware Progress | Secondary CPU Initialization | Asserted
  ab | 02/03/2012 | 09:08:09 | System Firmware Progress | Video initialization | Asserted
  ac | 02/03/2012 | 09:08:15 | System Firmware Progress | Keyboard controller initialization | Asserted
  ad | 02/03/2012 | 09:08:27 | System Firmware Progress | Option ROM initialization | Asserted
  ae | 02/03/2012 | 09:08:30 | System Firmware Progress | Option ROM initialization | Asserted
  af | 02/03/2012 | 09:08:49 | System Firmware Progress | System boot initiated | Asserted
  b0 | 02/07/2012 | 08:15:53 | System ACPI Power State #0x26 | S0/G0: working | Deasserted
  b1 | 02/07/2012 | 08:15:53 | System ACPI Power State #0x26 | S5/G2: soft-off | Asserted
  b2 | 02/07/2012 | 15:44:12 | Button | Power Button pressed | Asserted
  b3 | 02/07/2012 | 15:44:13 | System Boot Initiated | Initiated by hard reset | Asserted
  b4 | 02/07/2012 | 15:44:13 | System Firmware Progress | Memory initialization | Asserted
  b5 | 02/07/2012 | 15:44:14 | System Firmware Progress | Primary CPU initialization | Asserted
  b6 | 02/07/2012 | 15:44:15 | Button | Power Button pressed | Asserted
  b7 | 02/07/2012 | 15:44:16 | System Boot Initiated | Initiated by warm reset | Asserted
  b8 | 02/07/2012 | 15:44:16 | System Firmware Progress | Memory initialization | Asserted
  b9 | 02/07/2012 | 15:44:16 | System Firmware Progress | Primary CPU initialization | Asserted
  ba | 02/07/2012 | 15:44:18 | System Boot Initiated | Initiated by warm reset | Asserted
  bb | 02/07/2012 | 15:44:18 | System Firmware Progress | Memory initialization | Asserted
  bc | 02/07/2012 | 15:44:18 | System Firmware Progress | Primary CPU initialization | Asserted
  bd | 02/07/2012 | 15:44:23 | Button | Power Button pressed | Asserted
  be | 02/07/2012 | 15:44:23 | System ACPI Power State #0x26 | S0/G0: working | Asserted
  bf | 02/07/2012 | 15:44:23 | System ACPI Power State #0x26 | S5/G2: soft-off | Deasserted
  c0 | 02/07/2012 | 15:44:29 | Button | Power Button pressed | Asserted
  c1 | 02/07/2012 | 15:44:39 | Button | Power Button pressed | Asserted
  c2 | 02/07/2012 | 15:44:46 | Button | Power Button pressed | Asserted
  c3 | 02/07/2012 | 15:44:54 | System Firmware Progress | Management controller initialization | Asserted
  c4 | 02/07/2012 | 15:44:54 | System Firmware Progress | Secondary CPU Initialization | Asserted
  c5 | 02/07/2012 | 15:45:04 | System Firmware Progress | Video initialization | Asserted
  c6 | 02/07/2012 | 15:45:11 | System Firmware Progress | Keyboard controller initialization | Asserted
  c7 | 02/07/2012 | 15:45:23 | System Firmware Progress | Option ROM initialization | Asserted
  c8 | 02/07/2012 | 15:45:26 | System Firmware Progress | Option ROM initialization | Asserted
  c9 | 02/07/2012 | 15:45:44 | System Firmware Progress | System boot initiated | Asserted
  ca | 03/13/2012 | 09:54:50 | System ACPI Power State #0x26 | S0/G0: working | Deasserted
  cb | 03/13/2012 | 09:54:50 | System ACPI Power State #0x26 | S5/G2: soft-off | Asserted
  cc | 03/13/2012 | 16:18:37 | System Boot Initiated | System Restart | Asserted
  cd | 03/13/2012 | 16:18:39 | System Boot Initiated | Initiated by hard reset | Asserted
  ce | 03/13/2012 | 16:18:39 | System Firmware Progress | Memory initialization | Asserted
  cf | 03/13/2012 | 16:18:39 | System Firmware Progress | Primary CPU initialization | Asserted
  d0 | 03/13/2012 | 16:18:45 | System Boot Initiated | Initiated by warm reset | Asserted
  d1 | 03/13/2012 | 16:18:46 | System Firmware Progress | Memory initialization | Asserted
  d2 | 03/13/2012 | 16:18:46 | System Firmware Progress | Primary CPU initialization | Asserted
  d3 | 03/13/2012 | 16:18:46 | System ACPI Power State #0x26 | S0/G0: working | Asserted
  d4 | 03/13/2012 | 16:18:46 | System ACPI Power State #0x26 | S5/G2: soft-off | Deasserted
  d5 | 03/13/2012 | 16:18:48 | System Boot Initiated | Initiated by warm reset | Asserted
  d6 | 03/13/2012 | 16:18:49 | System Firmware Progress | Memory initialization | Asserted
  d7 | 03/13/2012 | 16:18:51 | System Firmware Progress | Primary CPU initialization | Asserted
  d8 | 03/13/2012 | 16:19:27 | System Firmware Progress | Management controller initialization | Asserted
  d9 | 03/13/2012 | 16:19:27 | System Firmware Progress | Secondary CPU Initialization | Asserted
  da | 03/13/2012 | 16:19:38 | System Firmware Progress | Video initialization | Asserted
  db | 03/13/2012 | 16:19:45 | System Firmware Progress | Keyboard controller initialization | Asserted
  dc | 03/13/2012 | 16:19:57 | System Firmware Progress | Option ROM initialization | Asserted
  dd | 03/13/2012 | 16:20:00 | System Firmware Progress | Option ROM initialization | Asserted
  de | 03/13/2012 | 16:20:19 | System Firmware Progress | System boot initiated | Asserted
  df | 03/14/2012 | 12:25:16 | System ACPI Power State #0x26 | S0/G0: working | Deasserted
  e0 | 03/14/2012 | 12:25:16 | System ACPI Power State #0x26 | S5/G2: soft-off | Asserted
  e1 | 03/14/2012 | 12:31:07 | System Boot Initiated | Initiated by hard reset | Asserted
  e2 | 03/14/2012 | 12:31:08 | System Firmware Progress | Memory initialization | Asserted
  e3 | 03/14/2012 | 12:31:08 | System Firmware Progress | Primary CPU initialization | Asserted
  e4 | 03/14/2012 | 12:31:10 | System Boot Initiated | System Restart | Asserted
  e5 | 03/14/2012 | 12:31:10 | Critical Interrupt | NMI/Diag Interrupt | Asserted
  e6 | 03/14/2012 | 12:31:15 | System ACPI Power State #0x26 | S0/G0: working | Asserted
  e7 | 03/14/2012 | 12:31:15 | System ACPI Power State #0x26 | S5/G2: soft-off | Deasserted
  e8 | 03/14/2012 | 12:32:32 | System Firmware Progress | Secondary CPU Initialization | Asserted
  e9 | 03/14/2012 | 12:35:05 | System Firmware Progress | System boot initiated | Asserted
  ea | 03/14/2012 | 14:01:15 | System ACPI Power State #0x26 | S0/G0: working | Deasserted
  eb | 03/14/2012 | 14:01:15 | System ACPI Power State #0x26 | S5/G2: soft-off | Asserted
  ec | 03/14/2012 | 14:03:15 | System Boot Initiated | System Restart | Asserted
  ed | 03/14/2012 | 14:03:16 | System Boot Initiated | Initiated by hard reset | Asserted
  ee | 03/14/2012 | 14:03:16 | System Firmware Progress | Memory initialization | Asserted
  ef | 03/14/2012 | 14:03:16 | System Firmware Progress | Primary CPU initialization | Asserted
  f0 | 03/14/2012 | 14:03:19 | System Boot Initiated | Initiated by warm reset | Asserted
  f1 | 03/14/2012 | 14:03:19 | System Firmware Progress | Memory initialization | Asserted
  f2 | 03/14/2012 | 14:03:19 | System Firmware Progress | Primary CPU initialization | Asserted
  f3 | 03/14/2012 | 14:03:20 | System Boot Initiated | Initiated by warm reset | Asserted
  f4 | 03/14/2012 | 14:03:20 | System Firmware Progress | Memory initialization | Asserted
  f5 | 03/14/2012 | 14:03:21 | System Firmware Progress | Primary CPU initialization | Asserted
  f6 | 03/14/2012 | 14:03:22 | System ACPI Power State #0x26 | S0/G0: working | Asserted
  f7 | 03/14/2012 | 14:03:22 | System ACPI Power State #0x26 | S5/G2: soft-off | Deasserted
  f8 | 03/14/2012 | 14:03:57 | System Firmware Progress | Management controller initialization | Asserted
  f9 | 03/14/2012 | 14:03:57 | System Firmware Progress | Secondary CPU Initialization | Asserted
  fa | 03/14/2012 | 14:04:09 | System Firmware Progress | Video initialization | Asserted
  fb | 03/14/2012 | 14:04:16 | System Firmware Progress | Keyboard controller initialization | Asserted
  fc | 03/14/2012 | 14:04:28 | System Firmware Progress | Option ROM initialization | Asserted
  fd | 03/14/2012 | 14:04:31 | System Firmware Progress | Option ROM initialization | Asserted
  fe | 03/14/2012 | 14:04:50 | System Firmware Progress | System boot initiated | Asserted
  ff | 03/14/2012 | 14:31:45 | System ACPI Power State #0x26 | S0/G0: working | Deasserted
 100 | 03/14/2012 | 14:31:45 | System ACPI Power State #0x26 | S5/G2: soft-off | Asserted
 101 | 03/14/2012 | 14:33:41 | Button | Power Button pressed | Asserted
 102 | 03/14/2012 | 14:33:43 | System Boot Initiated | Initiated by hard reset | Asserted
 103 | 03/14/2012 | 14:33:43 | System Firmware Progress | Memory initialization | Asserted
 104 | 03/14/2012 | 14:33:43 | System Firmware Progress | Primary CPU initialization | Asserted
 105 | 03/14/2012 | 14:33:45 | System Boot Initiated | Initiated by warm reset | Asserted
 106 | 03/14/2012 | 14:33:46 | System Firmware Progress | Memory initialization | Asserted
 107 | 03/14/2012 | 14:33:46 | System Firmware Progress | Primary CPU initialization | Asserted
 108 | 03/14/2012 | 14:33:47 | System Boot Initiated | Initiated by warm reset | Asserted
 109 | 03/14/2012 | 14:33:47 | System Firmware Progress | Memory initialization | Asserted
 10a | 03/14/2012 | 14:33:47 | System Firmware Progress | Primary CPU initialization | Asserted
 10b | 03/14/2012 | 14:33:52 | System ACPI Power State #0x26 | S0/G0: working | Asserted
 10c | 03/14/2012 | 14:33:52 | System ACPI Power State #0x26 | S5/G2: soft-off | Deasserted
 10d | 03/14/2012 | 14:34:24 | System Firmware Progress | Management controller initialization | Asserted
 10e | 03/14/2012 | 14:34:24 | System Firmware Progress | Secondary CPU Initialization | Asserted
 10f | 03/14/2012 | 14:34:34 | System Firmware Progress | Video initialization | Asserted
 110 | 03/14/2012 | 14:34:40 | System Firmware Progress | Keyboard controller initialization | Asserted
 111 | 03/14/2012 | 14:34:51 | System Firmware Progress | Option ROM initialization | Asserted
 112 | 03/14/2012 | 14:34:54 | System Firmware Progress | Option ROM initialization | Asserted
 113 | 03/14/2012 | 14:35:13 | System Firmware Progress | System boot initiated | Asserted
 114 | 03/15/2012 | 16:04:46 | System ACPI Power State #0x26 | S0/G0: working | Deasserted
 115 | 03/15/2012 | 16:04:46 | System ACPI Power State #0x26 | S5/G2: soft-off | Asserted
 116 | 03/15/2012 | 16:18:25 | Button | Power Button pressed | Asserted
 117 | 03/15/2012 | 16:18:27 | System Boot Initiated | Initiated by hard reset | Asserted
 118 | 03/15/2012 | 16:18:27 | System Firmware Progress | Memory initialization | Asserted
 119 | 03/15/2012 | 16:18:27 | System Firmware Progress | Primary CPU initialization | Asserted
 11a | 03/15/2012 | 16:18:30 | System Boot Initiated | Initiated by warm reset | Asserted
 11b | 03/15/2012 | 16:18:30 | System Firmware Progress | Memory initialization | Asserted
 11c | 03/15/2012 | 16:18:30 | System Firmware Progress | Primary CPU initialization | Asserted
 11d | 03/15/2012 | 16:18:31 | System Boot Initiated | Initiated by warm reset | Asserted
 11e | 03/15/2012 | 16:18:32 | System Firmware Progress | Memory initialization | Asserted
 11f | 03/15/2012 | 16:18:32 | System Firmware Progress | Primary CPU initialization | Asserted
 120 | 03/15/2012 | 16:18:34 | System ACPI Power State #0x26 | S0/G0: working | Asserted
 121 | 03/15/2012 | 16:18:34 | System ACPI Power State #0x26 | S5/G2: soft-off | Deasserted
 122 | 03/15/2012 | 16:19:08 | System Firmware Progress | Management controller initialization | Asserted
 123 | 03/15/2012 | 16:19:08 | System Firmware Progress | Secondary CPU Initialization | Asserted
 124 | 03/15/2012 | 16:19:18 | System Firmware Progress | Video initialization | Asserted
 125 | 03/15/2012 | 16:19:26 | System Firmware Progress | Keyboard controller initialization | Asserted
 126 | 03/15/2012 | 16:19:37 | System Firmware Progress | Option ROM initialization | Asserted
 127 | 03/15/2012 | 16:19:41 | System Firmware Progress | Option ROM initialization | Asserted
 128 | 03/15/2012 | 16:19:59 | System Firmware Progress | System boot initiated | Asserted
 129 | 03/15/2012 | 16:31:14 | System ACPI Power State #0x26 | S0/G0: working | Deasserted
 12a | 03/15/2012 | 16:31:14 | System ACPI Power State #0x26 | S5/G2: soft-off | Asserted
 12b | 03/21/2012 | 09:09:38 | System Boot Initiated | System Restart | Asserted
 12c | 03/21/2012 | 09:09:39 | System Boot Initiated | Initiated by hard reset | Asserted
 12d | 03/21/2012 | 09:09:39 | System Firmware Progress | Memory initialization | Asserted
 12e | 03/21/2012 | 09:09:39 | System Firmware Progress | Primary CPU initialization | Asserted
 12f | 03/21/2012 | 09:09:42 | System Boot Initiated | Initiated by warm reset | Asserted
 130 | 03/21/2012 | 09:09:42 | System Firmware Progress | Memory initialization | Asserted
 131 | 03/21/2012 | 09:09:42 | System Firmware Progress | Primary CPU initialization | Asserted
 132 | 03/21/2012 | 09:09:43 | System Boot Initiated | Initiated by warm reset | Asserted
 133 | 03/21/2012 | 09:09:43 | System Firmware Progress | Memory initialization | Asserted
 134 | 03/21/2012 | 09:09:44 | System Firmware Progress | Primary CPU initialization | Asserted
 135 | 03/21/2012 | 09:09:49 | System ACPI Power State #0x26 | S0/G0: working | Asserted
 136 | 03/21/2012 | 09:09:49 | System ACPI Power State #0x26 | S5/G2: soft-off | Deasserted
 137 | 03/21/2012 | 09:10:20 | System Firmware Progress | Management controller initialization | Asserted
 138 | 03/21/2012 | 09:10:20 | System Firmware Progress | Secondary CPU Initialization | Asserted
 139 | 03/21/2012 | 09:10:29 | System Firmware Progress | Video initialization | Asserted
 13a | 03/21/2012 | 09:10:37 | System Firmware Progress | Keyboard controller initialization | Asserted
 13b | 03/21/2012 | 09:10:49 | System Firmware Progress | Option ROM initialization | Asserted
 13c | 03/21/2012 | 09:10:52 | System Firmware Progress | Option ROM initialization | Asserted
 13d | 03/21/2012 | 09:11:10 | System Firmware Progress | System boot initiated | Asserted
 13e | 03/22/2012 | 00:11:52 | System ACPI Power State #0x26 | S0/G0: working | Deasserted
 13f | 03/22/2012 | 00:11:52 | System ACPI Power State #0x26 | S5/G2: soft-off | Asserted
 140 | 03/22/2012 | 10:13:32 | System Boot Initiated | System Restart | Asserted
 141 | 03/22/2012 | 10:13:32 | System Boot Initiated | Initiated by hard reset | Asserted
 142 | 03/22/2012 | 10:13:33 | System Firmware Progress | Memory initialization | Asserted
 143 | 03/22/2012 | 10:13:33 | System Firmware Progress | Primary CPU initialization | Asserted
 144 | 03/22/2012 | 10:13:35 | System Boot Initiated | Initiated by warm reset | Asserted
 145 | 03/22/2012 | 10:13:35 | System Firmware Progress | Memory initialization | Asserted
 146 | 03/22/2012 | 10:13:35 | System Firmware Progress | Primary CPU initialization | Asserted
 147 | 03/22/2012 | 10:13:37 | System Boot Initiated | Initiated by warm reset | Asserted
 148 | 03/22/2012 | 10:13:37 | System Firmware Progress | Memory initialization | Asserted
 149 | 03/22/2012 | 10:13:37 | System Firmware Progress | Primary CPU initialization | Asserted
 14a | 03/22/2012 | 10:13:41 | System ACPI Power State #0x26 | S0/G0: working | Asserted
 14b | 03/22/2012 | 10:13:41 | System ACPI Power State #0x26 | S5/G2: soft-off | Deasserted
 14c | 03/22/2012 | 10:14:19 | System Firmware Progress | Management controller initialization | Asserted
 14d | 03/22/2012 | 10:14:20 | System Firmware Progress | Secondary CPU Initialization | Asserted
 14e | 03/22/2012 | 10:14:29 | System Firmware Progress | Video initialization | Asserted
 14f | 03/22/2012 | 10:14:36 | System Firmware Progress | Keyboard controller initialization | Asserted
 150 | 03/22/2012 | 10:14:48 | System Firmware Progress | Option ROM initialization | Asserted
 151 | 03/22/2012 | 10:14:51 | System Firmware Progress | Option ROM initialization | Asserted
 152 | 03/22/2012 | 10:15:10 | System Firmware Progress | System boot initiated | Asserted
 153 | 04/04/2012 | 14:17:40 | System Boot Initiated | Initiated by warm reset | Asserted
 154 | 04/04/2012 | 14:17:41 | System Firmware Progress | Memory initialization | Asserted
 155 | 04/04/2012 | 14:17:41 | System Firmware Progress | Primary CPU initialization | Asserted
 156 | 04/04/2012 | 14:18:17 | System Firmware Progress | Management controller initialization | Asserted
 157 | 04/04/2012 | 14:18:17 | System Firmware Progress | Secondary CPU Initialization | Asserted
 158 | 04/04/2012 | 14:18:27 | System Firmware Progress | Video initialization | Asserted
 159 | 04/04/2012 | 14:18:34 | System Firmware Progress | Keyboard controller initialization | Asserted
 15a | 04/04/2012 | 14:18:46 | System Firmware Progress | Option ROM initialization | Asserted
 15b | 04/04/2012 | 14:18:49 | System Firmware Progress | Option ROM initialization | Asserted
 15c | 04/04/2012 | 14:19:08 | System Firmware Progress | System boot initiated | Asserted
 15d | 04/04/2012 | 18:58:38 | System Boot Initiated | Initiated by warm reset | Asserted
 15e | 04/04/2012 | 18:58:38 | System Firmware Progress | Memory initialization | Asserted
 15f | 04/04/2012 | 18:58:38 | System Firmware Progress | Primary CPU initialization | Asserted
 160 | 04/04/2012 | 18:59:15 | System Firmware Progress | Management controller initialization | Asserted
 161 | 04/04/2012 | 18:59:15 | System Firmware Progress | Secondary CPU Initialization | Asserted
 162 | 04/04/2012 | 18:59:24 | System Firmware Progress | Video initialization | Asserted
 163 | 04/04/2012 | 18:59:31 | System Firmware Progress | Keyboard controller initialization | Asserted
 164 | 04/04/2012 | 18:59:43 | System Firmware Progress | Option ROM initialization | Asserted
 165 | 04/04/2012 | 18:59:46 | System Firmware Progress | Option ROM initialization | Asserted
 166 | 04/04/2012 | 19:00:05 | System Firmware Progress | System boot initiated | Asserted
 167 | 04/04/2012 | 20:31:02 | System Boot Initiated | Initiated by warm reset | Asserted
 168 | 04/04/2012 | 20:31:02 | System Firmware Progress | Memory initialization | Asserted
 169 | 04/04/2012 | 20:31:02 | System Firmware Progress | Primary CPU initialization | Asserted
 16a | 04/04/2012 | 20:31:39 | System Firmware Progress | Management controller initialization | Asserted
 16b | 04/04/2012 | 20:31:39 | System Firmware Progress | Secondary CPU Initialization | Asserted
 16c | 04/04/2012 | 20:31:49 | System Firmware Progress | Video initialization | Asserted
 16d | 04/04/2012 | 20:31:55 | System Firmware Progress | Keyboard controller initialization | Asserted
 16e | 04/04/2012 | 20:32:07 | System Firmware Progress | Option ROM initialization | Asserted
 16f | 04/04/2012 | 20:32:11 | System Firmware Progress | Option ROM initialization | Asserted
 170 | 04/04/2012 | 20:32:29 | System Firmware Progress | System boot initiated | Asserted
 171 | 04/04/2012 | 22:31:57 | System Boot Initiated | Initiated by warm reset | Asserted
 172 | 04/04/2012 | 22:31:57 | System Firmware Progress | Memory initialization | Asserted
 173 | 04/04/2012 | 22:31:57 | System Firmware Progress | Primary CPU initialization | Asserted
 174 | 04/04/2012 | 22:32:40 | System Firmware Progress | Management controller initialization | Asserted
 175 | 04/04/2012 | 22:32:40 | System Firmware Progress | Secondary CPU Initialization | Asserted
 176 | 04/04/2012 | 22:32:50 | System Firmware Progress | Video initialization | Asserted
 177 | 04/04/2012 | 22:32:57 | System Firmware Progress | Keyboard controller initialization | Asserted
 178 | 04/04/2012 | 22:33:08 | System Firmware Progress | Option ROM initialization | Asserted
 179 | 04/04/2012 | 22:33:12 | System Firmware Progress | Option ROM initialization | Asserted
 17a | 04/04/2012 | 22:33:30 | System Firmware Progress | System boot initiated | Asserted
 17b | 04/04/2012 | 23:18:19 | System Boot Initiated | Initiated by warm reset | Asserted
 17c | 04/04/2012 | 23:18:20 | System Firmware Progress | Memory initialization | Asserted
 17d | 04/04/2012 | 23:18:20 | System Firmware Progress | Primary CPU initialization | Asserted
 17e | 04/04/2012 | 23:19:03 | System Firmware Progress | Management controller initialization | Asserted
 17f | 04/04/2012 | 23:19:03 | System Firmware Progress | Secondary CPU Initialization | Asserted
 180 | 04/04/2012 | 23:19:13 | System Firmware Progress | Video initialization | Asserted
 181 | 04/04/2012 | 23:19:19 | System Firmware Progress | Keyboard controller initialization | Asserted
 182 | 04/04/2012 | 23:19:31 | System Firmware Progress | Option ROM initialization | Asserted
 183 | 04/04/2012 | 23:19:34 | System Firmware Progress | Option ROM initialization | Asserted
 184 | 04/04/2012 | 23:19:53 | System Firmware Progress | System boot initiated | Asserted
 185 | 04/04/2012 | 23:50:33 | System Boot Initiated | Initiated by warm reset | Asserted
 186 | 04/04/2012 | 23:50:33 | System Firmware Progress | Memory initialization | Asserted
 187 | 04/04/2012 | 23:50:33 | System Firmware Progress | Primary CPU initialization | Asserted
 188 | 04/04/2012 | 23:51:10 | System Firmware Progress | Management controller initialization | Asserted
 189 | 04/04/2012 | 23:51:10 | System Firmware Progress | Secondary CPU Initialization | Asserted
 18a | 04/04/2012 | 23:51:20 | System Firmware Progress | Video initialization | Asserted
 18b | 04/04/2012 | 23:51:27 | System Firmware Progress | Keyboard controller initialization | Asserted
 18c | 04/04/2012 | 23:51:38 | System Firmware Progress | Option ROM initialization | Asserted
 18d | 04/04/2012 | 23:51:42 | System Firmware Progress | Option ROM initialization | Asserted
 18e | 04/04/2012 | 23:52:00 | System Firmware Progress | System boot initiated | Asserted
 18f | 04/05/2012 | 00:15:15 | System Boot Initiated | Initiated by warm reset | Asserted
 190 | 04/05/2012 | 00:15:15 | System Firmware Progress | Memory initialization | Asserted
 191 | 04/05/2012 | 00:15:15 | System Firmware Progress | Primary CPU initialization | Asserted
 192 | 04/05/2012 | 00:15:55 | System Firmware Progress | Management controller initialization | Asserted
 193 | 04/05/2012 | 00:15:55 | System Firmware Progress | Secondary CPU Initialization | Asserted
 194 | 04/05/2012 | 00:16:05 | System Firmware Progress | Video initialization | Asserted
 195 | 04/05/2012 | 00:16:12 | System Firmware Progress | Keyboard controller initialization | Asserted
 196 | 04/05/2012 | 00:16:23 | System Firmware Progress | Option ROM initialization | Asserted
 197 | 04/05/2012 | 00:16:27 | System Firmware Progress | Option ROM initialization | Asserted
 198 | 04/05/2012 | 00:16:45 | System Firmware Progress | System boot initiated | Asserted
 199 | 04/05/2012 | 08:28:11 | System Boot Initiated | Initiated by warm reset | Asserted
 19a | 04/05/2012 | 08:28:11 | System Firmware Progress | Memory initialization | Asserted
 19b | 04/05/2012 | 08:28:11 | System Firmware Progress | Primary CPU initialization | Asserted
 19c | 04/05/2012 | 08:28:48 | System Firmware Progress | Management controller initialization | Asserted
 19d | 04/05/2012 | 08:28:48 | System Firmware Progress | Secondary CPU Initialization | Asserted
 19e | 04/05/2012 | 08:28:57 | System Firmware Progress | Video initialization | Asserted
 19f | 04/05/2012 | 08:29:04 | System Firmware Progress | Keyboard controller initialization | Asserted
 1a0 | 04/05/2012 | 08:29:16 | System Firmware Progress | Option ROM initialization | Asserted
 1a1 | 04/05/2012 | 08:29:19 | System Firmware Progress | Option ROM initialization | Asserted
 1a2 | 04/05/2012 | 08:29:38 | System Firmware Progress | System boot initiated | Asserted
 1a3 | 04/05/2012 | 10:07:07 | System Boot Initiated | Initiated by warm reset | Asserted
 1a4 | 04/05/2012 | 10:07:07 | System Firmware Progress | Memory initialization | Asserted
 1a5 | 04/05/2012 | 10:07:07 | System Firmware Progress | Primary CPU initialization | Asserted
 1a6 | 04/05/2012 | 10:07:50 | System Firmware Progress | Management controller initialization | Asserted
 1a7 | 04/05/2012 | 10:07:50 | System Firmware Progress | Secondary CPU Initialization | Asserted
 1a8 | 04/05/2012 | 10:08:00 | System Firmware Progress | Video initialization | Asserted
 1a9 | 04/05/2012 | 10:08:07 | System Firmware Progress | Keyboard controller initialization | Asserted
 1aa | 04/05/2012 | 10:08:18 | System Firmware Progress | Option ROM initialization | Asserted
 1ab | 04/05/2012 | 10:08:22 | System Firmware Progress | Option ROM initialization | Asserted
 1ac | 04/05/2012 | 10:08:40 | System Firmware Progress | System boot initiated | Asserted
 1ad | 04/06/2012 | 11:11:23 | System Boot Initiated | Initiated by warm reset | Asserted
 1ae | 04/06/2012 | 11:11:23 | System Firmware Progress | Memory initialization | Asserted
 1af | 04/06/2012 | 11:11:23 | System Firmware Progress | Primary CPU initialization | Asserted
 1b0 | 04/06/2012 | 11:12:01 | System Firmware Progress | Management controller initialization | Asserted
 1b1 | 04/06/2012 | 11:12:01 | System Firmware Progress | Secondary CPU Initialization | Asserted
 1b2 | 04/06/2012 | 11:12:10 | System Firmware Progress | Video initialization | Asserted
 1b3 | 04/06/2012 | 11:12:17 | System Firmware Progress | Keyboard controller initialization | Asserted
 1b4 | 04/06/2012 | 11:12:29 | System Firmware Progress | Option ROM initialization | Asserted
 1b5 | 04/06/2012 | 11:12:32 | System Firmware Progress | Option ROM initialization | Asserted
 1b6 | 04/06/2012 | 11:12:51 | System Firmware Progress | System boot initiated | Asserted
 1b7 | 04/06/2012 | 13:49:45 | System Boot Initiated | Initiated by warm reset | Asserted
 1b8 | 04/06/2012 | 13:49:45 | System Firmware Progress | Memory initialization | Asserted
 1b9 | 04/06/2012 | 13:49:45 | System Firmware Progress | Primary CPU initialization | Asserted
 1ba | 04/06/2012 | 13:50:28 | System Firmware Progress | Management controller initialization | Asserted
 1bb | 04/06/2012 | 13:50:28 | System Firmware Progress | Secondary CPU Initialization | Asserted
 1bc | 04/06/2012 | 13:50:38 | System Firmware Progress | Video initialization | Asserted
 1bd | 04/06/2012 | 13:50:44 | System Firmware Progress | Keyboard controller initialization | Asserted
 1be | 04/06/2012 | 13:50:56 | System Firmware Progress | Option ROM initialization | Asserted
 1bf | 04/06/2012 | 13:50:59 | System Firmware Progress | Option ROM initialization | Asserted
 1c0 | 04/06/2012 | 13:51:18 | System Firmware Progress | System boot initiated | Asserted
 1c1 | 04/16/2012 | 15:18:54 | System Boot Initiated | Initiated by warm reset | Asserted
 1c2 | 04/16/2012 | 15:18:55 | System Firmware Progress | Memory initialization | Asserted
 1c3 | 04/16/2012 | 15:18:55 | System Firmware Progress | Primary CPU initialization | Asserted
 1c4 | 04/16/2012 | 15:18:55 | System Boot Initiated | System Restart | Asserted
 1c5 | 04/16/2012 | 15:19:38 | System Firmware Progress | Management controller initialization | Asserted
 1c6 | 04/16/2012 | 15:19:38 | System Firmware Progress | Secondary CPU Initialization | Asserted
 1c7 | 04/16/2012 | 15:19:47 | System Firmware Progress | Video initialization | Asserted
 1c8 | 04/16/2012 | 15:19:54 | System Firmware Progress | Keyboard controller initialization | Asserted
 1c9 | 04/16/2012 | 15:20:06 | System Firmware Progress | Option ROM initialization | Asserted
 1ca | 04/16/2012 | 15:20:09 | System Firmware Progress | Option ROM initialization | Asserted
 1cb | 04/16/2012 | 15:20:27 | System Firmware Progress | System boot initiated | Asserted
 1cc | 04/18/2012 | 08:24:12 | System ACPI Power State #0x26 | S0/G0: working | Deasserted
 1cd | 04/18/2012 | 08:24:12 | System ACPI Power State #0x26 | S5/G2: soft-off | Asserted
 1ce | 04/18/2012 | 08:42:48 | System Boot Initiated | System Restart | Asserted
 1cf | 04/18/2012 | 08:42:48 | System Boot Initiated | Initiated by hard reset | Asserted
 1d0 | 04/18/2012 | 08:42:49 | System Firmware Progress | Memory initialization | Asserted
 1d1 | 04/18/2012 | 08:42:49 | System Firmware Progress | Primary CPU initialization | Asserted
 1d2 | 04/18/2012 | 08:42:51 | System Boot Initiated | Initiated by warm reset | Asserted
 1d3 | 04/18/2012 | 08:42:51 | System Firmware Progress | Memory initialization | Asserted
 1d4 | 04/18/2012 | 08:42:51 | System Firmware Progress | Primary CPU initialization | Asserted
 1d5 | 04/18/2012 | 08:42:53 | System Boot Initiated | Initiated by warm reset | Asserted
 1d6 | 04/18/2012 | 08:42:53 | System Firmware Progress | Memory initialization | Asserted
 1d7 | 04/18/2012 | 08:42:53 | System Firmware Progress | Primary CPU initialization | Asserted
 1d8 | 04/18/2012 | 08:42:54 | System ACPI Power State #0x26 | S0/G0: working | Asserted
 1d9 | 04/18/2012 | 08:42:54 | System ACPI Power State #0x26 | S5/G2: soft-off | Deasserted
 1da | 04/18/2012 | 08:43:29 | System Firmware Progress | Management controller initialization | Asserted
 1db | 04/18/2012 | 08:43:29 | System Firmware Progress | Secondary CPU Initialization | Asserted
 1dc | 04/18/2012 | 08:43:39 | System Firmware Progress | Video initialization | Asserted
 1dd | 04/18/2012 | 08:43:46 | System Firmware Progress | Keyboard controller initialization | Asserted
 1de | 04/18/2012 | 08:43:57 | System Firmware Progress | Option ROM initialization | Asserted
 1df | 04/18/2012 | 08:44:00 | System Firmware Progress | Option ROM initialization | Asserted
 1e0 | 04/18/2012 | 08:44:17 | System Firmware Progress | System boot initiated | Asserted
 1e1 | 04/19/2012 | 09:53:01 | System Boot Initiated | Initiated by warm reset | Asserted
 1e2 | 04/19/2012 | 09:53:01 | System Firmware Progress | Memory initialization | Asserted
 1e3 | 04/19/2012 | 09:53:01 | System Firmware Progress | Primary CPU initialization | Asserted
 1e4 | 04/19/2012 | 09:53:44 | System Firmware Progress | Management controller initialization | Asserted
 1e5 | 04/19/2012 | 09:53:44 | System Firmware Progress | Secondary CPU Initialization | Asserted
 1e6 | 04/19/2012 | 09:53:54 | System Firmware Progress | Video initialization | Asserted
 1e7 | 04/19/2012 | 09:54:00 | System Firmware Progress | Keyboard controller initialization | Asserted
 1e8 | 04/19/2012 | 09:54:12 | System Firmware Progress | Option ROM initialization | Asserted
 1e9 | 04/19/2012 | 09:54:15 | System Firmware Progress | Option ROM initialization | Asserted
 1ea | 04/19/2012 | 09:54:33 | System Firmware Progress | System boot initiated | Asserted
 1eb | 05/02/2012 | 19:38:13 | System Boot Initiated | Initiated by warm reset | Asserted
 1ec | 05/02/2012 | 19:38:13 | System Firmware Progress | Memory initialization | Asserted
 1ed | 05/02/2012 | 19:38:13 | System Firmware Progress | Primary CPU initialization | Asserted
 1ee | 05/02/2012 | 19:38:50 | System Firmware Progress | Management controller initialization | Asserted
 1ef | 05/02/2012 | 19:38:50 | System Firmware Progress | Secondary CPU Initialization | Asserted
 1f0 | 05/02/2012 | 19:39:00 | System Firmware Progress | Video initialization | Asserted
 1f1 | 05/02/2012 | 19:39:06 | System Firmware Progress | Keyboard controller initialization | Asserted
 1f2 | 05/02/2012 | 19:39:18 | System Firmware Progress | Option ROM initialization | Asserted
 1f3 | 05/02/2012 | 19:39:22 | System Firmware Progress | Option ROM initialization | Asserted
 1f4 | 05/02/2012 | 19:39:39 | System Firmware Progress | System boot initiated | Asserted
 1f5 | 10/09/2012 | 11:46:31 | System Boot Initiated | Initiated by warm reset | Asserted
 1f6 | 10/09/2012 | 11:46:31 | System Firmware Progress | Memory initialization | Asserted
 1f7 | 10/09/2012 | 11:46:31 | System Firmware Progress | Primary CPU initialization | Asserted
 1f8 | 10/09/2012 | 11:47:15 | System Firmware Progress | Management controller initialization | Asserted
 1f9 | 10/09/2012 | 11:47:15 | System Firmware Progress | Secondary CPU Initialization | Asserted
 1fa | 10/09/2012 | 11:47:24 | System Firmware Progress | Video initialization | Asserted
 1fb | 10/09/2012 | 11:47:31 | System Firmware Progress | Keyboard controller initialization | Asserted
 1fc | 10/09/2012 | 11:47:43 | System Firmware Progress | Option ROM initialization | Asserted
 1fd | 10/09/2012 | 11:47:46 | System Firmware Progress | Option ROM initialization | Asserted
 1fe | 10/09/2012 | 11:48:03 | System Firmware Progress | System boot initiated | Asserted
 1ff | 10/09/2012 | 12:43:18 | System Boot Initiated | Initiated by warm reset | Asserted
 200 | 10/09/2012 | 12:43:18 | System Firmware Progress | Memory initialization | Asserted
 201 | 10/09/2012 | 12:43:18 | System Firmware Progress | Primary CPU initialization | Asserted
 202 | 10/09/2012 | 12:43:55 | System Firmware Progress | Management controller initialization | Asserted
 203 | 10/09/2012 | 12:43:55 | System Firmware Progress | Secondary CPU Initialization | Asserted
 204 | 10/09/2012 | 12:44:04 | System Firmware Progress | Video initialization | Asserted
 205 | 10/09/2012 | 12:44:11 | System Firmware Progress | Keyboard controller initialization | Asserted
 206 | 10/09/2012 | 12:44:23 | System Firmware Progress | Option ROM initialization | Asserted
 207 | 10/09/2012 | 12:44:26 | System Firmware Progress | Option ROM initialization | Asserted
 208 | 10/09/2012 | 12:44:43 | System Firmware Progress | System boot initiated | Asserted
 209 | 10/09/2012 | 15:05:14 | System Boot Initiated | Initiated by warm reset | Asserted
 20a | 10/09/2012 | 15:05:14 | System Firmware Progress | Memory initialization | Asserted
 20b | 10/09/2012 | 15:05:14 | System Firmware Progress | Primary CPU initialization | Asserted
 20c | 10/09/2012 | 15:05:54 | System Firmware Progress | Management controller initialization | Asserted
 20d | 10/09/2012 | 15:05:54 | System Firmware Progress | Secondary CPU Initialization | Asserted
 20e | 10/09/2012 | 15:06:04 | System Firmware Progress | Video initialization | Asserted
 20f | 10/09/2012 | 15:06:11 | System Firmware Progress | Keyboard controller initialization | Asserted
 210 | 10/09/2012 | 15:06:22 | System Firmware Progress | Option ROM initialization | Asserted
 211 | 10/09/2012 | 15:06:26 | System Firmware Progress | Option ROM initialization | Asserted
 212 | 10/09/2012 | 15:06:43 | System Firmware Progress | System boot initiated | Asserted
 213 | 11/06/2012 | 13:02:26 | System Boot Initiated | Initiated by warm reset | Asserted
 214 | 11/06/2012 | 13:02:26 | System Firmware Progress | Memory initialization | Asserted
 215 | 11/06/2012 | 13:02:27 | System Firmware Progress | Primary CPU initialization | Asserted
 216 | 11/06/2012 | 13:03:03 | System Firmware Progress | Management controller initialization | Asserted
 217 | 11/06/2012 | 13:03:03 | System Firmware Progress | Secondary CPU Initialization | Asserted
 218 | 11/06/2012 | 13:03:13 | System Firmware Progress | Video initialization | Asserted
 219 | 11/06/2012 | 13:03:20 | System Firmware Progress | Keyboard controller initialization | Asserted
 21a | 11/06/2012 | 13:03:32 | System Firmware Progress | Option ROM initialization | Asserted
 21b | 11/06/2012 | 13:03:35 | System Firmware Progress | Option ROM initialization | Asserted
 21c | 11/06/2012 | 13:03:52 | System Firmware Progress | System boot initiated | Asserted
 21d | 12/12/2012 | 10:04:55 | System Boot Initiated | Initiated by warm reset | Asserted
 21e | 12/12/2012 | 10:04:55 | System Firmware Progress | Memory initialization | Asserted
 21f | 12/12/2012 | 10:04:55 | System Firmware Progress | Primary CPU initialization | Asserted
 220 | 12/12/2012 | 10:05:32 | System Firmware Progress | Management controller initialization | Asserted
 221 | 12/12/2012 | 10:05:32 | System Firmware Progress | Secondary CPU Initialization | Asserted
 222 | 12/12/2012 | 10:05:42 | System Firmware Progress | Video initialization | Asserted
 223 | 12/12/2012 | 10:05:48 | System Firmware Progress | Keyboard controller initialization | Asserted
 224 | 12/12/2012 | 10:06:00 | System Firmware Progress | Option ROM initialization | Asserted
 225 | 12/12/2012 | 10:06:03 | System Firmware Progress | Option ROM initialization | Asserted
 226 | 12/12/2012 | 10:06:21 | System Firmware Progress | System boot initiated | Asserted
 227 | 02/06/2013 | 08:11:44 | System Boot Initiated | Initiated by warm reset | Asserted
 228 | 02/06/2013 | 08:11:45 | System Firmware Progress | Memory initialization | Asserted
 229 | 02/06/2013 | 08:11:45 | System Firmware Progress | Primary CPU initialization | Asserted
 22a | 02/06/2013 | 08:12:28 | System Firmware Progress | Management controller initialization | Asserted
 22b | 02/06/2013 | 08:12:28 | System Firmware Progress | Secondary CPU Initialization | Asserted
 22c | 02/06/2013 | 08:12:37 | System Firmware Progress | Video initialization | Asserted
 22d | 02/06/2013 | 08:12:44 | System Firmware Progress | Keyboard controller initialization | Asserted
 22e | 02/06/2013 | 08:12:56 | System Firmware Progress | Option ROM initialization | Asserted
 22f | 02/06/2013 | 08:12:59 | System Firmware Progress | Option ROM initialization | Asserted
 230 | 02/06/2013 | 08:13:16 | System Firmware Progress | System boot initiated | Asserted
 231 | 02/06/2013 | 08:40:31 | System Boot Initiated | Initiated by warm reset | Asserted
 232 | 02/06/2013 | 08:40:32 | System Firmware Progress | Memory initialization | Asserted
 233 | 02/06/2013 | 08:40:32 | System Firmware Progress | Primary CPU initialization | Asserted
 234 | 02/06/2013 | 08:41:08 | System Firmware Progress | Management controller initialization | Asserted
 235 | 02/06/2013 | 08:41:08 | System Firmware Progress | Secondary CPU Initialization | Asserted
 236 | 02/06/2013 | 08:41:18 | System Firmware Progress | Video initialization | Asserted
 237 | 02/06/2013 | 08:41:25 | System Firmware Progress | Keyboard controller initialization | Asserted
 238 | 02/06/2013 | 08:41:37 | System Firmware Progress | Option ROM initialization | Asserted
 239 | 02/06/2013 | 08:41:40 | System Firmware Progress | Option ROM initialization | Asserted
 23a | 02/06/2013 | 08:41:57 | System Firmware Progress | System boot initiated | Asserted
 23b | 02/06/2013 | 23:12:08 | System Boot Initiated | Initiated by warm reset | Asserted
 23c | 02/06/2013 | 23:12:08 | System Firmware Progress | Memory initialization | Asserted
 23d | 02/06/2013 | 23:12:09 | System Firmware Progress | Primary CPU initialization | Asserted
 23e | 02/06/2013 | 23:12:45 | System Firmware Progress | Management controller initialization | Asserted
 23f | 02/06/2013 | 23:12:46 | System Firmware Progress | Secondary CPU Initialization | Asserted
 240 | 02/06/2013 | 23:12:55 | System Firmware Progress | Video initialization | Asserted
 241 | 02/06/2013 | 23:13:02 | System Firmware Progress | Keyboard controller initialization | Asserted
 242 | 02/06/2013 | 23:13:14 | System Firmware Progress | Option ROM initialization | Asserted
 243 | 02/06/2013 | 23:13:17 | System Firmware Progress | Option ROM initialization | Asserted
 244 | 02/06/2013 | 23:13:34 | System Firmware Progress | System boot initiated | Asserted
 245 | 03/06/2013 | 14:03:41 | System Boot Initiated | Initiated by warm reset | Asserted
 246 | 03/06/2013 | 14:03:41 | System Firmware Progress | Memory initialization | Asserted
 247 | 03/06/2013 | 14:03:41 | System Firmware Progress | Primary CPU initialization | Asserted
 248 | 03/06/2013 | 14:04:18 | System Firmware Progress | Management controller initialization | Asserted
 249 | 03/06/2013 | 14:04:18 | System Firmware Progress | Secondary CPU Initialization | Asserted
 24a | 03/06/2013 | 14:04:28 | System Firmware Progress | Video initialization | Asserted
 24b | 03/06/2013 | 14:04:34 | System Firmware Progress | Keyboard controller initialization | Asserted
 24c | 03/06/2013 | 14:04:46 | System Firmware Progress | Option ROM initialization | Asserted
 24d | 03/06/2013 | 14:04:49 | System Firmware Progress | Option ROM initialization | Asserted
 24e | 03/06/2013 | 14:05:07 | System Firmware Progress | System boot initiated | Asserted
 24f | 03/06/2013 | 19:34:57 | System Boot Initiated | Initiated by warm reset | Asserted
 250 | 03/06/2013 | 19:34:57 | System Firmware Progress | Memory initialization | Asserted
 251 | 03/06/2013 | 19:34:57 | System Firmware Progress | Primary CPU initialization | Asserted
 252 | 03/06/2013 | 19:35:34 | System Firmware Progress | Management controller initialization | Asserted
 253 | 03/06/2013 | 19:35:34 | System Firmware Progress | Secondary CPU Initialization | Asserted
 254 | 03/06/2013 | 19:35:43 | System Firmware Progress | Video initialization | Asserted
 255 | 03/06/2013 | 19:35:50 | System Firmware Progress | Keyboard controller initialization | Asserted
 256 | 03/06/2013 | 19:36:02 | System Firmware Progress | Option ROM initialization | Asserted
 257 | 03/06/2013 | 19:36:05 | System Firmware Progress | Option ROM initialization | Asserted
 258 | 03/06/2013 | 19:36:22 | System Firmware Progress | System boot initiated | Asserted
 259 | 03/06/2013 | 19:52:46 | System Boot Initiated | Initiated by warm reset | Asserted
 25a | 03/06/2013 | 19:52:46 | System Firmware Progress | Memory initialization | Asserted
 25b | 03/06/2013 | 19:52:46 | System Firmware Progress | Primary CPU initialization | Asserted
 25c | 03/06/2013 | 19:53:23 | System Firmware Progress | Management controller initialization | Asserted
 25d | 03/06/2013 | 19:53:24 | System Firmware Progress | Secondary CPU Initialization | Asserted
 25e | 03/06/2013 | 19:53:33 | System Firmware Progress | Video initialization | Asserted
 25f | 03/06/2013 | 19:53:40 | System Firmware Progress | Keyboard controller initialization | Asserted
 260 | 03/06/2013 | 19:53:52 | System Firmware Progress | Option ROM initialization | Asserted
 261 | 03/06/2013 | 19:53:55 | System Firmware Progress | Option ROM initialization | Asserted
 262 | 03/06/2013 | 19:54:12 | System Firmware Progress | System boot initiated | Asserted
 263 | 03/07/2013 | 12:05:24 | System Boot Initiated | Initiated by warm reset | Asserted
 264 | 03/07/2013 | 12:05:24 | System Firmware Progress | Memory initialization | Asserted
 265 | 03/07/2013 | 12:05:24 | System Firmware Progress | Primary CPU initialization | Asserted
 266 | 03/07/2013 | 12:06:01 | System Firmware Progress | Management controller initialization | Asserted
 267 | 03/07/2013 | 12:06:01 | System Firmware Progress | Secondary CPU Initialization | Asserted
 268 | 03/07/2013 | 12:06:10 | System Firmware Progress | Video initialization | Asserted
 269 | 03/07/2013 | 12:06:17 | System Firmware Progress | Keyboard controller initialization | Asserted
 26a | 03/07/2013 | 12:06:29 | System Firmware Progress | Option ROM initialization | Asserted
 26b | 03/07/2013 | 12:06:32 | System Firmware Progress | Option ROM initialization | Asserted
 26c | 03/07/2013 | 12:06:49 | System Firmware Progress | System boot initiated | Asserted
 26d | 03/07/2013 | 22:02:27 | System Boot Initiated | Initiated by warm reset | Asserted
 26e | 03/07/2013 | 22:02:27 | System Firmware Progress | Memory initialization | Asserted
 26f | 03/07/2013 | 22:02:27 | System Firmware Progress | Primary CPU initialization | Asserted
 270 | 03/07/2013 | 22:03:04 | System Firmware Progress | Management controller initialization | Asserted
 271 | 03/07/2013 | 22:03:04 | System Firmware Progress | Secondary CPU Initialization | Asserted
 272 | 03/07/2013 | 22:03:14 | System Firmware Progress | Video initialization | Asserted
 273 | 03/07/2013 | 22:03:21 | System Firmware Progress | Keyboard controller initialization | Asserted
 274 | 03/07/2013 | 22:03:33 | System Firmware Progress | Option ROM initialization | Asserted
 275 | 03/07/2013 | 22:03:36 | System Firmware Progress | Option ROM initialization | Asserted
 276 | 03/07/2013 | 22:03:53 | System Firmware Progress | System boot initiated | Asserted
 277 | 04/06/2013 | 02:10:56 | System Boot Initiated | Initiated by warm reset | Asserted
 278 | 04/06/2013 | 02:10:56 | System Firmware Progress | Memory initialization | Asserted
 279 | 04/06/2013 | 02:10:57 | System Firmware Progress | Primary CPU initialization | Asserted
 27a | 04/06/2013 | 02:11:33 | System Firmware Progress | Management controller initialization | Asserted
 27b | 04/06/2013 | 02:11:33 | System Firmware Progress | Secondary CPU Initialization | Asserted
 27c | 04/06/2013 | 02:11:43 | System Firmware Progress | Video initialization | Asserted
 27d | 04/06/2013 | 02:11:50 | System Firmware Progress | Keyboard controller initialization | Asserted
 27e | 04/06/2013 | 02:12:01 | System Firmware Progress | Option ROM initialization | Asserted
 27f | 04/06/2013 | 02:12:05 | System Firmware Progress | Option ROM initialization | Asserted
 280 | 04/06/2013 | 02:12:22 | System Firmware Progress | System boot initiated | Asserted
 281 | 04/06/2013 | 07:58:39 | System Boot Initiated | Initiated by warm reset | Asserted
 282 | 04/06/2013 | 07:58:39 | System Firmware Progress | Memory initialization | Asserted
 283 | 04/06/2013 | 07:58:39 | System Firmware Progress | Primary CPU initialization | Asserted
 284 | 04/06/2013 | 07:59:23 | System Firmware Progress | Management controller initialization | Asserted
 285 | 04/06/2013 | 07:59:23 | System Firmware Progress | Secondary CPU Initialization | Asserted
 286 | 04/06/2013 | 07:59:33 | System Firmware Progress | Video initialization | Asserted
 287 | 04/06/2013 | 07:59:39 | System Firmware Progress | Keyboard controller initialization | Asserted
 288 | 04/06/2013 | 07:59:51 | System Firmware Progress | Option ROM initialization | Asserted
 289 | 04/06/2013 | 07:59:54 | System Firmware Progress | Option ROM initialization | Asserted
 28a | 04/06/2013 | 08:00:12 | System Firmware Progress | System boot initiated | Asserted
 28b | 06/06/2013 | 14:12:29 | System Boot Initiated | Initiated by warm reset | Asserted
 28c | 06/06/2013 | 14:12:29 | System Firmware Progress | Memory initialization | Asserted
 28d | 06/06/2013 | 14:12:29 | System Firmware Progress | Primary CPU initialization | Asserted
 28e | 06/06/2013 | 14:13:12 | System Firmware Progress | Management controller initialization | Asserted
 28f | 06/06/2013 | 14:13:12 | System Firmware Progress | Secondary CPU Initialization | Asserted
 290 | 06/06/2013 | 14:13:22 | System Firmware Progress | Video initialization | Asserted
 291 | 06/06/2013 | 14:13:28 | System Firmware Progress | Keyboard controller initialization | Asserted
 292 | 06/06/2013 | 14:13:40 | System Firmware Progress | Option ROM initialization | Asserted
 293 | 06/06/2013 | 14:13:44 | System Firmware Progress | Option ROM initialization | Asserted
 294 | 06/06/2013 | 14:14:01 | System Firmware Progress | System boot initiated | Asserted
 295 | 06/10/2013 | 09:38:03 | System Boot Initiated | Initiated by warm reset | Asserted
 296 | 06/10/2013 | 09:38:03 | System Firmware Progress | Memory initialization | Asserted
 297 | 06/10/2013 | 09:38:03 | System Firmware Progress | Primary CPU initialization | Asserted
 298 | 06/10/2013 | 09:38:40 | System Firmware Progress | Management controller initialization | Asserted
 299 | 06/10/2013 | 09:38:40 | System Firmware Progress | Secondary CPU Initialization | Asserted
 29a | 06/10/2013 | 09:38:49 | System Firmware Progress | Video initialization | Asserted
 29b | 06/10/2013 | 09:38:56 | System Firmware Progress | Keyboard controller initialization | Asserted
 29c | 06/10/2013 | 09:39:08 | System Firmware Progress | Option ROM initialization | Asserted
 29d | 06/10/2013 | 09:39:11 | System Firmware Progress | Option ROM initialization | Asserted
 29e | 06/10/2013 | 09:39:29 | System Firmware Progress | System boot initiated | Asserted
 29f | 06/28/2013 | 13:41:52 | System Boot Initiated | Initiated by warm reset | Asserted
 2a0 | 06/28/2013 | 13:41:52 | System Firmware Progress | Memory initialization | Asserted
 2a1 | 06/28/2013 | 13:41:52 | System Firmware Progress | Primary CPU initialization | Asserted
 2a2 | 06/28/2013 | 13:42:29 | System Firmware Progress | Management controller initialization | Asserted
 2a3 | 06/28/2013 | 13:42:29 | System Firmware Progress | Secondary CPU Initialization | Asserted
 2a4 | 06/28/2013 | 13:42:39 | System Firmware Progress | Video initialization | Asserted
 2a5 | 06/28/2013 | 13:42:46 | System Firmware Progress | Keyboard controller initialization | Asserted
 2a6 | 06/28/2013 | 13:42:58 | System Firmware Progress | Option ROM initialization | Asserted
 2a7 | 06/28/2013 | 13:43:01 | System Firmware Progress | Option ROM initialization | Asserted
 2a8 | 06/28/2013 | 13:43:18 | System Firmware Progress | System boot initiated | Asserted
 2a9 | 06/28/2013 | 14:25:07 | System Boot Initiated | Initiated by warm reset | Asserted
 2aa | 06/28/2013 | 14:25:07 | System Firmware Progress | Memory initialization | Asserted
 2ab | 06/28/2013 | 14:25:07 | System Firmware Progress | Primary CPU initialization | Asserted
 2ac | 06/28/2013 | 14:25:44 | System Firmware Progress | Management controller initialization | Asserted
 2ad | 06/28/2013 | 14:25:44 | System Firmware Progress | Secondary CPU Initialization | Asserted
 2ae | 06/28/2013 | 14:25:54 | System Firmware Progress | Video initialization | Asserted
 2af | 06/28/2013 | 14:26:01 | System Firmware Progress | Keyboard controller initialization | Asserted
 2b0 | 06/28/2013 | 14:26:13 | System Firmware Progress | Option ROM initialization | Asserted
 2b1 | 06/28/2013 | 14:26:16 | System Firmware Progress | Option ROM initialization | Asserted
 2b2 | 06/28/2013 | 14:26:33 | System Firmware Progress | System boot initiated | Asserted
 2b3 | 07/06/2013 | 07:37:06 | System Boot Initiated | Initiated by warm reset | Asserted
 2b4 | 07/06/2013 | 07:37:07 | System Firmware Progress | Memory initialization | Asserted
 2b5 | 07/06/2013 | 07:37:07 | System Firmware Progress | Primary CPU initialization | Asserted
 2b6 | 07/06/2013 | 07:37:47 | System Firmware Progress | Management controller initialization | Asserted
 2b7 | 07/06/2013 | 07:37:48 | System Firmware Progress | Secondary CPU Initialization | Asserted
 2b8 | 07/06/2013 | 07:37:57 | System Firmware Progress | Video initialization | Asserted
 2b9 | 07/06/2013 | 07:38:05 | System Firmware Progress | Keyboard controller initialization | Asserted
 2ba | 07/06/2013 | 07:38:18 | System Firmware Progress | Option ROM initialization | Asserted
 2bb | 07/06/2013 | 07:38:21 | System Firmware Progress | Option ROM initialization | Asserted
 2bc | 07/06/2013 | 07:38:38 | System Firmware Progress | System boot initiated | Asserted
 2bd | 07/06/2013 | 09:08:42 | System Boot Initiated | Initiated by warm reset | Asserted
 2be | 07/06/2013 | 09:08:42 | System Firmware Progress | Memory initialization | Asserted
 2bf | 07/06/2013 | 09:08:42 | System Firmware Progress | Primary CPU initialization | Asserted
 2c0 | 07/06/2013 | 09:08:42 | System Boot Initiated | System Restart | Asserted
 2c1 | 07/06/2013 | 09:09:20 | System Firmware Progress | Management controller initialization | Asserted
 2c2 | 07/06/2013 | 09:09:20 | System Firmware Progress | Secondary CPU Initialization | Asserted
 2c3 | 07/06/2013 | 09:09:29 | System Firmware Progress | Video initialization | Asserted
 2c4 | 07/06/2013 | 09:09:36 | System Firmware Progress | Keyboard controller initialization | Asserted
 2c5 | 07/06/2013 | 09:09:48 | System Firmware Progress | Option ROM initialization | Asserted
 2c6 | 07/06/2013 | 09:09:51 | System Firmware Progress | Option ROM initialization | Asserted
 2c7 | 07/06/2013 | 09:10:08 | System Firmware Progress | System boot initiated | Asserted
 2c8 | 08/09/2013 | 11:23:09 | System Boot Initiated | Initiated by warm reset | Asserted
 2c9 | 08/09/2013 | 11:23:09 | System Firmware Progress | Memory initialization | Asserted
 2ca | 08/09/2013 | 11:23:10 | System Firmware Progress | Primary CPU initialization | Asserted
 2cb | 08/09/2013 | 11:23:53 | System Firmware Progress | Management controller initialization | Asserted
 2cc | 08/09/2013 | 11:23:53 | System Firmware Progress | Secondary CPU Initialization | Asserted
 2cd | 08/09/2013 | 11:24:03 | System Firmware Progress | Video initialization | Asserted
 2ce | 08/09/2013 | 11:24:09 | System Firmware Progress | Keyboard controller initialization | Asserted
 2cf | 08/09/2013 | 11:24:21 | System Firmware Progress | Option ROM initialization | Asserted
 2d0 | 08/09/2013 | 11:24:25 | System Firmware Progress | Option ROM initialization | Asserted
 2d1 | 08/09/2013 | 11:24:42 | System Firmware Progress | System boot initiated | Asserted
 2d2 | 08/14/2013 | 19:06:10 | System Boot Initiated | Initiated by warm reset | Asserted
 2d3 | 08/14/2013 | 19:06:10 | System Firmware Progress | Memory initialization | Asserted
 2d4 | 08/14/2013 | 19:06:10 | System Firmware Progress | Primary CPU initialization | Asserted
 2d5 | 08/14/2013 | 19:06:49 | System Firmware Progress | Management controller initialization | Asserted
 2d6 | 08/14/2013 | 19:06:49 | System Firmware Progress | Secondary CPU Initialization | Asserted
 2d7 | 08/14/2013 | 19:06:59 | System Firmware Progress | Video initialization | Asserted
 2d8 | 08/14/2013 | 19:07:06 | System Firmware Progress | Keyboard controller initialization | Asserted
 2d9 | 08/14/2013 | 19:07:18 | System Firmware Progress | Option ROM initialization | Asserted
 2da | 08/14/2013 | 19:07:21 | System Firmware Progress | Option ROM initialization | Asserted
 2db | 08/14/2013 | 19:07:38 | System Firmware Progress | System boot initiated | Asserted
 2dc | 08/24/2013 | 19:12:41 | System ACPI Power State #0x26 | S0/G0: working | Deasserted
 2dd | 08/24/2013 | 19:12:41 | System ACPI Power State #0x26 | S5/G2: soft-off | Asserted
 2de | 08/24/2013 | 19:18:24 | Voltage #0x6d | Lower Critical going low 
 2df | 08/24/2013 | 19:18:29 | Voltage #0x6d | Lower Non-recoverable going low 
 2e0 | 08/24/2013 | 22:06:44 | System Boot Initiated | Initiated by hard reset | Asserted
 2e1 | 08/24/2013 | 22:06:44 | System Firmware Progress | Memory initialization | Asserted
 2e2 | 08/24/2013 | 22:06:44 | System Firmware Progress | Primary CPU initialization | Asserted
 2e3 | 08/24/2013 | 22:26:32 | Button | Power Button pressed | Asserted
 2e4 | 08/24/2013 | 22:26:34 | System Boot Initiated | Initiated by hard reset | Asserted
 2e5 | 08/24/2013 | 22:26:34 | System Firmware Progress | Memory initialization | Asserted
 2e6 | 08/24/2013 | 22:26:34 | System Firmware Progress | Primary CPU initialization | Asserted
 2e7 | 08/24/2013 | 22:26:36 | System Boot Initiated | Initiated by warm reset | Asserted
 2e8 | 08/24/2013 | 22:26:36 | System Firmware Progress | Memory initialization | Asserted
 2e9 | 08/24/2013 | 22:26:37 | System Firmware Progress | Primary CPU initialization | Asserted
 2ea | 08/24/2013 | 22:26:38 | System Boot Initiated | Initiated by hard reset | Asserted
 2eb | 08/24/2013 | 22:26:38 | System Firmware Progress | Memory initialization | Asserted
 2ec | 08/24/2013 | 22:26:38 | System Firmware Progress | Primary CPU initialization | Asserted
 2ed | 08/24/2013 | 22:26:41 | System Boot Initiated | Initiated by warm reset | Asserted
 2ee | 08/24/2013 | 22:26:41 | System Firmware Progress | Memory initialization | Asserted
 2ef | 08/24/2013 | 22:26:41 | System Firmware Progress | Primary CPU initialization | Asserted
 2f0 | 08/24/2013 | 22:26:42 | System ACPI Power State #0x26 | S0/G0: working | Asserted
 2f1 | 08/24/2013 | 22:26:42 | System ACPI Power State #0x26 | S5/G2: soft-off | Deasserted
 2f2 | 08/24/2013 | 22:27:17 | System Firmware Progress | Management controller initialization | Asserted
 2f3 | 08/24/2013 | 22:27:18 | System Firmware Progress | Secondary CPU Initialization | Asserted
 2f4 | 08/24/2013 | 22:27:32 | System Firmware Progress | Video initialization | Asserted
 2f5 | 08/24/2013 | 22:27:39 | System Firmware Progress | Keyboard controller initialization | Asserted
 2f6 | 08/24/2013 | 22:27:50 | System Firmware Progress | Option ROM initialization | Asserted
 2f7 | 08/24/2013 | 22:27:54 | System Firmware Progress | Option ROM initialization | Asserted
 2f8 | 08/24/2013 | 22:28:11 | System Firmware Progress | System boot initiated | Asserted
 2f9 | 08/24/2013 | 23:49:53 | System Boot Initiated | Initiated by warm reset | Asserted
 2fa | 08/24/2013 | 23:49:53 | System Firmware Progress | Memory initialization | Asserted
 2fb | 08/24/2013 | 23:49:53 | System Firmware Progress | Primary CPU initialization | Asserted
 2fc | 08/24/2013 | 23:50:30 | System Firmware Progress | Management controller initialization | Asserted
 2fd | 08/24/2013 | 23:50:30 | System Firmware Progress | Secondary CPU Initialization | Asserted
 2fe | 08/24/2013 | 23:50:40 | System Firmware Progress | Video initialization | Asserted
 2ff | 08/24/2013 | 23:50:46 | System Firmware Progress | Keyboard controller initialization | Asserted
 300 | 08/24/2013 | 23:50:58 | System Firmware Progress | Option ROM initialization | Asserted
 301 | 08/24/2013 | 23:51:01 | System Firmware Progress | Option ROM initialization | Asserted
 302 | 08/24/2013 | 23:51:19 | System Firmware Progress | System boot initiated | Asserted
 303 | 09/06/2013 | 13:17:10 | System Boot Initiated | Initiated by warm reset | Asserted
 304 | 09/06/2013 | 13:17:10 | System Firmware Progress | Memory initialization | Asserted
 305 | 09/06/2013 | 13:17:10 | System Firmware Progress | Primary CPU initialization | Asserted
 306 | 09/06/2013 | 13:17:47 | System Firmware Progress | Management controller initialization | Asserted
 307 | 09/06/2013 | 13:17:47 | System Firmware Progress | Secondary CPU Initialization | Asserted
 308 | 09/06/2013 | 13:17:57 | System Firmware Progress | Video initialization | Asserted
 309 | 09/06/2013 | 13:18:03 | System Firmware Progress | Keyboard controller initialization | Asserted
 30a | 09/06/2013 | 13:18:15 | System Firmware Progress | Option ROM initialization | Asserted
 30b | 09/06/2013 | 13:18:18 | System Firmware Progress | Option ROM initialization | Asserted
 30c | 09/06/2013 | 13:18:36 | System Firmware Progress | System boot initiated | Asserted
 30d | 09/06/2013 | 19:38:19 | System Boot Initiated | Initiated by warm reset | Asserted
 30e | 09/06/2013 | 19:38:19 | System Firmware Progress | Memory initialization | Asserted
 30f | 09/06/2013 | 19:38:19 | System Firmware Progress | Primary CPU initialization | Asserted
 310 | 09/06/2013 | 19:38:56 | System Firmware Progress | Management controller initialization | Asserted
 311 | 09/06/2013 | 19:38:56 | System Firmware Progress | Secondary CPU Initialization | Asserted
 312 | 09/06/2013 | 19:39:05 | System Firmware Progress | Video initialization | Asserted
 313 | 09/06/2013 | 19:39:12 | System Firmware Progress | Keyboard controller initialization | Asserted
 314 | 09/06/2013 | 19:39:24 | System Firmware Progress | Option ROM initialization | Asserted
 315 | 09/06/2013 | 19:39:27 | System Firmware Progress | Option ROM initialization | Asserted
 316 | 09/06/2013 | 19:39:44 | System Firmware Progress | System boot initiated | Asserted
