   1 | 12/13/2011 | 02:00:32 | System ACPI Power State #0x26 | S5/G2: soft-off | Asserted
   2 | 12/13/2011 | 02:31:04 | System Boot Initiated | System Restart | Asserted
   3 | 12/13/2011 | 02:31:05 | System Boot Initiated | Initiated by hard reset | Asserted
   4 | 12/13/2011 | 02:31:05 | System Firmware Progress | Memory initialization | Asserted
   5 | 12/13/2011 | 02:31:05 | System Firmware Progress | Primary CPU initialization | Asserted
   6 | 12/13/2011 | 02:31:07 | System Boot Initiated | Initiated by warm reset | Asserted
   7 | 12/13/2011 | 02:31:08 | System Firmware Progress | Memory initialization | Asserted
   8 | 12/13/2011 | 02:31:08 | System Firmware Progress | Primary CPU initialization | Asserted
   9 | 12/13/2011 | 02:31:09 | System Boot Initiated | Initiated by warm reset | Asserted
   a | 12/13/2011 | 02:31:09 | System Firmware Progress | Memory initialization | Asserted
   b | 12/13/2011 | 02:31:09 | System Firmware Progress | Primary CPU initialization | Asserted
   c | 12/13/2011 | 02:31:14 | System ACPI Power State #0x26 | S0/G0: working | Asserted
   d | 12/13/2011 | 02:31:14 | System ACPI Power State #0x26 | S5/G2: soft-off | Deasserted
   e | 12/13/2011 | 02:31:51 | System Firmware Progress | Management controller initialization | Asserted
   f | 12/13/2011 | 02:31:51 | System Firmware Progress | Secondary CPU Initialization | Asserted
  10 | 12/13/2011 | 02:32:06 | System Firmware Progress | Video initialization | Asserted
  11 | 12/13/2011 | 02:32:12 | System Firmware Progress | Keyboard controller initialization | Asserted
  12 | 12/13/2011 | 02:32:24 | System Firmware Progress | Option ROM initialization | Asserted
  13 | 12/13/2011 | 02:32:27 | System Firmware Progress | Option ROM initialization | Asserted
  14 | 12/13/2011 | 02:32:31 | System Firmware Progress | Option ROM initialization | Asserted
  15 | 12/13/2011 | 02:32:34 | System Firmware Progress | Option ROM initialization | Asserted
  16 | 12/13/2011 | 02:32:37 | System Firmware Progress | Option ROM initialization | Asserted
  17 | 12/13/2011 | 02:32:52 | System Firmware Progress | Option ROM initialization | Asserted
  18 | 12/13/2011 | 02:32:56 | System Firmware Progress | Option ROM initialization | Asserted
  19 | 12/13/2011 | 02:33:04 | System Firmware Progress | System boot initiated | Asserted
  1a | 12/13/2011 | 03:42:00 | System ACPI Power State #0x26 | S0/G0: working | Deasserted
  1b | 12/13/2011 | 03:42:00 | System ACPI Power State #0x26 | S5/G2: soft-off | Asserted
  1c | 01/05/2012 | 14:08:59 | Power Supply #0x65 | State Deasserted
  1d | 01/05/2012 | 14:09:00 | System Boot Initiated | Initiated by hard reset | Asserted
  1e | 01/05/2012 | 14:09:00 | System Firmware Progress | Memory initialization | Asserted
  1f | 01/05/2012 | 14:09:00 | System Firmware Progress | Primary CPU initialization | Asserted
  20 | 01/05/2012 | 14:09:40 | Voltage #0x6d | Lower Critical going high
  21 | 01/05/2012 | 14:09:40 | Power Supply #0x65 | State Asserted
  22 | 01/05/2012 | 16:31:53 | Button | Power Button pressed | Asserted
  23 | 01/05/2012 | 16:31:55 | System Boot Initiated | Initiated by hard reset | Asserted
  24 | 01/05/2012 | 16:31:55 | System Firmware Progress | Memory initialization | Asserted
  25 | 01/05/2012 | 16:31:55 | System Firmware Progress | Primary CPU initialization | Asserted
  26 | 01/05/2012 | 16:31:58 | System Boot Initiated | Initiated by warm reset | Asserted
  27 | 01/05/2012 | 16:31:58 | System Firmware Progress | Memory initialization | Asserted
  28 | 01/05/2012 | 16:31:58 | System Firmware Progress | Primary CPU initialization | Asserted
  29 | 01/05/2012 | 16:32:00 | System Boot Initiated | Initiated by hard reset | Asserted
  2a | 01/05/2012 | 16:32:00 | System Firmware Progress | Memory initialization | Asserted
  2b | 01/05/2012 | 16:32:00 | System Firmware Progress | Primary CPU initialization | Asserted
  2c | 01/05/2012 | 16:32:02 | System Boot Initiated | Initiated by warm reset | Asserted
  2d | 01/05/2012 | 16:32:02 | System ACPI Power State #0x26 | S0/G0: working | Asserted
  2e | 01/05/2012 | 16:32:02 | System Firmware Progress | Memory initialization | Asserted
  2f | 01/05/2012 | 16:32:02 | System ACPI Power State #0x26 | S5/G2: soft-off | Deasserted
  30 | 01/05/2012 | 16:32:02 | System Firmware Progress | Primary CPU initialization | Asserted
  31 | 01/05/2012 | 16:32:40 | System Firmware Progress | Management controller initialization | Asserted
  32 | 01/05/2012 | 16:32:40 | System Firmware Progress | Secondary CPU Initialization | Asserted
  33 | 01/05/2012 | 16:32:53 | System Firmware Progress | Video initialization | Asserted
  34 | 01/05/2012 | 16:33:00 | System Firmware Progress | Keyboard controller initialization | Asserted
  35 | 01/05/2012 | 16:33:11 | System Firmware Progress | Option ROM initialization | Asserted
  36 | 01/05/2012 | 16:33:15 | System Firmware Progress | Option ROM initialization | Asserted
  37 | 01/05/2012 | 16:33:34 | System Firmware Progress | System boot initiated | Asserted
  38 | 01/06/2012 | 11:52:37 | System Boot Initiated | Initiated by warm reset | Asserted
  39 | 01/06/2012 | 11:52:38 | System Firmware Progress | Memory initialization | Asserted
  3a | 01/06/2012 | 11:52:38 | System Firmware Progress | Primary CPU initialization | Asserted
  3b | 01/06/2012 | 11:53:16 | System Firmware Progress | Management controller initialization | Asserted
  3c | 01/06/2012 | 11:53:16 | System Firmware Progress | Secondary CPU Initialization | Asserted
  3d | 01/06/2012 | 11:53:26 | System Firmware Progress | Video initialization | Asserted
  3e | 01/06/2012 | 11:53:32 | System Firmware Progress | Keyboard controller initialization | Asserted
  3f | 01/06/2012 | 11:53:44 | System Firmware Progress | Option ROM initialization | Asserted
  40 | 01/06/2012 | 11:53:47 | System Firmware Progress | Option ROM initialization | Asserted
  41 | 01/06/2012 | 11:54:06 | System Firmware Progress | System boot initiated | Asserted
  42 | 01/06/2012 | 12:41:18 | System Boot Initiated | Initiated by warm reset | Asserted
  43 | 01/06/2012 | 12:41:18 | System Firmware Progress | Memory initialization | Asserted
  44 | 01/06/2012 | 12:41:18 | System Firmware Progress | Primary CPU initialization | Asserted
  45 | 01/06/2012 | 12:41:56 | System Firmware Progress | Management controller initialization | Asserted
  46 | 01/06/2012 | 12:41:56 | System Firmware Progress | Secondary CPU Initialization | Asserted
  47 | 01/06/2012 | 12:42:05 | System Firmware Progress | Video initialization | Asserted
  48 | 01/06/2012 | 12:42:12 | System Firmware Progress | Keyboard controller initialization | Asserted
  49 | 01/06/2012 | 12:42:24 | System Firmware Progress | Option ROM initialization | Asserted
  4a | 01/06/2012 | 12:42:27 | System Firmware Progress | Option ROM initialization | Asserted
  4b | 01/06/2012 | 12:42:46 | System Firmware Progress | System boot initiated | Asserted
  4c | 01/06/2012 | 16:16:22 | System Boot Initiated | Initiated by warm reset | Asserted
  4d | 01/06/2012 | 16:16:22 | System Firmware Progress | Memory initialization | Asserted
  4e | 01/06/2012 | 16:16:22 | System Firmware Progress | Primary CPU initialization | Asserted
  4f | 01/06/2012 | 16:17:00 | System Firmware Progress | Management controller initialization | Asserted
  50 | 01/06/2012 | 16:17:00 | System Firmware Progress | Secondary CPU Initialization | Asserted
  51 | 01/06/2012 | 16:17:10 | System Firmware Progress | Video initialization | Asserted
  52 | 01/06/2012 | 16:17:17 | System Firmware Progress | Keyboard controller initialization | Asserted
  53 | 01/06/2012 | 16:17:28 | System Firmware Progress | Option ROM initialization | Asserted
  54 | 01/06/2012 | 16:17:32 | System Firmware Progress | Option ROM initialization | Asserted
  55 | 01/06/2012 | 16:17:50 | System Firmware Progress | System boot initiated | Asserted
  56 | 01/09/2012 | 12:27:20 | System Boot Initiated | Initiated by warm reset | Asserted
  57 | 01/09/2012 | 12:27:20 | System Firmware Progress | Memory initialization | Asserted
  58 | 01/09/2012 | 12:27:20 | System Firmware Progress | Primary CPU initialization | Asserted
  59 | 01/09/2012 | 12:28:06 | System Firmware Progress | Management controller initialization | Asserted
  5a | 01/09/2012 | 12:28:06 | System Firmware Progress | Secondary CPU Initialization | Asserted
  5b | 01/09/2012 | 12:28:15 | System Firmware Progress | Video initialization | Asserted
  5c | 01/09/2012 | 12:28:22 | System Firmware Progress | Keyboard controller initialization | Asserted
  5d | 01/09/2012 | 12:28:34 | System Firmware Progress | Option ROM initialization | Asserted
  5e | 01/09/2012 | 12:28:37 | System Firmware Progress | Option ROM initialization | Asserted
  5f | 01/09/2012 | 12:28:56 | System Firmware Progress | System boot initiated | Asserted
  60 | 01/09/2012 | 14:30:19 | System Boot Initiated | Initiated by warm reset | Asserted
  61 | 01/09/2012 | 14:30:19 | System Firmware Progress | Memory initialization | Asserted
  62 | 01/09/2012 | 14:30:19 | System Firmware Progress | Primary CPU initialization | Asserted
  63 | 01/09/2012 | 14:31:05 | System Firmware Progress | Management controller initialization | Asserted
  64 | 01/09/2012 | 14:31:05 | System Firmware Progress | Secondary CPU Initialization | Asserted
  65 | 01/09/2012 | 14:31:15 | System Firmware Progress | Video initialization | Asserted
  66 | 01/09/2012 | 14:31:21 | System Firmware Progress | Keyboard controller initialization | Asserted
  67 | 01/09/2012 | 14:31:33 | System Firmware Progress | Option ROM initialization | Asserted
  68 | 01/09/2012 | 14:31:36 | System Firmware Progress | Option ROM initialization | Asserted
  69 | 01/09/2012 | 14:31:55 | System Firmware Progress | System boot initiated | Asserted
  6a | 01/12/2012 | 20:48:49 | System Boot Initiated | Initiated by warm reset | Asserted
  6b | 01/12/2012 | 20:48:49 | System Firmware Progress | Memory initialization | Asserted
  6c | 01/12/2012 | 20:48:50 | System Firmware Progress | Primary CPU initialization | Asserted
  6d | 01/12/2012 | 20:49:28 | System Firmware Progress | Management controller initialization | Asserted
  6e | 01/12/2012 | 20:49:28 | System Firmware Progress | Secondary CPU Initialization | Asserted
  6f | 01/12/2012 | 20:49:37 | System Firmware Progress | Video initialization | Asserted
  70 | 01/12/2012 | 20:49:44 | System Firmware Progress | Keyboard controller initialization | Asserted
  71 | 01/12/2012 | 20:49:56 | System Firmware Progress | Option ROM initialization | Asserted
  72 | 01/12/2012 | 20:49:59 | System Firmware Progress | Option ROM initialization | Asserted
  73 | 01/12/2012 | 20:50:18 | System Firmware Progress | System boot initiated | Asserted
  74 | 01/12/2012 | 21:28:57 | System Boot Initiated | Initiated by warm reset | Asserted
  75 | 01/12/2012 | 21:28:58 | System Firmware Progress | Memory initialization | Asserted
  76 | 01/12/2012 | 21:28:58 | System Firmware Progress | Primary CPU initialization | Asserted
  77 | 01/12/2012 | 21:29:36 | System Firmware Progress | Management controller initialization | Asserted
  78 | 01/12/2012 | 21:29:36 | System Firmware Progress | Secondary CPU Initialization | Asserted
  79 | 01/12/2012 | 21:29:45 | System Firmware Progress | Video initialization | Asserted
  7a | 01/12/2012 | 21:29:52 | System Firmware Progress | Keyboard controller initialization | Asserted
  7b | 01/12/2012 | 21:30:04 | System Firmware Progress | Option ROM initialization | Asserted
  7c | 01/12/2012 | 21:30:07 | System Firmware Progress | Option ROM initialization | Asserted
  7d | 01/12/2012 | 21:30:26 | System Firmware Progress | System boot initiated | Asserted
  7e | 01/18/2012 | 10:21:10 | System ACPI Power State #0x26 | S0/G0: working | Deasserted
  7f | 01/18/2012 | 10:21:10 | System ACPI Power State #0x26 | S5/G2: soft-off | Asserted
  80 | 01/19/2012 | 08:17:29 | Voltage #0x6d | Lower Critical going low 
  81 | 01/19/2012 | 08:17:34 | Voltage #0x6d | Lower Non-recoverable going low 
  82 | 02/03/2012 | 08:54:57 | System Boot Initiated | Initiated by hard reset | Asserted
  83 | 02/03/2012 | 08:54:57 | System Firmware Progress | Memory initialization | Asserted
  84 | 02/03/2012 | 08:54:57 | System Firmware Progress | Primary CPU initialization | Asserted
  85 | 02/03/2012 | 09:07:11 | Button | Power Button pressed | Asserted
  86 | 02/03/2012 | 09:07:13 | System Boot Initiated | Initiated by hard reset | Asserted
  87 | 02/03/2012 | 09:07:13 | System Firmware Progress | Memory initialization | Asserted
  88 | 02/03/2012 | 09:07:13 | System Firmware Progress | Primary CPU initialization | Asserted
  89 | 02/03/2012 | 09:07:16 | System Boot Initiated | Initiated by warm reset | Asserted
  8a | 02/03/2012 | 09:07:16 | System Firmware Progress | Memory initialization | Asserted
  8b | 02/03/2012 | 09:07:16 | System Firmware Progress | Primary CPU initialization | Asserted
  8c | 02/03/2012 | 09:07:17 | System Boot Initiated | Initiated by hard reset | Asserted
  8d | 02/03/2012 | 09:07:18 | System Firmware Progress | Memory initialization | Asserted
  8e | 02/03/2012 | 09:07:18 | System Firmware Progress | Primary CPU initialization | Asserted
  8f | 02/03/2012 | 09:07:20 | System ACPI Power State #0x26 | S0/G0: working | Asserted
  90 | 02/03/2012 | 09:07:20 | System ACPI Power State #0x26 | S5/G2: soft-off | Deasserted
  91 | 02/03/2012 | 09:07:20 | System Boot Initiated | Initiated by warm reset | Asserted
  92 | 02/03/2012 | 09:07:20 | System Firmware Progress | Memory initialization | Asserted
  93 | 02/03/2012 | 09:07:20 | System Firmware Progress | Primary CPU initialization | Asserted
  94 | 02/03/2012 | 09:07:58 | System Firmware Progress | Management controller initialization | Asserted
  95 | 02/03/2012 | 09:07:58 | System Firmware Progress | Secondary CPU Initialization | Asserted
  96 | 02/03/2012 | 09:08:08 | System Firmware Progress | Video initialization | Asserted
  97 | 02/03/2012 | 09:08:14 | System Firmware Progress | Keyboard controller initialization | Asserted
  98 | 02/03/2012 | 09:08:26 | System Firmware Progress | Option ROM initialization | Asserted
  99 | 02/03/2012 | 09:08:29 | System Firmware Progress | Option ROM initialization | Asserted
  9a | 02/03/2012 | 09:08:48 | System Firmware Progress | System boot initiated | Asserted
  9b | 02/07/2012 | 08:17:56 | System Boot Initiated | Initiated by warm reset | Asserted
  9c | 02/07/2012 | 08:17:56 | System Firmware Progress | Memory initialization | Asserted
  9d | 02/07/2012 | 08:17:56 | System Firmware Progress | Primary CPU initialization | Asserted
  9e | 02/07/2012 | 08:18:34 | System Firmware Progress | Management controller initialization | Asserted
  9f | 02/07/2012 | 08:18:34 | System Firmware Progress | Secondary CPU Initialization | Asserted
  a0 | 02/07/2012 | 08:18:44 | System Firmware Progress | Video initialization | Asserted
  a1 | 02/07/2012 | 08:18:51 | System Firmware Progress | Keyboard controller initialization | Asserted
  a2 | 02/07/2012 | 08:19:03 | System Firmware Progress | Option ROM initialization | Asserted
  a3 | 02/07/2012 | 08:19:06 | System Firmware Progress | Option ROM initialization | Asserted
  a4 | 02/07/2012 | 08:19:25 | System Firmware Progress | System boot initiated | Asserted
  a5 | 02/07/2012 | 10:32:15 | System ACPI Power State #0x26 | S0/G0: working | Deasserted
  a6 | 02/07/2012 | 10:32:15 | System ACPI Power State #0x26 | S5/G2: soft-off | Asserted
  a7 | 02/07/2012 | 15:44:59 | Button | Power Button pressed | Asserted
  a8 | 02/07/2012 | 15:45:01 | System Boot Initiated | Initiated by hard reset | Asserted
  a9 | 02/07/2012 | 15:45:01 | System Firmware Progress | Memory initialization | Asserted
  aa | 02/07/2012 | 15:45:01 | System Firmware Progress | Primary CPU initialization | Asserted
  ab | 02/07/2012 | 15:45:03 | System Boot Initiated | Initiated by warm reset | Asserted
  ac | 02/07/2012 | 15:45:04 | System Firmware Progress | Memory initialization | Asserted
  ad | 02/07/2012 | 15:45:04 | System Firmware Progress | Primary CPU initialization | Asserted
  ae | 02/07/2012 | 15:45:05 | System Boot Initiated | Initiated by warm reset | Asserted
  af | 02/07/2012 | 15:45:05 | System Firmware Progress | Memory initialization | Asserted
  b0 | 02/07/2012 | 15:45:05 | System Firmware Progress | Primary CPU initialization | Asserted
  b1 | 02/07/2012 | 15:45:07 | System ACPI Power State #0x26 | S0/G0: working | Asserted
  b2 | 02/07/2012 | 15:45:07 | System ACPI Power State #0x26 | S5/G2: soft-off | Deasserted
  b3 | 02/07/2012 | 15:45:43 | System Firmware Progress | Management controller initialization | Asserted
  b4 | 02/07/2012 | 15:45:43 | System Firmware Progress | Secondary CPU Initialization | Asserted
  b5 | 02/07/2012 | 15:45:53 | System Firmware Progress | Video initialization | Asserted
  b6 | 02/07/2012 | 15:46:00 | System Firmware Progress | Keyboard controller initialization | Asserted
  b7 | 02/07/2012 | 15:46:11 | System Firmware Progress | Option ROM initialization | Asserted
  b8 | 02/07/2012 | 15:46:15 | System Firmware Progress | Option ROM initialization | Asserted
  b9 | 02/07/2012 | 15:46:31 | System Firmware Progress | User-initiated system setup | Asserted
  ba | 02/07/2012 | 15:47:15 | System Firmware Progress | System boot initiated | Asserted
  bb | 03/15/2012 | 16:31:02 | System ACPI Power State #0x26 | S0/G0: working | Deasserted
  bc | 03/15/2012 | 16:31:02 | System ACPI Power State #0x26 | S5/G2: soft-off | Asserted
  bd | 03/21/2012 | 09:09:51 | System Boot Initiated | System Restart | Asserted
  be | 03/21/2012 | 09:09:52 | System Boot Initiated | Initiated by hard reset | Asserted
  bf | 03/21/2012 | 09:09:52 | System Firmware Progress | Memory initialization | Asserted
  c0 | 03/21/2012 | 09:09:52 | System Firmware Progress | Primary CPU initialization | Asserted
  c1 | 03/21/2012 | 09:09:54 | System Boot Initiated | Initiated by warm reset | Asserted
  c2 | 03/21/2012 | 09:09:55 | System Firmware Progress | Memory initialization | Asserted
  c3 | 03/21/2012 | 09:09:55 | System Firmware Progress | Primary CPU initialization | Asserted
  c4 | 03/21/2012 | 09:09:56 | System Boot Initiated | Initiated by warm reset | Asserted
  c5 | 03/21/2012 | 09:09:56 | System Firmware Progress | Memory initialization | Asserted
  c6 | 03/21/2012 | 09:09:56 | System Firmware Progress | Primary CPU initialization | Asserted
  c7 | 03/21/2012 | 09:10:00 | System ACPI Power State #0x26 | S0/G0: working | Asserted
  c8 | 03/21/2012 | 09:10:00 | System ACPI Power State #0x26 | S5/G2: soft-off | Deasserted
  c9 | 03/21/2012 | 09:10:34 | System Firmware Progress | Management controller initialization | Asserted
  ca | 03/21/2012 | 09:10:34 | System Firmware Progress | Secondary CPU Initialization | Asserted
  cb | 03/21/2012 | 09:10:44 | System Firmware Progress | Video initialization | Asserted
  cc | 03/21/2012 | 09:10:51 | System Firmware Progress | Keyboard controller initialization | Asserted
  cd | 03/21/2012 | 09:11:03 | System Firmware Progress | Option ROM initialization | Asserted
  ce | 03/21/2012 | 09:11:06 | System Firmware Progress | Option ROM initialization | Asserted
  cf | 03/21/2012 | 09:11:25 | System Firmware Progress | System boot initiated | Asserted
  d0 | 04/04/2012 | 19:01:02 | System Boot Initiated | Initiated by warm reset | Asserted
  d1 | 04/04/2012 | 19:01:02 | System Firmware Progress | Memory initialization | Asserted
  d2 | 04/04/2012 | 19:01:02 | System Firmware Progress | Primary CPU initialization | Asserted
  d3 | 04/04/2012 | 19:01:40 | System Firmware Progress | Management controller initialization | Asserted
  d4 | 04/04/2012 | 19:01:40 | System Firmware Progress | Secondary CPU Initialization | Asserted
  d5 | 04/04/2012 | 19:01:50 | System Firmware Progress | Video initialization | Asserted
  d6 | 04/04/2012 | 19:01:56 | System Firmware Progress | Keyboard controller initialization | Asserted
  d7 | 04/04/2012 | 19:02:08 | System Firmware Progress | Option ROM initialization | Asserted
  d8 | 04/04/2012 | 19:02:11 | System Firmware Progress | Option ROM initialization | Asserted
  d9 | 04/04/2012 | 19:02:30 | System Firmware Progress | System boot initiated | Asserted
  da | 04/04/2012 | 22:48:50 | System Boot Initiated | Initiated by warm reset | Asserted
  db | 04/04/2012 | 22:48:50 | System Firmware Progress | Memory initialization | Asserted
  dc | 04/04/2012 | 22:48:50 | System Firmware Progress | Primary CPU initialization | Asserted
  dd | 04/04/2012 | 22:49:29 | System Firmware Progress | Management controller initialization | Asserted
  de | 04/04/2012 | 22:49:29 | System Firmware Progress | Secondary CPU Initialization | Asserted
  df | 04/04/2012 | 22:49:38 | System Firmware Progress | Video initialization | Asserted
  e0 | 04/04/2012 | 22:49:45 | System Firmware Progress | Keyboard controller initialization | Asserted
  e1 | 04/04/2012 | 22:49:57 | System Firmware Progress | Option ROM initialization | Asserted
  e2 | 04/04/2012 | 22:50:00 | System Firmware Progress | Option ROM initialization | Asserted
  e3 | 04/04/2012 | 22:50:19 | System Firmware Progress | System boot initiated | Asserted
  e4 | 04/04/2012 | 23:19:41 | System Boot Initiated | Initiated by warm reset | Asserted
  e5 | 04/04/2012 | 23:19:41 | System Firmware Progress | Memory initialization | Asserted
  e6 | 04/04/2012 | 23:19:42 | System Firmware Progress | Primary CPU initialization | Asserted
  e7 | 04/04/2012 | 23:20:20 | System Firmware Progress | Management controller initialization | Asserted
  e8 | 04/04/2012 | 23:20:20 | System Firmware Progress | Secondary CPU Initialization | Asserted
  e9 | 04/04/2012 | 23:20:29 | System Firmware Progress | Video initialization | Asserted
  ea | 04/04/2012 | 23:20:36 | System Firmware Progress | Keyboard controller initialization | Asserted
  eb | 04/04/2012 | 23:20:48 | System Firmware Progress | Option ROM initialization | Asserted
  ec | 04/04/2012 | 23:20:51 | System Firmware Progress | Option ROM initialization | Asserted
  ed | 04/04/2012 | 23:21:10 | System Firmware Progress | System boot initiated | Asserted
  ee | 04/05/2012 | 10:05:24 | System Boot Initiated | Initiated by warm reset | Asserted
  ef | 04/05/2012 | 10:05:24 | System Firmware Progress | Memory initialization | Asserted
  f0 | 04/05/2012 | 10:05:24 | System Firmware Progress | Primary CPU initialization | Asserted
  f1 | 04/05/2012 | 10:06:02 | System Firmware Progress | Management controller initialization | Asserted
  f2 | 04/05/2012 | 10:06:02 | System Firmware Progress | Secondary CPU Initialization | Asserted
  f3 | 04/05/2012 | 10:06:12 | System Firmware Progress | Video initialization | Asserted
  f4 | 04/05/2012 | 10:06:19 | System Firmware Progress | Keyboard controller initialization | Asserted
  f5 | 04/05/2012 | 10:06:31 | System Firmware Progress | Option ROM initialization | Asserted
  f6 | 04/05/2012 | 10:06:34 | System Firmware Progress | Option ROM initialization | Asserted
  f7 | 04/05/2012 | 10:06:53 | System Firmware Progress | System boot initiated | Asserted
  f8 | 04/06/2012 | 03:29:42 | Power Supply #0x66 | State Deasserted
  f9 | 04/06/2012 | 03:29:43 | Power Supply #0x6a | State Asserted
  fa | 04/06/2012 | 07:44:33 | Power Supply #0x66 | State Asserted
  fb | 04/06/2012 | 11:17:45 | System Boot Initiated | Initiated by warm reset | Asserted
  fc | 04/06/2012 | 11:17:45 | System Firmware Progress | Memory initialization | Asserted
  fd | 04/06/2012 | 11:17:45 | System Firmware Progress | Primary CPU initialization | Asserted
  fe | 04/06/2012 | 11:18:24 | System Firmware Progress | Management controller initialization | Asserted
  ff | 04/06/2012 | 11:18:24 | System Firmware Progress | Secondary CPU Initialization | Asserted
 100 | 04/06/2012 | 11:18:33 | System Firmware Progress | Video initialization | Asserted
 101 | 04/06/2012 | 11:18:40 | System Firmware Progress | Keyboard controller initialization | Asserted
 102 | 04/06/2012 | 11:18:52 | System Firmware Progress | Option ROM initialization | Asserted
 103 | 04/06/2012 | 11:18:55 | System Firmware Progress | Option ROM initialization | Asserted
 104 | 04/06/2012 | 11:19:14 | System Firmware Progress | System boot initiated | Asserted
 105 | 04/06/2012 | 13:40:04 | System Boot Initiated | Initiated by warm reset | Asserted
 106 | 04/06/2012 | 13:40:04 | System Firmware Progress | Memory initialization | Asserted
 107 | 04/06/2012 | 13:40:04 | System Firmware Progress | Primary CPU initialization | Asserted
 108 | 04/06/2012 | 13:40:49 | System Firmware Progress | Management controller initialization | Asserted
 109 | 04/06/2012 | 13:40:50 | System Firmware Progress | Secondary CPU Initialization | Asserted
 10a | 04/06/2012 | 13:40:59 | System Firmware Progress | Video initialization | Asserted
 10b | 04/06/2012 | 13:41:06 | System Firmware Progress | Keyboard controller initialization | Asserted
 10c | 04/06/2012 | 13:41:18 | System Firmware Progress | Option ROM initialization | Asserted
 10d | 04/06/2012 | 13:41:21 | System Firmware Progress | Option ROM initialization | Asserted
 10e | 04/06/2012 | 13:41:40 | System Firmware Progress | System boot initiated | Asserted
 10f | 04/15/2012 | 07:27:50 | Power Supply #0x66 | State Deasserted
 110 | 04/16/2012 | 15:18:01 | System ACPI Power State #0x26 | S0/G0: working | Deasserted
 111 | 04/16/2012 | 15:18:02 | System ACPI Power State #0x26 | S5/G2: soft-off | Asserted
 112 | 04/16/2012 | 15:55:46 | Button | Power Button pressed | Asserted
 113 | 04/16/2012 | 15:57:45 | Button | Power Button pressed | Asserted
 114 | 04/16/2012 | 15:57:53 | Button | Power Button pressed | Asserted
 115 | 04/16/2012 | 15:59:30 | Button | Power Button pressed | Asserted
 116 | 04/16/2012 | 16:01:18 | Button | Power Button pressed | Asserted
 117 | 04/17/2012 | 08:32:51 | Button | Power Button pressed | Asserted
 118 | 04/17/2012 | 08:36:53 | Voltage #0x6d | Lower Critical going low 
 119 | 04/17/2012 | 08:36:58 | Voltage #0x6d | Lower Non-recoverable going low 
 11a | 04/17/2012 | 08:37:10 | Button | Power Button pressed | Asserted
 11b | 04/17/2012 | 08:37:11 | System Boot Initiated | Initiated by hard reset | Asserted
 11c | 04/17/2012 | 08:37:11 | System Firmware Progress | Memory initialization | Asserted
 11d | 04/17/2012 | 08:37:11 | System Firmware Progress | Primary CPU initialization | Asserted
 11e | 04/17/2012 | 08:37:13 | Power Supply #0x65 | State Deasserted
 11f | 04/17/2012 | 08:37:13 | Power Supply #0x6a | State Deasserted
 120 | 04/17/2012 | 08:37:14 | System Boot Initiated | Initiated by warm reset | Asserted
 121 | 04/17/2012 | 08:37:14 | System Firmware Progress | Memory initialization | Asserted
 122 | 04/17/2012 | 08:37:14 | System Firmware Progress | Primary CPU initialization | Asserted
 123 | 04/17/2012 | 08:37:15 | System Boot Initiated | Initiated by warm reset | Asserted
 124 | 04/17/2012 | 08:37:15 | System Firmware Progress | Memory initialization | Asserted
 125 | 04/17/2012 | 08:37:16 | System Firmware Progress | Primary CPU initialization | Asserted
 126 | 04/17/2012 | 08:37:21 | System ACPI Power State #0x26 | S0/G0: working | Asserted
 127 | 04/17/2012 | 08:37:21 | System ACPI Power State #0x26 | S5/G2: soft-off | Deasserted
 128 | 04/17/2012 | 08:37:38 | Voltage #0x6d | Lower Non-recoverable going high
 129 | 04/17/2012 | 08:37:39 | Power Supply #0x65 | State Asserted
 12a | 04/17/2012 | 08:37:39 | Power Supply #0x6a | State Asserted
 12b | 04/17/2012 | 08:37:43 | Voltage #0x6d | Lower Critical going high
 12c | 04/17/2012 | 08:37:53 | System Firmware Progress | Management controller initialization | Asserted
 12d | 04/17/2012 | 08:37:53 | System Firmware Progress | Secondary CPU Initialization | Asserted
 12e | 04/17/2012 | 08:38:03 | System Firmware Progress | Video initialization | Asserted
 12f | 04/17/2012 | 08:38:10 | System Firmware Progress | Keyboard controller initialization | Asserted
 130 | 04/17/2012 | 08:38:22 | System Firmware Progress | Option ROM initialization | Asserted
 131 | 04/17/2012 | 08:38:25 | System Firmware Progress | Option ROM initialization | Asserted
 132 | 04/17/2012 | 08:38:45 | System Firmware Progress | System boot initiated | Asserted
 133 | 04/17/2012 | 08:45:09 | Power Supply #0x65 | State Deasserted
 134 | 04/17/2012 | 10:02:25 | Power Supply #0x65 | State Asserted
 135 | 04/25/2012 | 14:38:24 | Power Supply #0x65 | State Deasserted
 136 | 04/25/2012 | 14:38:31 | Entity Presence #0x64 | Device Absent
 137 | 04/25/2012 | 14:39:27 | Entity Presence #0x64 | Device Present
 138 | 04/25/2012 | 14:39:30 | Power Supply #0x6a | State Deasserted
 139 | 04/25/2012 | 14:39:34 | Power Supply #0x66 | State Asserted
 13a | 04/25/2012 | 14:39:35 | Power Supply #0x65 | State Asserted
 13b | 05/02/2012 | 19:27:16 | System Boot Initiated | Initiated by warm reset | Asserted
 13c | 05/02/2012 | 19:27:16 | System Firmware Progress | Memory initialization | Asserted
 13d | 05/02/2012 | 19:27:16 | System Firmware Progress | Primary CPU initialization | Asserted
 13e | 05/02/2012 | 19:27:55 | System Firmware Progress | Management controller initialization | Asserted
 13f | 05/02/2012 | 19:27:55 | System Firmware Progress | Secondary CPU Initialization | Asserted
 140 | 05/02/2012 | 19:28:04 | System Firmware Progress | Video initialization | Asserted
 141 | 05/02/2012 | 19:28:11 | System Firmware Progress | Keyboard controller initialization | Asserted
 142 | 05/02/2012 | 19:28:23 | System Firmware Progress | Option ROM initialization | Asserted
 143 | 05/02/2012 | 19:28:26 | System Firmware Progress | Option ROM initialization | Asserted
 144 | 05/02/2012 | 19:28:45 | System Firmware Progress | System boot initiated | Asserted
 145 | 05/02/2012 | 19:38:20 | System Boot Initiated | Initiated by warm reset | Asserted
 146 | 05/02/2012 | 19:38:21 | System Firmware Progress | Memory initialization | Asserted
 147 | 05/02/2012 | 19:38:21 | System Firmware Progress | Primary CPU initialization | Asserted
 148 | 05/02/2012 | 19:38:59 | System Firmware Progress | Management controller initialization | Asserted
 149 | 05/02/2012 | 19:38:59 | System Firmware Progress | Secondary CPU Initialization | Asserted
 14a | 05/02/2012 | 19:39:09 | System Firmware Progress | Video initialization | Asserted
 14b | 05/02/2012 | 19:39:15 | System Firmware Progress | Keyboard controller initialization | Asserted
 14c | 05/02/2012 | 19:39:27 | System Firmware Progress | Option ROM initialization | Asserted
 14d | 05/02/2012 | 19:39:30 | System Firmware Progress | Option ROM initialization | Asserted
 14e | 05/02/2012 | 19:39:49 | System Firmware Progress | System boot initiated | Asserted
 14f | 10/09/2012 | 11:41:30 | System Boot Initiated | Initiated by warm reset | Asserted
 150 | 10/09/2012 | 11:41:30 | System Firmware Progress | Memory initialization | Asserted
 151 | 10/09/2012 | 11:41:30 | System Firmware Progress | Primary CPU initialization | Asserted
 152 | 10/09/2012 | 11:42:08 | System Firmware Progress | Management controller initialization | Asserted
 153 | 10/09/2012 | 11:42:08 | System Firmware Progress | Secondary CPU Initialization | Asserted
 154 | 10/09/2012 | 11:42:17 | System Firmware Progress | Video initialization | Asserted
 155 | 10/09/2012 | 11:42:24 | System Firmware Progress | Keyboard controller initialization | Asserted
 156 | 10/09/2012 | 11:42:36 | System Firmware Progress | Option ROM initialization | Asserted
 157 | 10/09/2012 | 11:42:39 | System Firmware Progress | Option ROM initialization | Asserted
 158 | 10/09/2012 | 11:42:58 | System Firmware Progress | System boot initiated | Asserted
 159 | 11/06/2012 | 13:01:14 | System Boot Initiated | Initiated by warm reset | Asserted
 15a | 11/06/2012 | 13:01:14 | System Firmware Progress | Memory initialization | Asserted
 15b | 11/06/2012 | 13:01:14 | System Firmware Progress | Primary CPU initialization | Asserted
 15c | 11/06/2012 | 13:01:52 | System Firmware Progress | Management controller initialization | Asserted
 15d | 11/06/2012 | 13:01:52 | System Firmware Progress | Secondary CPU Initialization | Asserted
 15e | 11/06/2012 | 13:02:02 | System Firmware Progress | Video initialization | Asserted
 15f | 11/06/2012 | 13:02:08 | System Firmware Progress | Keyboard controller initialization | Asserted
 160 | 11/06/2012 | 13:02:20 | System Firmware Progress | Option ROM initialization | Asserted
 161 | 11/06/2012 | 13:02:24 | System Firmware Progress | Option ROM initialization | Asserted
 162 | 11/06/2012 | 13:02:42 | System Firmware Progress | System boot initiated | Asserted
 163 | 12/12/2012 | 10:04:39 | System Boot Initiated | Initiated by warm reset | Asserted
 164 | 12/12/2012 | 10:04:39 | System Firmware Progress | Memory initialization | Asserted
 165 | 12/12/2012 | 10:04:39 | System Firmware Progress | Primary CPU initialization | Asserted
 166 | 12/12/2012 | 10:05:18 | System Firmware Progress | Management controller initialization | Asserted
 167 | 12/12/2012 | 10:05:18 | System Firmware Progress | Secondary CPU Initialization | Asserted
 168 | 12/12/2012 | 10:05:27 | System Firmware Progress | Video initialization | Asserted
 169 | 12/12/2012 | 10:05:34 | System Firmware Progress | Keyboard controller initialization | Asserted
 16a | 12/12/2012 | 10:05:46 | System Firmware Progress | Option ROM initialization | Asserted
 16b | 12/12/2012 | 10:05:49 | System Firmware Progress | Option ROM initialization | Asserted
 16c | 12/12/2012 | 10:06:08 | System Firmware Progress | System boot initiated | Asserted
 16d | 02/06/2013 | 08:12:09 | System Boot Initiated | Initiated by warm reset | Asserted
 16e | 02/06/2013 | 08:12:09 | System Firmware Progress | Memory initialization | Asserted
 16f | 02/06/2013 | 08:12:09 | System Firmware Progress | Primary CPU initialization | Asserted
 170 | 02/06/2013 | 08:12:47 | System Firmware Progress | Management controller initialization | Asserted
 171 | 02/06/2013 | 08:12:47 | System Firmware Progress | Secondary CPU Initialization | Asserted
 172 | 02/06/2013 | 08:12:57 | System Firmware Progress | Video initialization | Asserted
 173 | 02/06/2013 | 08:13:04 | System Firmware Progress | Keyboard controller initialization | Asserted
 174 | 02/06/2013 | 08:13:15 | System Firmware Progress | Option ROM initialization | Asserted
 175 | 02/06/2013 | 08:13:19 | System Firmware Progress | Option ROM initialization | Asserted
 176 | 02/06/2013 | 08:13:37 | System Firmware Progress | System boot initiated | Asserted
 177 | 02/06/2013 | 08:40:26 | System Boot Initiated | Initiated by warm reset | Asserted
 178 | 02/06/2013 | 08:40:27 | System Firmware Progress | Memory initialization | Asserted
 179 | 02/06/2013 | 08:40:27 | System Firmware Progress | Primary CPU initialization | Asserted
 17a | 02/06/2013 | 08:41:04 | System Firmware Progress | Management controller initialization | Asserted
 17b | 02/06/2013 | 08:41:05 | System Firmware Progress | Secondary CPU Initialization | Asserted
 17c | 02/06/2013 | 08:41:14 | System Firmware Progress | Video initialization | Asserted
 17d | 02/06/2013 | 08:41:21 | System Firmware Progress | Keyboard controller initialization | Asserted
 17e | 02/06/2013 | 08:41:33 | System Firmware Progress | Option ROM initialization | Asserted
 17f | 02/06/2013 | 08:41:36 | System Firmware Progress | Option ROM initialization | Asserted
 180 | 02/06/2013 | 08:41:55 | System Firmware Progress | System boot initiated | Asserted
 181 | 02/06/2013 | 23:13:52 | System Boot Initiated | Initiated by warm reset | Asserted
 182 | 02/06/2013 | 23:13:52 | System Firmware Progress | Memory initialization | Asserted
 183 | 02/06/2013 | 23:13:52 | System Firmware Progress | Primary CPU initialization | Asserted
 184 | 02/06/2013 | 23:14:30 | System Firmware Progress | Management controller initialization | Asserted
 185 | 02/06/2013 | 23:14:30 | System Firmware Progress | Secondary CPU Initialization | Asserted
 186 | 02/06/2013 | 23:14:39 | System Firmware Progress | Video initialization | Asserted
 187 | 02/06/2013 | 23:14:46 | System Firmware Progress | Keyboard controller initialization | Asserted
 188 | 02/06/2013 | 23:14:58 | System Firmware Progress | Option ROM initialization | Asserted
 189 | 02/06/2013 | 23:15:01 | System Firmware Progress | Option ROM initialization | Asserted
 18a | 02/06/2013 | 23:15:20 | System Firmware Progress | System boot initiated | Asserted
 18b | 03/06/2013 | 14:04:04 | System Boot Initiated | Initiated by warm reset | Asserted
 18c | 03/06/2013 | 14:04:04 | System Firmware Progress | Memory initialization | Asserted
 18d | 03/06/2013 | 14:04:04 | System Firmware Progress | Primary CPU initialization | Asserted
 18e | 03/06/2013 | 14:04:43 | System Firmware Progress | Management controller initialization | Asserted
 18f | 03/06/2013 | 14:04:43 | System Firmware Progress | Secondary CPU Initialization | Asserted
 190 | 03/06/2013 | 14:04:52 | System Firmware Progress | Video initialization | Asserted
 191 | 03/06/2013 | 14:04:59 | System Firmware Progress | Keyboard controller initialization | Asserted
 192 | 03/06/2013 | 14:05:11 | System Firmware Progress | Option ROM initialization | Asserted
 193 | 03/06/2013 | 14:05:14 | System Firmware Progress | Option ROM initialization | Asserted
 194 | 03/06/2013 | 14:05:33 | System Firmware Progress | System boot initiated | Asserted
 195 | 03/06/2013 | 19:35:48 | System Boot Initiated | Initiated by warm reset | Asserted
 196 | 03/06/2013 | 19:35:48 | System Firmware Progress | Memory initialization | Asserted
 197 | 03/06/2013 | 19:35:48 | System Firmware Progress | Primary CPU initialization | Asserted
 198 | 03/06/2013 | 19:36:26 | System Firmware Progress | Management controller initialization | Asserted
 199 | 03/06/2013 | 19:36:26 | System Firmware Progress | Secondary CPU Initialization | Asserted
 19a | 03/06/2013 | 19:36:35 | System Firmware Progress | Video initialization | Asserted
 19b | 03/06/2013 | 19:36:42 | System Firmware Progress | Keyboard controller initialization | Asserted
 19c | 03/06/2013 | 19:36:54 | System Firmware Progress | Option ROM initialization | Asserted
 19d | 03/06/2013 | 19:36:57 | System Firmware Progress | Option ROM initialization | Asserted
 19e | 03/06/2013 | 19:37:16 | System Firmware Progress | System boot initiated | Asserted
 19f | 03/06/2013 | 19:51:45 | System Boot Initiated | Initiated by warm reset | Asserted
 1a0 | 03/06/2013 | 19:51:45 | System Firmware Progress | Memory initialization | Asserted
 1a1 | 03/06/2013 | 19:51:45 | System Firmware Progress | Primary CPU initialization | Asserted
 1a2 | 03/06/2013 | 19:52:24 | System Firmware Progress | Management controller initialization | Asserted
 1a3 | 03/06/2013 | 19:52:24 | System Firmware Progress | Secondary CPU Initialization | Asserted
 1a4 | 03/06/2013 | 19:52:33 | System Firmware Progress | Video initialization | Asserted
 1a5 | 03/06/2013 | 19:52:40 | System Firmware Progress | Keyboard controller initialization | Asserted
 1a6 | 03/06/2013 | 19:52:52 | System Firmware Progress | Option ROM initialization | Asserted
 1a7 | 03/06/2013 | 19:52:55 | System Firmware Progress | Option ROM initialization | Asserted
 1a8 | 03/06/2013 | 19:53:14 | System Firmware Progress | System boot initiated | Asserted
 1a9 | 03/07/2013 | 12:04:03 | System Boot Initiated | Initiated by warm reset | Asserted
 1aa | 03/07/2013 | 12:04:03 | System Firmware Progress | Memory initialization | Asserted
 1ab | 03/07/2013 | 12:04:03 | System Firmware Progress | Primary CPU initialization | Asserted
 1ac | 03/07/2013 | 12:04:48 | System Firmware Progress | Management controller initialization | Asserted
 1ad | 03/07/2013 | 12:04:49 | System Firmware Progress | Secondary CPU Initialization | Asserted
 1ae | 03/07/2013 | 12:04:58 | System Firmware Progress | Video initialization | Asserted
 1af | 03/07/2013 | 12:05:05 | System Firmware Progress | Keyboard controller initialization | Asserted
 1b0 | 03/07/2013 | 12:05:17 | System Firmware Progress | Option ROM initialization | Asserted
 1b1 | 03/07/2013 | 12:05:20 | System Firmware Progress | Option ROM initialization | Asserted
 1b2 | 03/07/2013 | 12:05:37 | System Firmware Progress | System boot initiated | Asserted
 1b3 | 03/07/2013 | 22:01:51 | System Boot Initiated | Initiated by warm reset | Asserted
 1b4 | 03/07/2013 | 22:01:51 | System Firmware Progress | Memory initialization | Asserted
 1b5 | 03/07/2013 | 22:01:51 | System Firmware Progress | Primary CPU initialization | Asserted
 1b6 | 03/07/2013 | 22:02:29 | System Firmware Progress | Management controller initialization | Asserted
 1b7 | 03/07/2013 | 22:02:29 | System Firmware Progress | Secondary CPU Initialization | Asserted
 1b8 | 03/07/2013 | 22:02:39 | System Firmware Progress | Video initialization | Asserted
 1b9 | 03/07/2013 | 22:02:45 | System Firmware Progress | Keyboard controller initialization | Asserted
 1ba | 03/07/2013 | 22:02:57 | System Firmware Progress | Option ROM initialization | Asserted
 1bb | 03/07/2013 | 22:03:00 | System Firmware Progress | Option ROM initialization | Asserted
 1bc | 03/07/2013 | 22:03:18 | System Firmware Progress | System boot initiated | Asserted
 1bd | 04/06/2013 | 02:10:37 | System Boot Initiated | Initiated by warm reset | Asserted
 1be | 04/06/2013 | 02:10:37 | System Firmware Progress | Memory initialization | Asserted
 1bf | 04/06/2013 | 02:10:37 | System Firmware Progress | Primary CPU initialization | Asserted
 1c0 | 04/06/2013 | 02:11:19 | System Firmware Progress | Management controller initialization | Asserted
 1c1 | 04/06/2013 | 02:11:19 | System Firmware Progress | Secondary CPU Initialization | Asserted
 1c2 | 04/06/2013 | 02:11:29 | System Firmware Progress | Video initialization | Asserted
 1c3 | 04/06/2013 | 02:11:36 | System Firmware Progress | Keyboard controller initialization | Asserted
 1c4 | 04/06/2013 | 02:11:47 | System Firmware Progress | Option ROM initialization | Asserted
 1c5 | 04/06/2013 | 02:11:51 | System Firmware Progress | Option ROM initialization | Asserted
 1c6 | 04/06/2013 | 02:12:08 | System Firmware Progress | System boot initiated | Asserted
 1c7 | 04/06/2013 | 07:58:26 | System Boot Initiated | Initiated by warm reset | Asserted
 1c8 | 04/06/2013 | 07:58:26 | System Firmware Progress | Memory initialization | Asserted
 1c9 | 04/06/2013 | 07:58:26 | System Firmware Progress | Primary CPU initialization | Asserted
 1ca | 04/06/2013 | 07:59:08 | System Firmware Progress | Management controller initialization | Asserted
 1cb | 04/06/2013 | 07:59:08 | System Firmware Progress | Secondary CPU Initialization | Asserted
 1cc | 04/06/2013 | 07:59:18 | System Firmware Progress | Video initialization | Asserted
 1cd | 04/06/2013 | 07:59:25 | System Firmware Progress | Keyboard controller initialization | Asserted
 1ce | 04/06/2013 | 07:59:36 | System Firmware Progress | Option ROM initialization | Asserted
 1cf | 04/06/2013 | 07:59:40 | System Firmware Progress | Option ROM initialization | Asserted
 1d0 | 04/06/2013 | 07:59:57 | System Firmware Progress | System boot initiated | Asserted
 1d1 | 06/06/2013 | 14:11:27 | System Boot Initiated | Initiated by warm reset | Asserted
 1d2 | 06/06/2013 | 14:11:27 | System Firmware Progress | Memory initialization | Asserted
 1d3 | 06/06/2013 | 14:11:27 | System Firmware Progress | Primary CPU initialization | Asserted
 1d4 | 06/06/2013 | 14:12:06 | System Firmware Progress | Management controller initialization | Asserted
 1d5 | 06/06/2013 | 14:12:06 | System Firmware Progress | Secondary CPU Initialization | Asserted
 1d6 | 06/06/2013 | 14:12:15 | System Firmware Progress | Video initialization | Asserted
 1d7 | 06/06/2013 | 14:12:22 | System Firmware Progress | Keyboard controller initialization | Asserted
 1d8 | 06/06/2013 | 14:12:34 | System Firmware Progress | Option ROM initialization | Asserted
 1d9 | 06/06/2013 | 14:12:37 | System Firmware Progress | Option ROM initialization | Asserted
 1da | 06/06/2013 | 14:12:54 | System Firmware Progress | System boot initiated | Asserted
 1db | 06/10/2013 | 09:39:45 | System Boot Initiated | Initiated by warm reset | Asserted
 1dc | 06/10/2013 | 09:39:45 | System Firmware Progress | Memory initialization | Asserted
 1dd | 06/10/2013 | 09:39:45 | System Firmware Progress | Primary CPU initialization | Asserted
 1de | 06/10/2013 | 09:40:23 | System Firmware Progress | Management controller initialization | Asserted
 1df | 06/10/2013 | 09:40:23 | System Firmware Progress | Secondary CPU Initialization | Asserted
 1e0 | 06/10/2013 | 09:40:33 | System Firmware Progress | Video initialization | Asserted
 1e1 | 06/10/2013 | 09:40:40 | System Firmware Progress | Keyboard controller initialization | Asserted
 1e2 | 06/10/2013 | 09:40:52 | System Firmware Progress | Option ROM initialization | Asserted
 1e3 | 06/10/2013 | 09:40:55 | System Firmware Progress | Option ROM initialization | Asserted
 1e4 | 06/10/2013 | 09:41:12 | System Firmware Progress | System boot initiated | Asserted
 1e5 | 06/28/2013 | 13:41:40 | System Boot Initiated | Initiated by warm reset | Asserted
 1e6 | 06/28/2013 | 13:41:40 | System Firmware Progress | Memory initialization | Asserted
 1e7 | 06/28/2013 | 13:41:41 | System Firmware Progress | Primary CPU initialization | Asserted
 1e8 | 06/28/2013 | 13:42:19 | System Firmware Progress | Management controller initialization | Asserted
 1e9 | 06/28/2013 | 13:42:19 | System Firmware Progress | Secondary CPU Initialization | Asserted
 1ea | 06/28/2013 | 13:42:28 | System Firmware Progress | Video initialization | Asserted
 1eb | 06/28/2013 | 13:42:35 | System Firmware Progress | Keyboard controller initialization | Asserted
 1ec | 06/28/2013 | 13:42:47 | System Firmware Progress | Option ROM initialization | Asserted
 1ed | 06/28/2013 | 13:42:50 | System Firmware Progress | Option ROM initialization | Asserted
 1ee | 06/28/2013 | 13:43:07 | System Firmware Progress | System boot initiated | Asserted
 1ef | 06/28/2013 | 14:26:23 | System Boot Initiated | Initiated by warm reset | Asserted
 1f0 | 06/28/2013 | 14:26:24 | System Firmware Progress | Memory initialization | Asserted
 1f1 | 06/28/2013 | 14:26:24 | System Firmware Progress | Primary CPU initialization | Asserted
 1f2 | 06/28/2013 | 14:27:02 | System Firmware Progress | Management controller initialization | Asserted
 1f3 | 06/28/2013 | 14:27:02 | System Firmware Progress | Secondary CPU Initialization | Asserted
 1f4 | 06/28/2013 | 14:27:11 | System Firmware Progress | Video initialization | Asserted
 1f5 | 06/28/2013 | 14:27:18 | System Firmware Progress | Keyboard controller initialization | Asserted
 1f6 | 06/28/2013 | 14:27:30 | System Firmware Progress | Option ROM initialization | Asserted
 1f7 | 06/28/2013 | 14:27:33 | System Firmware Progress | Option ROM initialization | Asserted
 1f8 | 06/28/2013 | 14:27:50 | System Firmware Progress | System boot initiated | Asserted
 1f9 | 07/06/2013 | 07:33:56 | System Boot Initiated | Initiated by warm reset | Asserted
 1fa | 07/06/2013 | 07:33:57 | System Firmware Progress | Memory initialization | Asserted
 1fb | 07/06/2013 | 07:33:57 | System Firmware Progress | Primary CPU initialization | Asserted
 1fc | 07/06/2013 | 07:34:36 | System Firmware Progress | Management controller initialization | Asserted
 1fd | 07/06/2013 | 07:34:36 | System Firmware Progress | Secondary CPU Initialization | Asserted
 1fe | 07/06/2013 | 07:34:46 | System Firmware Progress | Video initialization | Asserted
 1ff | 07/06/2013 | 07:34:52 | System Firmware Progress | Keyboard controller initialization | Asserted
 200 | 07/06/2013 | 07:35:04 | System Firmware Progress | Option ROM initialization | Asserted
 201 | 07/06/2013 | 07:35:08 | System Firmware Progress | Option ROM initialization | Asserted
 202 | 07/06/2013 | 07:35:26 | System Firmware Progress | System boot initiated | Asserted
 203 | 08/06/2013 | 16:26:25 | System ACPI Power State #0x26 | S0/G0: working | Deasserted
 204 | 08/06/2013 | 16:26:25 | System ACPI Power State #0x26 | S5/G2: soft-off | Asserted
 205 | 08/06/2013 | 17:10:16 | System Boot Initiated | System Restart | Asserted
 206 | 08/06/2013 | 17:10:17 | System Boot Initiated | Initiated by hard reset | Asserted
 207 | 08/06/2013 | 17:10:17 | System Firmware Progress | Memory initialization | Asserted
 208 | 08/06/2013 | 17:10:17 | System Firmware Progress | Primary CPU initialization | Asserted
 209 | 08/06/2013 | 17:10:19 | System Boot Initiated | Initiated by warm reset | Asserted
 20a | 08/06/2013 | 17:10:19 | System Firmware Progress | Memory initialization | Asserted
 20b | 08/06/2013 | 17:10:20 | System Firmware Progress | Primary CPU initialization | Asserted
 20c | 08/06/2013 | 17:10:21 | System Boot Initiated | Initiated by warm reset | Asserted
 20d | 08/06/2013 | 17:10:21 | System Firmware Progress | Memory initialization | Asserted
 20e | 08/06/2013 | 17:10:21 | System Firmware Progress | Primary CPU initialization | Asserted
 20f | 08/06/2013 | 17:10:27 | System ACPI Power State #0x26 | S0/G0: working | Asserted
 210 | 08/06/2013 | 17:10:27 | System ACPI Power State #0x26 | S5/G2: soft-off | Deasserted
 211 | 08/06/2013 | 17:10:59 | System Firmware Progress | Management controller initialization | Asserted
 212 | 08/06/2013 | 17:10:59 | System Firmware Progress | Secondary CPU Initialization | Asserted
 213 | 08/06/2013 | 17:11:09 | System Firmware Progress | Video initialization | Asserted
 214 | 08/06/2013 | 17:11:16 | System Firmware Progress | Keyboard controller initialization | Asserted
 215 | 08/06/2013 | 17:11:28 | System Firmware Progress | Option ROM initialization | Asserted
 216 | 08/06/2013 | 17:11:31 | System Firmware Progress | Option ROM initialization | Asserted
 217 | 08/06/2013 | 17:11:48 | System Firmware Progress | System boot initiated | Asserted
 218 | 08/09/2013 | 11:20:03 | System Boot Initiated | Initiated by warm reset | Asserted
 219 | 08/09/2013 | 11:20:03 | System Firmware Progress | Memory initialization | Asserted
 21a | 08/09/2013 | 11:20:03 | System Firmware Progress | Primary CPU initialization | Asserted
 21b | 08/09/2013 | 11:20:41 | System Firmware Progress | Management controller initialization | Asserted
 21c | 08/09/2013 | 11:20:41 | System Firmware Progress | Secondary CPU Initialization | Asserted
 21d | 08/09/2013 | 11:20:51 | System Firmware Progress | Video initialization | Asserted
 21e | 08/09/2013 | 11:20:57 | System Firmware Progress | Keyboard controller initialization | Asserted
 21f | 08/09/2013 | 11:21:09 | System Firmware Progress | Option ROM initialization | Asserted
 220 | 08/09/2013 | 11:21:12 | System Firmware Progress | Option ROM initialization | Asserted
 221 | 08/09/2013 | 11:21:30 | System Firmware Progress | System boot initiated | Asserted
 222 | 08/14/2013 | 19:08:28 | System Boot Initiated | Initiated by warm reset | Asserted
 223 | 08/14/2013 | 19:08:29 | System Firmware Progress | Memory initialization | Asserted
 224 | 08/14/2013 | 19:08:29 | System Firmware Progress | Primary CPU initialization | Asserted
 225 | 08/14/2013 | 19:09:07 | System Firmware Progress | Management controller initialization | Asserted
 226 | 08/14/2013 | 19:09:07 | System Firmware Progress | Secondary CPU Initialization | Asserted
 227 | 08/14/2013 | 19:09:17 | System Firmware Progress | Video initialization | Asserted
 228 | 08/14/2013 | 19:09:24 | System Firmware Progress | Keyboard controller initialization | Asserted
 229 | 08/14/2013 | 19:09:36 | System Firmware Progress | Option ROM initialization | Asserted
 22a | 08/14/2013 | 19:09:39 | System Firmware Progress | Option ROM initialization | Asserted
 22b | 08/14/2013 | 19:09:56 | System Firmware Progress | System boot initiated | Asserted
 22c | 08/24/2013 | 19:15:40 | System ACPI Power State #0x26 | S0/G0: working | Deasserted
 22d | 08/24/2013 | 19:15:40 | System ACPI Power State #0x26 | S5/G2: soft-off | Asserted
 22e | 08/24/2013 | 19:20:56 | Voltage #0x6d | Lower Critical going low 
 22f | 08/24/2013 | 19:21:01 | Voltage #0x6d | Lower Non-recoverable going low 
 230 | 08/24/2013 | 22:09:18 | System Boot Initiated | Initiated by hard reset | Asserted
 231 | 08/24/2013 | 22:09:18 | System Firmware Progress | Memory initialization | Asserted
 232 | 08/24/2013 | 22:09:18 | System Firmware Progress | Primary CPU initialization | Asserted
 233 | 08/24/2013 | 22:40:59 | Button | Power Button pressed | Asserted
 234 | 08/24/2013 | 22:41:00 | System Boot Initiated | Initiated by hard reset | Asserted
 235 | 08/24/2013 | 22:41:01 | System Firmware Progress | Memory initialization | Asserted
 236 | 08/24/2013 | 22:41:01 | System Firmware Progress | Primary CPU initialization | Asserted
 237 | 08/24/2013 | 22:41:03 | System Boot Initiated | Initiated by warm reset | Asserted
 238 | 08/24/2013 | 22:41:03 | System Firmware Progress | Memory initialization | Asserted
 239 | 08/24/2013 | 22:41:03 | System Firmware Progress | Primary CPU initialization | Asserted
 23a | 08/24/2013 | 22:41:05 | System Boot Initiated | Initiated by hard reset | Asserted
 23b | 08/24/2013 | 22:41:05 | System Firmware Progress | Memory initialization | Asserted
 23c | 08/24/2013 | 22:41:05 | System Firmware Progress | Primary CPU initialization | Asserted
 23d | 08/24/2013 | 22:41:06 | System ACPI Power State #0x26 | S0/G0: working | Asserted
 23e | 08/24/2013 | 22:41:06 | System ACPI Power State #0x26 | S5/G2: soft-off | Deasserted
 23f | 08/24/2013 | 22:41:07 | System Boot Initiated | Initiated by warm reset | Asserted
 240 | 08/24/2013 | 22:41:07 | System Firmware Progress | Memory initialization | Asserted
 241 | 08/24/2013 | 22:41:08 | System Firmware Progress | Primary CPU initialization | Asserted
 242 | 08/24/2013 | 22:41:49 | System Firmware Progress | Management controller initialization | Asserted
 243 | 08/24/2013 | 22:41:50 | System Firmware Progress | Secondary CPU Initialization | Asserted
 244 | 08/24/2013 | 22:42:05 | System Firmware Progress | Video initialization | Asserted
 245 | 08/24/2013 | 22:42:11 | System Firmware Progress | Keyboard controller initialization | Asserted
 246 | 08/24/2013 | 22:42:23 | System Firmware Progress | Option ROM initialization | Asserted
 247 | 08/24/2013 | 22:42:27 | System Firmware Progress | Option ROM initialization | Asserted
 248 | 08/24/2013 | 22:42:44 | System Firmware Progress | System boot initiated | Asserted
 249 | 08/24/2013 | 23:53:21 | System Boot Initiated | Initiated by warm reset | Asserted
 24a | 08/24/2013 | 23:53:21 | System Firmware Progress | Memory initialization | Asserted
 24b | 08/24/2013 | 23:53:21 | System Firmware Progress | Primary CPU initialization | Asserted
 24c | 08/24/2013 | 23:53:59 | System Firmware Progress | Management controller initialization | Asserted
 24d | 08/24/2013 | 23:53:59 | System Firmware Progress | Secondary CPU Initialization | Asserted
 24e | 08/24/2013 | 23:54:09 | System Firmware Progress | Video initialization | Asserted
 24f | 08/24/2013 | 23:54:16 | System Firmware Progress | Keyboard controller initialization | Asserted
 250 | 08/24/2013 | 23:54:27 | System Firmware Progress | Option ROM initialization | Asserted
 251 | 08/24/2013 | 23:54:31 | System Firmware Progress | Option ROM initialization | Asserted
 252 | 08/24/2013 | 23:54:48 | System Firmware Progress | System boot initiated | Asserted
 253 | 09/06/2013 | 13:20:23 | System Boot Initiated | Initiated by warm reset | Asserted
 254 | 09/06/2013 | 13:20:23 | System Firmware Progress | Memory initialization | Asserted
 255 | 09/06/2013 | 13:20:23 | System Firmware Progress | Primary CPU initialization | Asserted
 256 | 09/06/2013 | 13:21:01 | System Firmware Progress | Management controller initialization | Asserted
 257 | 09/06/2013 | 13:21:02 | System Firmware Progress | Secondary CPU Initialization | Asserted
 258 | 09/06/2013 | 13:21:11 | System Firmware Progress | Video initialization | Asserted
 259 | 09/06/2013 | 13:21:18 | System Firmware Progress | Keyboard controller initialization | Asserted
 25a | 09/06/2013 | 13:21:30 | System Firmware Progress | Option ROM initialization | Asserted
 25b | 09/06/2013 | 13:21:33 | System Firmware Progress | Option ROM initialization | Asserted
 25c | 09/06/2013 | 13:21:50 | System Firmware Progress | System boot initiated | Asserted
 25d | 09/06/2013 | 19:38:52 | System Boot Initiated | Initiated by warm reset | Asserted
 25e | 09/06/2013 | 19:38:52 | System Firmware Progress | Memory initialization | Asserted
 25f | 09/06/2013 | 19:38:52 | System Firmware Progress | Primary CPU initialization | Asserted
 260 | 09/06/2013 | 19:39:30 | System Firmware Progress | Management controller initialization | Asserted
 261 | 09/06/2013 | 19:39:30 | System Firmware Progress | Secondary CPU Initialization | Asserted
 262 | 09/06/2013 | 19:39:40 | System Firmware Progress | Video initialization | Asserted
 263 | 09/06/2013 | 19:39:46 | System Firmware Progress | Keyboard controller initialization | Asserted
 264 | 09/06/2013 | 19:39:58 | System Firmware Progress | Option ROM initialization | Asserted
 265 | 09/06/2013 | 19:40:01 | System Firmware Progress | Option ROM initialization | Asserted
 266 | 09/06/2013 | 19:40:19 | System Firmware Progress | System boot initiated | Asserted
