TO REVIEW COLLECTED DATA FROM DM01DB01 FOR RAID CONTROLLER BUS LINK SPEED 



0d:00.0 RAID bus controller: LSI Logic / Symbios Logic LSI MegaSAS 9260 (rev 05)
	Subsystem: LSI Logic / Symbios Logic MegaRAID SAS 9261-8i
	Control: I/O+ Mem+ BusMaster+ SpecCycle- MemWINV- VGASnoop- ParErr+ Stepping- SERR+ FastB2B-
	Status: Cap+ 66MHz- UDF- FastB2B- ParErr- DEVSEL=fast >TAbort- <TAbort- <MAbort- >SERR- <PERR-
	Latency: 0, Cache Line Size: 256 bytes
	Interrupt: pin A routed to IRQ 66
	Region 0: I/O ports at c000 [size=256]
	Region 1: Memory at df29c000 (64-bit, non-prefetchable) [size=16K]
	Region 3: Memory at df2c0000 (64-bit, non-prefetchable) [size=256K]
	Expansion ROM at df2a0000 [disabled] [size=128K]
	Capabilities: [50] Power Management version 3
		Flags: PMEClk- DSI- D1+ D2+ AuxCurrent=0mA PME(D0-,D1-,D2-,D3hot-,D3cold-)
		Status: D0 PME-Enable- DSel=0 DScale=0 PME-
	Capabilities: [68] Express Endpoint IRQ 0
		Device: Supported: MaxPayload 4096 bytes, PhantFunc 0, ExtTag+
		Device: Latency L0s <64ns, L1 <1us
		Device: AtnBtn- AtnInd- PwrInd-
		Device: Errors: Correctable+ Non-Fatal+ Fatal+ Unsupported-
		Device: RlxdOrd+ ExtTag- PhantFunc- AuxPwr- NoSnoop+
		Device: MaxPayload 128 bytes, MaxReadReq 512 bytes
		Link: Supported Speed unknown, Width x8, ASPM L0s, Port 0
		Link: Latency L0s <64ns, L1 <1us
		Link: ASPM Disabled RCB 64 bytes CommClk- ExtSynch-
		Link: Speed unknown, Width x8
	Capabilities: [d0] Vital Product Data
	Capabilities: [a8] Message Signalled Interrupts: 64bit+ Queue=0/0 Enable-
		Address: 0000000000000000  Data: 0000
	Capabilities: [c0] MSI-X: Enable- Mask- TabSize=15
		Vector table: BAR=1 offset=00002000
		PBA: BAR=1 offset=00003800
	Capabilities: [100] Advanced Error Reporting
	Capabilities: [138] Power Budgeting

