crypto.fips_enabled = 0
abi.vsyscall32 = 1
dev.ipmi.poweroff_powercycle = 0
dev.parport.default.spintime = 500
dev.parport.default.timeslice = 200
dev.scsi.logging_level = 0
dev.raid.speed_limit_max = 50000
dev.raid.speed_limit_min = 1000
dev.hpet.max-user-freq = 64
dev.rtc.max-user-freq = 64
debug.exception-trace = 1
debug.kprobes-optimization = 1
net.rds.ib.flow_control = 0
net.rds.ib.max_recv_allocation = 8237351
net.rds.ib.max_unsignaled_wr = 16
net.rds.ib.max_recv_wr = 1024
net.rds.ib.max_send_wr = 256
net.rds.iw.flow_control = 1
net.rds.iw.max_recv_allocation = 8237351
net.rds.iw.max_unsignaled_bytes = 16777216
net.rds.iw.max_unsignaled_wr = 16
net.rds.iw.max_recv_wr = 1024
net.rds.iw.max_send_wr = 256
net.rds.ping_enable = 1
net.rds.max_unacked_bytes = 16777216	1
net.rds.max_unacked_packets = 8	16777216
net.rds.sol_rds = 276
net.rds.pf_rds = 21
net.rds.reconnect_max_delay_ms = 1000
net.rds.reconnect_min_delay_ms = 1
net.ipv6.conf.eth0.router_probe_interval = 60
net.ipv6.conf.eth0.accept_ra_rtr_pref = 0
net.ipv6.conf.eth0.accept_ra_pinfo = 0
net.ipv6.conf.eth0.accept_ra_defrtr = 0
net.ipv6.conf.eth0.max_addresses = 1
net.ipv6.conf.eth0.max_desync_factor = 600
net.ipv6.conf.eth0.regen_max_retry = 5
net.ipv6.conf.eth0.temp_prefered_lft = 86400
net.ipv6.conf.eth0.temp_valid_lft = 604800
net.ipv6.conf.eth0.use_tempaddr = 0
net.ipv6.conf.eth0.accept_dad = 1
net.ipv6.conf.eth0.disable_ipv6 = 0
net.ipv6.conf.eth0.force_mld_version = 0
net.ipv6.conf.eth0.router_solicitation_delay = 1
net.ipv6.conf.eth0.router_solicitation_interval = 4
net.ipv6.conf.eth0.router_solicitations = 0
net.ipv6.conf.eth0.dad_transmits = 0
net.ipv6.conf.eth0.autoconf = 0
net.ipv6.conf.eth0.accept_redirects = 1
net.ipv6.conf.eth0.accept_ra = 1
net.ipv6.conf.eth0.mtu = 1500
net.ipv6.conf.eth0.hop_limit = 64
net.ipv6.conf.eth0.forwarding = 0
net.ipv6.conf.bondib0.router_probe_interval = 60
net.ipv6.conf.bondib0.accept_ra_rtr_pref = 0
net.ipv6.conf.bondib0.accept_ra_pinfo = 0
net.ipv6.conf.bondib0.accept_ra_defrtr = 0
net.ipv6.conf.bondib0.max_addresses = 1
net.ipv6.conf.bondib0.max_desync_factor = 600
net.ipv6.conf.bondib0.regen_max_retry = 5
net.ipv6.conf.bondib0.temp_prefered_lft = 86400
net.ipv6.conf.bondib0.temp_valid_lft = 604800
net.ipv6.conf.bondib0.use_tempaddr = 0
net.ipv6.conf.bondib0.accept_dad = 1
net.ipv6.conf.bondib0.disable_ipv6 = 0
net.ipv6.conf.bondib0.force_mld_version = 0
net.ipv6.conf.bondib0.router_solicitation_delay = 1
net.ipv6.conf.bondib0.router_solicitation_interval = 4
net.ipv6.conf.bondib0.router_solicitations = 0
net.ipv6.conf.bondib0.dad_transmits = 0
net.ipv6.conf.bondib0.autoconf = 0
net.ipv6.conf.bondib0.accept_redirects = 1
net.ipv6.conf.bondib0.accept_ra = 1
net.ipv6.conf.bondib0.mtu = 65520
net.ipv6.conf.bondib0.hop_limit = 64
net.ipv6.conf.bondib0.forwarding = 0
net.ipv6.conf.bondeth0.router_probe_interval = 60
net.ipv6.conf.bondeth0.accept_ra_rtr_pref = 0
net.ipv6.conf.bondeth0.accept_ra_pinfo = 0
net.ipv6.conf.bondeth0.accept_ra_defrtr = 0
net.ipv6.conf.bondeth0.max_addresses = 1
net.ipv6.conf.bondeth0.max_desync_factor = 600
net.ipv6.conf.bondeth0.regen_max_retry = 5
net.ipv6.conf.bondeth0.temp_prefered_lft = 86400
net.ipv6.conf.bondeth0.temp_valid_lft = 604800
net.ipv6.conf.bondeth0.use_tempaddr = 0
net.ipv6.conf.bondeth0.accept_dad = 1
net.ipv6.conf.bondeth0.disable_ipv6 = 0
net.ipv6.conf.bondeth0.force_mld_version = 0
net.ipv6.conf.bondeth0.router_solicitation_delay = 1
net.ipv6.conf.bondeth0.router_solicitation_interval = 4
net.ipv6.conf.bondeth0.router_solicitations = 0
net.ipv6.conf.bondeth0.dad_transmits = 0
net.ipv6.conf.bondeth0.autoconf = 0
net.ipv6.conf.bondeth0.accept_redirects = 1
net.ipv6.conf.bondeth0.accept_ra = 1
net.ipv6.conf.bondeth0.mtu = 1500
net.ipv6.conf.bondeth0.hop_limit = 64
net.ipv6.conf.bondeth0.forwarding = 0
net.ipv6.conf.default.router_probe_interval = 60
net.ipv6.conf.default.accept_ra_rtr_pref = 0
net.ipv6.conf.default.accept_ra_pinfo = 0
net.ipv6.conf.default.accept_ra_defrtr = 0
net.ipv6.conf.default.max_addresses = 1
net.ipv6.conf.default.max_desync_factor = 600
net.ipv6.conf.default.regen_max_retry = 5
net.ipv6.conf.default.temp_prefered_lft = 86400
net.ipv6.conf.default.temp_valid_lft = 604800
net.ipv6.conf.default.use_tempaddr = 0
net.ipv6.conf.default.accept_dad = 1
net.ipv6.conf.default.disable_ipv6 = 0
net.ipv6.conf.default.force_mld_version = 0
net.ipv6.conf.default.router_solicitation_delay = 1
net.ipv6.conf.default.router_solicitation_interval = 4
net.ipv6.conf.default.router_solicitations = 0
net.ipv6.conf.default.dad_transmits = 0
net.ipv6.conf.default.autoconf = 0
net.ipv6.conf.default.accept_redirects = 1
net.ipv6.conf.default.accept_ra = 1
net.ipv6.conf.default.mtu = 1280
net.ipv6.conf.default.hop_limit = 64
net.ipv6.conf.default.forwarding = 0
net.ipv6.conf.all.router_probe_interval = 60
net.ipv6.conf.all.accept_ra_rtr_pref = 1
net.ipv6.conf.all.accept_ra_pinfo = 1
net.ipv6.conf.all.accept_ra_defrtr = 1
net.ipv6.conf.all.max_addresses = 16
net.ipv6.conf.all.max_desync_factor = 600
net.ipv6.conf.all.regen_max_retry = 5
net.ipv6.conf.all.temp_prefered_lft = 86400
net.ipv6.conf.all.temp_valid_lft = 604800
net.ipv6.conf.all.use_tempaddr = 0
net.ipv6.conf.all.accept_dad = 1
net.ipv6.conf.all.disable_ipv6 = 0
net.ipv6.conf.all.force_mld_version = 0
net.ipv6.conf.all.router_solicitation_delay = 1
net.ipv6.conf.all.router_solicitation_interval = 4
net.ipv6.conf.all.router_solicitations = 3
net.ipv6.conf.all.dad_transmits = 1
net.ipv6.conf.all.autoconf = 1
net.ipv6.conf.all.accept_redirects = 1
net.ipv6.conf.all.accept_ra = 1
net.ipv6.conf.all.mtu = 1280
net.ipv6.conf.all.hop_limit = 64
net.ipv6.conf.all.forwarding = 0
net.ipv6.conf.lo.router_probe_interval = 60
net.ipv6.conf.lo.accept_ra_rtr_pref = 1
net.ipv6.conf.lo.accept_ra_pinfo = 1
net.ipv6.conf.lo.accept_ra_defrtr = 1
net.ipv6.conf.lo.max_addresses = 16
net.ipv6.conf.lo.max_desync_factor = 600
net.ipv6.conf.lo.regen_max_retry = 5
net.ipv6.conf.lo.temp_prefered_lft = 86400
net.ipv6.conf.lo.temp_valid_lft = 604800
net.ipv6.conf.lo.use_tempaddr = -1
net.ipv6.conf.lo.accept_dad = 1
net.ipv6.conf.lo.disable_ipv6 = 0
net.ipv6.conf.lo.force_mld_version = 0
net.ipv6.conf.lo.router_solicitation_delay = 1
net.ipv6.conf.lo.router_solicitation_interval = 4
net.ipv6.conf.lo.router_solicitations = 3
net.ipv6.conf.lo.dad_transmits = 1
net.ipv6.conf.lo.autoconf = 1
net.ipv6.conf.lo.accept_redirects = 1
net.ipv6.conf.lo.accept_ra = 1
net.ipv6.conf.lo.mtu = 16436
net.ipv6.conf.lo.hop_limit = 64
net.ipv6.conf.lo.forwarding = 0
net.ipv6.neigh.eth0.base_reachable_time_ms = 30000
net.ipv6.neigh.eth0.retrans_time_ms = 1000
net.ipv6.neigh.eth0.locktime = 0
net.ipv6.neigh.eth0.proxy_delay = 79
net.ipv6.neigh.eth0.anycast_delay = 99
net.ipv6.neigh.eth0.proxy_qlen = 64
net.ipv6.neigh.eth0.unres_qlen = 3
net.ipv6.neigh.eth0.gc_stale_time = 60
net.ipv6.neigh.eth0.delay_first_probe_time = 5
net.ipv6.neigh.eth0.app_solicit = 0
net.ipv6.neigh.eth0.ucast_solicit = 3
net.ipv6.neigh.eth0.mcast_solicit = 3
net.ipv6.neigh.bondib0.base_reachable_time_ms = 30000
net.ipv6.neigh.bondib0.retrans_time_ms = 1000
net.ipv6.neigh.bondib0.locktime = 0
net.ipv6.neigh.bondib0.proxy_delay = 79
net.ipv6.neigh.bondib0.anycast_delay = 99
net.ipv6.neigh.bondib0.proxy_qlen = 64
net.ipv6.neigh.bondib0.unres_qlen = 3
net.ipv6.neigh.bondib0.gc_stale_time = 60
net.ipv6.neigh.bondib0.delay_first_probe_time = 5
net.ipv6.neigh.bondib0.app_solicit = 0
net.ipv6.neigh.bondib0.ucast_solicit = 3
net.ipv6.neigh.bondib0.mcast_solicit = 3
net.ipv6.neigh.bondeth0.base_reachable_time_ms = 30000
net.ipv6.neigh.bondeth0.retrans_time_ms = 1000
net.ipv6.neigh.bondeth0.locktime = 0
net.ipv6.neigh.bondeth0.proxy_delay = 79
net.ipv6.neigh.bondeth0.anycast_delay = 99
net.ipv6.neigh.bondeth0.proxy_qlen = 64
net.ipv6.neigh.bondeth0.unres_qlen = 3
net.ipv6.neigh.bondeth0.gc_stale_time = 60
net.ipv6.neigh.bondeth0.delay_first_probe_time = 5
net.ipv6.neigh.bondeth0.app_solicit = 0
net.ipv6.neigh.bondeth0.ucast_solicit = 3
net.ipv6.neigh.bondeth0.mcast_solicit = 3
net.ipv6.neigh.lo.base_reachable_time_ms = 30000
net.ipv6.neigh.lo.retrans_time_ms = 1000
net.ipv6.neigh.lo.locktime = 0
net.ipv6.neigh.lo.proxy_delay = 79
net.ipv6.neigh.lo.anycast_delay = 99
net.ipv6.neigh.lo.proxy_qlen = 64
net.ipv6.neigh.lo.unres_qlen = 3
net.ipv6.neigh.lo.gc_stale_time = 60
net.ipv6.neigh.lo.delay_first_probe_time = 5
net.ipv6.neigh.lo.app_solicit = 0
net.ipv6.neigh.lo.ucast_solicit = 3
net.ipv6.neigh.lo.mcast_solicit = 3
net.ipv6.neigh.default.base_reachable_time_ms = 30000
net.ipv6.neigh.default.retrans_time_ms = 1000
net.ipv6.neigh.default.gc_thresh3 = 1024
net.ipv6.neigh.default.gc_thresh2 = 512
net.ipv6.neigh.default.gc_thresh1 = 128
net.ipv6.neigh.default.gc_interval = 30
net.ipv6.neigh.default.locktime = 0
net.ipv6.neigh.default.proxy_delay = 79
net.ipv6.neigh.default.anycast_delay = 99
net.ipv6.neigh.default.proxy_qlen = 64
net.ipv6.neigh.default.unres_qlen = 3
net.ipv6.neigh.default.gc_stale_time = 60
net.ipv6.neigh.default.delay_first_probe_time = 5
net.ipv6.neigh.default.app_solicit = 0
net.ipv6.neigh.default.ucast_solicit = 3
net.ipv6.neigh.default.mcast_solicit = 3
net.ipv6.optimistic_dad = 0
net.ipv6.mld_max_msf = 64
net.ipv6.ip6frag_secret_interval = 600
net.ipv6.ip6frag_time = 60
net.ipv6.ip6frag_low_thresh = 196608
net.ipv6.ip6frag_high_thresh = 262144
net.ipv6.bindv6only = 0
net.ipv6.icmp.ratelimit = 1000
net.ipv6.route.gc_min_interval_ms = 500
net.ipv6.route.min_adv_mss = 1
net.ipv6.route.mtu_expires = 600
net.ipv6.route.gc_elasticity = 0
net.ipv6.route.gc_interval = 30
net.ipv6.route.gc_timeout = 60
net.ipv6.route.gc_min_interval = 0
net.ipv6.route.max_size = 4096
net.ipv6.route.gc_thresh = 1024
net.unix.max_dgram_qlen = 10
net.token-ring.rif_timeout = 600000
net.ipv4.conf.eth0.promote_secondaries = 0
net.ipv4.conf.eth0.force_igmp_version = 0
net.ipv4.conf.eth0.disable_policy = 0
net.ipv4.conf.eth0.disable_xfrm = 0
net.ipv4.conf.eth0.accept_local = 0
net.ipv4.conf.eth0.arp_accept = 0
net.ipv4.conf.eth0.arp_ignore = 0
net.ipv4.conf.eth0.arp_announce = 0
net.ipv4.conf.eth0.arp_filter = 0
net.ipv4.conf.eth0.tag = 0
net.ipv4.conf.eth0.log_martians = 0
net.ipv4.conf.eth0.bootp_relay = 0
net.ipv4.conf.eth0.medium_id = 0
net.ipv4.conf.eth0.proxy_arp = 0
net.ipv4.conf.eth0.accept_source_route = 0
net.ipv4.conf.eth0.send_redirects = 0
net.ipv4.conf.eth0.rp_filter = 1
net.ipv4.conf.eth0.shared_media = 1
net.ipv4.conf.eth0.secure_redirects = 0
net.ipv4.conf.eth0.accept_redirects = 0
net.ipv4.conf.eth0.mc_forwarding = 0
net.ipv4.conf.eth0.forwarding = 0
net.ipv4.conf.bondib0.promote_secondaries = 0
net.ipv4.conf.bondib0.force_igmp_version = 0
net.ipv4.conf.bondib0.disable_policy = 0
net.ipv4.conf.bondib0.disable_xfrm = 0
net.ipv4.conf.bondib0.accept_local = 0
net.ipv4.conf.bondib0.arp_accept = 1
net.ipv4.conf.bondib0.arp_ignore = 1
net.ipv4.conf.bondib0.arp_announce = 0
net.ipv4.conf.bondib0.arp_filter = 0
net.ipv4.conf.bondib0.tag = 0
net.ipv4.conf.bondib0.log_martians = 0
net.ipv4.conf.bondib0.bootp_relay = 0
net.ipv4.conf.bondib0.medium_id = 0
net.ipv4.conf.bondib0.proxy_arp = 0
net.ipv4.conf.bondib0.accept_source_route = 0
net.ipv4.conf.bondib0.send_redirects = 0
net.ipv4.conf.bondib0.rp_filter = 1
net.ipv4.conf.bondib0.shared_media = 1
net.ipv4.conf.bondib0.secure_redirects = 0
net.ipv4.conf.bondib0.accept_redirects = 0
net.ipv4.conf.bondib0.mc_forwarding = 0
net.ipv4.conf.bondib0.forwarding = 0
net.ipv4.conf.bondeth0.promote_secondaries = 0
net.ipv4.conf.bondeth0.force_igmp_version = 0
net.ipv4.conf.bondeth0.disable_policy = 0
net.ipv4.conf.bondeth0.disable_xfrm = 0
net.ipv4.conf.bondeth0.accept_local = 0
net.ipv4.conf.bondeth0.arp_accept = 0
net.ipv4.conf.bondeth0.arp_ignore = 0
net.ipv4.conf.bondeth0.arp_announce = 0
net.ipv4.conf.bondeth0.arp_filter = 0
net.ipv4.conf.bondeth0.tag = 0
net.ipv4.conf.bondeth0.log_martians = 0
net.ipv4.conf.bondeth0.bootp_relay = 0
net.ipv4.conf.bondeth0.medium_id = 0
net.ipv4.conf.bondeth0.proxy_arp = 0
net.ipv4.conf.bondeth0.accept_source_route = 0
net.ipv4.conf.bondeth0.send_redirects = 0
net.ipv4.conf.bondeth0.rp_filter = 1
net.ipv4.conf.bondeth0.shared_media = 1
net.ipv4.conf.bondeth0.secure_redirects = 0
net.ipv4.conf.bondeth0.accept_redirects = 0
net.ipv4.conf.bondeth0.mc_forwarding = 0
net.ipv4.conf.bondeth0.forwarding = 0
net.ipv4.conf.lo.promote_secondaries = 0
net.ipv4.conf.lo.force_igmp_version = 0
net.ipv4.conf.lo.disable_policy = 1
net.ipv4.conf.lo.disable_xfrm = 1
net.ipv4.conf.lo.accept_local = 0
net.ipv4.conf.lo.arp_accept = 0
net.ipv4.conf.lo.arp_ignore = 0
net.ipv4.conf.lo.arp_announce = 0
net.ipv4.conf.lo.arp_filter = 0
net.ipv4.conf.lo.tag = 0
net.ipv4.conf.lo.log_martians = 0
net.ipv4.conf.lo.bootp_relay = 0
net.ipv4.conf.lo.medium_id = 0
net.ipv4.conf.lo.proxy_arp = 0
net.ipv4.conf.lo.accept_source_route = 1
net.ipv4.conf.lo.send_redirects = 1
net.ipv4.conf.lo.rp_filter = 0
net.ipv4.conf.lo.shared_media = 1
net.ipv4.conf.lo.secure_redirects = 1
net.ipv4.conf.lo.accept_redirects = 1
net.ipv4.conf.lo.mc_forwarding = 0
net.ipv4.conf.lo.forwarding = 0
net.ipv4.conf.default.promote_secondaries = 0
net.ipv4.conf.default.force_igmp_version = 0
net.ipv4.conf.default.disable_policy = 0
net.ipv4.conf.default.disable_xfrm = 0
net.ipv4.conf.default.accept_local = 0
net.ipv4.conf.default.arp_accept = 0
net.ipv4.conf.default.arp_ignore = 0
net.ipv4.conf.default.arp_announce = 0
net.ipv4.conf.default.arp_filter = 0
net.ipv4.conf.default.tag = 0
net.ipv4.conf.default.log_martians = 0
net.ipv4.conf.default.bootp_relay = 0
net.ipv4.conf.default.medium_id = 0
net.ipv4.conf.default.proxy_arp = 0
net.ipv4.conf.default.accept_source_route = 0
net.ipv4.conf.default.send_redirects = 0
net.ipv4.conf.default.rp_filter = 1
net.ipv4.conf.default.shared_media = 1
net.ipv4.conf.default.secure_redirects = 0
net.ipv4.conf.default.accept_redirects = 0
net.ipv4.conf.default.mc_forwarding = 0
net.ipv4.conf.default.forwarding = 0
net.ipv4.conf.all.promote_secondaries = 0
net.ipv4.conf.all.force_igmp_version = 0
net.ipv4.conf.all.disable_policy = 0
net.ipv4.conf.all.disable_xfrm = 0
net.ipv4.conf.all.accept_local = 0
net.ipv4.conf.all.arp_accept = 0
net.ipv4.conf.all.arp_ignore = 0
net.ipv4.conf.all.arp_announce = 0
net.ipv4.conf.all.arp_filter = 0
net.ipv4.conf.all.tag = 0
net.ipv4.conf.all.log_martians = 1
net.ipv4.conf.all.bootp_relay = 0
net.ipv4.conf.all.medium_id = 0
net.ipv4.conf.all.proxy_arp = 0
net.ipv4.conf.all.accept_source_route = 0
net.ipv4.conf.all.send_redirects = 0
net.ipv4.conf.all.rp_filter = 0
net.ipv4.conf.all.shared_media = 1
net.ipv4.conf.all.secure_redirects = 1
net.ipv4.conf.all.accept_redirects = 0
net.ipv4.conf.all.mc_forwarding = 0
net.ipv4.conf.all.forwarding = 0
net.ipv4.neigh.eth0.base_reachable_time_ms = 30000
net.ipv4.neigh.eth0.retrans_time_ms = 1000
net.ipv4.neigh.eth0.locktime = 99
net.ipv4.neigh.eth0.proxy_delay = 79
net.ipv4.neigh.eth0.anycast_delay = 99
net.ipv4.neigh.eth0.proxy_qlen = 64
net.ipv4.neigh.eth0.unres_qlen = 3
net.ipv4.neigh.eth0.gc_stale_time = 60
net.ipv4.neigh.eth0.delay_first_probe_time = 5
net.ipv4.neigh.eth0.base_reachable_time = 30
net.ipv4.neigh.eth0.retrans_time = 99
net.ipv4.neigh.eth0.app_solicit = 0
net.ipv4.neigh.eth0.ucast_solicit = 3
net.ipv4.neigh.eth0.mcast_solicit = 3
net.ipv4.neigh.bondib0.base_reachable_time_ms = 10000
net.ipv4.neigh.bondib0.retrans_time_ms = 1000
net.ipv4.neigh.bondib0.locktime = 0
net.ipv4.neigh.bondib0.proxy_delay = 79
net.ipv4.neigh.bondib0.anycast_delay = 99
net.ipv4.neigh.bondib0.proxy_qlen = 64
net.ipv4.neigh.bondib0.unres_qlen = 3
net.ipv4.neigh.bondib0.gc_stale_time = 60
net.ipv4.neigh.bondib0.delay_first_probe_time = 1
net.ipv4.neigh.bondib0.base_reachable_time = 10
net.ipv4.neigh.bondib0.retrans_time = 99
net.ipv4.neigh.bondib0.app_solicit = 0
net.ipv4.neigh.bondib0.ucast_solicit = 3
net.ipv4.neigh.bondib0.mcast_solicit = 3
net.ipv4.neigh.bondeth0.base_reachable_time_ms = 30000
net.ipv4.neigh.bondeth0.retrans_time_ms = 1000
net.ipv4.neigh.bondeth0.locktime = 99
net.ipv4.neigh.bondeth0.proxy_delay = 79
net.ipv4.neigh.bondeth0.anycast_delay = 99
net.ipv4.neigh.bondeth0.proxy_qlen = 64
net.ipv4.neigh.bondeth0.unres_qlen = 3
net.ipv4.neigh.bondeth0.gc_stale_time = 60
net.ipv4.neigh.bondeth0.delay_first_probe_time = 5
net.ipv4.neigh.bondeth0.base_reachable_time = 30
net.ipv4.neigh.bondeth0.retrans_time = 99
net.ipv4.neigh.bondeth0.app_solicit = 0
net.ipv4.neigh.bondeth0.ucast_solicit = 3
net.ipv4.neigh.bondeth0.mcast_solicit = 3
net.ipv4.neigh.lo.base_reachable_time_ms = 30000
net.ipv4.neigh.lo.retrans_time_ms = 1000
net.ipv4.neigh.lo.locktime = 99
net.ipv4.neigh.lo.proxy_delay = 79
net.ipv4.neigh.lo.anycast_delay = 99
net.ipv4.neigh.lo.proxy_qlen = 64
net.ipv4.neigh.lo.unres_qlen = 3
net.ipv4.neigh.lo.gc_stale_time = 60
net.ipv4.neigh.lo.delay_first_probe_time = 5
net.ipv4.neigh.lo.base_reachable_time = 30
net.ipv4.neigh.lo.retrans_time = 99
net.ipv4.neigh.lo.app_solicit = 0
net.ipv4.neigh.lo.ucast_solicit = 3
net.ipv4.neigh.lo.mcast_solicit = 3
net.ipv4.neigh.default.base_reachable_time_ms = 30000
net.ipv4.neigh.default.retrans_time_ms = 1000
net.ipv4.neigh.default.gc_thresh3 = 1024
net.ipv4.neigh.default.gc_thresh2 = 512
net.ipv4.neigh.default.gc_thresh1 = 128
net.ipv4.neigh.default.gc_interval = 30
net.ipv4.neigh.default.locktime = 99
net.ipv4.neigh.default.proxy_delay = 79
net.ipv4.neigh.default.anycast_delay = 99
net.ipv4.neigh.default.proxy_qlen = 64
net.ipv4.neigh.default.unres_qlen = 3
net.ipv4.neigh.default.gc_stale_time = 60
net.ipv4.neigh.default.delay_first_probe_time = 5
net.ipv4.neigh.default.base_reachable_time = 30
net.ipv4.neigh.default.retrans_time = 99
net.ipv4.neigh.default.app_solicit = 0
net.ipv4.neigh.default.ucast_solicit = 3
net.ipv4.neigh.default.mcast_solicit = 3
net.ipv4.udp_wmem_min = 4096
net.ipv4.udp_rmem_min = 4096
net.ipv4.udp_mem = 9303936	12405248	18607872
net.ipv4.cipso_rbm_strictvalid = 1
net.ipv4.cipso_rbm_optfmt = 0
net.ipv4.cipso_cache_bucket_size = 10
net.ipv4.cipso_cache_enable = 1
net.ipv4.tcp_slow_start_after_idle = 1
net.ipv4.tcp_dma_copybreak = 4096
net.ipv4.tcp_workaround_signed_windows = 0
net.ipv4.tcp_base_mss = 512
net.ipv4.tcp_mtu_probing = 0
net.ipv4.tcp_abc = 0
net.ipv4.tcp_congestion_control = bic
net.ipv4.tcp_tso_win_divisor = 3
net.ipv4.tcp_moderate_rcvbuf = 1
net.ipv4.tcp_no_metrics_save = 0
net.ipv4.ipfrag_max_dist = 64
net.ipv4.ipfrag_secret_interval = 600
net.ipv4.tcp_low_latency = 0
net.ipv4.tcp_frto = 0
net.ipv4.tcp_tw_reuse = 0
net.ipv4.icmp_ratemask = 6168
net.ipv4.icmp_ratelimit = 1000
net.ipv4.tcp_adv_win_scale = 2
net.ipv4.tcp_app_win = 31
net.ipv4.tcp_rmem = 4096	87380	4194304
net.ipv4.tcp_wmem = 4096	16384	4194304
net.ipv4.tcp_mem = 196608	262144	393216
net.ipv4.tcp_dsack = 1
net.ipv4.tcp_ecn = 0
net.ipv4.tcp_reordering = 3
net.ipv4.tcp_fack = 1
net.ipv4.tcp_orphan_retries = 0
net.ipv4.inet_peer_gc_maxtime = 120
net.ipv4.inet_peer_gc_mintime = 10
net.ipv4.inet_peer_maxttl = 600
net.ipv4.inet_peer_minttl = 120
net.ipv4.inet_peer_threshold = 65664
net.ipv4.igmp_max_msf = 10
net.ipv4.igmp_max_memberships = 20
net.ipv4.route.rt_cache_rebuild_count = 4
net.ipv4.route.secret_interval = 600
net.ipv4.route.min_adv_mss = 256
net.ipv4.route.min_pmtu = 552
net.ipv4.route.mtu_expires = 600
net.ipv4.route.gc_elasticity = 8
net.ipv4.route.error_burst = 5000
net.ipv4.route.error_cost = 1000
net.ipv4.route.redirect_silence = 20480
net.ipv4.route.redirect_number = 9
net.ipv4.route.redirect_load = 20
net.ipv4.route.gc_interval = 60
net.ipv4.route.gc_timeout = 300
net.ipv4.route.gc_min_interval_ms = 500
net.ipv4.route.gc_min_interval = 0
net.ipv4.route.max_size = 8388608
net.ipv4.route.gc_thresh = 524288
net.ipv4.route.max_delay = 10
net.ipv4.route.min_delay = 2
net.ipv4.icmp_errors_use_inbound_ifaddr = 0
net.ipv4.icmp_ignore_bogus_error_responses = 1
net.ipv4.icmp_echo_ignore_broadcasts = 1
net.ipv4.icmp_echo_ignore_all = 0
net.ipv4.ip_local_reserved_ports = 
net.ipv4.ip_local_port_range = 9000	65500
net.ipv4.tcp_max_syn_backlog = 1280
net.ipv4.tcp_rfc1337 = 0
net.ipv4.tcp_stdurg = 0
net.ipv4.tcp_abort_on_overflow = 0
net.ipv4.tcp_tw_recycle = 0
net.ipv4.tcp_syncookies = 1
net.ipv4.tcp_fin_timeout = 60
net.ipv4.tcp_retries2 = 15
net.ipv4.tcp_retries1 = 3
net.ipv4.tcp_keepalive_intvl = 75
net.ipv4.tcp_keepalive_probes = 9
net.ipv4.tcp_keepalive_time = 7200
net.ipv4.ipfrag_time = 30
net.ipv4.ip_dynaddr = 0
net.ipv4.ipfrag_low_thresh = 196608
net.ipv4.ipfrag_high_thresh = 262144
net.ipv4.tcp_max_tw_buckets = 180000
net.ipv4.tcp_max_orphans = 65536
net.ipv4.tcp_synack_retries = 5
net.ipv4.tcp_syn_retries = 5
net.ipv4.ip_nonlocal_bind = 0
net.ipv4.ip_no_pmtu_disc = 0
net.ipv4.ip_default_ttl = 64
net.ipv4.ip_forward = 0
net.ipv4.tcp_retrans_collapse = 1
net.ipv4.tcp_sack = 1
net.ipv4.tcp_window_scaling = 1
net.ipv4.tcp_timestamps = 0
net.core.netdev_budget = 300
net.core.somaxconn = 128
net.core.xfrm_larval_drop = 0
net.core.xfrm_acq_expires = 30
net.core.xfrm_aevent_rseqth = 2
net.core.xfrm_aevent_etime = 10
net.core.optmem_max = 20480
net.core.message_burst = 10
net.core.message_cost = 5
net.core.netdev_max_backlog = 1000
net.core.dev_weight = 64
net.core.rmem_default = 4194304
net.core.wmem_default = 262144
net.core.rmem_max = 4194304
net.core.wmem_max = 2097152
vm.dirty_background_bytes = 0
vm.dirty_bytes = 0
vm.vm_devzero_optimized = 1
vm.max_reclaims_in_progress = 0
vm.max_writeback_pages = 1024
vm.flush_mmap_pages = 1
vm.pagecache = 100
vm.min_slab_ratio = 5
vm.min_unmapped_ratio = 1
vm.zone_reclaim_interval = 30
vm.zone_reclaim_mode = 0
vm.swap_token_timeout = 300	0
vm.topdown_allocate_fast = 0
vm.legacy_va_layout = 0
vm.vfs_cache_pressure = 100
vm.block_dump = 0
vm.laptop_mode = 0
vm.max_map_count = 65536
vm.percpu_pagelist_fraction = 0
vm.min_free_kbytes = 51200
vm.drop_caches = 0
vm.lowmem_reserve_ratio = 256	256	32
vm.hugetlb_shm_group = 0
vm.nr_hugepages = 0
vm.swappiness = 60
vm.nr_pdflush_threads = 2
vm.dirty_expire_centisecs = 2999
vm.dirty_writeback_centisecs = 499
vm.mmap_min_addr = 4096
vm.dirty_ratio = 40
vm.dirty_background_ratio = 10
vm.page-cluster = 3
vm.overcommit_ratio = 50
vm.panic_on_oom = 0
vm.overcommit_memory = 0
kernel.vsyscall64 = 1
kernel.keys.root_maxbytes = 20000
kernel.keys.root_maxkeys = 200
kernel.keys.maxbytes = 20000
kernel.keys.maxkeys = 200
kernel.blk_iopoll = 1
kernel.max_lock_depth = 1024
kernel.compat-log = 1
kernel.hung_task_warnings = 10
kernel.hung_task_timeout_secs = 120
kernel.hung_task_check_count = 4194304
kernel.hung_task_panic = 0
kernel.softlockup_panic = 1
kernel.softlockup_thresh = 60
kernel.acpi_video_flags = 0
kernel.randomize_va_space = 1
kernel.bootloader_type = 113
kernel.panic_on_unrecovered_nmi = 0
kernel.nmi_watchdog = 1
kernel.unknown_nmi_panic = 0
kernel.ngroups_max = 65536
kernel.dmesg_restrict = 0
kernel.printk_ratelimit_burst = 10
kernel.printk_ratelimit = 5
kernel.panic_on_oops = 1
kernel.pid_max = 32768
kernel.overflowgid = 65534
kernel.overflowuid = 65534
kernel.pty.nr = 0
kernel.pty.max = 4096
kernel.random.uuid = dad24188-a64a-418c-ae92-df45a9dbd852
kernel.random.boot_id = 393543be-3ed0-4a7c-b85f-3ee4213426b9
kernel.random.write_wakeup_threshold = 128
kernel.random.read_wakeup_threshold = 64
kernel.random.entropy_avail = 185
kernel.random.poolsize = 4096
kernel.threads-max = 1605632
kernel.sysrq = 1
kernel.sem = 250	32000	100	142
kernel.msgmnb = 65536
kernel.msgmni = 2878
kernel.msgmax = 8192
kernel.shmmni = 4096
kernel.shmall = 21078145
kernel.shmmax = 86336083148
kernel.acct = 4	2	30
kernel.hotplug = 
kernel.modprobe = /sbin/modprobe
kernel.printk = 6	4	1	7
kernel.ctrl-alt-del = 0
kernel.real-root-dev = 0
kernel.tainted = 67
kernel.core_pattern = core
kernel.core_uses_pid = 1
kernel.print-fatal-signals = 0
kernel.exec-shield = 1
kernel.panic = 60
kernel.domainname = (none)
kernel.hostname = dm01db02.ccbs.hcmpt.vn
kernel.version = #1 SMP Tue Jun 28 05:21:19 EDT 2011
kernel.osrelease = 2.6.18-238.12.2.0.2.el5
kernel.ostype = Linux
kernel.sched_interactive = 2
fs.mqueue.msgsize_max = 8192
fs.mqueue.msg_max = 10
fs.mqueue.queues_max = 256
fs.quota.warnings = 1
fs.quota.syncs = 21
fs.quota.free_dquots = 0
fs.quota.allocated_dquots = 0
fs.quota.cache_hits = 0
fs.quota.writes = 0
fs.quota.reads = 0
fs.quota.drops = 0
fs.quota.lookups = 0
fs.suid_dumpable = 0
fs.inotify.max_queued_events = 16384
fs.inotify.max_user_watches = 8192
fs.inotify.max_user_instances = 128
fs.aio-max-nr = 3145728
fs.aio-nr = 103124
fs.lease-break-time = 45
fs.dir-notify-enable = 1
fs.leases-enable = 1
fs.overflowgid = 65534
fs.overflowuid = 65534
fs.dentry-state = 93848	85276	45	0	0	0
fs.nr_open = 1048576
fs.file-max = 6815744
fs.file-nr = 39270	0	6815744
fs.inode-state = 74671	111	0	0	0	0	0
fs.inode-nr = 74671	111
fs.binfmt_misc.jexec = enabled
fs.binfmt_misc.jexec = interpreter /usr/java/default/lib/jexec
fs.binfmt_misc.jexec = flags: 
fs.binfmt_misc.jexec = offset 0
fs.binfmt_misc.jexec = magic 504b0304
fs.binfmt_misc.status = enabled
semmni = 142

semmns = 32000

semmsl = 250

semopm = 100
