guid = 0x0000000000000000

m_key = 0x0000000000000000

m_key_lease_period = 0

sm_key = 0x0000000000000001

sa_key = 0x0000000000000001


subnet_prefix = 0xfe80000000000000

lmc = 0

lmc_esp0 = FALSE

packet_life_time = 0x12

vl_stall_count = 0x07

leaf_vl_stall_count = 0x07

head_of_queue_lifetime = 0x12

leaf_head_of_queue_lifetime = 0x10

max_op_vls = 5

force_link_speed = 15

subnet_timeout = 18

local_phy_errors_threshold = 0x08

overrun_errors_threshold = 0x08

partition_config_file = /conf/partitions.conf

no_partition_enforcement = TRUE

use_partition_versions = TRUE

sweep_interval = 10

reassign_lids = FALSE

force_heavy_sweep = FALSE

sweep_on_trap = TRUE

port_profile_switch_nodes = FALSE

port_prof_ignore_file = (null)

routing_engine = ftree

connect_roots = FALSE

use_ucast_cache = FALSE

lid_matrix_dump_file = (null)

lfts_file = (null)

root_guid_file = (null)

cn_guid_file = (null)

ids_guid_file = (null)

guid_routing_order_file = (null)

sa_db_file = (null)

sm_priority = 5

controlled_handover = TRUE

ignore_other_sm = FALSE

sminfo_polling_timeout = 1000

polling_retry_number = 5

honor_guid2lid_file = FALSE

max_wire_smps = 4

transaction_timeout = 200

max_msg_fifo_timeout = 10000

single_thread = FALSE

daemon = FALSE

sm_inactive = FALSE

babbling_port_policy = FALSE

event_plugin_name = (null)

node_name_map_name = (null)

log_flags = 0x03

force_log_flush = FALSE

log_file = /var/log/opensm.log

log_max_size = 4

accum_log_file = TRUE

dump_files_dir = /var/log/

log_rotate = TRUE

enable_quirks = FALSE

no_clients_rereg = FALSE

disable_multicast = FALSE

exit_on_fatal = TRUE

console = loopback

console_port = 10000

qos = TRUE

qos_policy_file = /etc/opensm/qos-policy.conf

qos_max_vls = 15
qos_high_limit = 0
qos_vlarb_high = 0:4,1:0,2:0,3:0,4:0,5:0,6:0,7:0,8:0,9:0,10:0,11:0,12:0,13:0,14:0
qos_vlarb_low = 0:0,1:4,2:4,3:4,4:4,5:4,6:4,7:4,8:4,9:4,10:4,11:4,12:4,13:4,14:4
qos_sl2vl = 0,0,0,0,0,0,0,0,0,0,0,0,0,0,0,0

qos_ca_max_vls = 15
qos_ca_high_limit = 0
qos_ca_vlarb_high = 0:4,1:0,2:0,3:0,4:0,5:0,6:0,7:0,8:0,9:0,10:0,11:0,12:0,13:0,14:0
qos_ca_vlarb_low = 0:0,1:4,2:4,3:4,4:4,5:4,6:4,7:4,8:4,9:4,10:4,11:4,12:4,13:4,14:4
qos_ca_sl2vl = 0,1,2,3,4,5,6,7,0,1,2,3,4,5,6,7

qos_sw0_max_vls = 15
qos_sw0_high_limit = 0
qos_sw0_vlarb_high = 0:4,1:0,2:0,3:0,4:0,5:0,6:0,7:0,8:0,9:0,10:0,11:0,12:0,13:0,14:0
qos_sw0_vlarb_low = 0:0,1:4,2:4,3:4,4:4,5:4,6:4,7:4,8:4,9:4,10:4,11:4,12:4,13:4,14:4
qos_sw0_sl2vl = 0,1,2,3,0,1,2,3,0,1,2,3,0,1,2,3

qos_swe_max_vls = 15
qos_swe_high_limit = 0
qos_swe_vlarb_high = 0:4,1:0,2:0,3:0,4:0,5:0,6:0,7:0,8:0,9:0,10:0,11:0,12:0,13:0,14:0
qos_swe_vlarb_low = 0:0,1:4,2:4,3:4,4:4,5:4,6:4,7:4,8:4,9:4,10:4,11:4,12:4,13:4,14:4
qos_swe_sl2vl = 0,1,2,3,4,5,6,7,0,1,2,3,4,5,6,7

qos_rtr_max_vls = 15
qos_rtr_high_limit = 0
qos_rtr_vlarb_high = 0:4,1:0,2:0,3:0,4:0,5:0,6:0,7:0,8:0,9:0,10:0,11:0,12:0,13:0,14:0
qos_rtr_vlarb_low = 0:0,1:4,2:4,3:4,4:4,5:4,6:4,7:4,8:4,9:4,10:4,11:4,12:4,13:4,14:4
qos_rtr_sl2vl = 0,0,0,0,0,0,0,0,0,0,0,0,0,0,0,0

prefix_routes_file = /etc/opensm/prefix-routes.conf

consolidate_ipv6_snm_req = FALSE

